{"target": -4000.6105762423663, "params": {"criterion": 2.85093593309865, "max_features": 0.8776403025811554, "min_samples_split": 0.16962698748164495, "n_estimators": 3804.2044061133397}, "datetime": {"datetime": "2023-02-11 17:14:54", "elapsed": 2.821787, "delta": 0.00415}}
{"target": -8455.86561854844, "params": {"criterion": 0.14608237686387052, "max_features": 0.4421261906091297, "min_samples_split": 0.7360692584144481, "n_estimators": 4764.533749860421}, "datetime": {"datetime": "2023-02-11 17:14:54", "elapsed": 2.825871, "delta": 0.004084}}
{"target": -5650.886259723362, "params": {"criterion": 2.7723249997872874, "max_features": 0.4905408437516229, "min_samples_split": 0.4238901885589501, "n_estimators": 3884.820001135547}, "datetime": {"datetime": "2023-02-11 17:14:54", "elapsed": 2.829922, "delta": 0.004051}}
{"target": -8455.960749898935, "params": {"criterion": 2.6644756209572344, "max_features": 0.6409810426462673, "min_samples_split": 0.6897470585264154, "n_estimators": 703.9763858647595}, "datetime": {"datetime": "2023-02-11 17:14:55", "elapsed": 2.834062, "delta": 0.00414}}
{"target": -6363.323371776431, "params": {"criterion": 0.5435497706335624, "max_features": 0.2303980447827244, "min_samples_split": 0.40170740389340537, "n_estimators": 4031.6659705796255}, "datetime": {"datetime": "2023-02-11 17:14:55", "elapsed": 2.838994, "delta": 0.004932}}
{"target": -5149.5042223765795, "params": {"criterion": 1.1367200327077132, "max_features": 0.5355063879053943, "min_samples_split": 0.34034310149144553, "n_estimators": 2499.887815662306}, "datetime": {"datetime": "2023-02-11 17:14:55", "elapsed": 2.843231, "delta": 0.004237}}
{"target": -8455.799034024149, "params": {"criterion": 0.5582698196910622, "max_features": 0.3987060438753368, "min_samples_split": 0.7194630514171254, "n_estimators": 4506.4394181940115}, "datetime": {"datetime": "2023-02-11 17:14:55", "elapsed": 2.847428, "delta": 0.004197}}
{"target": -8455.920854689522, "params": {"criterion": 1.1753887423450227, "max_features": 0.49604304723756276, "min_samples_split": 0.9151841396366324, "n_estimators": 4619.864310369122}, "datetime": {"datetime": "2023-02-11 17:14:55", "elapsed": 2.851601, "delta": 0.004173}}
{"target": -5973.426169306827, "params": {"criterion": 2.4818457785164214, "max_features": 0.815238515314493, "min_samples_split": 0.6064583035242929, "n_estimators": 4165.605443607396}, "datetime": {"datetime": "2023-02-11 17:14:55", "elapsed": 2.855862, "delta": 0.004261}}
{"target": -3686.594399493618, "params": {"criterion": 2.1188388686862103, "max_features": 0.6608396054774957, "min_samples_split": 0.05691401742553732, "n_estimators": 308.70426591557407}, "datetime": {"datetime": "2023-02-11 17:14:55", "elapsed": 2.859946, "delta": 0.004084}}
{"target": -4138.910611059918, "params": {"criterion": 1.9071019284458173, "max_features": 0.39512933833627106, "min_samples_split": 0.08999467622699857, "n_estimators": 978.2689774845837}, "datetime": {"datetime": "2023-02-11 17:14:55", "elapsed": 2.864107, "delta": 0.004161}}
{"target": -3747.834495891549, "params": {"criterion": 0.09542773710770977, "max_features": 0.5516458030528485, "min_samples_split": 0.061074538448033504, "n_estimators": 4763.768650694555}, "datetime": {"datetime": "2023-02-11 17:14:55", "elapsed": 2.868219, "delta": 0.004112}}
{"target": -8455.876885574517, "params": {"criterion": 2.410297015581186, "max_features": 0.5223283721113463, "min_samples_split": 0.7083512430060755, "n_estimators": 4795.419184597582}, "datetime": {"datetime": "2023-02-11 17:14:55", "elapsed": 2.872443, "delta": 0.004224}}
{"target": -7073.440654917949, "params": {"criterion": 0.2314357965262219, "max_features": 0.2601464871685227, "min_samples_split": 0.593954508926798, "n_estimators": 1467.5094410164475}, "datetime": {"datetime": "2023-02-11 17:14:55", "elapsed": 2.876521, "delta": 0.004078}}
{"target": -3648.5105944199836, "params": {"criterion": 1.9504839923551027, "max_features": 0.6688885431626952, "min_samples_split": 0.047252033918641176, "n_estimators": 2405.774366048384}, "datetime": {"datetime": "2023-02-11 17:14:55", "elapsed": 2.88068, "delta": 0.004159}}
{"target": -8455.929031289823, "params": {"criterion": 1.607299155966567, "max_features": 0.3841201310464124, "min_samples_split": 0.9960062328146237, "n_estimators": 4467.57763665902}, "datetime": {"datetime": "2023-02-11 17:14:55", "elapsed": 2.884897, "delta": 0.004217}}
{"target": -8455.947090866859, "params": {"criterion": 1.5717987432424492, "max_features": 0.2941105892400804, "min_samples_split": 0.9321916503001769, "n_estimators": 1601.6679655920761}, "datetime": {"datetime": "2023-02-11 17:14:55", "elapsed": 2.88907, "delta": 0.004173}}
{"target": -5027.833372842237, "params": {"criterion": 0.08595056770396911, "max_features": 0.32599217335231095, "min_samples_split": 0.1828464315658975, "n_estimators": 696.0038377414049}, "datetime": {"datetime": "2023-02-11 17:14:55", "elapsed": 2.893148, "delta": 0.004078}}
{"target": -6985.44390573719, "params": {"criterion": 0.4968964873314904, "max_features": 0.27658246244078133, "min_samples_split": 0.5219391506308803, "n_estimators": 4224.973208710448}, "datetime": {"datetime": "2023-02-11 17:14:55", "elapsed": 2.89735, "delta": 0.004202}}
{"target": -8455.84649585218, "params": {"criterion": 1.026666884719131, "max_features": 0.7941532427222623, "min_samples_split": 0.7876805302803475, "n_estimators": 4313.652668565144}, "datetime": {"datetime": "2023-02-11 17:14:55", "elapsed": 2.901517, "delta": 0.004167}}
{"target": -6840.443164796392, "params": {"criterion": 0.5357630294291373, "max_features": 0.5039533740427842, "min_samples_split": 0.6283444495091142, "n_estimators": 749.9524229372801}, "datetime": {"datetime": "2023-02-11 17:14:55", "elapsed": 2.905748, "delta": 0.004231}}
{"target": -4036.262229386929, "params": {"criterion": 1.7898546841733018, "max_features": 0.9035353810043766, "min_samples_split": 0.19934439740749127, "n_estimators": 398.81324120419407}, "datetime": {"datetime": "2023-02-11 17:14:55", "elapsed": 2.909847, "delta": 0.004099}}
{"target": -8455.93570356481, "params": {"criterion": 1.6597359780856125, "max_features": 0.8500361367061385, "min_samples_split": 0.7007384471696745, "n_estimators": 316.748171675136}, "datetime": {"datetime": "2023-02-11 17:14:55", "elapsed": 2.913998, "delta": 0.004151}}
{"target": -6044.169834060746, "params": {"criterion": 2.2390751995576883, "max_features": 0.7358601494879808, "min_samples_split": 0.5430111709512926, "n_estimators": 1501.094687406067}, "datetime": {"datetime": "2023-02-11 17:14:55", "elapsed": 2.918687, "delta": 0.004689}}
{"target": -3948.9619109803452, "params": {"criterion": 2.691956659119763, "max_features": 0.6462926123526822, "min_samples_split": 0.11604717081664306, "n_estimators": 3610.664161100957}, "datetime": {"datetime": "2023-02-11 17:14:55", "elapsed": 2.923174, "delta": 0.004487}}
{"target": -4636.705129334036, "params": {"criterion": 1.1879603983465603, "max_features": 0.5011361771314701, "min_samples_split": 0.25883146363161025, "n_estimators": 4816.239191170274}, "datetime": {"datetime": "2023-02-11 17:14:55", "elapsed": 2.927336, "delta": 0.004162}}
{"target": -3624.6518864874643, "params": {"criterion": 1.6065254000488474, "max_features": 0.5725025529163295, "min_samples_split": 0.015225240395680947, "n_estimators": 2918.9227867553154}, "datetime": {"datetime": "2023-02-11 17:14:55", "elapsed": 2.931592, "delta": 0.004256}}
{"target": -4846.072233407823, "params": {"criterion": 2.1166735120384597, "max_features": 0.24313071901981262, "min_samples_split": 0.10512268154723509, "n_estimators": 4561.034650410296}, "datetime": {"datetime": "2023-02-11 17:14:55", "elapsed": 2.935791, "delta": 0.004199}}
{"target": -4120.649717424162, "params": {"criterion": 0.3235136394614027, "max_features": 0.6272259749454755, "min_samples_split": 0.16575068025402204, "n_estimators": 3974.1844686252916}, "datetime": {"datetime": "2023-02-11 17:14:55", "elapsed": 2.939916, "delta": 0.004125}}
{"target": -8452.556863101508, "params": {"criterion": 1.48254828560323, "max_features": 0.978275528360011, "min_samples_split": 0.6521110712217056, "n_estimators": 4523.878468757276}, "datetime": {"datetime": "2023-02-11 17:14:55", "elapsed": 2.943954, "delta": 0.004038}}
{"target": -4745.693998048309, "params": {"criterion": 0.010429896619994609, "max_features": 0.9254733978177772, "min_samples_split": 0.42834638390794255, "n_estimators": 1400.7107497063648}, "datetime": {"datetime": "2023-02-11 17:14:55", "elapsed": 2.948307, "delta": 0.004353}}
{"target": -5837.406908699768, "params": {"criterion": 2.953135045075184, "max_features": 0.9588495747767263, "min_samples_split": 0.5508450001774936, "n_estimators": 4625.649278311474}, "datetime": {"datetime": "2023-02-11 17:14:55", "elapsed": 2.952607, "delta": 0.0043}}
{"target": -4085.80178900167, "params": {"criterion": 0.6967338358591354, "max_features": 0.8886523559115319, "min_samples_split": 0.2515243313082135, "n_estimators": 3948.3517623442644}, "datetime": {"datetime": "2023-02-11 17:14:55", "elapsed": 2.956689, "delta": 0.004082}}
{"target": -3656.087946175655, "params": {"criterion": 1.4501757212237734, "max_features": 0.9033114485879805, "min_samples_split": 0.05327458487838387, "n_estimators": 313.015732886312}, "datetime": {"datetime": "2023-02-11 17:14:55", "elapsed": 2.960722, "delta": 0.004033}}
{"target": -4156.288364382366, "params": {"criterion": 2.143730828258712, "max_features": 0.3434125560582911, "min_samples_split": 0.07649954664976533, "n_estimators": 3194.4098704339913}, "datetime": {"datetime": "2023-02-11 17:14:55", "elapsed": 2.96504, "delta": 0.004318}}
{"target": -6571.964021011823, "params": {"criterion": 1.6257994593851546, "max_features": 0.4843688410395227, "min_samples_split": 0.5981783748160586, "n_estimators": 4677.761470546981}, "datetime": {"datetime": "2023-02-11 17:14:55", "elapsed": 2.969361, "delta": 0.004321}}
{"target": -5007.543548843, "params": {"criterion": 1.123111524663104, "max_features": 0.3702668950282919, "min_samples_split": 0.2151112925264222, "n_estimators": 3584.2161193937277}, "datetime": {"datetime": "2023-02-11 17:14:55", "elapsed": 2.973441, "delta": 0.00408}}
{"target": -8455.950505807928, "params": {"criterion": 0.8056004249625763, "max_features": 0.36982692023532343, "min_samples_split": 0.9109887426407323, "n_estimators": 1113.6974680816463}, "datetime": {"datetime": "2023-02-11 17:14:55", "elapsed": 2.977474, "delta": 0.004033}}
{"target": -4345.513396908208, "params": {"criterion": 2.6441028568089737, "max_features": 0.8856527695763962, "min_samples_split": 0.31072871130948065, "n_estimators": 3750.560114041298}, "datetime": {"datetime": "2023-02-11 17:14:55", "elapsed": 2.981821, "delta": 0.004347}}
{"target": -8455.921818053323, "params": {"criterion": 2.948766671634547, "max_features": 0.9717565997440777, "min_samples_split": 0.7758816349373404, "n_estimators": 261.9125785803974}, "datetime": {"datetime": "2023-02-11 17:14:55", "elapsed": 2.986052, "delta": 0.004231}}
{"target": -5511.388344632466, "params": {"criterion": 1.5966460381644467, "max_features": 0.3649893654296953, "min_samples_split": 0.32731001277874294, "n_estimators": 3350.0528118172765}, "datetime": {"datetime": "2023-02-11 17:14:55", "elapsed": 2.990155, "delta": 0.004103}}
{"target": -4837.847385252435, "params": {"criterion": 2.467083572727565, "max_features": 0.8049066410502878, "min_samples_split": 0.3972080090061284, "n_estimators": 379.5756621145884}, "datetime": {"datetime": "2023-02-11 17:14:55", "elapsed": 2.994267, "delta": 0.004112}}
{"target": -4046.937089594575, "params": {"criterion": 0.13826313653119982, "max_features": 0.7675236072390723, "min_samples_split": 0.17081506585427614, "n_estimators": 4955.919463400786}, "datetime": {"datetime": "2023-02-11 17:14:55", "elapsed": 2.998935, "delta": 0.004668}}
{"target": -5654.3292823995525, "params": {"criterion": 2.111313436205339, "max_features": 0.48583305843917424, "min_samples_split": 0.4259287907238849, "n_estimators": 1628.4546231560305}, "datetime": {"datetime": "2023-02-11 17:14:55", "elapsed": 3.003012, "delta": 0.004077}}
{"target": -8455.84385955412, "params": {"criterion": 2.426499383618969, "max_features": 0.5480419500194681, "min_samples_split": 0.7093082602161294, "n_estimators": 1603.9062617595746}, "datetime": {"datetime": "2023-02-11 17:14:55", "elapsed": 3.007067, "delta": 0.004055}}
{"target": -3703.914275068535, "params": {"criterion": 0.5555282990340441, "max_features": 0.9340840990380406, "min_samples_split": 0.07785161174436031, "n_estimators": 4266.608980388131}, "datetime": {"datetime": "2023-02-11 17:14:55", "elapsed": 3.011097, "delta": 0.00403}}
{"target": -8455.801275115477, "params": {"criterion": 0.27084156176074886, "max_features": 0.33711639644634794, "min_samples_split": 0.8795385182009159, "n_estimators": 273.13662412737347}, "datetime": {"datetime": "2023-02-11 17:14:55", "elapsed": 3.015636, "delta": 0.004539}}
{"target": -6734.622555577727, "params": {"criterion": 0.45673644800694657, "max_features": 0.4476169203814364, "min_samples_split": 0.6167492034663252, "n_estimators": 1639.0404099329276}, "datetime": {"datetime": "2023-02-11 17:14:55", "elapsed": 3.019743, "delta": 0.004107}}
{"target": -8455.887956467186, "params": {"criterion": 1.4957908845796308, "max_features": 0.32479684348473475, "min_samples_split": 0.9486297406067578, "n_estimators": 2275.6651975451514}, "datetime": {"datetime": "2023-02-11 17:14:55", "elapsed": 3.023834, "delta": 0.004091}}
{"target": -8455.831692944614, "params": {"criterion": 2.1552620292022038, "max_features": 0.37834071133743163, "min_samples_split": 0.9328484855092077, "n_estimators": 3617.933402628046}, "datetime": {"datetime": "2023-02-11 17:14:55", "elapsed": 3.028066, "delta": 0.004232}}
{"target": -8455.90006568148, "params": {"criterion": 2.003720422935836, "max_features": 0.467479465827747, "min_samples_split": 0.7226632579246397, "n_estimators": 4619.859921276794}, "datetime": {"datetime": "2023-02-11 17:14:55", "elapsed": 3.032989, "delta": 0.004923}}
{"target": -6340.150179760353, "params": {"criterion": 1.1653349733172909, "max_features": 0.6222628979909532, "min_samples_split": 0.6177977649837103, "n_estimators": 2660.563184450597}, "datetime": {"datetime": "2023-02-11 17:14:55", "elapsed": 3.037424, "delta": 0.004435}}
{"target": -6646.411317679284, "params": {"criterion": 1.7806610612133011, "max_features": 0.3928620709244607, "min_samples_split": 0.49648317650625107, "n_estimators": 3794.3314798029237}, "datetime": {"datetime": "2023-02-11 17:14:55", "elapsed": 3.041804, "delta": 0.00438}}
{"target": -4791.312838121307, "params": {"criterion": 0.013116233392772052, "max_features": 0.3089346665854775, "min_samples_split": 0.15402402444295707, "n_estimators": 4935.874158765098}, "datetime": {"datetime": "2023-02-11 17:14:55", "elapsed": 3.047006, "delta": 0.005202}}
{"target": -8455.988021356548, "params": {"criterion": 0.7628376593014121, "max_features": 0.9511811446053005, "min_samples_split": 0.9420113280139316, "n_estimators": 1623.0473398487982}, "datetime": {"datetime": "2023-02-11 17:14:55", "elapsed": 3.052051, "delta": 0.005045}}
{"target": -4638.999727241727, "params": {"criterion": 2.2511705354438596, "max_features": 0.5600534169594596, "min_samples_split": 0.26962117373596106, "n_estimators": 4293.3511737923545}, "datetime": {"datetime": "2023-02-11 17:14:55", "elapsed": 3.057302, "delta": 0.005251}}
{"target": -4055.44385449794, "params": {"criterion": 0.7369864379666146, "max_features": 0.7380503988624769, "min_samples_split": 0.1635099665905876, "n_estimators": 2031.8959062563083}, "datetime": {"datetime": "2023-02-11 17:14:55", "elapsed": 3.062629, "delta": 0.005327}}
{"target": -4630.316656096689, "params": {"criterion": 2.0940023332048967, "max_features": 0.9329321670100786, "min_samples_split": 0.395579159126911, "n_estimators": 305.37417126504624}, "datetime": {"datetime": "2023-02-11 17:14:55", "elapsed": 3.06874, "delta": 0.006111}}
{"target": -6500.6659465610155, "params": {"criterion": 0.604826292119977, "max_features": 0.23591723327889558, "min_samples_split": 0.44125730057506074, "n_estimators": 843.1834979554924}, "datetime": {"datetime": "2023-02-11 17:14:55", "elapsed": 3.074628, "delta": 0.005888}}
{"target": -4451.403994489873, "params": {"criterion": 1.2745537604259392, "max_features": 0.45524360223243354, "min_samples_split": 0.16084581927047478, "n_estimators": 340.3601461330552}, "datetime": {"datetime": "2023-02-11 17:14:55", "elapsed": 3.080332, "delta": 0.005704}}
{"target": -5878.802349890597, "params": {"criterion": 0.5910994513656671, "max_features": 0.5670622469567391, "min_samples_split": 0.4707362477588502, "n_estimators": 196.4259242334486}, "datetime": {"datetime": "2023-02-11 17:14:55", "elapsed": 3.086139, "delta": 0.005807}}
{"target": -3993.148711226009, "params": {"criterion": 2.1815173453307133, "max_features": 0.9716319295238967, "min_samples_split": 0.17750906368886551, "n_estimators": 586.6550624403707}, "datetime": {"datetime": "2023-02-11 17:14:55", "elapsed": 3.091186, "delta": 0.005047}}
{"target": -4891.704810914171, "params": {"criterion": 1.9830562114415826, "max_features": 0.539539370010042, "min_samples_split": 0.3080524663888176, "n_estimators": 880.1911890879101}, "datetime": {"datetime": "2023-02-11 17:14:55", "elapsed": 3.09596, "delta": 0.004774}}
{"target": -8455.904633254857, "params": {"criterion": 0.012719033239771386, "max_features": 0.5489275321101549, "min_samples_split": 0.9364343803262013, "n_estimators": 4850.572391918085}, "datetime": {"datetime": "2023-02-11 17:14:55", "elapsed": 3.101943, "delta": 0.005983}}
{"target": -5399.80197378572, "params": {"criterion": 1.7063126512885955, "max_features": 0.5380513311384532, "min_samples_split": 0.39621935728055274, "n_estimators": 2792.4489483732045}, "datetime": {"datetime": "2023-02-11 17:14:55", "elapsed": 3.106926, "delta": 0.004983}}
{"target": -8455.879199683714, "params": {"criterion": 1.0679637774034028, "max_features": 0.9638557663620599, "min_samples_split": 0.9203612015084125, "n_estimators": 1217.6305052165312}, "datetime": {"datetime": "2023-02-11 17:14:55", "elapsed": 3.111548, "delta": 0.004622}}
{"target": -4881.068426543596, "params": {"criterion": 1.0669563000073723, "max_features": 0.651200012720629, "min_samples_split": 0.3451754627423686, "n_estimators": 1477.7479898386666}, "datetime": {"datetime": "2023-02-11 17:14:55", "elapsed": 3.11664, "delta": 0.005092}}
{"target": -8455.868219103053, "params": {"criterion": 2.867546417898946, "max_features": 0.33138034626495527, "min_samples_split": 0.7381856611937224, "n_estimators": 4346.420443372169}, "datetime": {"datetime": "2023-02-11 17:14:55", "elapsed": 3.121356, "delta": 0.004716}}
{"target": -6196.516671206891, "params": {"criterion": 1.766153564339028, "max_features": 0.20637393763611422, "min_samples_split": 0.322224954409051, "n_estimators": 1317.1755784109082}, "datetime": {"datetime": "2023-02-11 17:14:55", "elapsed": 3.125829, "delta": 0.004473}}
{"target": -6999.553449227246, "params": {"criterion": 2.146862238000573, "max_features": 0.26367705526931834, "min_samples_split": 0.511918549461753, "n_estimators": 3687.7284645442282}, "datetime": {"datetime": "2023-02-11 17:14:55", "elapsed": 3.146225, "delta": 0.020396}}
{"target": -8455.84032451438, "params": {"criterion": 2.832121648920653, "max_features": 0.7570008223615702, "min_samples_split": 0.7409071508554821, "n_estimators": 2474.1115055175355}, "datetime": {"datetime": "2023-02-11 17:14:55", "elapsed": 3.15084, "delta": 0.004615}}
{"target": -3720.7487859051193, "params": {"criterion": 0.9129968360656798, "max_features": 0.9107777920198451, "min_samples_split": 0.004807720950113826, "n_estimators": 2858.7399390128157}, "datetime": {"datetime": "2023-02-11 17:14:55", "elapsed": 3.155239, "delta": 0.004399}}
{"target": -8455.950804293645, "params": {"criterion": 1.2970202026158475, "max_features": 0.6405459827360748, "min_samples_split": 0.6844527678497899, "n_estimators": 4284.943196860248}, "datetime": {"datetime": "2023-02-11 17:14:55", "elapsed": 3.159565, "delta": 0.004326}}
{"target": -4714.83409241613, "params": {"criterion": 0.08104728811060177, "max_features": 0.3745332015137292, "min_samples_split": 0.16540246950634976, "n_estimators": 1811.1788093221055}, "datetime": {"datetime": "2023-02-11 17:14:55", "elapsed": 3.164024, "delta": 0.004459}}
{"target": -4446.364494426917, "params": {"criterion": 0.3097742446927809, "max_features": 0.5024222090308661, "min_samples_split": 0.19731863182760243, "n_estimators": 3713.378759524055}, "datetime": {"datetime": "2023-02-11 17:14:55", "elapsed": 3.16838, "delta": 0.004356}}
{"target": -4507.143942497627, "params": {"criterion": 1.4964898210056523, "max_features": 0.617180887891166, "min_samples_split": 0.2673329054242961, "n_estimators": 1096.52913695594}, "datetime": {"datetime": "2023-02-11 17:14:55", "elapsed": 3.172815, "delta": 0.004435}}
{"target": -8455.881130218851, "params": {"criterion": 2.3776764846566842, "max_features": 0.34468176114746113, "min_samples_split": 0.6699442936994424, "n_estimators": 4478.199565418169}, "datetime": {"datetime": "2023-02-11 17:14:55", "elapsed": 3.177359, "delta": 0.004544}}
{"target": -8455.86934242738, "params": {"criterion": 0.20384481982442437, "max_features": 0.9875160667650259, "min_samples_split": 0.9102076889859864, "n_estimators": 4566.857338514225}, "datetime": {"datetime": "2023-02-11 17:14:55", "elapsed": 3.181968, "delta": 0.004609}}
{"target": -8455.890735125791, "params": {"criterion": 1.2173095938557865, "max_features": 0.25826121292188275, "min_samples_split": 0.712478383786027, "n_estimators": 2922.122254450806}, "datetime": {"datetime": "2023-02-11 17:14:55", "elapsed": 3.186131, "delta": 0.004163}}
