{"target": -4037.4762825343664, "params": {"criterion": 2.241898008214959, "max_features": 0.3989114898267485, "min_samples_split": 0.07393969327722558, "n_estimators": 2688.1246794977815}, "datetime": {"datetime": "2023-02-11 17:14:55", "elapsed": 3.190558, "delta": 0.004427}}
{"target": -8455.966198830614, "params": {"criterion": 1.9953730914327117, "max_features": 0.5568012929730625, "min_samples_split": 0.910196891958586, "n_estimators": 4202.192351953494}, "datetime": {"datetime": "2023-02-11 17:14:55", "elapsed": 3.194696, "delta": 0.004138}}
{"target": -5222.048002324448, "params": {"criterion": 0.1928553555276647, "max_features": 0.21154525137626812, "min_samples_split": 0.16573955373034013, "n_estimators": 3699.782356391851}, "datetime": {"datetime": "2023-02-11 17:14:55", "elapsed": 3.198925, "delta": 0.004229}}
{"target": -8455.905441180486, "params": {"criterion": 2.0693812463400993, "max_features": 0.9756187257378567, "min_samples_split": 0.6773717307220082, "n_estimators": 316.3709619223074}, "datetime": {"datetime": "2023-02-11 17:14:55", "elapsed": 3.202952, "delta": 0.004027}}
{"target": -3922.1682168365796, "params": {"criterion": 2.0158194085221517, "max_features": 0.9895501197522613, "min_samples_split": 0.12013172868866055, "n_estimators": 2330.4497184389597}, "datetime": {"datetime": "2023-02-11 17:14:55", "elapsed": 3.207253, "delta": 0.004301}}
{"target": -4753.226549470261, "params": {"criterion": 2.015697036463529, "max_features": 0.3644504325492656, "min_samples_split": 0.1685534056794292, "n_estimators": 1862.4440047853827}, "datetime": {"datetime": "2023-02-11 17:14:55", "elapsed": 3.21142, "delta": 0.004167}}
{"target": -3625.0150883644737, "params": {"criterion": 0.8520867858612517, "max_features": 0.7152178747051559, "min_samples_split": 0.021043479240496953, "n_estimators": 2880.8829005061307}, "datetime": {"datetime": "2023-02-11 17:14:55", "elapsed": 3.215655, "delta": 0.004235}}
{"target": -5885.911149089296, "params": {"criterion": 2.4285404296569713, "max_features": 0.8840838595854857, "min_samples_split": 0.5900962550421451, "n_estimators": 1684.3893087700826}, "datetime": {"datetime": "2023-02-11 17:14:55", "elapsed": 3.21983, "delta": 0.004175}}
{"target": -6795.01326727342, "params": {"criterion": 0.45225286588462255, "max_features": 0.31968831130956143, "min_samples_split": 0.47554063320868417, "n_estimators": 3102.503828874059}, "datetime": {"datetime": "2023-02-11 17:14:55", "elapsed": 3.224092, "delta": 0.004262}}
{"target": -8455.94666046464, "params": {"criterion": 1.1288151378718099, "max_features": 0.9878441115563885, "min_samples_split": 0.9673330445666801, "n_estimators": 1909.6241148407014}, "datetime": {"datetime": "2023-02-11 17:14:55", "elapsed": 3.22816, "delta": 0.004068}}
{"target": -6114.888287971057, "params": {"criterion": 0.23762144074137106, "max_features": 0.6638661022607465, "min_samples_split": 0.5423091302721748, "n_estimators": 4815.138405038512}, "datetime": {"datetime": "2023-02-11 17:14:55", "elapsed": 3.232434, "delta": 0.004274}}
{"target": -8455.852215271261, "params": {"criterion": 1.7556249477638317, "max_features": 0.4701297659612975, "min_samples_split": 0.8077698320012924, "n_estimators": 1594.572093470677}, "datetime": {"datetime": "2023-02-11 17:14:55", "elapsed": 3.236571, "delta": 0.004137}}
{"target": -5510.881399545523, "params": {"criterion": 2.565284817219478, "max_features": 0.6541357780107884, "min_samples_split": 0.4605604644978498, "n_estimators": 1755.9210907528145}, "datetime": {"datetime": "2023-02-11 17:14:55", "elapsed": 3.240823, "delta": 0.004252}}
{"target": -5956.822920202959, "params": {"criterion": 1.0192718774600291, "max_features": 0.3380649045447782, "min_samples_split": 0.4105136297699134, "n_estimators": 3939.552688673957}, "datetime": {"datetime": "2023-02-11 17:14:55", "elapsed": 3.244893, "delta": 0.00407}}
{"target": -8455.871342421975, "params": {"criterion": 1.3804182050802212, "max_features": 0.6734143169431774, "min_samples_split": 0.9727030122382507, "n_estimators": 1359.2641557083084}, "datetime": {"datetime": "2023-02-11 17:14:55", "elapsed": 3.249175, "delta": 0.004282}}
{"target": -6146.958131282336, "params": {"criterion": 2.7500333258027974, "max_features": 0.6849784248331169, "min_samples_split": 0.5794655977109604, "n_estimators": 552.3709229965236}, "datetime": {"datetime": "2023-02-11 17:14:55", "elapsed": 3.253382, "delta": 0.004207}}
{"target": -6271.944790038592, "params": {"criterion": 2.037049470206109, "max_features": 0.7132527252185558, "min_samples_split": 0.626482211638193, "n_estimators": 3330.4387699416743}, "datetime": {"datetime": "2023-02-11 17:14:55", "elapsed": 3.257587, "delta": 0.004205}}
{"target": -4295.32542296202, "params": {"criterion": 1.9133400420517885, "max_features": 0.4527665227671539, "min_samples_split": 0.13026257501851718, "n_estimators": 1530.243149817765}, "datetime": {"datetime": "2023-02-11 17:14:55", "elapsed": 3.261719, "delta": 0.004132}}
{"target": -4047.6136285626467, "params": {"criterion": 0.8232435283913075, "max_features": 0.33800275947634273, "min_samples_split": 0.061584428325596345, "n_estimators": 816.3566109902965}, "datetime": {"datetime": "2023-02-11 17:14:55", "elapsed": 3.266295, "delta": 0.004576}}
{"target": -4339.123911569664, "params": {"criterion": 0.3858133519400708, "max_features": 0.9311658806528799, "min_samples_split": 0.3590710919911061, "n_estimators": 2388.4250941159185}, "datetime": {"datetime": "2023-02-11 17:14:55", "elapsed": 3.271065, "delta": 0.00477}}
{"target": -8455.88901566007, "params": {"criterion": 2.3065649358000337, "max_features": 0.7122142124954416, "min_samples_split": 0.6637402902357559, "n_estimators": 3905.129652149626}, "datetime": {"datetime": "2023-02-11 17:14:55", "elapsed": 3.275406, "delta": 0.004341}}
{"target": -6976.0045346840925, "params": {"criterion": 0.33024535515837633, "max_features": 0.2675771884070404, "min_samples_split": 0.5123913999937421, "n_estimators": 4822.355636437488}, "datetime": {"datetime": "2023-02-11 17:14:55", "elapsed": 3.280043, "delta": 0.004637}}
{"target": -4071.6932220574345, "params": {"criterion": 1.7272999349359455, "max_features": 0.8132473978041244, "min_samples_split": 0.19255678654245947, "n_estimators": 237.02280993203868}, "datetime": {"datetime": "2023-02-11 17:14:55", "elapsed": 3.285273, "delta": 0.00523}}
{"target": -4041.2152086213114, "params": {"criterion": 0.6526580987644195, "max_features": 0.8191027965598041, "min_samples_split": 0.17679561236757313, "n_estimators": 1948.7899177002912}, "datetime": {"datetime": "2023-02-11 17:14:55", "elapsed": 3.289811, "delta": 0.004538}}
{"target": -8455.912602880848, "params": {"criterion": 2.8127599859561645, "max_features": 0.9753960555065158, "min_samples_split": 0.959137366953573, "n_estimators": 2407.934130595706}, "datetime": {"datetime": "2023-02-11 17:14:55", "elapsed": 3.294111, "delta": 0.0043}}
{"target": -4243.293741983243, "params": {"criterion": 2.1133860123796655, "max_features": 0.5436155118971815, "min_samples_split": 0.17144141325534004, "n_estimators": 3093.9896387987324}, "datetime": {"datetime": "2023-02-11 17:14:55", "elapsed": 3.298732, "delta": 0.004621}}
{"target": -5051.8525103385355, "params": {"criterion": 0.9204875380686696, "max_features": 0.8180295842347229, "min_samples_split": 0.456279600400111, "n_estimators": 4938.150155381196}, "datetime": {"datetime": "2023-02-11 17:14:55", "elapsed": 3.303045, "delta": 0.004313}}
{"target": -8455.71393685498, "params": {"criterion": 2.2742300460814477, "max_features": 0.2586666701469827, "min_samples_split": 0.7386547633607409, "n_estimators": 279.20925245168553}, "datetime": {"datetime": "2023-02-11 17:14:55", "elapsed": 3.307228, "delta": 0.004183}}
{"target": -4262.881715440813, "params": {"criterion": 2.7516934423544237, "max_features": 0.21183938021820817, "min_samples_split": 0.03695689754391985, "n_estimators": 404.00983587282303}, "datetime": {"datetime": "2023-02-11 17:14:55", "elapsed": 3.311269, "delta": 0.004041}}
{"target": -3863.854370354254, "params": {"criterion": 1.3760191173076302, "max_features": 0.3222002043666322, "min_samples_split": 0.022336492762972015, "n_estimators": 2982.347877535157}, "datetime": {"datetime": "2023-02-11 17:14:55", "elapsed": 3.316104, "delta": 0.004835}}
{"target": -3798.3306434707565, "params": {"criterion": 1.5728178837948692, "max_features": 0.8436607166888456, "min_samples_split": 0.09481525401153225, "n_estimators": 534.0586763509018}, "datetime": {"datetime": "2023-02-11 17:14:55", "elapsed": 3.320541, "delta": 0.004437}}
{"target": -8455.891093481547, "params": {"criterion": 2.0655929494692082, "max_features": 0.9968280548964508, "min_samples_split": 0.9933174512488667, "n_estimators": 826.0656453475117}, "datetime": {"datetime": "2023-02-11 17:14:55", "elapsed": 3.324735, "delta": 0.004194}}
{"target": -8455.932605724662, "params": {"criterion": 1.325719338293504, "max_features": 0.7188097716121187, "min_samples_split": 0.8025794033324057, "n_estimators": 355.6643747811609}, "datetime": {"datetime": "2023-02-11 17:14:55", "elapsed": 3.328808, "delta": 0.004073}}
{"target": -8455.824735493148, "params": {"criterion": 1.2674341435515386, "max_features": 0.2329343613020188, "min_samples_split": 0.8154463688188827, "n_estimators": 4201.054054296973}, "datetime": {"datetime": "2023-02-11 17:14:55", "elapsed": 3.333451, "delta": 0.004643}}
{"target": -7046.116053520351, "params": {"criterion": 2.7966943686599666, "max_features": 0.3269473023511549, "min_samples_split": 0.6183094903806637, "n_estimators": 3338.921140884876}, "datetime": {"datetime": "2023-02-11 17:14:55", "elapsed": 3.337611, "delta": 0.00416}}
{"target": -3840.0021815544796, "params": {"criterion": 1.174206393434697, "max_features": 0.39240314750753524, "min_samples_split": 0.04397806706257922, "n_estimators": 1395.7006418454516}, "datetime": {"datetime": "2023-02-11 17:14:55", "elapsed": 3.34165, "delta": 0.004039}}
{"target": -3747.070045877891, "params": {"criterion": 0.9974040158506129, "max_features": 0.8743333295870569, "min_samples_split": 0.0034154522923449918, "n_estimators": 2450.2943376058165}, "datetime": {"datetime": "2023-02-11 17:14:55", "elapsed": 3.345821, "delta": 0.004171}}
{"target": -8455.98549354852, "params": {"criterion": 2.738015481280436, "max_features": 0.24883333027327809, "min_samples_split": 0.7040084751508089, "n_estimators": 286.6869809254639}, "datetime": {"datetime": "2023-02-11 17:14:55", "elapsed": 3.350428, "delta": 0.004607}}
{"target": -8455.890000360774, "params": {"criterion": 0.4141815803370304, "max_features": 0.35092003936709815, "min_samples_split": 0.7399769284756073, "n_estimators": 4613.09825224466}, "datetime": {"datetime": "2023-02-11 17:14:55", "elapsed": 3.354595, "delta": 0.004167}}
{"target": -7401.215427246161, "params": {"criterion": 2.8359258427838574, "max_features": 0.2576145272308728, "min_samples_split": 0.627884592638817, "n_estimators": 2140.0186502306324}, "datetime": {"datetime": "2023-02-11 17:14:55", "elapsed": 3.358688, "delta": 0.004093}}
{"target": -8456.092921781146, "params": {"criterion": 1.9361040404007288, "max_features": 0.6480045776366561, "min_samples_split": 0.703358278465305, "n_estimators": 1980.6747582282323}, "datetime": {"datetime": "2023-02-11 17:14:55", "elapsed": 3.36286, "delta": 0.004172}}
{"target": -4752.912185673922, "params": {"criterion": 1.2420589559699353, "max_features": 0.3303345537360063, "min_samples_split": 0.14641014947825448, "n_estimators": 2353.975251689085}, "datetime": {"datetime": "2023-02-11 17:14:55", "elapsed": 3.367327, "delta": 0.004467}}
{"target": -3708.3180755022177, "params": {"criterion": 1.814970272979079, "max_features": 0.7023226129266813, "min_samples_split": 0.003690657353181586, "n_estimators": 1782.901314592997}, "datetime": {"datetime": "2023-02-11 17:14:55", "elapsed": 3.371472, "delta": 0.004145}}
{"target": -8455.950994236391, "params": {"criterion": 0.8125485575591049, "max_features": 0.2911569470320358, "min_samples_split": 0.8706598351048378, "n_estimators": 2676.812187955494}, "datetime": {"datetime": "2023-02-11 17:14:55", "elapsed": 3.375592, "delta": 0.00412}}
{"target": -8455.754864507084, "params": {"criterion": 1.89446448453968, "max_features": 0.2990699556596689, "min_samples_split": 0.7034809544558258, "n_estimators": 571.3237277146142}, "datetime": {"datetime": "2023-02-11 17:14:55", "elapsed": 3.379826, "delta": 0.004234}}
{"target": -3921.2516021332717, "params": {"criterion": 1.2134627425226256, "max_features": 0.32697411256380376, "min_samples_split": 0.030282161124284303, "n_estimators": 2857.9716635817626}, "datetime": {"datetime": "2023-02-11 17:14:55", "elapsed": 3.38423, "delta": 0.004404}}
{"target": -8455.83270720937, "params": {"criterion": 1.6984549341873476, "max_features": 0.2569105006614167, "min_samples_split": 0.6996098762056108, "n_estimators": 1867.3826500888395}, "datetime": {"datetime": "2023-02-11 17:14:55", "elapsed": 3.388401, "delta": 0.004171}}
{"target": -8455.939498240015, "params": {"criterion": 0.6254603148520608, "max_features": 0.49388460011783963, "min_samples_split": 0.8977873401335661, "n_estimators": 3502.9434458829683}, "datetime": {"datetime": "2023-02-11 17:14:55", "elapsed": 3.392505, "delta": 0.004104}}
{"target": -8455.600395715675, "params": {"criterion": 2.835183358734138, "max_features": 0.8531472500362556, "min_samples_split": 0.6611253187121272, "n_estimators": 1499.5560226074565}, "datetime": {"datetime": "2023-02-11 17:14:55", "elapsed": 3.397218, "delta": 0.004713}}
{"target": -8455.974096924905, "params": {"criterion": 1.1754771276254605, "max_features": 0.5754679393772798, "min_samples_split": 0.6625271837728541, "n_estimators": 116.6724482830691}, "datetime": {"datetime": "2023-02-11 17:14:55", "elapsed": 3.401491, "delta": 0.004273}}
{"target": -8455.90516093135, "params": {"criterion": 2.476444532658281, "max_features": 0.5455565165838441, "min_samples_split": 0.8447513365087621, "n_estimators": 1339.2087967743962}, "datetime": {"datetime": "2023-02-11 17:14:55", "elapsed": 3.405543, "delta": 0.004052}}
{"target": -8455.936635368505, "params": {"criterion": 0.4842656351633869, "max_features": 0.26148460804812906, "min_samples_split": 0.8635267206503631, "n_estimators": 4736.250239405465}, "datetime": {"datetime": "2023-02-11 17:14:55", "elapsed": 3.409618, "delta": 0.004075}}
{"target": -5727.557815664324, "params": {"criterion": 0.5695100959659334, "max_features": 0.3675211569649819, "min_samples_split": 0.34222901426526986, "n_estimators": 3202.148060199346}, "datetime": {"datetime": "2023-02-11 17:14:55", "elapsed": 3.414124, "delta": 0.004506}}
{"target": -5590.118500934423, "params": {"criterion": 0.3653869817647466, "max_features": 0.49832255396107816, "min_samples_split": 0.4158059009026076, "n_estimators": 2729.5310439016544}, "datetime": {"datetime": "2023-02-11 17:14:55", "elapsed": 3.418307, "delta": 0.004183}}
{"target": -5778.329605318608, "params": {"criterion": 1.8645555434347638, "max_features": 0.9941593377740048, "min_samples_split": 0.5361642474116499, "n_estimators": 3452.1326843025927}, "datetime": {"datetime": "2023-02-11 17:14:55", "elapsed": 3.422433, "delta": 0.004126}}
{"target": -5227.095039463183, "params": {"criterion": 0.3208024060481719, "max_features": 0.3972856281500181, "min_samples_split": 0.2919389912916011, "n_estimators": 4651.256623145444}, "datetime": {"datetime": "2023-02-11 17:14:55", "elapsed": 3.426629, "delta": 0.004196}}
{"target": -4355.287225807353, "params": {"criterion": 2.597203081540946, "max_features": 0.9342198725141586, "min_samples_split": 0.36125964780809006, "n_estimators": 116.335795293457}, "datetime": {"datetime": "2023-02-11 17:14:55", "elapsed": 3.431299, "delta": 0.00467}}
{"target": -5588.107493785875, "params": {"criterion": 2.3206203464490933, "max_features": 0.26890112363202456, "min_samples_split": 0.2606118624366546, "n_estimators": 1901.3615233834073}, "datetime": {"datetime": "2023-02-11 17:14:55", "elapsed": 3.435622, "delta": 0.004323}}
{"target": -5134.553378970425, "params": {"criterion": 1.869210100949793, "max_features": 0.44105201006066536, "min_samples_split": 0.3099729768299691, "n_estimators": 763.2493891256557}, "datetime": {"datetime": "2023-02-11 17:14:55", "elapsed": 3.439836, "delta": 0.004214}}
{"target": -4999.552194903854, "params": {"criterion": 2.3579558786365595, "max_features": 0.4593903004305313, "min_samples_split": 0.28781017728597935, "n_estimators": 4268.744242594087}, "datetime": {"datetime": "2023-02-11 17:14:55", "elapsed": 3.444006, "delta": 0.00417}}
{"target": -4527.01426743033, "params": {"criterion": 2.685683575594198, "max_features": 0.2686392046808181, "min_samples_split": 0.08687716292021568, "n_estimators": 359.0910176865685}, "datetime": {"datetime": "2023-02-11 17:14:55", "elapsed": 3.448478, "delta": 0.004472}}
{"target": -8455.817780366619, "params": {"criterion": 1.9451587916282678, "max_features": 0.24692910076359442, "min_samples_split": 0.7907446669866172, "n_estimators": 4574.038632387166}, "datetime": {"datetime": "2023-02-11 17:14:55", "elapsed": 3.45261, "delta": 0.004132}}
{"target": -6929.809164682255, "params": {"criterion": 1.5900228795579248, "max_features": 0.34711622453782676, "min_samples_split": 0.6187865770419639, "n_estimators": 333.9572157218413}, "datetime": {"datetime": "2023-02-11 17:14:55", "elapsed": 3.456731, "delta": 0.004121}}
{"target": -5203.455522677134, "params": {"criterion": 0.2856198172361458, "max_features": 0.5889496279290397, "min_samples_split": 0.3994429873606984, "n_estimators": 3573.473694121042}, "datetime": {"datetime": "2023-02-11 17:14:55", "elapsed": 3.461068, "delta": 0.004337}}
{"target": -8455.755185168044, "params": {"criterion": 1.5856168136036488, "max_features": 0.9452775326487302, "min_samples_split": 0.661499438254285, "n_estimators": 1415.8796088969973}, "datetime": {"datetime": "2023-02-11 17:14:55", "elapsed": 3.465396, "delta": 0.004328}}
{"target": -8455.963617597092, "params": {"criterion": 0.5739714943859072, "max_features": 0.8745550128816609, "min_samples_split": 0.7988756488251585, "n_estimators": 3087.762603285393}, "datetime": {"datetime": "2023-02-11 17:14:55", "elapsed": 3.469508, "delta": 0.004112}}
{"target": -8455.872221338528, "params": {"criterion": 2.27948788169103, "max_features": 0.594012084426164, "min_samples_split": 0.9845565657255194, "n_estimators": 4810.8310484105405}, "datetime": {"datetime": "2023-02-11 17:14:55", "elapsed": 3.473696, "delta": 0.004188}}
{"target": -3646.3761870507683, "params": {"criterion": 1.6471484680519222, "max_features": 0.9102417030054328, "min_samples_split": 0.033998660809965546, "n_estimators": 3857.65134473749}, "datetime": {"datetime": "2023-02-11 17:14:55", "elapsed": 3.478064, "delta": 0.004368}}
{"target": -4071.0434475273623, "params": {"criterion": 1.3295012195202103, "max_features": 0.5658164271810233, "min_samples_split": 0.12777109120871252, "n_estimators": 337.1435603399381}, "datetime": {"datetime": "2023-02-11 17:14:55", "elapsed": 3.48247, "delta": 0.004406}}
{"target": -4187.992250890946, "params": {"criterion": 0.029518970465830845, "max_features": 0.6334537966324787, "min_samples_split": 0.18167849159269134, "n_estimators": 3245.728922566529}, "datetime": {"datetime": "2023-02-11 17:14:55", "elapsed": 3.486554, "delta": 0.004084}}
{"target": -3712.918543723833, "params": {"criterion": 1.44431601254021, "max_features": 0.6387079871626654, "min_samples_split": 0.06397228304481334, "n_estimators": 4351.19602744879}, "datetime": {"datetime": "2023-02-11 17:14:55", "elapsed": 3.490803, "delta": 0.004249}}
{"target": -8455.853939952936, "params": {"criterion": 2.1563525923594153, "max_features": 0.9534769292046614, "min_samples_split": 0.8750090038582191, "n_estimators": 1481.6040809003155}, "datetime": {"datetime": "2023-02-11 17:14:55", "elapsed": 3.495775, "delta": 0.004972}}
{"target": -8455.751437929686, "params": {"criterion": 0.7551970647521039, "max_features": 0.41444144932976024, "min_samples_split": 0.8297899660216137, "n_estimators": 242.11697961305742}, "datetime": {"datetime": "2023-02-11 17:14:55", "elapsed": 3.500586, "delta": 0.004811}}
{"target": -6694.141446230962, "params": {"criterion": 2.155874839258388, "max_features": 0.6329811851215202, "min_samples_split": 0.629374026119272, "n_estimators": 3243.689386932863}, "datetime": {"datetime": "2023-02-11 17:14:55", "elapsed": 3.505105, "delta": 0.004519}}
{"target": -3825.2149236723853, "params": {"criterion": 0.0934422147175857, "max_features": 0.8448971432717629, "min_samples_split": 0.10416639592048045, "n_estimators": 4629.261391132714}, "datetime": {"datetime": "2023-02-11 17:14:55", "elapsed": 3.509855, "delta": 0.00475}}
{"target": -6034.307016488712, "params": {"criterion": 1.5302297871271375, "max_features": 0.7197085496443342, "min_samples_split": 0.5910238873760247, "n_estimators": 1899.0497332692198}, "datetime": {"datetime": "2023-02-11 17:14:55", "elapsed": 3.515073, "delta": 0.005218}}
{"target": -8331.454895421697, "params": {"criterion": 1.9634735586221665, "max_features": 0.8063667233901735, "min_samples_split": 0.6408860453027106, "n_estimators": 180.08042834201854}, "datetime": {"datetime": "2023-02-11 17:14:55", "elapsed": 3.519983, "delta": 0.00491}}
{"target": -8455.904487062402, "params": {"criterion": 1.9223009837260607, "max_features": 0.2189542273063373, "min_samples_split": 0.8355394879090593, "n_estimators": 4776.547251993754}, "datetime": {"datetime": "2023-02-11 17:14:55", "elapsed": 3.524778, "delta": 0.004795}}
{"target": -4067.67145066968, "params": {"criterion": 2.041277591437931, "max_features": 0.9201858238180255, "min_samples_split": 0.25494726106786175, "n_estimators": 4038.5682629826592}, "datetime": {"datetime": "2023-02-11 17:14:55", "elapsed": 3.530255, "delta": 0.005477}}
