{"target": -8455.917504284798, "params": {"criterion": 1.5376856610297154, "max_features": 0.49181179057081814, "min_samples_split": 0.7798597517227489, "n_estimators": 2173.246399502936}, "datetime": {"datetime": "2023-02-09 22:28:41", "elapsed": 39867.98693, "delta": 49.309549}}
{"target": -6157.981660548956, "params": {"criterion": 2.5574545624685303, "max_features": 0.7059926641630422, "min_samples_split": 0.6028106915537442, "n_estimators": 393.90847224706414}, "datetime": {"datetime": "2023-02-09 22:28:55", "elapsed": 39881.974806, "delta": 13.987876}}
{"target": -8455.950905705551, "params": {"criterion": 2.554287304341802, "max_features": 0.5464429894444225, "min_samples_split": 0.7333398827663589, "n_estimators": 3257.747341935517}, "datetime": {"datetime": "2023-02-09 22:30:10", "elapsed": 39957.139635, "delta": 75.164829}}
{"target": -3979.7040527441227, "params": {"criterion": 1.6082400868682445, "max_features": 0.8450651227114868, "min_samples_split": 0.1459204204503823, "n_estimators": 1910.5650880407325}, "datetime": {"datetime": "2023-02-09 22:31:57", "elapsed": 40064.02641, "delta": 106.886775}}
{"target": -8438.389623002406, "params": {"criterion": 1.6951343825340341, "max_features": 0.21796035996571286, "min_samples_split": 0.6433356849384902, "n_estimators": 2471.596015626072}, "datetime": {"datetime": "2023-02-09 22:32:53", "elapsed": 40119.599357, "delta": 55.572947}}
{"target": -8455.831863172916, "params": {"criterion": 0.3067231040974356, "max_features": 0.36349891101232445, "min_samples_split": 0.8062202675882636, "n_estimators": 4437.633264977174}, "datetime": {"datetime": "2023-02-09 22:34:32", "elapsed": 40218.496517, "delta": 98.89716}}
{"target": -5002.982426504626, "params": {"criterion": 2.245868607759474, "max_features": 0.76662976714458, "min_samples_split": 0.4174265127460019, "n_estimators": 4551.436856612118}, "datetime": {"datetime": "2023-02-09 22:37:24", "elapsed": 40390.726299, "delta": 172.229782}}
{"target": -4476.799623250515, "params": {"criterion": 2.674007992903783, "max_features": 0.9308710360681867, "min_samples_split": 0.38683807460715813, "n_estimators": 151.10869890811094}, "datetime": {"datetime": "2023-02-09 22:37:31", "elapsed": 40398.009008, "delta": 7.282709}}
{"target": -5668.991267043898, "params": {"criterion": 1.5249727791956484, "max_features": 0.25251012722542976, "min_samples_split": 0.2782427953818711, "n_estimators": 3436.065121405049}, "datetime": {"datetime": "2023-02-09 22:39:28", "elapsed": 40515.335616, "delta": 117.326608}}
{"target": -4000.6105762423663, "params": {"criterion": 2.85093593309865, "max_features": 0.8776403025811554, "min_samples_split": 0.16962698748164495, "n_estimators": 3804.2044061133397}, "datetime": {"datetime": "2023-02-09 22:43:10", "elapsed": 40737.061137, "delta": 221.725521}}
{"target": -8455.86561854844, "params": {"criterion": 0.14608237686387052, "max_features": 0.4421261906091297, "min_samples_split": 0.7360692584144481, "n_estimators": 4764.533749860421}, "datetime": {"datetime": "2023-02-09 22:44:56", "elapsed": 40843.045239, "delta": 105.984102}}
{"target": -5650.886259723362, "params": {"criterion": 2.7723249997872874, "max_features": 0.4905408437516229, "min_samples_split": 0.4238901885589501, "n_estimators": 3884.820001135547}, "datetime": {"datetime": "2023-02-09 22:47:11", "elapsed": 40977.713578, "delta": 134.668339}}
{"target": -8455.960749898935, "params": {"criterion": 2.6644756209572344, "max_features": 0.6409810426462673, "min_samples_split": 0.6897470585264154, "n_estimators": 703.9763858647595}, "datetime": {"datetime": "2023-02-09 22:47:28", "elapsed": 40994.623599, "delta": 16.910021}}
{"target": -6363.323371776431, "params": {"criterion": 0.5435497706335624, "max_features": 0.2303980447827244, "min_samples_split": 0.40170740389340537, "n_estimators": 4031.6659705796255}, "datetime": {"datetime": "2023-02-09 22:49:35", "elapsed": 41121.888264, "delta": 127.264665}}
{"target": -5149.5042223765795, "params": {"criterion": 1.1367200327077132, "max_features": 0.5355063879053943, "min_samples_split": 0.34034310149144553, "n_estimators": 2499.887815662306}, "datetime": {"datetime": "2023-02-09 22:51:04", "elapsed": 41210.791141, "delta": 88.902877}}
{"target": -8455.799034024149, "params": {"criterion": 0.5582698196910622, "max_features": 0.3987060438753368, "min_samples_split": 0.7194630514171254, "n_estimators": 4506.4394181940115}, "datetime": {"datetime": "2023-02-09 22:52:44", "elapsed": 41311.446965, "delta": 100.655824}}
{"target": -8455.920854689522, "params": {"criterion": 1.1753887423450227, "max_features": 0.49604304723756276, "min_samples_split": 0.9151841396366324, "n_estimators": 4619.864310369122}, "datetime": {"datetime": "2023-02-09 22:54:27", "elapsed": 41414.203256, "delta": 102.756291}}
{"target": -5973.426169306827, "params": {"criterion": 2.4818457785164214, "max_features": 0.815238515314493, "min_samples_split": 0.6064583035242929, "n_estimators": 4165.605443607396}, "datetime": {"datetime": "2023-02-09 22:56:50", "elapsed": 41557.176171, "delta": 142.972915}}
{"target": -3686.594399493618, "params": {"criterion": 2.1188388686862103, "max_features": 0.6608396054774957, "min_samples_split": 0.05691401742553732, "n_estimators": 308.70426591557407}, "datetime": {"datetime": "2023-02-09 22:57:11", "elapsed": 41578.281986, "delta": 21.105815}}
{"target": -4138.910611059918, "params": {"criterion": 1.9071019284458173, "max_features": 0.39512933833627106, "min_samples_split": 0.08999467622699857, "n_estimators": 978.2689774845837}, "datetime": {"datetime": "2023-02-09 22:57:57", "elapsed": 41624.043915, "delta": 45.761929}}
{"target": -3747.834495891549, "params": {"criterion": 0.09542773710770977, "max_features": 0.5516458030528485, "min_samples_split": 0.061074538448033504, "n_estimators": 4763.768650694555}, "datetime": {"datetime": "2023-02-09 23:02:14", "elapsed": 41880.946145, "delta": 256.90223}}
{"target": -8455.876885574517, "params": {"criterion": 2.410297015581186, "max_features": 0.5223283721113463, "min_samples_split": 0.7083512430060755, "n_estimators": 4795.419184597582}, "datetime": {"datetime": "2023-02-09 23:04:03", "elapsed": 41990.025123, "delta": 109.078978}}
{"target": -7073.440654917949, "params": {"criterion": 0.2314357965262219, "max_features": 0.2601464871685227, "min_samples_split": 0.593954508926798, "n_estimators": 1467.5094410164475}, "datetime": {"datetime": "2023-02-09 23:04:46", "elapsed": 42032.976808, "delta": 42.951685}}
{"target": -3648.5105944199836, "params": {"criterion": 1.9504839923551027, "max_features": 0.6688885431626952, "min_samples_split": 0.047252033918641176, "n_estimators": 2405.774366048384}, "datetime": {"datetime": "2023-02-09 23:07:13", "elapsed": 42179.89716, "delta": 146.920352}}
{"target": -8455.929031289823, "params": {"criterion": 1.607299155966567, "max_features": 0.3841201310464124, "min_samples_split": 0.9960062328146237, "n_estimators": 4467.57763665902}, "datetime": {"datetime": "2023-02-09 23:08:52", "elapsed": 42279.465001, "delta": 99.567841}}
{"target": -8455.947090866859, "params": {"criterion": 1.5717987432424492, "max_features": 0.2941105892400804, "min_samples_split": 0.9321916503001769, "n_estimators": 1601.6679655920761}, "datetime": {"datetime": "2023-02-09 23:09:30", "elapsed": 42316.953316, "delta": 37.488315}}
{"target": -5027.833372842237, "params": {"criterion": 0.08595056770396911, "max_features": 0.32599217335231095, "min_samples_split": 0.1828464315658975, "n_estimators": 696.0038377414049}, "datetime": {"datetime": "2023-02-09 23:09:57", "elapsed": 42343.538564, "delta": 26.585248}}
{"target": -6985.44390573719, "params": {"criterion": 0.4968964873314904, "max_features": 0.27658246244078133, "min_samples_split": 0.5219391506308803, "n_estimators": 4224.973208710448}, "datetime": {"datetime": "2023-02-09 23:12:05", "elapsed": 42471.96771, "delta": 128.429146}}
{"target": -8455.84649585218, "params": {"criterion": 1.026666884719131, "max_features": 0.7941532427222623, "min_samples_split": 0.7876805302803475, "n_estimators": 4313.652668565144}, "datetime": {"datetime": "2023-02-09 23:13:42", "elapsed": 42569.17488, "delta": 97.20717}}
{"target": -6840.443164796392, "params": {"criterion": 0.5357630294291373, "max_features": 0.5039533740427842, "min_samples_split": 0.6283444495091142, "n_estimators": 749.9524229372801}, "datetime": {"datetime": "2023-02-09 23:14:05", "elapsed": 42591.769262, "delta": 22.594382}}
{"target": -4036.262229386929, "params": {"criterion": 1.7898546841733018, "max_features": 0.9035353810043766, "min_samples_split": 0.19934439740749127, "n_estimators": 398.81324120419407}, "datetime": {"datetime": "2023-02-09 23:14:27", "elapsed": 42613.82799, "delta": 22.058728}}
{"target": -8455.93570356481, "params": {"criterion": 1.6597359780856125, "max_features": 0.8500361367061385, "min_samples_split": 0.7007384471696745, "n_estimators": 316.748171675136}, "datetime": {"datetime": "2023-02-09 23:14:35", "elapsed": 42621.733517, "delta": 7.905527}}
{"target": -6044.169834060746, "params": {"criterion": 2.2390751995576883, "max_features": 0.7358601494879808, "min_samples_split": 0.5430111709512926, "n_estimators": 1501.094687406067}, "datetime": {"datetime": "2023-02-09 23:15:25", "elapsed": 42671.89836, "delta": 50.164843}}
{"target": -3948.9619109803452, "params": {"criterion": 2.691956659119763, "max_features": 0.6462926123526822, "min_samples_split": 0.11604717081664306, "n_estimators": 3610.664161100957}, "datetime": {"datetime": "2023-02-09 23:18:44", "elapsed": 42871.454103, "delta": 199.555743}}
{"target": -4636.705129334036, "params": {"criterion": 1.1879603983465603, "max_features": 0.5011361771314701, "min_samples_split": 0.25883146363161025, "n_estimators": 4816.239191170274}, "datetime": {"datetime": "2023-02-09 23:21:52", "elapsed": 43059.073615, "delta": 187.619512}}
{"target": -3624.6518864874643, "params": {"criterion": 1.6065254000488474, "max_features": 0.5725025529163295, "min_samples_split": 0.015225240395680947, "n_estimators": 2918.9227867553154}, "datetime": {"datetime": "2023-02-09 23:24:58", "elapsed": 43245.13011, "delta": 186.056495}}
{"target": -4846.072233407823, "params": {"criterion": 2.1166735120384597, "max_features": 0.24313071901981262, "min_samples_split": 0.10512268154723509, "n_estimators": 4561.034650410296}, "datetime": {"datetime": "2023-02-09 23:28:10", "elapsed": 43436.970565, "delta": 191.840455}}
{"target": -4120.649717424162, "params": {"criterion": 0.3235136394614027, "max_features": 0.6272259749454755, "min_samples_split": 0.16575068025402204, "n_estimators": 3974.1844686252916}, "datetime": {"datetime": "2023-02-09 23:31:16", "elapsed": 43622.799022, "delta": 185.828457}}
{"target": -8452.556863101508, "params": {"criterion": 1.48254828560323, "max_features": 0.978275528360011, "min_samples_split": 0.6521110712217056, "n_estimators": 4523.878468757276}, "datetime": {"datetime": "2023-02-09 23:32:57", "elapsed": 43723.919741, "delta": 101.120719}}
{"target": -4745.693998048309, "params": {"criterion": 0.010429896619994609, "max_features": 0.9254733978177772, "min_samples_split": 0.42834638390794255, "n_estimators": 1400.7107497063648}, "datetime": {"datetime": "2023-02-09 23:33:52", "elapsed": 43778.881715, "delta": 54.961974}}
{"target": -5837.406908699768, "params": {"criterion": 2.953135045075184, "max_features": 0.9588495747767263, "min_samples_split": 0.5508450001774936, "n_estimators": 4625.649278311474}, "datetime": {"datetime": "2023-02-09 23:36:32", "elapsed": 43939.477885, "delta": 160.59617}}
{"target": -4085.80178900167, "params": {"criterion": 0.6967338358591354, "max_features": 0.8886523559115319, "min_samples_split": 0.2515243313082135, "n_estimators": 3948.3517623442644}, "datetime": {"datetime": "2023-02-09 23:39:41", "elapsed": 44127.617615, "delta": 188.13973}}
{"target": -3656.087946175655, "params": {"criterion": 1.4501757212237734, "max_features": 0.9033114485879805, "min_samples_split": 0.05327458487838387, "n_estimators": 313.015732886312}, "datetime": {"datetime": "2023-02-09 23:40:03", "elapsed": 44150.445442, "delta": 22.827827}}
{"target": -4156.288364382366, "params": {"criterion": 2.143730828258712, "max_features": 0.3434125560582911, "min_samples_split": 0.07649954664976533, "n_estimators": 3194.4098704339913}, "datetime": {"datetime": "2023-02-09 23:42:34", "elapsed": 44300.513772, "delta": 150.06833}}
{"target": -6571.964021011823, "params": {"criterion": 1.6257994593851546, "max_features": 0.4843688410395227, "min_samples_split": 0.5981783748160586, "n_estimators": 4677.761470546981}, "datetime": {"datetime": "2023-02-09 23:44:51", "elapsed": 44438.121465, "delta": 137.607693}}
{"target": -5007.543548843, "params": {"criterion": 1.123111524663104, "max_features": 0.3702668950282919, "min_samples_split": 0.2151112925264222, "n_estimators": 3584.2161193937277}, "datetime": {"datetime": "2023-02-09 23:47:01", "elapsed": 44567.574841, "delta": 129.453376}}
{"target": -8455.950505807928, "params": {"criterion": 0.8056004249625763, "max_features": 0.36982692023532343, "min_samples_split": 0.9109887426407323, "n_estimators": 1113.6974680816463}, "datetime": {"datetime": "2023-02-09 23:47:26", "elapsed": 44593.034369, "delta": 25.459528}}
{"target": -4345.513396908208, "params": {"criterion": 2.6441028568089737, "max_features": 0.8856527695763962, "min_samples_split": 0.31072871130948065, "n_estimators": 3750.560114041298}, "datetime": {"datetime": "2023-02-09 23:50:12", "elapsed": 44758.800944, "delta": 165.766575}}
{"target": -8455.921818053323, "params": {"criterion": 2.948766671634547, "max_features": 0.9717565997440777, "min_samples_split": 0.7758816349373404, "n_estimators": 261.9125785803974}, "datetime": {"datetime": "2023-02-09 23:50:19", "elapsed": 44765.516944, "delta": 6.716}}
{"target": -5511.388344632466, "params": {"criterion": 1.5966460381644467, "max_features": 0.3649893654296953, "min_samples_split": 0.32731001277874294, "n_estimators": 3350.0528118172765}, "datetime": {"datetime": "2023-02-09 23:52:11", "elapsed": 44877.95114, "delta": 112.434196}}
{"target": -4837.847385252435, "params": {"criterion": 2.467083572727565, "max_features": 0.8049066410502878, "min_samples_split": 0.3972080090061284, "n_estimators": 379.5756621145884}, "datetime": {"datetime": "2023-02-09 23:52:27", "elapsed": 44893.719796, "delta": 15.768656}}
{"target": -4046.937089594575, "params": {"criterion": 0.13826313653119982, "max_features": 0.7675236072390723, "min_samples_split": 0.17081506585427614, "n_estimators": 4955.919463400786}, "datetime": {"datetime": "2023-02-09 23:56:32", "elapsed": 45139.214412, "delta": 245.494616}}
{"target": -5654.3292823995525, "params": {"criterion": 2.111313436205339, "max_features": 0.48583305843917424, "min_samples_split": 0.4259287907238849, "n_estimators": 1628.4546231560305}, "datetime": {"datetime": "2023-02-09 23:57:29", "elapsed": 45196.174346, "delta": 56.959934}}
{"target": -8455.84385955412, "params": {"criterion": 2.426499383618969, "max_features": 0.5480419500194681, "min_samples_split": 0.7093082602161294, "n_estimators": 1603.9062617595746}, "datetime": {"datetime": "2023-02-09 23:58:06", "elapsed": 45233.431551, "delta": 37.257205}}
{"target": -3703.914275068535, "params": {"criterion": 0.5555282990340441, "max_features": 0.9340840990380406, "min_samples_split": 0.07785161174436031, "n_estimators": 4266.608980388131}, "datetime": {"datetime": "2023-02-10 00:02:52", "elapsed": 45519.096059, "delta": 285.664508}}
{"target": -8455.801275115477, "params": {"criterion": 0.27084156176074886, "max_features": 0.33711639644634794, "min_samples_split": 0.8795385182009159, "n_estimators": 273.13662412737347}, "datetime": {"datetime": "2023-02-10 00:02:59", "elapsed": 45525.926888, "delta": 6.830829}}
{"target": -6734.622555577727, "params": {"criterion": 0.45673644800694657, "max_features": 0.4476169203814364, "min_samples_split": 0.6167492034663252, "n_estimators": 1639.0404099329276}, "datetime": {"datetime": "2023-02-10 00:03:48", "elapsed": 45574.999895, "delta": 49.073007}}
{"target": -8455.887956467186, "params": {"criterion": 1.4957908845796308, "max_features": 0.32479684348473475, "min_samples_split": 0.9486297406067578, "n_estimators": 2275.6651975451514}, "datetime": {"datetime": "2023-02-10 00:04:40", "elapsed": 45627.04874, "delta": 52.048845}}
{"target": -8455.831692944614, "params": {"criterion": 2.1552620292022038, "max_features": 0.37834071133743163, "min_samples_split": 0.9328484855092077, "n_estimators": 3617.933402628046}, "datetime": {"datetime": "2023-02-10 00:06:02", "elapsed": 45709.249424, "delta": 82.200684}}
{"target": -8455.90006568148, "params": {"criterion": 2.003720422935836, "max_features": 0.467479465827747, "min_samples_split": 0.7226632579246397, "n_estimators": 4619.859921276794}, "datetime": {"datetime": "2023-02-10 00:07:47", "elapsed": 45813.927428, "delta": 104.678004}}
{"target": -6340.150179760353, "params": {"criterion": 1.1653349733172909, "max_features": 0.6222628979909532, "min_samples_split": 0.6177977649837103, "n_estimators": 2660.563184450597}, "datetime": {"datetime": "2023-02-10 00:09:10", "elapsed": 45897.233524, "delta": 83.306096}}
{"target": -6646.411317679284, "params": {"criterion": 1.7806610612133011, "max_features": 0.3928620709244607, "min_samples_split": 0.49648317650625107, "n_estimators": 3794.3314798029237}, "datetime": {"datetime": "2023-02-10 00:11:03", "elapsed": 46009.885703, "delta": 112.652179}}
{"target": -4791.312838121307, "params": {"criterion": 0.013116233392772052, "max_features": 0.3089346665854775, "min_samples_split": 0.15402402444295707, "n_estimators": 4935.874158765098}, "datetime": {"datetime": "2023-02-10 00:14:12", "elapsed": 46198.929807, "delta": 189.044104}}
{"target": -8455.988021356548, "params": {"criterion": 0.7628376593014121, "max_features": 0.9511811446053005, "min_samples_split": 0.9420113280139316, "n_estimators": 1623.0473398487982}, "datetime": {"datetime": "2023-02-10 00:14:49", "elapsed": 46235.859394, "delta": 36.929587}}
{"target": -4638.999727241727, "params": {"criterion": 2.2511705354438596, "max_features": 0.5600534169594596, "min_samples_split": 0.26962117373596106, "n_estimators": 4293.3511737923545}, "datetime": {"datetime": "2023-02-10 00:17:44", "elapsed": 46410.607752, "delta": 174.748358}}
{"target": -4055.44385449794, "params": {"criterion": 0.7369864379666146, "max_features": 0.7380503988624769, "min_samples_split": 0.1635099665905876, "n_estimators": 2031.8959062563083}, "datetime": {"datetime": "2023-02-10 00:19:25", "elapsed": 46512.433568, "delta": 101.825816}}
{"target": -4630.316656096689, "params": {"criterion": 2.0940023332048967, "max_features": 0.9329321670100786, "min_samples_split": 0.395579159126911, "n_estimators": 305.37417126504624}, "datetime": {"datetime": "2023-02-10 00:19:39", "elapsed": 46526.070153, "delta": 13.636585}}
{"target": -6500.6659465610155, "params": {"criterion": 0.604826292119977, "max_features": 0.23591723327889558, "min_samples_split": 0.44125730057506074, "n_estimators": 843.1834979554924}, "datetime": {"datetime": "2023-02-10 00:20:06", "elapsed": 46552.91511, "delta": 26.844957}}
{"target": -4451.403994489873, "params": {"criterion": 1.2745537604259392, "max_features": 0.45524360223243354, "min_samples_split": 0.16084581927047478, "n_estimators": 340.3601461330552}, "datetime": {"datetime": "2023-02-10 00:20:21", "elapsed": 46567.683886, "delta": 14.768776}}
{"target": -5878.802349890597, "params": {"criterion": 0.5910994513656671, "max_features": 0.5670622469567391, "min_samples_split": 0.4707362477588502, "n_estimators": 196.4259242334486}, "datetime": {"datetime": "2023-02-10 00:20:28", "elapsed": 46574.8188, "delta": 7.134914}}
{"target": -3993.148711226009, "params": {"criterion": 2.1815173453307133, "max_features": 0.9716319295238967, "min_samples_split": 0.17750906368886551, "n_estimators": 586.6550624403707}, "datetime": {"datetime": "2023-02-10 00:21:04", "elapsed": 46611.437805, "delta": 36.619005}}
{"target": -4891.704810914171, "params": {"criterion": 1.9830562114415826, "max_features": 0.539539370010042, "min_samples_split": 0.3080524663888176, "n_estimators": 880.1911890879101}, "datetime": {"datetime": "2023-02-10 00:21:37", "elapsed": 46644.402969, "delta": 32.965164}}
{"target": -8455.904633254857, "params": {"criterion": 0.012719033239771386, "max_features": 0.5489275321101549, "min_samples_split": 0.9364343803262013, "n_estimators": 4850.572391918085}, "datetime": {"datetime": "2023-02-10 00:23:26", "elapsed": 46752.533886, "delta": 108.130917}}
{"target": -5399.80197378572, "params": {"criterion": 1.7063126512885955, "max_features": 0.5380513311384532, "min_samples_split": 0.39621935728055274, "n_estimators": 2792.4489483732045}, "datetime": {"datetime": "2023-02-10 00:25:01", "elapsed": 46847.98897, "delta": 95.455084}}
{"target": -8455.879199683714, "params": {"criterion": 1.0679637774034028, "max_features": 0.9638557663620599, "min_samples_split": 0.9203612015084125, "n_estimators": 1217.6305052165312}, "datetime": {"datetime": "2023-02-10 00:25:29", "elapsed": 46876.07287, "delta": 28.0839}}
{"target": -4881.068426543596, "params": {"criterion": 1.0669563000073723, "max_features": 0.651200012720629, "min_samples_split": 0.3451754627423686, "n_estimators": 1477.7479898386666}, "datetime": {"datetime": "2023-02-10 00:26:25", "elapsed": 46931.616969, "delta": 55.544099}}
{"target": -8455.868219103053, "params": {"criterion": 2.867546417898946, "max_features": 0.33138034626495527, "min_samples_split": 0.7381856611937224, "n_estimators": 4346.420443372169}, "datetime": {"datetime": "2023-02-10 00:28:03", "elapsed": 47029.68673, "delta": 98.069761}}
