{"target": -8455.861847328533, "params": {"criterion": 2.7971208923106117, "max_features": 0.23498836692314604, "min_samples_split": 0.9775556013924669, "n_estimators": 1274.5528742430547}, "datetime": {"datetime": "2023-02-09 12:53:19", "elapsed": 5345.98064, "delta": 29.593589}}
{"target": -8455.846794885785, "params": {"criterion": 0.3617597114267374, "max_features": 0.5543247195421802, "min_samples_split": 0.7820638255366742, "n_estimators": 2231.6020470899116}, "datetime": {"datetime": "2023-02-09 12:54:09", "elapsed": 5395.972514, "delta": 49.991874}}
{"target": -6396.282302004476, "params": {"criterion": 2.6130698208364267, "max_features": 0.4226928775985176, "min_samples_split": 0.4737251188790948, "n_estimators": 3919.0762315150755}, "datetime": {"datetime": "2023-02-09 12:56:13", "elapsed": 5520.018114, "delta": 124.0456}}
{"target": -8455.493056478108, "params": {"criterion": 2.5492605679385196, "max_features": 0.5690447285068123, "min_samples_split": 0.6566637122151788, "n_estimators": 3879.982962692132}, "datetime": {"datetime": "2023-02-09 12:57:40", "elapsed": 5606.713484, "delta": 86.69537}}
{"target": -8455.866372602486, "params": {"criterion": 1.8872099788524987, "max_features": 0.3672044045410502, "min_samples_split": 0.8472044651510595, "n_estimators": 4207.351308640942}, "datetime": {"datetime": "2023-02-09 12:59:17", "elapsed": 5703.676503, "delta": 96.963019}}
{"target": -4993.260648206798, "params": {"criterion": 1.231718743453529, "max_features": 0.7316301553554662, "min_samples_split": 0.4272592152101473, "n_estimators": 2937.2129296574412}, "datetime": {"datetime": "2023-02-09 13:01:04", "elapsed": 5810.958338, "delta": 107.281835}}
{"target": -8455.796636368661, "params": {"criterion": 1.5581824858881395, "max_features": 0.3109996274729466, "min_samples_split": 0.9409672130388134, "n_estimators": 1204.8425119968076}, "datetime": {"datetime": "2023-02-09 13:01:32", "elapsed": 5839.028641, "delta": 28.070303}}
{"target": -4957.504364463985, "params": {"criterion": 2.6493991643740453, "max_features": 0.39741398773515324, "min_samples_split": 0.23831921971706194, "n_estimators": 3485.276367990564}, "datetime": {"datetime": "2023-02-09 13:03:47", "elapsed": 5973.522496, "delta": 134.493855}}
{"target": -6264.8607466152125, "params": {"criterion": 2.6132224616564863, "max_features": 0.34699244037876775, "min_samples_split": 0.4511819235395011, "n_estimators": 1013.8281192441885}, "datetime": {"datetime": "2023-02-09 13:04:20", "elapsed": 6007.271111, "delta": 33.748615}}
{"target": -8455.913384499776, "params": {"criterion": 2.9503391969017554, "max_features": 0.5938143922200145, "min_samples_split": 0.8286400061574606, "n_estimators": 1981.0871208845558}, "datetime": {"datetime": "2023-02-09 13:05:05", "elapsed": 6052.389845, "delta": 45.118734}}
{"target": -8455.939189383245, "params": {"criterion": 0.15937180074816773, "max_features": 0.4358543331128978, "min_samples_split": 0.9416913976780052, "n_estimators": 168.03923718018683}, "datetime": {"datetime": "2023-02-09 13:05:10", "elapsed": 6056.981644, "delta": 4.591799}}
{"target": -4468.302308440265, "params": {"criterion": 2.0086544260018937, "max_features": 0.981462480342312, "min_samples_split": 0.3906081059342741, "n_estimators": 1638.693649507286}, "datetime": {"datetime": "2023-02-09 13:06:21", "elapsed": 6128.308944, "delta": 71.3273}}
{"target": -4253.801166464471, "params": {"criterion": 0.7423052758065495, "max_features": 0.5181937358570498, "min_samples_split": 0.15641391699612658, "n_estimators": 1670.5948186002354}, "datetime": {"datetime": "2023-02-09 13:07:35", "elapsed": 6201.703685, "delta": 73.394741}}
{"target": -6382.663244270326, "params": {"criterion": 1.5203604418178132, "max_features": 0.5819958633043435, "min_samples_split": 0.6019667431023118, "n_estimators": 4120.99568500275}, "datetime": {"datetime": "2023-02-09 13:09:43", "elapsed": 6329.502429, "delta": 127.798744}}
{"target": -4001.8739277264867, "params": {"criterion": 0.9260313927642846, "max_features": 0.9686928388662681, "min_samples_split": 0.16663970043191695, "n_estimators": 4578.773187095717}, "datetime": {"datetime": "2023-02-09 13:13:57", "elapsed": 6584.264971, "delta": 254.762542}}
{"target": -5308.81373277798, "params": {"criterion": 1.4889302986557464, "max_features": 0.5001776882272638, "min_samples_split": 0.37056101605124747, "n_estimators": 1601.116670349825}, "datetime": {"datetime": "2023-02-09 13:14:54", "elapsed": 6641.436854, "delta": 57.171883}}
{"target": -4142.243988030379, "params": {"criterion": 1.266747389188309, "max_features": 0.20640012957335252, "min_samples_split": 0.01583527861133163, "n_estimators": 1363.992338500513}, "datetime": {"datetime": "2023-02-09 13:15:58", "elapsed": 6704.612444, "delta": 63.17559}}
{"target": -6744.927283550763, "params": {"criterion": 1.5563084859593974, "max_features": 0.3587722371750892, "min_samples_split": 0.485356002534765, "n_estimators": 2942.312031265571}, "datetime": {"datetime": "2023-02-09 13:17:24", "elapsed": 6790.751427, "delta": 86.138983}}
{"target": -5938.186682249843, "params": {"criterion": 1.7805595947355777, "max_features": 0.8263815693573179, "min_samples_split": 0.6132372063970417, "n_estimators": 3282.3771330408936}, "datetime": {"datetime": "2023-02-09 13:19:09", "elapsed": 6896.450279, "delta": 105.698852}}
{"target": -4553.257008093123, "params": {"criterion": 1.7444453751983693, "max_features": 0.49452670906373464, "min_samples_split": 0.19946353427593963, "n_estimators": 3251.0584741408543}, "datetime": {"datetime": "2023-02-09 13:21:19", "elapsed": 7025.934267, "delta": 129.483988}}
{"target": -8455.956240205815, "params": {"criterion": 0.6695737247199616, "max_features": 0.66526997221212, "min_samples_split": 0.8490983176946956, "n_estimators": 2839.378211250623}, "datetime": {"datetime": "2023-02-09 13:22:22", "elapsed": 7089.193594, "delta": 63.259327}}
{"target": -8455.8902840825, "params": {"criterion": 0.49238853189202103, "max_features": 0.6550640633350149, "min_samples_split": 0.8606143772762376, "n_estimators": 1039.5849029282754}, "datetime": {"datetime": "2023-02-09 13:22:46", "elapsed": 7113.36769, "delta": 24.174096}}
{"target": -7304.889632873793, "params": {"criterion": 1.8237790789184938, "max_features": 0.20436329178603185, "min_samples_split": 0.5996249257870854, "n_estimators": 4542.694100825208}, "datetime": {"datetime": "2023-02-09 13:24:55", "elapsed": 7241.872847, "delta": 128.505157}}
{"target": -8455.766166902844, "params": {"criterion": 0.3784868603994191, "max_features": 0.40580757268181544, "min_samples_split": 0.9163243225552764, "n_estimators": 1096.7001698647618}, "datetime": {"datetime": "2023-02-09 13:25:20", "elapsed": 7267.030986, "delta": 25.158139}}
{"target": -4300.29222373085, "params": {"criterion": 2.196147712535931, "max_features": 0.6564956048773608, "min_samples_split": 0.2307815229205026, "n_estimators": 3990.031213998038}, "datetime": {"datetime": "2023-02-09 13:28:19", "elapsed": 7446.040384, "delta": 179.009398}}
{"target": -5826.633580374501, "params": {"criterion": 1.4202831495509962, "max_features": 0.8713450884662199, "min_samples_split": 0.48575804157212493, "n_estimators": 3947.9969601662133}, "datetime": {"datetime": "2023-02-09 13:30:31", "elapsed": 7577.717382, "delta": 131.676998}}
{"target": -8455.886525133672, "params": {"criterion": 1.2033584190514293, "max_features": 0.8791897049473523, "min_samples_split": 0.7943172821747071, "n_estimators": 2404.92819866705}, "datetime": {"datetime": "2023-02-09 13:31:25", "elapsed": 7631.837957, "delta": 54.120575}}
{"target": -7115.395487524479, "params": {"criterion": 0.4149060968601457, "max_features": 0.2164123304917837, "min_samples_split": 0.560873700531576, "n_estimators": 968.0911060421691}, "datetime": {"datetime": "2023-02-09 13:31:54", "elapsed": 7660.524258, "delta": 28.686301}}
{"target": -5369.921263625405, "params": {"criterion": 2.1131417639728953, "max_features": 0.2819413703030034, "min_samples_split": 0.21438340694712144, "n_estimators": 480.67235898261805}, "datetime": {"datetime": "2023-02-09 13:32:13", "elapsed": 7679.588519, "delta": 19.064261}}
{"target": -8455.948084518997, "params": {"criterion": 1.8896275147288544, "max_features": 0.6075016907486126, "min_samples_split": 0.8803859093631967, "n_estimators": 4859.301440481418}, "datetime": {"datetime": "2023-02-09 13:34:00", "elapsed": 7787.319549, "delta": 107.73103}}
{"target": -8455.888844020483, "params": {"criterion": 0.5334847941951143, "max_features": 0.6765912531159263, "min_samples_split": 0.8848259829410984, "n_estimators": 4852.328295641246}, "datetime": {"datetime": "2023-02-09 13:35:49", "elapsed": 7896.238459, "delta": 108.91891}}
{"target": -8455.875236730315, "params": {"criterion": 2.6020067748090083, "max_features": 0.43672577205213287, "min_samples_split": 0.894187011473633, "n_estimators": 1718.3778845823922}, "datetime": {"datetime": "2023-02-09 13:36:29", "elapsed": 7936.096448, "delta": 39.857989}}
{"target": -3682.1016835582536, "params": {"criterion": 1.9271806328069934, "max_features": 0.7617310690764224, "min_samples_split": 0.0619899236892025, "n_estimators": 776.3743984956737}, "datetime": {"datetime": "2023-02-09 13:37:18", "elapsed": 7985.030945, "delta": 48.934497}}
{"target": -3840.5208409428315, "params": {"criterion": 1.0326814646788383, "max_features": 0.36203935799298925, "min_samples_split": 0.030793924570836878, "n_estimators": 4526.560318854}, "datetime": {"datetime": "2023-02-09 13:41:01", "elapsed": 8207.865816, "delta": 222.834871}}
{"target": -5027.71352472779, "params": {"criterion": 0.8225978537726546, "max_features": 0.6108334701767156, "min_samples_split": 0.3509095044643109, "n_estimators": 4538.6372223357685}, "datetime": {"datetime": "2023-02-09 13:43:50", "elapsed": 8376.99019, "delta": 169.124374}}
{"target": -8455.928353980264, "params": {"criterion": 2.7944867070527155, "max_features": 0.4330863790689877, "min_samples_split": 0.7413940659153572, "n_estimators": 2090.480958032112}, "datetime": {"datetime": "2023-02-09 13:44:39", "elapsed": 8425.891128, "delta": 48.900938}}
{"target": -3635.2242516814813, "params": {"criterion": 0.7671014423360458, "max_features": 0.7138509394972952, "min_samples_split": 0.03736646992110642, "n_estimators": 2782.233252026664}, "datetime": {"datetime": "2023-02-09 13:48:58", "elapsed": 8684.497176, "delta": 258.606048}}
{"target": -4329.372537944836, "params": {"criterion": 2.894978180006181, "max_features": 0.7512759507112023, "min_samples_split": 0.27645198187619757, "n_estimators": 4954.279230313899}, "datetime": {"datetime": "2023-02-09 13:54:26", "elapsed": 9012.997019, "delta": 328.499843}}
{"target": -8455.963075452422, "params": {"criterion": 2.4292445853249456, "max_features": 0.20860094986945166, "min_samples_split": 0.7513706485420718, "n_estimators": 3875.389874700814}, "datetime": {"datetime": "2023-02-09 13:56:45", "elapsed": 9151.653491, "delta": 138.656472}}
{"target": -8456.007932861869, "params": {"criterion": 1.2146824029924335, "max_features": 0.8234188894517197, "min_samples_split": 0.8168713916599714, "n_estimators": 759.7339439578903}, "datetime": {"datetime": "2023-02-09 13:57:13", "elapsed": 9179.975015, "delta": 28.321524}}
{"target": -3909.5751969756807, "params": {"criterion": 0.1918553794199382, "max_features": 0.8696519626083475, "min_samples_split": 0.1161129998594108, "n_estimators": 3569.838659452806}, "datetime": {"datetime": "2023-02-09 14:01:33", "elapsed": 9439.67593, "delta": 259.700915}}
{"target": -5733.192343002428, "params": {"criterion": 1.3657877363790192, "max_features": 0.9499935014705426, "min_samples_split": 0.48204053651192313, "n_estimators": 2460.119662549916}, "datetime": {"datetime": "2023-02-09 14:03:37", "elapsed": 9563.728692, "delta": 124.052762}}
{"target": -8066.448655712191, "params": {"criterion": 2.047003205187473, "max_features": 0.5074574862161525, "min_samples_split": 0.6362409897032828, "n_estimators": 4365.99739228543}, "datetime": {"datetime": "2023-02-09 14:06:21", "elapsed": 9728.338378, "delta": 164.609686}}
{"target": -5688.1851883549925, "params": {"criterion": 1.1215378222494576, "max_features": 0.23480716727355333, "min_samples_split": 0.2508207428241259, "n_estimators": 4363.007505428108}, "datetime": {"datetime": "2023-02-09 14:10:12", "elapsed": 9959.043591, "delta": 230.705213}}
{"target": -4719.334475725974, "params": {"criterion": 1.9235620277235546, "max_features": 0.6984647612976341, "min_samples_split": 0.34028522519568566, "n_estimators": 4008.8092975553936}, "datetime": {"datetime": "2023-02-09 14:14:04", "elapsed": 10190.758689, "delta": 231.715098}}
{"target": -8455.828642041268, "params": {"criterion": 0.8914408824179921, "max_features": 0.24067428032162597, "min_samples_split": 0.9746216179733137, "n_estimators": 1031.3158628339565}, "datetime": {"datetime": "2023-02-09 14:14:41", "elapsed": 10227.637015, "delta": 36.878326}}
{"target": -4807.950250140657, "params": {"criterion": 0.6260356576008536, "max_features": 0.650222724782355, "min_samples_split": 0.3398360973068823, "n_estimators": 3655.8836367703348}, "datetime": {"datetime": "2023-02-09 14:18:05", "elapsed": 10431.950172, "delta": 204.313157}}
{"target": -8455.952588924645, "params": {"criterion": 1.9833591389938605, "max_features": 0.9753434069886578, "min_samples_split": 0.8470496661550212, "n_estimators": 2246.4514317365165}, "datetime": {"datetime": "2023-02-09 14:19:28", "elapsed": 10514.889799, "delta": 82.939627}}
{"target": -8455.889272320988, "params": {"criterion": 2.5937773040160987, "max_features": 0.7204828106241643, "min_samples_split": 0.6937052969082305, "n_estimators": 4842.942534260382}, "datetime": {"datetime": "2023-02-09 14:22:37", "elapsed": 10703.909951, "delta": 189.020152}}
{"target": -8389.76173887138, "params": {"criterion": 0.7301834590856989, "max_features": 0.8304788752324586, "min_samples_split": 0.64276279962808, "n_estimators": 3363.835116257652}, "datetime": {"datetime": "2023-02-09 14:24:38", "elapsed": 10825.31211, "delta": 121.402159}}
{"target": -8455.820747058637, "params": {"criterion": 1.2132227278606702, "max_features": 0.3037936839541041, "min_samples_split": 0.8371485633305257, "n_estimators": 911.590282175314}, "datetime": {"datetime": "2023-02-09 14:25:13", "elapsed": 10859.948754, "delta": 34.636644}}
{"target": -5037.810394179719, "params": {"criterion": 1.8607353394882038, "max_features": 0.6213331669658381, "min_samples_split": 0.35804628481626477, "n_estimators": 652.6245990064443}, "datetime": {"datetime": "2023-02-09 14:25:51", "elapsed": 10897.652884, "delta": 37.70413}}
{"target": -8455.723511677885, "params": {"criterion": 1.9982985961260153, "max_features": 0.7392976332923598, "min_samples_split": 0.7707301532294811, "n_estimators": 1329.4804862680048}, "datetime": {"datetime": "2023-02-09 14:26:40", "elapsed": 10946.499626, "delta": 48.846742}}
{"target": -8455.87307912091, "params": {"criterion": 2.6398200758283674, "max_features": 0.43145642067245876, "min_samples_split": 0.6973477163333806, "n_estimators": 2915.081656758773}, "datetime": {"datetime": "2023-02-09 14:28:24", "elapsed": 11051.347627, "delta": 104.848001}}
{"target": -4651.382269527632, "params": {"criterion": 1.1713662510698222, "max_features": 0.4315183603060278, "min_samples_split": 0.1955198575014622, "n_estimators": 3365.7399905604834}, "datetime": {"datetime": "2023-02-09 14:31:48", "elapsed": 11254.761572, "delta": 203.413945}}
{"target": -5074.681189625875, "params": {"criterion": 2.462822596135926, "max_features": 0.4532090667143851, "min_samples_split": 0.28195657141527253, "n_estimators": 998.6279669427598}, "datetime": {"datetime": "2023-02-09 14:32:47", "elapsed": 11313.873498, "delta": 59.111926}}
{"target": -3998.089525107423, "params": {"criterion": 2.539635033938746, "max_features": 0.9785530554714573, "min_samples_split": 0.21097963998834385, "n_estimators": 2546.1994038612484}, "datetime": {"datetime": "2023-02-09 14:36:35", "elapsed": 11541.822142, "delta": 227.948644}}
{"target": -6020.478765106607, "params": {"criterion": 1.34388185030066, "max_features": 0.6818304027649891, "min_samples_split": 0.4878008863320469, "n_estimators": 1604.41196467474}, "datetime": {"datetime": "2023-02-09 14:37:54", "elapsed": 11620.914671, "delta": 79.092529}}
{"target": -5202.174510713443, "params": {"criterion": 2.5387375085330572, "max_features": 0.4365921332036671, "min_samples_split": 0.32267499911893166, "n_estimators": 3158.2401422082016}, "datetime": {"datetime": "2023-02-09 14:40:51", "elapsed": 11798.369881, "delta": 177.45521}}
{"target": -6543.121572259277, "params": {"criterion": 0.9044287117044101, "max_features": 0.4354090818081016, "min_samples_split": 0.49303891021573876, "n_estimators": 3263.1584047207716}, "datetime": {"datetime": "2023-02-09 14:43:26", "elapsed": 11952.942966, "delta": 154.573085}}
{"target": -4071.9116238500983, "params": {"criterion": 1.54035318834088, "max_features": 0.8163534731263399, "min_samples_split": 0.20075397430050348, "n_estimators": 2589.8674865468815}, "datetime": {"datetime": "2023-02-09 14:46:51", "elapsed": 12157.88793, "delta": 204.944964}}
{"target": -8455.944208942721, "params": {"criterion": 2.6474122419357777, "max_features": 0.5950366649625823, "min_samples_split": 0.9540319060145134, "n_estimators": 3253.8922827886195}, "datetime": {"datetime": "2023-02-09 14:48:59", "elapsed": 12286.447991, "delta": 128.560061}}
{"target": -6800.284031890644, "params": {"criterion": 0.1757905406541491, "max_features": 0.39307070884717055, "min_samples_split": 0.6072733867425725, "n_estimators": 2625.262747973591}, "datetime": {"datetime": "2023-02-09 14:51:19", "elapsed": 12426.152618, "delta": 139.704627}}
{"target": -8455.805524858371, "params": {"criterion": 2.276244466683749, "max_features": 0.3911240736474663, "min_samples_split": 0.7770883211900846, "n_estimators": 3876.0225292343475}, "datetime": {"datetime": "2023-02-09 14:53:41", "elapsed": 12567.766397, "delta": 141.613779}}
{"target": -8455.893941949591, "params": {"criterion": 1.307500914374764, "max_features": 0.7643847121981785, "min_samples_split": 0.9576329246012827, "n_estimators": 3993.72417672484}, "datetime": {"datetime": "2023-02-09 14:57:42", "elapsed": 12808.900336, "delta": 241.133939}}
{"target": -7708.93656386339, "params": {"criterion": 0.32765033221801093, "max_features": 0.8562741150413089, "min_samples_split": 0.6355037876851267, "n_estimators": 437.0204146070093}, "datetime": {"datetime": "2023-02-09 14:58:16", "elapsed": 12842.552526, "delta": 33.65219}}
{"target": -8455.900255155433, "params": {"criterion": 1.143491287642115, "max_features": 0.9937849204356852, "min_samples_split": 0.8526516318386395, "n_estimators": 271.35006551339336}, "datetime": {"datetime": "2023-02-09 14:58:36", "elapsed": 12863.430014, "delta": 20.877488}}
{"target": -3632.8809050624986, "params": {"criterion": 0.6875614600324179, "max_features": 0.7119002060372299, "min_samples_split": 0.03338475063593977, "n_estimators": 2272.9814217161784}, "datetime": {"datetime": "2023-02-09 15:05:15", "elapsed": 13262.235184, "delta": 398.80517}}
{"target": -8455.79760968088, "params": {"criterion": 1.8421026586127511, "max_features": 0.6855727513161223, "min_samples_split": 0.8845213960416064, "n_estimators": 2641.906908756262}, "datetime": {"datetime": "2023-02-09 15:08:10", "elapsed": 13436.59941, "delta": 174.364226}}
{"target": -6067.987729331314, "params": {"criterion": 1.378714777702199, "max_features": 0.45668936269100613, "min_samples_split": 0.45368238263119526, "n_estimators": 1051.96996609888}, "datetime": {"datetime": "2023-02-09 15:09:44", "elapsed": 13530.991039, "delta": 94.391629}}
{"target": -5886.227587901567, "params": {"criterion": 0.40788823449658274, "max_features": 0.21042894866247344, "min_samples_split": 0.29088988491501283, "n_estimators": 4104.17840470426}, "datetime": {"datetime": "2023-02-09 15:15:46", "elapsed": 13893.39261, "delta": 362.401571}}
{"target": -8455.897904856201, "params": {"criterion": 0.08506964148393324, "max_features": 0.7576236767181925, "min_samples_split": 0.9296433391619308, "n_estimators": 4159.088281992657}, "datetime": {"datetime": "2023-02-09 15:20:01", "elapsed": 14147.980876, "delta": 254.588266}}
{"target": -6270.477328258787, "params": {"criterion": 2.068959172967984, "max_features": 0.6023853516832849, "min_samples_split": 0.5654929969110756, "n_estimators": 2608.823014741181}, "datetime": {"datetime": "2023-02-09 15:23:19", "elapsed": 14346.28525, "delta": 198.304374}}
{"target": -4679.343638769729, "params": {"criterion": 0.8612146973681463, "max_features": 0.5949349626795978, "min_samples_split": 0.30430657238833736, "n_estimators": 4609.174368800339}, "datetime": {"datetime": "2023-02-09 15:30:40", "elapsed": 14787.214773, "delta": 440.929523}}
{"target": -6588.236445380127, "params": {"criterion": 1.1103027491127573, "max_features": 0.434408326442718, "min_samples_split": 0.5596376220800545, "n_estimators": 2297.8315996568767}, "datetime": {"datetime": "2023-02-09 15:33:23", "elapsed": 14950.356619, "delta": 163.141846}}
{"target": -8348.13739224657, "params": {"criterion": 1.748121170966875, "max_features": 0.5477399638623192, "min_samples_split": 0.6406392311861082, "n_estimators": 282.6789615216088}, "datetime": {"datetime": "2023-02-09 15:33:46", "elapsed": 14972.728637, "delta": 22.372018}}
{"target": -6095.886694003013, "params": {"criterion": 2.5737256651275917, "max_features": 0.6952741666074848, "min_samples_split": 0.5231957202003478, "n_estimators": 1391.2495133259733}, "datetime": {"datetime": "2023-02-09 15:35:42", "elapsed": 15088.943991, "delta": 116.215354}}
