{"target": -4391.497011269001, "params": {"criterion": 1.9830562114415826, "max_features": 0.5270714608245884, "min_samples_split": 0.3080524663888176, "n_estimators": 880.1911890879101}, "datetime": {"datetime": "2023-01-27 18:27:01", "elapsed": 89975.681734, "delta": 49.831558}}
{"target": -8454.72540800683, "params": {"criterion": 0.012719033239771386, "max_features": 0.5367138265305232, "min_samples_split": 0.9364343803262013, "n_estimators": 4850.572391918085}, "datetime": {"datetime": "2023-01-27 18:29:01", "elapsed": 90095.452341, "delta": 119.770607}}
{"target": -4756.59715885198, "params": {"criterion": 1.7063126512885955, "max_features": 0.5255431302704819, "min_samples_split": 0.39621935728055274, "n_estimators": 2792.4489483732045}, "datetime": {"datetime": "2023-01-27 18:31:03", "elapsed": 90217.396599, "delta": 121.944258}}
{"target": -8454.701379685632, "params": {"criterion": 1.0679637774034028, "max_features": 0.9628770876363989, "min_samples_split": 0.9203612015084125, "n_estimators": 1217.6305052165312}, "datetime": {"datetime": "2023-01-27 18:31:48", "elapsed": 90262.379485, "delta": 44.982886}}
{"target": -4172.399190749073, "params": {"criterion": 1.0669563000073723, "max_features": 0.6417555428093112, "min_samples_split": 0.3451754627423686, "n_estimators": 1477.7479898386666}, "datetime": {"datetime": "2023-01-27 18:33:09", "elapsed": 90343.404244, "delta": 81.024759}}
{"target": -8454.757015738403, "params": {"criterion": 2.867546417898946, "max_features": 0.3132761076407763, "min_samples_split": 0.7381856611937224, "n_estimators": 4346.420443372169}, "datetime": {"datetime": "2023-01-27 18:35:05", "elapsed": 90459.663054, "delta": 116.25881}}
{"target": -5805.564777233641, "params": {"criterion": 1.766153564339028, "max_features": 0.18488489594979696, "min_samples_split": 0.322224954409051, "n_estimators": 1317.1755784109082}, "datetime": {"datetime": "2023-01-27 18:36:00", "elapsed": 90514.200866, "delta": 54.537812}}
{"target": -6447.515870159779, "params": {"criterion": 2.146862238000573, "max_features": 0.24373961217832454, "min_samples_split": 0.511918549461753, "n_estimators": 3687.7284645442282}, "datetime": {"datetime": "2023-01-27 18:37:57", "elapsed": 90631.054742, "delta": 116.853876}}
{"target": -8454.75914256535, "params": {"criterion": 2.832121648920653, "max_features": 0.750421124811745, "min_samples_split": 0.7409071508554821, "n_estimators": 2474.1115055175355}, "datetime": {"datetime": "2023-01-27 18:39:09", "elapsed": 90703.524084, "delta": 72.469342}}
{"target": -884.0566711854781, "params": {"criterion": 0.9129968360656798, "max_features": 0.9083619190570545, "min_samples_split": 0.004807720950113826, "n_estimators": 2858.7399390128157}, "datetime": {"datetime": "2023-01-27 18:46:52", "elapsed": 91166.627619, "delta": 463.103535}}
{"target": -8454.672109755862, "params": {"criterion": 1.2970202026158475, "max_features": 0.6308130332682975, "min_samples_split": 0.6844527678497899, "n_estimators": 4284.943196860248}, "datetime": {"datetime": "2023-01-27 18:48:42", "elapsed": 91275.910659, "delta": 109.28304}}
{"target": -3864.993056950276, "params": {"criterion": 0.08104728811060177, "max_features": 0.35759741431686654, "min_samples_split": 0.16540246950634976, "n_estimators": 1811.1788093221055}, "datetime": {"datetime": "2023-01-27 18:50:14", "elapsed": 91367.921572, "delta": 92.010913}}
{"target": -3693.273360200111, "params": {"criterion": 0.3097742446927809, "max_features": 0.48894927713083136, "min_samples_split": 0.19731863182760243, "n_estimators": 3713.378759524055}, "datetime": {"datetime": "2023-01-27 18:53:14", "elapsed": 91548.792571, "delta": 180.870999}}
{"target": -3982.838032458146, "params": {"criterion": 1.4964898210056523, "max_features": 0.6068152809025011, "min_samples_split": 0.2673329054242961, "n_estimators": 1096.52913695594}, "datetime": {"datetime": "2023-01-27 18:54:20", "elapsed": 91614.209832, "delta": 65.417261}}
{"target": -8454.726603299665, "params": {"criterion": 2.3776764846566842, "max_features": 0.3269376854166802, "min_samples_split": 0.6699442936994424, "n_estimators": 4478.199565418169}, "datetime": {"datetime": "2023-01-27 18:56:13", "elapsed": 91727.218482, "delta": 113.00865}}
{"target": -8454.768335789573, "params": {"criterion": 0.20384481982442437, "max_features": 0.9871780388518592, "min_samples_split": 0.9102076889859864, "n_estimators": 4566.857338514225}, "datetime": {"datetime": "2023-01-27 18:58:05", "elapsed": 91839.698866, "delta": 112.480384}}
{"target": -8454.729657122307, "params": {"criterion": 1.2173095938557865, "max_features": 0.23817712487114062, "min_samples_split": 0.712478383786027, "n_estimators": 2922.122254450806}, "datetime": {"datetime": "2023-01-27 18:59:25", "elapsed": 91919.746874, "delta": 80.048008}}
{"target": -2764.32196782662, "params": {"criterion": 2.241898008214959, "max_features": 0.38263579442707196, "min_samples_split": 0.07393969327722558, "n_estimators": 2688.1246794977815}, "datetime": {"datetime": "2023-01-27 19:02:18", "elapsed": 92092.46399, "delta": 172.717116}}
{"target": -8454.735495199877, "params": {"criterion": 1.9953730914327117, "max_features": 0.544800785502005, "min_samples_split": 0.910196891958586, "n_estimators": 4202.192351953494}, "datetime": {"datetime": "2023-01-27 19:04:03", "elapsed": 92197.081574, "delta": 104.617584}}
{"target": -4814.222798226673, "params": {"criterion": 0.1928553555276647, "max_features": 0.19019623353972742, "min_samples_split": 0.16573955373034013, "n_estimators": 3699.782356391851}, "datetime": {"datetime": "2023-01-27 19:06:16", "elapsed": 92330.680922, "delta": 133.599348}}
{"target": -8454.594054657546, "params": {"criterion": 2.0693812463400993, "max_features": 0.9749585530900178, "min_samples_split": 0.6773717307220082, "n_estimators": 316.3709619223074}, "datetime": {"datetime": "2023-01-27 19:06:33", "elapsed": 92347.489334, "delta": 16.808412}}
{"target": -2731.8290111668985, "params": {"criterion": 2.0158194085221517, "max_features": 0.9892671679656329, "min_samples_split": 0.12013172868866055, "n_estimators": 2330.4497184389597}, "datetime": {"datetime": "2023-01-27 19:10:36", "elapsed": 92590.610145, "delta": 243.120811}}
{"target": -3925.299075763881, "params": {"criterion": 2.015697036463529, "max_features": 0.347241633851312, "min_samples_split": 0.1685534056794292, "n_estimators": 1862.4440047853827}, "datetime": {"datetime": "2023-01-27 19:12:13", "elapsed": 92687.088676, "delta": 96.478531}}
{"target": -1389.0362493748669, "params": {"criterion": 0.8520867858612517, "max_features": 0.7075068187655981, "min_samples_split": 0.021043479240496953, "n_estimators": 2880.8829005061307}, "datetime": {"datetime": "2023-01-27 19:17:23", "elapsed": 92997.577986, "delta": 310.48931}}
{"target": -5627.967856404155, "params": {"criterion": 2.4285404296569713, "max_features": 0.8809451940456154, "min_samples_split": 0.5900962550421451, "n_estimators": 1684.3893087700826}, "datetime": {"datetime": "2023-01-27 19:18:46", "elapsed": 93080.738139, "delta": 83.160153}}
{"target": -6030.3168063562, "params": {"criterion": 0.45225286588462255, "max_features": 0.3012674870306649, "min_samples_split": 0.47554063320868417, "n_estimators": 3102.503828874059}, "datetime": {"datetime": "2023-01-27 19:20:25", "elapsed": 93178.900917, "delta": 98.162778}}
{"target": -8454.632254717428, "params": {"criterion": 1.1288151378718099, "max_features": 0.9875149661239403, "min_samples_split": 0.9673330445666801, "n_estimators": 1909.6241148407014}, "datetime": {"datetime": "2023-01-27 19:21:23", "elapsed": 93237.290665, "delta": 58.389748}}
{"target": -5554.491309574635, "params": {"criterion": 0.23762144074137106, "max_features": 0.6547645925154791, "min_samples_split": 0.5423091302721748, "n_estimators": 4815.138405038512}, "datetime": {"datetime": "2023-01-27 19:24:17", "elapsed": 93411.284087, "delta": 173.993422}}
{"target": -8454.78421398404, "params": {"criterion": 1.7556249477638317, "max_features": 0.4557824504085787, "min_samples_split": 0.8077698320012924, "n_estimators": 1594.572093470677}, "datetime": {"datetime": "2023-01-27 19:25:04", "elapsed": 93458.270923, "delta": 46.986836}}
{"target": -4751.962532824493, "params": {"criterion": 2.565284817219478, "max_features": 0.6447707999227527, "min_samples_split": 0.4605604644978498, "n_estimators": 1755.9210907528145}, "datetime": {"datetime": "2023-01-27 19:26:35", "elapsed": 93549.439149, "delta": 91.168226}}
{"target": -5555.991280911483, "params": {"criterion": 1.0192718774600291, "max_features": 0.3201416639476825, "min_samples_split": 0.4105136297699134, "n_estimators": 3939.552688673957}, "datetime": {"datetime": "2023-01-27 19:28:48", "elapsed": 93682.426885, "delta": 132.987736}}
{"target": -8454.713945410973, "params": {"criterion": 1.3804182050802212, "max_features": 0.6645713445533108, "min_samples_split": 0.9727030122382507, "n_estimators": 1359.2641557083084}, "datetime": {"datetime": "2023-01-27 19:29:34", "elapsed": 93728.757362, "delta": 46.330477}}
{"target": -5593.917976464574, "params": {"criterion": 2.7500333258027974, "max_features": 0.6764485742121746, "min_samples_split": 0.5794655977109604, "n_estimators": 552.3709229965236}, "datetime": {"datetime": "2023-01-27 19:30:04", "elapsed": 93758.733973, "delta": 29.976611}}
{"target": -5783.788880864375, "params": {"criterion": 2.037049470206109, "max_features": 0.7054884588550464, "min_samples_split": 0.626482211638193, "n_estimators": 3330.4387699416743}, "datetime": {"datetime": "2023-01-27 19:32:20", "elapsed": 93894.065567, "delta": 135.331594}}
{"target": -3105.159738648911, "params": {"criterion": 1.9133400420517885, "max_features": 0.4379490620484646, "min_samples_split": 0.13026257501851718, "n_estimators": 1530.243149817765}, "datetime": {"datetime": "2023-01-27 19:33:45", "elapsed": 93979.56978, "delta": 85.504213}}
{"target": -2856.243347167508, "params": {"criterion": 0.8232435283913075, "max_features": 0.3200778361749741, "min_samples_split": 0.061584428325596345, "n_estimators": 816.3566109902965}, "datetime": {"datetime": "2023-01-27 19:34:38", "elapsed": 94032.621496, "delta": 53.051716}}
{"target": -3860.7998753840766, "params": {"criterion": 0.3858133519400708, "max_features": 0.9293020567057614, "min_samples_split": 0.3590710919911061, "n_estimators": 2388.4250941159185}, "datetime": {"datetime": "2023-01-27 19:37:07", "elapsed": 94181.357481, "delta": 148.735985}}
{"target": -8454.67488329935, "params": {"criterion": 2.3065649358000337, "max_features": 0.7044218262852474, "min_samples_split": 0.6637402902357559, "n_estimators": 3905.129652149626}, "datetime": {"datetime": "2023-01-27 19:38:46", "elapsed": 94280.171739, "delta": 98.814258}}
{"target": -6420.4495854130155, "params": {"criterion": 0.33024535515837633, "max_features": 0.24774534936252796, "min_samples_split": 0.5123913999937421, "n_estimators": 4822.355636437488}, "datetime": {"datetime": "2023-01-27 19:41:08", "elapsed": 94422.471904, "delta": 142.300165}}
{"target": -3232.146641831741, "params": {"criterion": 1.7272999349359455, "max_features": 0.8081906908183912, "min_samples_split": 0.19255678654245947, "n_estimators": 237.02280993203868}, "datetime": {"datetime": "2023-01-27 19:41:28", "elapsed": 94442.077686, "delta": 19.605782}}
{"target": -3123.7722871733263, "params": {"criterion": 0.6526580987644195, "max_features": 0.8142046364186339, "min_samples_split": 0.17679561236757313, "n_estimators": 1948.7899177002912}, "datetime": {"datetime": "2023-01-27 19:43:45", "elapsed": 94579.622829, "delta": 137.545143}}
{"target": -8454.678922206516, "params": {"criterion": 2.8127599859561645, "max_features": 0.9747298536087435, "min_samples_split": 0.959137366953573, "n_estimators": 2407.934130595706}, "datetime": {"datetime": "2023-01-27 19:44:56", "elapsed": 94650.788638, "delta": 71.165809}}
{"target": -3376.270775049767, "params": {"criterion": 2.1133860123796655, "max_features": 0.5312579725535035, "min_samples_split": 0.17144141325534004, "n_estimators": 3093.9896387987324}, "datetime": {"datetime": "2023-01-27 19:47:50", "elapsed": 94824.481557, "delta": 173.692919}}
{"target": -4557.117616684069, "params": {"criterion": 0.9204875380686696, "max_features": 0.8131023646844864, "min_samples_split": 0.456279600400111, "n_estimators": 4938.150155381196}, "datetime": {"datetime": "2023-01-27 19:51:38", "elapsed": 95052.43302, "delta": 227.951463}}
{"target": -8454.849156682729, "params": {"criterion": 2.2742300460814477, "max_features": 0.23859356067623608, "min_samples_split": 0.7386547633607409, "n_estimators": 279.20925245168553}, "datetime": {"datetime": "2023-01-27 19:51:53", "elapsed": 95067.251394, "delta": 14.818374}}
{"target": -3272.5475614266215, "params": {"criterion": 2.7516934423544237, "max_features": 0.19049832651899276, "min_samples_split": 0.03695689754391985, "n_estimators": 404.00983587282303}, "datetime": {"datetime": "2023-01-27 19:52:21", "elapsed": 95094.921758, "delta": 27.670364}}
{"target": -2144.5308084576463, "params": {"criterion": 1.3760191173076302, "max_features": 0.3038473947071828, "min_samples_split": 0.022336492762972015, "n_estimators": 2982.347877535157}, "datetime": {"datetime": "2023-01-27 19:55:39", "elapsed": 95293.171262, "delta": 198.249504}}
{"target": -2350.1765701700533, "params": {"criterion": 1.5728178837948692, "max_features": 0.8394275122420617, "min_samples_split": 0.09481525401153225, "n_estimators": 534.0586763509018}, "datetime": {"datetime": "2023-01-27 19:56:33", "elapsed": 95347.476776, "delta": 54.305514}}
{"target": -8454.851292375137, "params": {"criterion": 2.0655929494692082, "max_features": 0.996742168023792, "min_samples_split": 0.9933174512488667, "n_estimators": 826.0656453475117}, "datetime": {"datetime": "2023-01-27 19:57:03", "elapsed": 95377.750982, "delta": 30.274206}}
{"target": -8454.939467364351, "params": {"criterion": 1.325719338293504, "max_features": 0.711195973595438, "min_samples_split": 0.8025794033324057, "n_estimators": 355.6643747811609}, "datetime": {"datetime": "2023-01-27 19:57:19", "elapsed": 95392.997815, "delta": 15.246833}}
{"target": -8454.701608171226, "params": {"criterion": 1.2674341435515386, "max_features": 0.2121644971710137, "min_samples_split": 0.8154463688188827, "n_estimators": 4201.054054296973}, "datetime": {"datetime": "2023-01-27 19:59:03", "elapsed": 95497.306367, "delta": 104.308552}}
{"target": -6386.646604244759, "params": {"criterion": 2.7966943686599666, "max_features": 0.3087230300360746, "min_samples_split": 0.6183094903806637, "n_estimators": 3338.921140884876}, "datetime": {"datetime": "2023-01-27 20:00:58", "elapsed": 95612.220146, "delta": 114.913779}}
{"target": -2300.192343069457, "params": {"criterion": 1.174206393434697, "max_features": 0.37595122548673454, "min_samples_split": 0.04397806706257922, "n_estimators": 1395.7006418454516}, "datetime": {"datetime": "2023-01-27 20:02:33", "elapsed": 95707.598883, "delta": 95.378737}}
{"target": -825.6328266677032, "params": {"criterion": 0.9974040158506129, "max_features": 0.8709306485926338, "min_samples_split": 0.0034154522923449918, "n_estimators": 2450.2943376058165}, "datetime": {"datetime": "2023-01-27 20:09:19", "elapsed": 96113.277788, "delta": 405.678905}}
{"target": -8454.828117940435, "params": {"criterion": 2.738015481280436, "max_features": 0.22849396310198122, "min_samples_split": 0.7040084751508089, "n_estimators": 286.6869809254639}, "datetime": {"datetime": "2023-01-27 20:09:34", "elapsed": 96128.699504, "delta": 15.421716}}
{"target": -8454.787937370222, "params": {"criterion": 0.4141815803370304, "max_features": 0.33334487772201815, "min_samples_split": 0.7399769284756073, "n_estimators": 4613.09825224466}, "datetime": {"datetime": "2023-01-27 20:11:28", "elapsed": 96242.675557, "delta": 113.976053}}
{"target": -6928.663187621528, "params": {"criterion": 2.8359258427838574, "max_features": 0.23751292884821107, "min_samples_split": 0.627884592638817, "n_estimators": 2140.0186502306324}, "datetime": {"datetime": "2023-01-27 20:12:38", "elapsed": 96312.317077, "delta": 69.64152}}
{"target": -8454.745634881258, "params": {"criterion": 1.9361040404007288, "max_features": 0.6384735848136274, "min_samples_split": 0.703358278465305, "n_estimators": 1980.6747582282323}, "datetime": {"datetime": "2023-01-27 20:13:39", "elapsed": 96372.819017, "delta": 60.50194}}
{"target": -3856.428308242523, "params": {"criterion": 1.2420589559699353, "max_features": 0.3122019981495757, "min_samples_split": 0.14641014947825448, "n_estimators": 2353.975251689085}, "datetime": {"datetime": "2023-01-27 20:15:28", "elapsed": 96482.207983, "delta": 109.388966}}
{"target": -898.1157786758616, "params": {"criterion": 1.814970272979079, "max_features": 0.6942623915160598, "min_samples_split": 0.003690657353181586, "n_estimators": 1782.901314592997}, "datetime": {"datetime": "2023-01-27 20:19:26", "elapsed": 96720.018477, "delta": 237.810494}}
{"target": -8454.693763844745, "params": {"criterion": 0.8125485575591049, "max_features": 0.27196357796737325, "min_samples_split": 0.8706598351048378, "n_estimators": 2676.812187955494}, "datetime": {"datetime": "2023-01-27 20:20:40", "elapsed": 96794.119174, "delta": 74.100697}}
{"target": -8454.65489887632, "params": {"criterion": 1.89446448453968, "max_features": 0.28009084741672996, "min_samples_split": 0.7034809544558258, "n_estimators": 571.3237277146142}, "datetime": {"datetime": "2023-01-27 20:21:04", "elapsed": 96818.267988, "delta": 24.148814}}
{"target": -2316.2987893613813, "params": {"criterion": 1.2134627425226256, "max_features": 0.3087505661898242, "min_samples_split": 0.030282161124284303, "n_estimators": 2857.9716635817626}, "datetime": {"datetime": "2023-01-27 20:24:01", "elapsed": 96995.780174, "delta": 177.512186}}
{"target": -8454.724302119625, "params": {"criterion": 1.6984549341873476, "max_features": 0.23678983932578906, "min_samples_split": 0.6996098762056108, "n_estimators": 1867.3826500888395}, "datetime": {"datetime": "2023-01-27 20:24:59", "elapsed": 97053.454951, "delta": 57.674777}}
{"target": -8454.724260691955, "params": {"criterion": 0.6254603148520608, "max_features": 0.48018049507149074, "min_samples_split": 0.8977873401335661, "n_estimators": 3502.9434458829683}, "datetime": {"datetime": "2023-01-27 20:26:33", "elapsed": 97146.890048, "delta": 93.435097}}
{"target": -8454.66739539906, "params": {"criterion": 2.835183358734138, "max_features": 0.8491709127971261, "min_samples_split": 0.6611253187121272, "n_estimators": 1499.5560226074565}, "datetime": {"datetime": "2023-01-27 20:27:21", "elapsed": 97195.811406, "delta": 48.921358}}
{"target": -8454.775561499755, "params": {"criterion": 1.1754771276254605, "max_features": 0.5639728693682042, "min_samples_split": 0.6625271837728541, "n_estimators": 116.6724482830691}, "datetime": {"datetime": "2023-01-27 20:27:29", "elapsed": 97203.67342, "delta": 7.862014}}
{"target": -8454.681820900001, "params": {"criterion": 2.476444532658281, "max_features": 0.5332515338944936, "min_samples_split": 0.8447513365087621, "n_estimators": 1339.2087967743962}, "datetime": {"datetime": "2023-01-27 20:28:15", "elapsed": 97249.230462, "delta": 45.557042}}
{"target": -8454.753451809553, "params": {"criterion": 0.4842656351633869, "max_features": 0.24148779998417702, "min_samples_split": 0.8635267206503631, "n_estimators": 4736.250239405465}, "datetime": {"datetime": "2023-01-27 20:30:09", "elapsed": 97363.480911, "delta": 114.250449}}
{"target": -5065.0526580235855, "params": {"criterion": 0.5695100959659334, "max_features": 0.35039550438344985, "min_samples_split": 0.34222901426526986, "n_estimators": 3202.148060199346}, "datetime": {"datetime": "2023-01-27 20:32:10", "elapsed": 97484.526634, "delta": 121.045723}}
{"target": -4999.057013400351, "params": {"criterion": 0.3653869817647466, "max_features": 0.4847386155519682, "min_samples_split": 0.4158059009026076, "n_estimators": 2729.5310439016544}, "datetime": {"datetime": "2023-01-27 20:34:03", "elapsed": 97597.59217, "delta": 113.065536}}
{"target": -5710.903442188285, "params": {"criterion": 1.8645555434347638, "max_features": 0.9940011899509906, "min_samples_split": 0.5361642474116499, "n_estimators": 3452.1326843025927}, "datetime": {"datetime": "2023-01-27 20:36:35", "elapsed": 97749.611717, "delta": 152.019547}}
{"target": -4753.043826863704, "params": {"criterion": 0.3208024060481719, "max_features": 0.3809659092347284, "min_samples_split": 0.2919389912916011, "n_estimators": 4651.256623145444}, "datetime": {"datetime": "2023-01-27 20:39:32", "elapsed": 97926.6058, "delta": 176.994083}}
{"target": -3986.353889089883, "params": {"criterion": 2.597203081540946, "max_features": 0.932438741615478, "min_samples_split": 0.36125964780809006, "n_estimators": 116.335795293457}, "datetime": {"datetime": "2023-01-27 20:39:44", "elapsed": 97938.806761, "delta": 12.200961}}
{"target": -5238.737773812809, "params": {"criterion": 2.3206203464490933, "max_features": 0.24910513282963626, "min_samples_split": 0.2606118624366546, "n_estimators": 1901.3615233834073}, "datetime": {"datetime": "2023-01-27 20:41:06", "elapsed": 98020.180352, "delta": 81.373591}}
{"target": -4701.541723039669, "params": {"criterion": 1.869210100949793, "max_features": 0.42591735505637657, "min_samples_split": 0.3099729768299691, "n_estimators": 763.2493891256557}, "datetime": {"datetime": "2023-01-27 20:41:42", "elapsed": 98056.574855, "delta": 36.394503}}
{"target": -4598.883444381679, "params": {"criterion": 2.3579558786365595, "max_features": 0.4447521919799684, "min_samples_split": 0.28781017728597935, "n_estimators": 4268.744242594087}, "datetime": {"datetime": "2023-01-27 20:44:54", "elapsed": 98248.311513, "delta": 191.736658}}
