{"target": -5848.365421961482, "params": {"criterion": 0.8467216123411407, "max_features": 0.3724074792378458, "min_samples_split": 0.38011419571146565, "n_estimators": 4906.809070476062}, "datetime": {"datetime": "2023-02-11 17:14:56", "elapsed": 3.911949, "delta": 0.004151}}
{"target": -3963.9046422808474, "params": {"criterion": 0.16547767256956544, "max_features": 0.6850022807247449, "min_samples_split": 0.12182633329232806, "n_estimators": 328.22748904811283}, "datetime": {"datetime": "2023-02-11 17:14:56", "elapsed": 3.916101, "delta": 0.004152}}
{"target": -8455.877004688133, "params": {"criterion": 0.07329583659262896, "max_features": 0.624014485661954, "min_samples_split": 0.9718103545094282, "n_estimators": 3221.264170922303}, "datetime": {"datetime": "2023-02-11 17:14:56", "elapsed": 3.920365, "delta": 0.004264}}
{"target": -4735.576221313074, "params": {"criterion": 0.5644313133722809, "max_features": 0.9705238554521775, "min_samples_split": 0.43322132832500465, "n_estimators": 2572.2461854370313}, "datetime": {"datetime": "2023-02-11 17:14:56", "elapsed": 3.924826, "delta": 0.004461}}
{"target": -4208.839147939265, "params": {"criterion": 1.7313181738937968, "max_features": 0.6315716120536792, "min_samples_split": 0.18677295889717893, "n_estimators": 3934.942584940289}, "datetime": {"datetime": "2023-02-11 17:14:56", "elapsed": 3.92903, "delta": 0.004204}}
{"target": -4693.937987256174, "params": {"criterion": 2.5296226120130494, "max_features": 0.46107325952234623, "min_samples_split": 0.23749683054713963, "n_estimators": 4187.633665006901}, "datetime": {"datetime": "2023-02-11 17:14:56", "elapsed": 3.934334, "delta": 0.005304}}
{"target": -8455.904211835421, "params": {"criterion": 1.5827971482075747, "max_features": 0.9682721201495208, "min_samples_split": 0.8128999250491772, "n_estimators": 4539.634249154907}, "datetime": {"datetime": "2023-02-11 17:14:56", "elapsed": 3.938646, "delta": 0.004312}}
{"target": -5950.312214642637, "params": {"criterion": 0.6145786102576326, "max_features": 0.30015116507117845, "min_samples_split": 0.3691306638435895, "n_estimators": 1682.279223600736}, "datetime": {"datetime": "2023-02-11 17:14:56", "elapsed": 3.942778, "delta": 0.004132}}
{"target": -4548.320800556801, "params": {"criterion": 0.09048085712264549, "max_features": 0.2631269638896975, "min_samples_split": 0.09132971765098874, "n_estimators": 1232.9313936051144}, "datetime": {"datetime": "2023-02-11 17:14:56", "elapsed": 3.946844, "delta": 0.004066}}
{"target": -8456.154083268648, "params": {"criterion": 2.8877940675980227, "max_features": 0.5791859890410077, "min_samples_split": 0.8141756394005993, "n_estimators": 565.3035675137733}, "datetime": {"datetime": "2023-02-11 17:14:56", "elapsed": 3.951096, "delta": 0.004252}}
{"target": -8455.876347507685, "params": {"criterion": 0.04794500839266465, "max_features": 0.43740979151626747, "min_samples_split": 0.6733948924612504, "n_estimators": 4124.1537963188985}, "datetime": {"datetime": "2023-02-11 17:14:56", "elapsed": 3.955314, "delta": 0.004218}}
{"target": -8455.882700832051, "params": {"criterion": 0.7265599232749651, "max_features": 0.608647040137748, "min_samples_split": 0.8077102298938993, "n_estimators": 4216.377854197602}, "datetime": {"datetime": "2023-02-11 17:14:56", "elapsed": 3.959438, "delta": 0.004124}}
{"target": -5951.43222351737, "params": {"criterion": 0.9587927757316488, "max_features": 0.9664919707581631, "min_samples_split": 0.6274262373587205, "n_estimators": 3380.7316970480388}, "datetime": {"datetime": "2023-02-11 17:14:56", "elapsed": 3.963566, "delta": 0.004128}}
{"target": -6643.596947658906, "params": {"criterion": 2.0223779499640058, "max_features": 0.4551084414776311, "min_samples_split": 0.5605111547825594, "n_estimators": 1908.866562539471}, "datetime": {"datetime": "2023-02-11 17:14:56", "elapsed": 3.968016, "delta": 0.00445}}
{"target": -5789.52961106323, "params": {"criterion": 1.2719120855853692, "max_features": 0.6708555572492806, "min_samples_split": 0.4754921348924947, "n_estimators": 528.1016463750914}, "datetime": {"datetime": "2023-02-11 17:14:56", "elapsed": 3.972112, "delta": 0.004096}}
{"target": -4146.780509276752, "params": {"criterion": 2.6685898180541123, "max_features": 0.4163876954242451, "min_samples_split": 0.09101209981883884, "n_estimators": 4879.016767775927}, "datetime": {"datetime": "2023-02-11 17:14:56", "elapsed": 3.97612, "delta": 0.004008}}
{"target": -4293.451111740463, "params": {"criterion": 1.6830063002829083, "max_features": 0.636883819574743, "min_samples_split": 0.23035782941699004, "n_estimators": 4551.637282255219}, "datetime": {"datetime": "2023-02-11 17:14:56", "elapsed": 3.980241, "delta": 0.004121}}
{"target": -4268.060992966415, "params": {"criterion": 0.34550146307368323, "max_features": 0.9596985252901931, "min_samples_split": 0.289258886772808, "n_estimators": 2970.950215046783}, "datetime": {"datetime": "2023-02-11 17:14:56", "elapsed": 3.984681, "delta": 0.00444}}
{"target": -5196.008881104884, "params": {"criterion": 2.9578132568832523, "max_features": 0.8092672413930599, "min_samples_split": 0.4704468849651002, "n_estimators": 4897.494124971035}, "datetime": {"datetime": "2023-02-11 17:14:56", "elapsed": 3.988968, "delta": 0.004287}}
{"target": -8455.849611089183, "params": {"criterion": 0.5265215318151207, "max_features": 0.8231524113005074, "min_samples_split": 0.8753123974703475, "n_estimators": 3273.0574621476253}, "datetime": {"datetime": "2023-02-11 17:14:56", "elapsed": 3.993001, "delta": 0.004033}}
{"target": -3968.950914842685, "params": {"criterion": 1.9879296548345056, "max_features": 0.702126697446555, "min_samples_split": 0.1250326207302452, "n_estimators": 602.0398960221706}, "datetime": {"datetime": "2023-02-11 17:14:56", "elapsed": 3.997072, "delta": 0.004071}}
{"target": -6118.681591492622, "params": {"criterion": 2.6093559660529824, "max_features": 0.696518420068249, "min_samples_split": 0.5563475429957913, "n_estimators": 2138.7428934286086}, "datetime": {"datetime": "2023-02-11 17:14:56", "elapsed": 4.00142, "delta": 0.004348}}
{"target": -5447.463309539753, "params": {"criterion": 0.5357911160557084, "max_features": 0.6925268197483696, "min_samples_split": 0.4676857546808635, "n_estimators": 4757.506786219399}, "datetime": {"datetime": "2023-02-11 17:14:56", "elapsed": 4.0055, "delta": 0.00408}}
{"target": -8455.856286685079, "params": {"criterion": 0.868034754444667, "max_features": 0.9514809838044213, "min_samples_split": 0.8399214136133353, "n_estimators": 4874.414820327317}, "datetime": {"datetime": "2023-02-11 17:14:56", "elapsed": 4.009553, "delta": 0.004053}}
{"target": -8456.010303394773, "params": {"criterion": 0.8012668910220597, "max_features": 0.22894154217341137, "min_samples_split": 0.9758217779993009, "n_estimators": 2992.4546412413442}, "datetime": {"datetime": "2023-02-11 17:14:56", "elapsed": 4.013761, "delta": 0.004208}}
{"target": -4325.258019904541, "params": {"criterion": 1.3254404707141827, "max_features": 0.33680391532959836, "min_samples_split": 0.10355650245356884, "n_estimators": 4514.946457238709}, "datetime": {"datetime": "2023-02-11 17:14:56", "elapsed": 4.01812, "delta": 0.004359}}
{"target": -4189.238372773286, "params": {"criterion": 1.204647330056344, "max_features": 0.7116374770359974, "min_samples_split": 0.23375306918569114, "n_estimators": 900.0642341685436}, "datetime": {"datetime": "2023-02-11 17:14:56", "elapsed": 4.039462, "delta": 0.021342}}
{"target": -4230.207018276271, "params": {"criterion": 0.8020544247807013, "max_features": 0.933568486217327, "min_samples_split": 0.2823909854109141, "n_estimators": 4738.407756727776}, "datetime": {"datetime": "2023-02-11 17:14:56", "elapsed": 4.043938, "delta": 0.004476}}
{"target": -8455.702571423133, "params": {"criterion": 2.635829166088825, "max_features": 0.6620779852101637, "min_samples_split": 0.719907600407428, "n_estimators": 602.2226854032793}, "datetime": {"datetime": "2023-02-11 17:14:56", "elapsed": 4.049124, "delta": 0.005186}}
{"target": -4058.178176943955, "params": {"criterion": 0.2923277790577431, "max_features": 0.7323289970328396, "min_samples_split": 0.16487760054739856, "n_estimators": 290.4257888152962}, "datetime": {"datetime": "2023-02-11 17:14:56", "elapsed": 4.05359, "delta": 0.004466}}
{"target": -8455.903034111316, "params": {"criterion": 0.5611926255870983, "max_features": 0.7334529308358803, "min_samples_split": 0.8988065474196415, "n_estimators": 1150.1396870390902}, "datetime": {"datetime": "2023-02-11 17:14:56", "elapsed": 4.058151, "delta": 0.004561}}
