{"target": -5629.5400366998165, "params": {"criterion": 1.9438976729196538, "max_features": 0.5898230205709687, "min_samples_split": 0.5590411654670681, "n_estimators": 361.9973487402334}, "datetime": {"datetime": "2023-01-27 08:51:07", "elapsed": 55421.024645, "delta": 21.25963}}
{"target": -4128.734110048897, "params": {"criterion": 2.3688327809871934, "max_features": 0.6151615614779882, "min_samples_split": 0.2740173418831622, "n_estimators": 199.48358782468446}, "datetime": {"datetime": "2023-01-27 08:51:25", "elapsed": 55439.799082, "delta": 18.774437}}
{"target": -8454.73691606133, "params": {"criterion": 0.5523998204370885, "max_features": 0.4524457482451213, "min_samples_split": 0.9888092564268217, "n_estimators": 4508.940040626705}, "datetime": {"datetime": "2023-01-27 08:53:20", "elapsed": 55554.1319, "delta": 114.332818}}
{"target": -4010.480551135748, "params": {"criterion": 1.6959174428621635, "max_features": 0.7610218444767674, "min_samples_split": 0.3634160583422178, "n_estimators": 1087.4992505751306}, "datetime": {"datetime": "2023-01-27 08:54:30", "elapsed": 55624.060367, "delta": 69.928467}}
{"target": -8454.707491237188, "params": {"criterion": 2.2487801079931367, "max_features": 0.3987351239851198, "min_samples_split": 0.6741910966514547, "n_estimators": 1461.7426936427}, "datetime": {"datetime": "2023-01-27 08:55:24", "elapsed": 55677.823797, "delta": 53.76343}}
{"target": -4443.839138517593, "params": {"criterion": 1.8683160541509032, "max_features": 0.8297180402163554, "min_samples_split": 0.4252125119810606, "n_estimators": 578.1239375070935}, "datetime": {"datetime": "2023-01-27 08:56:03", "elapsed": 55717.312862, "delta": 39.489065}}
{"target": -8454.746728461974, "params": {"criterion": 1.2760015352299356, "max_features": 0.7667082604719313, "min_samples_split": 0.7604073045115576, "n_estimators": 2784.5203068988976}, "datetime": {"datetime": "2023-01-27 08:57:26", "elapsed": 55800.424721, "delta": 83.111859}}
{"target": -8454.79332214958, "params": {"criterion": 2.419574539108754, "max_features": 0.9163148475503183, "min_samples_split": 0.8374079102416124, "n_estimators": 1642.5452872744872}, "datetime": {"datetime": "2023-01-27 08:58:19", "elapsed": 55853.415695, "delta": 52.990974}}
{"target": -8454.764538887472, "params": {"criterion": 1.6149625266601781, "max_features": 0.6623462462385212, "min_samples_split": 0.9303690169172647, "n_estimators": 3737.4411734717387}, "datetime": {"datetime": "2023-01-27 08:59:57", "elapsed": 55950.991668, "delta": 97.575973}}
{"target": -4684.75244869097, "params": {"criterion": 2.2311310663599215, "max_features": 0.34900336708874125, "min_samples_split": 0.2506383022761022, "n_estimators": 2502.2031184564953}, "datetime": {"datetime": "2023-01-27 09:01:47", "elapsed": 56061.708191, "delta": 110.716523}}
{"target": -7896.407615750044, "params": {"criterion": 0.4341724268546036, "max_features": 0.6963829146083432, "min_samples_split": 0.6366351175774833, "n_estimators": 2677.311898336859}, "datetime": {"datetime": "2023-01-27 09:03:11", "elapsed": 56144.97633, "delta": 83.268139}}
{"target": -8454.740910607896, "params": {"criterion": 1.8686943415026558, "max_features": 0.27322194070520217, "min_samples_split": 0.9980891296273448, "n_estimators": 3505.564705405721}, "datetime": {"datetime": "2023-01-27 09:05:06", "elapsed": 56259.924718, "delta": 114.948388}}
{"target": -4613.819201376612, "params": {"criterion": 2.5289233792281407, "max_features": 0.23879619929861856, "min_samples_split": 0.18658982348208913, "n_estimators": 4188.203791955244}, "datetime": {"datetime": "2023-01-27 09:08:03", "elapsed": 56437.648951, "delta": 177.724233}}
{"target": -2072.7642998088186, "params": {"criterion": 2.0919281209541225, "max_features": 0.7823743920279455, "min_samples_split": 0.06559454023352025, "n_estimators": 1629.403180814457}, "datetime": {"datetime": "2023-01-27 09:11:19", "elapsed": 56632.852248, "delta": 195.203297}}
{"target": -8454.70783146606, "params": {"criterion": 2.086900428842752, "max_features": 0.48252058443893286, "min_samples_split": 0.9233372490520259, "n_estimators": 2367.571788193068}, "datetime": {"datetime": "2023-01-27 09:12:35", "elapsed": 56709.504218, "delta": 76.65197}}
{"target": -5139.640630132811, "params": {"criterion": 0.30672574741392794, "max_features": 0.41550194716443434, "min_samples_split": 0.4058012009005703, "n_estimators": 993.691551057844}, "datetime": {"datetime": "2023-01-27 09:13:29", "elapsed": 56763.691414, "delta": 54.187196}}
{"target": -8451.68610572583, "params": {"criterion": 1.237939626802687, "max_features": 0.8828901676706944, "min_samples_split": 0.6539499698862996, "n_estimators": 2820.3491539764996}, "datetime": {"datetime": "2023-01-27 09:14:55", "elapsed": 56849.805971, "delta": 86.114557}}
{"target": -5544.3910742796415, "params": {"criterion": 1.3141034780400804, "max_features": 0.9097916507414996, "min_samples_split": 0.4817812937200222, "n_estimators": 3031.7163797898306}, "datetime": {"datetime": "2023-01-27 09:17:52", "elapsed": 57026.345451, "delta": 176.53948}}
{"target": -1521.8297240913846, "params": {"criterion": 0.7870714436654438, "max_features": 0.37844945286579335, "min_samples_split": 0.008948128956473617, "n_estimators": 4538.342329147022}, "datetime": {"datetime": "2023-01-27 09:25:40", "elapsed": 57494.322638, "delta": 467.977187}}
{"target": -3782.3754083981344, "params": {"criterion": 0.7357213467114538, "max_features": 0.976775078625891, "min_samples_split": 0.2628211257637492, "n_estimators": 3907.4973460803944}, "datetime": {"datetime": "2023-01-27 09:31:04", "elapsed": 57817.999536, "delta": 323.676898}}
{"target": -3279.7898314765976, "params": {"criterion": 1.9695070940669315, "max_features": 0.6145716418412747, "min_samples_split": 0.1858776910514908, "n_estimators": 4138.8429323317}, "datetime": {"datetime": "2023-01-27 09:36:02", "elapsed": 58116.555102, "delta": 298.555566}}
{"target": -4298.5959788075015, "params": {"criterion": 2.8662419670424555, "max_features": 0.31256673704170906, "min_samples_split": 0.19119549444844913, "n_estimators": 2180.555178060402}, "datetime": {"datetime": "2023-01-27 09:38:17", "elapsed": 58251.174834, "delta": 134.619732}}
{"target": -3948.828703588498, "params": {"criterion": 0.14826457572076318, "max_features": 0.22129080565860365, "min_samples_split": 0.100473277302919, "n_estimators": 827.880323834046}, "datetime": {"datetime": "2023-01-27 09:39:15", "elapsed": 58308.942107, "delta": 57.767273}}
{"target": -8447.167126235092, "params": {"criterion": 0.2567726968640425, "max_features": 0.34645701241264437, "min_samples_split": 0.6489246853665346, "n_estimators": 2967.7293302165767}, "datetime": {"datetime": "2023-01-27 09:40:57", "elapsed": 58411.216659, "delta": 102.274552}}
{"target": -3168.7775658784317, "params": {"criterion": 1.1325291515673512, "max_features": 0.818687535287708, "min_samples_split": 0.18408458870530806, "n_estimators": 2487.643675096983}, "datetime": {"datetime": "2023-01-27 09:44:55", "elapsed": 58649.42418, "delta": 238.207521}}
{"target": -8454.74255926329, "params": {"criterion": 0.6821852694991792, "max_features": 0.7476025261403847, "min_samples_split": 0.7008923048815406, "n_estimators": 4708.527380552947}, "datetime": {"datetime": "2023-01-27 09:47:21", "elapsed": 58795.447374, "delta": 146.023194}}
{"target": -8454.721823166692, "params": {"criterion": 0.4943088620960633, "max_features": 0.2801378392674547, "min_samples_split": 0.9482748724291152, "n_estimators": 650.4634374595238}, "datetime": {"datetime": "2023-01-27 09:47:58", "elapsed": 58832.808507, "delta": 37.361133}}
{"target": -3254.547969693684, "params": {"criterion": 2.7725893693187578, "max_features": 0.8239500996134017, "min_samples_split": 0.18565582214263976, "n_estimators": 4169.48169115292}, "datetime": {"datetime": "2023-01-27 09:54:58", "elapsed": 59252.490385, "delta": 419.681878}}
{"target": -4595.690399092928, "params": {"criterion": 0.08543884956715196, "max_features": 0.6421110915951078, "min_samples_split": 0.4136441877294464, "n_estimators": 1824.7443421016242}, "datetime": {"datetime": "2023-01-27 09:56:55", "elapsed": 59368.816618, "delta": 116.326233}}
{"target": -8454.787151711316, "params": {"criterion": 2.3397300405956067, "max_features": 0.5397951315080425, "min_samples_split": 0.8192945958250133, "n_estimators": 146.09338186470262}, "datetime": {"datetime": "2023-01-27 09:57:07", "elapsed": 59381.391323, "delta": 12.574705}}
{"target": -4011.373301000482, "params": {"criterion": 1.5980539855835778, "max_features": 0.7056033536063662, "min_samples_split": 0.32576725769974024, "n_estimators": 4281.764470133403}, "datetime": {"datetime": "2023-01-27 10:01:54", "elapsed": 59667.979308, "delta": 286.587985}}
{"target": -5247.811722990432, "params": {"criterion": 2.03652123495581, "max_features": 0.3245705672055178, "min_samples_split": 0.3354041857561348, "n_estimators": 721.8070235721793}, "datetime": {"datetime": "2023-01-27 10:02:47", "elapsed": 59721.601329, "delta": 53.622021}}
{"target": -8454.738981396245, "params": {"criterion": 1.739562565881244, "max_features": 0.8873675081407622, "min_samples_split": 0.9911006098692546, "n_estimators": 2808.5743458098555}, "datetime": {"datetime": "2023-01-27 10:04:27", "elapsed": 59821.510772, "delta": 99.909443}}
{"target": -5544.028253496626, "params": {"criterion": 0.1296038882769453, "max_features": 0.8465972093915161, "min_samples_split": 0.5007627605494877, "n_estimators": 852.7355099377634}, "datetime": {"datetime": "2023-01-27 10:05:25", "elapsed": 59879.068367, "delta": 57.557595}}
{"target": -1775.559698305522, "params": {"criterion": 0.3546112122874472, "max_features": 0.8076626081742936, "min_samples_split": 0.04589038020337481, "n_estimators": 1596.547758676947}, "datetime": {"datetime": "2023-01-27 10:09:10", "elapsed": 60104.200757, "delta": 225.13239}}
{"target": -5576.301728762059, "params": {"criterion": 2.5281460886032883, "max_features": 0.6942301947886198, "min_samples_split": 0.5298854593567238, "n_estimators": 4589.135943309335}, "datetime": {"datetime": "2023-01-27 10:12:55", "elapsed": 60329.345382, "delta": 225.144625}}
{"target": -8454.659983919319, "params": {"criterion": 1.4908016186732505, "max_features": 0.5555326271615497, "min_samples_split": 0.9468674204864778, "n_estimators": 286.0141861842835}, "datetime": {"datetime": "2023-01-27 10:13:14", "elapsed": 60348.673021, "delta": 19.327639}}
{"target": -5529.857889178149, "params": {"criterion": 1.769273717950258, "max_features": 0.8148178484196886, "min_samples_split": 0.5584592159794821, "n_estimators": 1007.5927289799578}, "datetime": {"datetime": "2023-01-27 10:14:16", "elapsed": 60410.015655, "delta": 61.342634}}
{"target": -8454.71303563257, "params": {"criterion": 1.1023036246063622, "max_features": 0.7466103105946683, "min_samples_split": 0.773097243761094, "n_estimators": 1810.7143354884543}, "datetime": {"datetime": "2023-01-27 10:15:33", "elapsed": 60487.546358, "delta": 77.530703}}
{"target": -8454.771743349676, "params": {"criterion": 0.5127230657688895, "max_features": 0.2949535435441662, "min_samples_split": 0.664062286338662, "n_estimators": 3878.2182978360343}, "datetime": {"datetime": "2023-01-27 10:17:37", "elapsed": 60611.734662, "delta": 124.188304}}
{"target": -8454.706626915387, "params": {"criterion": 2.988524174940307, "max_features": 0.7735622260780766, "min_samples_split": 0.7590045061681325, "n_estimators": 184.6105563386405}, "datetime": {"datetime": "2023-01-27 10:17:50", "elapsed": 60624.33195, "delta": 12.597288}}
{"target": -1728.3918496987183, "params": {"criterion": 1.4776759433188842, "max_features": 0.7392407815801494, "min_samples_split": 0.0408586127843222, "n_estimators": 1572.5849849267584}, "datetime": {"datetime": "2023-01-27 10:21:30", "elapsed": 60844.613591, "delta": 220.281641}}
{"target": -831.3406389797079, "params": {"criterion": 1.4745493764798614, "max_features": 0.7553137556469588, "min_samples_split": 0.0027869882625951165, "n_estimators": 429.48921645453004}, "datetime": {"datetime": "2023-01-27 10:23:01", "elapsed": 60935.684207, "delta": 91.070616}}
{"target": -2238.7604886780155, "params": {"criterion": 0.7704541594138831, "max_features": 0.41231905062407415, "min_samples_split": 0.047249749073368055, "n_estimators": 615.2273948845688}, "datetime": {"datetime": "2023-01-27 10:24:08", "elapsed": 61002.067115, "delta": 66.382908}}
{"target": -8454.72710258573, "params": {"criterion": 0.7276954292841641, "max_features": 0.977224247140138, "min_samples_split": 0.9946003442970186, "n_estimators": 3248.9744959489412}, "datetime": {"datetime": "2023-01-27 10:25:57", "elapsed": 61111.428261, "delta": 109.361146}}
{"target": -8454.703861195396, "params": {"criterion": 2.8330976945210806, "max_features": 0.9787233023387665, "min_samples_split": 0.8743913130280145, "n_estimators": 4828.324752794455}, "datetime": {"datetime": "2023-01-27 10:28:25", "elapsed": 61259.000665, "delta": 147.572404}}
{"target": -1521.7621121565194, "params": {"criterion": 1.153983194714554, "max_features": 0.46378957406857924, "min_samples_split": 0.014034130711805103, "n_estimators": 1290.4434977412536}, "datetime": {"datetime": "2023-01-27 10:30:53", "elapsed": 61407.419691, "delta": 148.419026}}
{"target": -8454.478464852808, "params": {"criterion": 1.786829352710584, "max_features": 0.36712783569836355, "min_samples_split": 0.6587978549584844, "n_estimators": 2362.8845968927862}, "datetime": {"datetime": "2023-01-27 10:32:15", "elapsed": 61488.953884, "delta": 81.534193}}
{"target": -6388.906947710093, "params": {"criterion": 1.1652644549124516, "max_features": 0.3219037259539753, "min_samples_split": 0.6216879642200002, "n_estimators": 4280.627953036957}, "datetime": {"datetime": "2023-01-27 10:35:05", "elapsed": 61658.987566, "delta": 170.033682}}
{"target": -8454.664633269957, "params": {"criterion": 0.9594970137183095, "max_features": 0.8164065622087827, "min_samples_split": 0.9217758196255331, "n_estimators": 4742.61165761489}, "datetime": {"datetime": "2023-01-27 10:37:30", "elapsed": 61803.89305, "delta": 144.905484}}
{"target": -3989.085179080537, "params": {"criterion": 0.6896489993390673, "max_features": 0.7351085765709601, "min_samples_split": 0.34222994450325583, "n_estimators": 3541.9848131895915}, "datetime": {"datetime": "2023-01-27 10:41:46", "elapsed": 62060.079953, "delta": 256.186903}}
{"target": -6359.953864896948, "params": {"criterion": 2.883978678214584, "max_features": 0.2898537764453921, "min_samples_split": 0.5324030641401146, "n_estimators": 1525.9469769654452}, "datetime": {"datetime": "2023-01-27 10:42:57", "elapsed": 62131.204398, "delta": 71.124445}}
{"target": -2434.096777262914, "params": {"criterion": 0.49852340618628904, "max_features": 0.5982103872118614, "min_samples_split": 0.09543847586293239, "n_estimators": 4293.562849105171}, "datetime": {"datetime": "2023-01-27 10:49:56", "elapsed": 62549.839693, "delta": 418.635295}}
{"target": -4698.728979551629, "params": {"criterion": 0.24712137385237404, "max_features": 0.27526142273048754, "min_samples_split": 0.21944190193386953, "n_estimators": 2197.6738031607924}, "datetime": {"datetime": "2023-01-27 10:52:01", "elapsed": 62675.544576, "delta": 125.704883}}
{"target": -5733.922017234073, "params": {"criterion": 2.6381639952183313, "max_features": 0.9201114457435743, "min_samples_split": 0.6244038838323899, "n_estimators": 3885.558085895225}, "datetime": {"datetime": "2023-01-27 10:55:51", "elapsed": 62905.51206, "delta": 229.967484}}
{"target": -3540.1538504444006, "params": {"criterion": 2.47488712388851, "max_features": 0.6444174801846528, "min_samples_split": 0.20859758659036393, "n_estimators": 1575.7288140942326}, "datetime": {"datetime": "2023-01-27 10:58:16", "elapsed": 63050.562986, "delta": 145.050926}}
{"target": -2537.827443610372, "params": {"criterion": 1.2611137231301128, "max_features": 0.3773905608981351, "min_samples_split": 0.0598594634847855, "n_estimators": 4128.7036907297515}, "datetime": {"datetime": "2023-01-27 11:03:55", "elapsed": 63388.961545, "delta": 338.398559}}
{"target": -4261.265676263209, "params": {"criterion": 0.9779777527922899, "max_features": 0.5813600551116992, "min_samples_split": 0.32356115022772064, "n_estimators": 3473.6232955054375}, "datetime": {"datetime": "2023-01-27 11:07:40", "elapsed": 63614.05063, "delta": 225.089085}}
{"target": -8454.668457535654, "params": {"criterion": 1.444283513520244, "max_features": 0.3126726128131979, "min_samples_split": 0.8465814622907599, "n_estimators": 2300.790750543301}, "datetime": {"datetime": "2023-01-27 11:09:08", "elapsed": 63701.826393, "delta": 87.775763}}
{"target": -3127.113433642918, "params": {"criterion": 0.01492021958803147, "max_features": 0.3979872966743772, "min_samples_split": 0.1085538288021016, "n_estimators": 348.2491996674484}, "datetime": {"datetime": "2023-01-27 11:09:44", "elapsed": 63738.275026, "delta": 36.448633}}
{"target": -3960.711202560843, "params": {"criterion": 2.2888754437503125, "max_features": 0.6974337464541517, "min_samples_split": 0.2646416056881212, "n_estimators": 156.01667891684136}, "datetime": {"datetime": "2023-01-27 11:10:03", "elapsed": 63757.589083, "delta": 19.314057}}
{"target": -8454.715170292184, "params": {"criterion": 2.2192893350210836, "max_features": 0.4200623052527326, "min_samples_split": 0.7069974530772527, "n_estimators": 4678.619132854205}, "datetime": {"datetime": "2023-01-27 11:12:33", "elapsed": 63907.48129, "delta": 149.892207}}
{"target": -3272.0690664568815, "params": {"criterion": 0.8803818467585373, "max_features": 0.6356747845973881, "min_samples_split": 0.18980960803714383, "n_estimators": 2877.6400108529488}, "datetime": {"datetime": "2023-01-27 11:16:32", "elapsed": 64146.275383, "delta": 238.794093}}
{"target": -8454.742683631572, "params": {"criterion": 2.4899700733494528, "max_features": 0.8064966243933689, "min_samples_split": 0.94885620570023, "n_estimators": 2781.7916720839225}, "datetime": {"datetime": "2023-01-27 11:18:16", "elapsed": 64249.899607, "delta": 103.624224}}
{"target": -2467.5904100920206, "params": {"criterion": 1.9838962787482834, "max_features": 0.6388204632614783, "min_samples_split": 0.10826061903436247, "n_estimators": 2234.6100976679077}, "datetime": {"datetime": "2023-01-27 11:22:07", "elapsed": 64481.341296, "delta": 231.441689}}
{"target": -8454.718091559433, "params": {"criterion": 0.337722266800833, "max_features": 0.4837005458513778, "min_samples_split": 0.6928306855015839, "n_estimators": 2070.9497248989537}, "datetime": {"datetime": "2023-01-27 11:23:20", "elapsed": 64554.303367, "delta": 72.962071}}
{"target": -1789.48950007756, "params": {"criterion": 2.789019233657734, "max_features": 0.5344323586738979, "min_samples_split": 0.03476838043531728, "n_estimators": 3567.130362626178}, "datetime": {"datetime": "2023-01-27 11:31:04", "elapsed": 65018.540062, "delta": 464.236695}}
{"target": -4851.20157073601, "params": {"criterion": 0.7636094537739466, "max_features": 0.38090121763867113, "min_samples_split": 0.32062566788784796, "n_estimators": 623.736497244042}, "datetime": {"datetime": "2023-01-27 11:31:52", "elapsed": 65065.819322, "delta": 47.27926}}
{"target": -4565.768778795956, "params": {"criterion": 2.0320601026068195, "max_features": 0.886156331622369, "min_samples_split": 0.4375292217443662, "n_estimators": 116.15502559012798}, "datetime": {"datetime": "2023-01-27 11:32:05", "elapsed": 65079.78617, "delta": 13.966848}}
{"target": -5521.356370336291, "params": {"criterion": 2.583701972437133, "max_features": 0.3719937996783465, "min_samples_split": 0.44141887727295664, "n_estimators": 1288.2405773007074}, "datetime": {"datetime": "2023-01-27 11:33:28", "elapsed": 65162.358919, "delta": 82.572749}}
{"target": -2226.8650303441045, "params": {"criterion": 0.17048403895523914, "max_features": 0.6179015285440642, "min_samples_split": 0.07616444154422695, "n_estimators": 582.0894624155482}, "datetime": {"datetime": "2023-01-27 11:34:41", "elapsed": 65235.464179, "delta": 73.10526}}
{"target": -6608.978196902246, "params": {"criterion": 2.5996627114959834, "max_features": 0.26212648406417394, "min_samples_split": 0.5578333099275329, "n_estimators": 286.08832615534925}, "datetime": {"datetime": "2023-01-27 11:35:04", "elapsed": 65258.348319, "delta": 22.88414}}
{"target": -5056.5057918613, "params": {"criterion": 2.139974638493408, "max_features": 0.24841720481207957, "min_samples_split": 0.24058030047941928, "n_estimators": 3879.9953466975157}, "datetime": {"datetime": "2023-01-27 11:38:28", "elapsed": 65462.423412, "delta": 204.075093}}
{"target": -5068.68402044897, "params": {"criterion": 1.373127856213313, "max_features": 0.26764512500118703, "min_samples_split": 0.2746123424818233, "n_estimators": 1555.2696218962499}, "datetime": {"datetime": "2023-01-27 11:39:53", "elapsed": 65547.664637, "delta": 85.241225}}
{"target": -4005.9372402344648, "params": {"criterion": 1.2402255981999115, "max_features": 0.561386703024214, "min_samples_split": 0.24915772743139877, "n_estimators": 4207.961222844699}, "datetime": {"datetime": "2023-01-27 11:44:30", "elapsed": 65824.401848, "delta": 276.737211}}
{"target": -6798.391412087833, "params": {"criterion": 0.613620923074706, "max_features": 0.22042030049085481, "min_samples_split": 0.6206695111068666, "n_estimators": 3193.459428906358}, "datetime": {"datetime": "2023-01-27 11:46:42", "elapsed": 65956.324559, "delta": 131.922711}}
{"target": -8454.679389775807, "params": {"criterion": 0.26686424189432223, "max_features": 0.9234352904718265, "min_samples_split": 0.6652655492990444, "n_estimators": 2509.762240573042}, "datetime": {"datetime": "2023-01-27 11:48:12", "elapsed": 66046.209105, "delta": 89.884546}}
