{"target": -4472.723965167088, "params": {"criterion": 1.4883057121349401, "max_features": 0.7269651150239849, "min_samples_split": 0.29305019937918797, "n_estimators": 792.1903207083819}, "datetime": {"datetime": "2023-02-09 11:24:14", "elapsed": 0.539818, "delta": 0.002539}}
{"target": -4549.579090178797, "params": {"criterion": 2.510154862532775, "max_features": 0.2941918551440909, "min_samples_split": 0.11206096882219192, "n_estimators": 2348.6717684275527}, "datetime": {"datetime": "2023-02-09 11:24:14", "elapsed": 0.542473, "delta": 0.002655}}
{"target": -4740.108118681734, "params": {"criterion": 1.2448517034518167, "max_features": 0.9565662987898763, "min_samples_split": 0.41215390102953026, "n_estimators": 1696.4656376393443}, "datetime": {"datetime": "2023-02-09 11:24:14", "elapsed": 0.544937, "delta": 0.002464}}
{"target": -8456.08358143237, "params": {"criterion": 0.9643631700514198, "max_features": 0.4024688309432585, "min_samples_split": 0.7388780934350935, "n_estimators": 242.32084088344325}, "datetime": {"datetime": "2023-02-09 11:24:14", "elapsed": 0.547387, "delta": 0.00245}}
{"target": -5464.355753983806, "params": {"criterion": 1.9449734482616456, "max_features": 0.25587931824328713, "min_samples_split": 0.24024488639455366, "n_estimators": 543.1884302149064}, "datetime": {"datetime": "2023-02-09 11:24:14", "elapsed": 0.549944, "delta": 0.002557}}
{"target": -8455.934688736477, "params": {"criterion": 2.2828185381468837, "max_features": 0.375497685445905, "min_samples_split": 0.6804738175696714, "n_estimators": 2426.850403671586}, "datetime": {"datetime": "2023-02-09 11:24:14", "elapsed": 0.572781, "delta": 0.022837}}
{"target": -6879.362689053395, "params": {"criterion": 2.792354685887784, "max_features": 0.3298478731931913, "min_samples_split": 0.4812374749749495, "n_estimators": 546.3562148932376}, "datetime": {"datetime": "2023-02-09 11:24:26", "elapsed": 13.342017, "delta": 12.769236}}
{"target": -6041.90325012285, "params": {"criterion": 0.5293554166556876, "max_features": 0.2627228663725462, "min_samples_split": 0.34402449529926493, "n_estimators": 3417.26464671359}, "datetime": {"datetime": "2023-02-09 11:26:14", "elapsed": 121.328388, "delta": 107.986371}}
{"target": -3836.88701520541, "params": {"criterion": 0.8328890168178259, "max_features": 0.4512174687560999, "min_samples_split": 0.054550108315899584, "n_estimators": 1582.6547867884542}, "datetime": {"datetime": "2023-02-09 11:27:31", "elapsed": 197.926376, "delta": 76.597988}}
{"target": -8455.886564781462, "params": {"criterion": 2.565639122456297, "max_features": 0.6560594220443164, "min_samples_split": 0.9699811076678375, "n_estimators": 3490.4592606902283}, "datetime": {"datetime": "2023-02-09 11:28:50", "elapsed": 277.179594, "delta": 79.253218}}
{"target": -6014.484395504691, "params": {"criterion": 0.3980798509657927, "max_features": 0.3317565424009307, "min_samples_split": 0.3909773714893521, "n_estimators": 946.9345630938383}, "datetime": {"datetime": "2023-02-09 11:29:27", "elapsed": 313.774082, "delta": 36.594488}}
{"target": -5788.356806775735, "params": {"criterion": 0.0810065406881095, "max_features": 0.3864523913186616, "min_samples_split": 0.40197822604613115, "n_estimators": 2626.3847652613954}, "datetime": {"datetime": "2023-02-09 11:30:54", "elapsed": 400.656557, "delta": 86.882475}}
{"target": -8455.960825051883, "params": {"criterion": 0.6304387415990939, "max_features": 0.3355332593875271, "min_samples_split": 0.6899099956508795, "n_estimators": 566.4274632211539}, "datetime": {"datetime": "2023-02-09 11:31:07", "elapsed": 414.11832, "delta": 13.461763}}
{"target": -4990.736856288471, "params": {"criterion": 1.0449549265634925, "max_features": 0.8479581529490179, "min_samples_split": 0.45964526038785963, "n_estimators": 3168.0090936139613}, "datetime": {"datetime": "2023-02-09 11:33:02", "elapsed": 528.541795, "delta": 114.423475}}
{"target": -8455.903612980732, "params": {"criterion": 0.6109201278715272, "max_features": 0.27867813807827635, "min_samples_split": 0.9754308620726855, "n_estimators": 1899.9847588428215}, "datetime": {"datetime": "2023-02-09 11:33:44", "elapsed": 570.633735, "delta": 42.09194}}
{"target": -8455.897651653442, "params": {"criterion": 1.7287942754326848, "max_features": 0.3998555400301912, "min_samples_split": 0.9923602030057561, "n_estimators": 2874.7285285586454}, "datetime": {"datetime": "2023-02-09 11:34:47", "elapsed": 633.867894, "delta": 63.234159}}
{"target": -3650.014436669428, "params": {"criterion": 1.5503076579373136, "max_features": 0.9056361579136725, "min_samples_split": 0.01201101295081899, "n_estimators": 3678.191727537448}, "datetime": {"datetime": "2023-02-09 11:39:47", "elapsed": 934.42778, "delta": 300.559886}}
{"target": -8455.910640169383, "params": {"criterion": 0.9563071706698553, "max_features": 0.7214455035329741, "min_samples_split": 0.825257044550918, "n_estimators": 2227.7662590751256}, "datetime": {"datetime": "2023-02-09 11:40:37", "elapsed": 983.845928, "delta": 49.418148}}
{"target": -4751.257092532718, "params": {"criterion": 0.4705003828622346, "max_features": 0.5840433670981807, "min_samples_split": 0.33004187313986166, "n_estimators": 1278.6528971109326}, "datetime": {"datetime": "2023-02-09 11:41:25", "elapsed": 1031.727996, "delta": 47.882068}}
{"target": -6742.327981362377, "params": {"criterion": 1.8238111345548034, "max_features": 0.3744213772379187, "min_samples_split": 0.4836865162777894, "n_estimators": 2275.985028096531}, "datetime": {"datetime": "2023-02-09 11:42:31", "elapsed": 1097.716284, "delta": 65.988288}}
{"target": -4605.887309447996, "params": {"criterion": 1.094357377266576, "max_features": 0.49309398497465007, "min_samples_split": 0.21410669768031979, "n_estimators": 1903.7857251036794}, "datetime": {"datetime": "2023-02-09 11:43:45", "elapsed": 1172.328101, "delta": 74.611817}}
{"target": -8455.95358086296, "params": {"criterion": 0.46261396617085376, "max_features": 0.7685487697578537, "min_samples_split": 0.8245043102733448, "n_estimators": 1501.4919921797082}, "datetime": {"datetime": "2023-02-09 11:44:19", "elapsed": 1206.390022, "delta": 34.061921}}
{"target": -3952.345697236828, "params": {"criterion": 2.1160342369301013, "max_features": 0.95511672428712, "min_samples_split": 0.1357136783470211, "n_estimators": 2508.939020369997}, "datetime": {"datetime": "2023-02-09 11:46:55", "elapsed": 1362.17521, "delta": 155.785188}}
{"target": -4048.8043651984103, "params": {"criterion": 1.9725801681123458, "max_features": 0.6199107044200546, "min_samples_split": 0.13047847992412134, "n_estimators": 2075.371697621398}, "datetime": {"datetime": "2023-02-09 11:48:33", "elapsed": 1460.223617, "delta": 98.048407}}
{"target": -4034.899548341417, "params": {"criterion": 1.2371444473495605, "max_features": 0.5470023112420319, "min_samples_split": 0.11916262262568379, "n_estimators": 1364.048629461723}, "datetime": {"datetime": "2023-02-09 11:49:38", "elapsed": 1525.012517, "delta": 64.7889}}
{"target": -8455.88448921257, "params": {"criterion": 1.413041042179155, "max_features": 0.9035372473285551, "min_samples_split": 0.7789003589242953, "n_estimators": 4000.2209690412537}, "datetime": {"datetime": "2023-02-09 11:51:06", "elapsed": 1612.834161, "delta": 87.821644}}
{"target": -4033.890885486275, "params": {"criterion": 0.01325382439355312, "max_features": 0.8848307012150621, "min_samples_split": 0.19679991881771203, "n_estimators": 4614.427779335458}, "datetime": {"datetime": "2023-02-09 11:55:02", "elapsed": 1848.66404, "delta": 235.829879}}
{"target": -6245.494948196739, "params": {"criterion": 0.347205056342921, "max_features": 0.28359016074160626, "min_samples_split": 0.41497017356547283, "n_estimators": 4167.628796413647}, "datetime": {"datetime": "2023-02-09 11:57:11", "elapsed": 1977.548588, "delta": 128.884548}}
{"target": -4346.860437456853, "params": {"criterion": 1.9749319658717126, "max_features": 0.8731071795252464, "min_samples_split": 0.2987694355547583, "n_estimators": 1527.6342831836862}, "datetime": {"datetime": "2023-02-09 11:58:14", "elapsed": 2040.789094, "delta": 63.240506}}
{"target": -8455.85299740775, "params": {"criterion": 0.6588200941931417, "max_features": 0.8990119768699548, "min_samples_split": 0.9924334069339356, "n_estimators": 712.1623047741887}, "datetime": {"datetime": "2023-02-09 11:58:31", "elapsed": 2057.657204, "delta": 16.86811}}
{"target": -8455.830894542833, "params": {"criterion": 1.5501146727481938, "max_features": 0.4874846082782328, "min_samples_split": 0.7946532692158436, "n_estimators": 4448.415363266949}, "datetime": {"datetime": "2023-02-09 12:00:09", "elapsed": 2156.439788, "delta": 98.782584}}
{"target": -4869.556623116383, "params": {"criterion": 2.588656020752889, "max_features": 0.880912203972531, "min_samples_split": 0.432199481048405, "n_estimators": 3823.0584292787075}, "datetime": {"datetime": "2023-02-09 12:02:38", "elapsed": 2304.99406, "delta": 148.554272}}
{"target": -6768.969492877351, "params": {"criterion": 0.18061549470551677, "max_features": 0.4007546695843688, "min_samples_split": 0.5956003890116222, "n_estimators": 1414.8475392271139}, "datetime": {"datetime": "2023-02-09 12:03:20", "elapsed": 2346.812159, "delta": 41.818099}}
{"target": -8455.943671650039, "params": {"criterion": 2.8191660823695828, "max_features": 0.6923174176652122, "min_samples_split": 0.9361746045876432, "n_estimators": 4736.248018283305}, "datetime": {"datetime": "2023-02-09 12:05:06", "elapsed": 2452.785906, "delta": 105.973747}}
{"target": -4778.800893182048, "params": {"criterion": 1.8023596822183945, "max_features": 0.9492797790118033, "min_samples_split": 0.4453983879313806, "n_estimators": 297.5630466616818}, "datetime": {"datetime": "2023-02-09 12:05:18", "elapsed": 2465.323072, "delta": 12.537166}}
{"target": -4554.253005769477, "params": {"criterion": 0.1629461937238214, "max_features": 0.47915295454041595, "min_samples_split": 0.19954219221949548, "n_estimators": 4478.2988348390345}, "datetime": {"datetime": "2023-02-09 12:08:22", "elapsed": 2649.197483, "delta": 183.874411}}
{"target": -8456.045448214114, "params": {"criterion": 0.3873307200552279, "max_features": 0.6152597395101582, "min_samples_split": 0.9869263543843749, "n_estimators": 4958.903387981426}, "datetime": {"datetime": "2023-02-09 12:10:12", "elapsed": 2759.055975, "delta": 109.858492}}
{"target": -8455.945185305904, "params": {"criterion": 0.47330823245301296, "max_features": 0.5342067760893185, "min_samples_split": 0.6864580238764988, "n_estimators": 1847.439170765377}, "datetime": {"datetime": "2023-02-09 12:10:53", "elapsed": 2800.132303, "delta": 41.076328}}
{"target": -6741.12213356867, "params": {"criterion": 1.9705194526376875, "max_features": 0.3406411239163042, "min_samples_split": 0.4849403031839555, "n_estimators": 1349.7976034917976}, "datetime": {"datetime": "2023-02-09 12:11:33", "elapsed": 2840.051216, "delta": 39.918913}}
{"target": -8455.932184070427, "params": {"criterion": 2.572540465921764, "max_features": 0.25023796201189596, "min_samples_split": 0.6963441775751691, "n_estimators": 3828.6460911749045}, "datetime": {"datetime": "2023-02-09 12:12:59", "elapsed": 2925.492602, "delta": 85.441386}}
{"target": -8455.888749648333, "params": {"criterion": 0.3953138038906021, "max_features": 0.3279439687905523, "min_samples_split": 0.8175523997886405, "n_estimators": 4489.150010732168}, "datetime": {"datetime": "2023-02-09 12:14:41", "elapsed": 3027.499177, "delta": 102.006575}}
{"target": -8455.990063056754, "params": {"criterion": 2.9457586741102104, "max_features": 0.795888301156307, "min_samples_split": 0.7719903706086404, "n_estimators": 1304.7332938398763}, "datetime": {"datetime": "2023-02-09 12:15:11", "elapsed": 3057.494122, "delta": 29.994945}}
{"target": -5122.123054016866, "params": {"criterion": 2.52653409171925, "max_features": 0.21878871255884547, "min_samples_split": 0.14337036971259234, "n_estimators": 1877.0922898891847}, "datetime": {"datetime": "2023-02-09 12:16:25", "elapsed": 3131.6358, "delta": 74.141678}}
{"target": -8455.942470635957, "params": {"criterion": 1.1741761829874036, "max_features": 0.5500811014098278, "min_samples_split": 0.8482115825054843, "n_estimators": 3582.975656924112}, "datetime": {"datetime": "2023-02-09 12:17:43", "elapsed": 3209.815641, "delta": 78.179841}}
{"target": -3875.151274626315, "params": {"criterion": 1.3511109452615793, "max_features": 0.7899267982225575, "min_samples_split": 0.1117220125318863, "n_estimators": 1434.2119142735692}, "datetime": {"datetime": "2023-02-09 12:19:03", "elapsed": 3289.997125, "delta": 80.181484}}
{"target": -5857.4923687996925, "params": {"criterion": 2.1525191771500234, "max_features": 0.9470335139967926, "min_samples_split": 0.5810108622077892, "n_estimators": 1297.6680721555706}, "datetime": {"datetime": "2023-02-09 12:19:48", "elapsed": 3334.846395, "delta": 44.84927}}
{"target": -4314.184313848895, "params": {"criterion": 2.052986505040045, "max_features": 0.9318096421315639, "min_samples_split": 0.30492413818366326, "n_estimators": 2429.680158435588}, "datetime": {"datetime": "2023-02-09 12:21:36", "elapsed": 3443.325591, "delta": 108.479196}}
{"target": -5857.422227976909, "params": {"criterion": 0.41700269842701493, "max_features": 0.8742838164823661, "min_samples_split": 0.5680633218583321, "n_estimators": 256.24491662726797}, "datetime": {"datetime": "2023-02-09 12:21:46", "elapsed": 3452.520251, "delta": 9.19466}}
{"target": -8446.6657842804, "params": {"criterion": 0.5773749524183079, "max_features": 0.9520948354238884, "min_samples_split": 0.6500840112493893, "n_estimators": 248.46110933337187}, "datetime": {"datetime": "2023-02-09 12:21:52", "elapsed": 3458.854094, "delta": 6.333843}}
{"target": -3979.4906598375733, "params": {"criterion": 2.6792102945292466, "max_features": 0.21493953705155805, "min_samples_split": 0.012308240529715889, "n_estimators": 120.22943830853099}, "datetime": {"datetime": "2023-02-09 12:21:59", "elapsed": 3466.373412, "delta": 7.519318}}
{"target": -4900.548286420499, "params": {"criterion": 0.12712518647438795, "max_features": 0.5115542035342749, "min_samples_split": 0.31341574988590604, "n_estimators": 1730.9897352048563}, "datetime": {"datetime": "2023-02-09 12:23:02", "elapsed": 3528.816475, "delta": 62.443063}}
{"target": -8455.863432125003, "params": {"criterion": 1.343160908639018, "max_features": 0.9861951966274921, "min_samples_split": 0.83450020902626, "n_estimators": 4078.310900003247}, "datetime": {"datetime": "2023-02-09 12:24:32", "elapsed": 3618.886507, "delta": 90.070032}}
{"target": -6302.906655948409, "params": {"criterion": 2.095415171775097, "max_features": 0.5914317725711346, "min_samples_split": 0.5626167440341089, "n_estimators": 272.9709473401694}, "datetime": {"datetime": "2023-02-09 12:24:42", "elapsed": 3628.482582, "delta": 9.596075}}
{"target": -8455.851720023984, "params": {"criterion": 0.7134724122881864, "max_features": 0.3071183514249849, "min_samples_split": 0.6873518921785251, "n_estimators": 1154.1519994726277}, "datetime": {"datetime": "2023-02-09 12:25:08", "elapsed": 3654.649508, "delta": 26.166926}}
{"target": -8455.905548707127, "params": {"criterion": 2.4765193913876247, "max_features": 0.3926109566724276, "min_samples_split": 0.9184111248157167, "n_estimators": 4920.140498396278}, "datetime": {"datetime": "2023-02-09 12:26:59", "elapsed": 3766.476167, "delta": 111.826659}}
{"target": -4034.490314935244, "params": {"criterion": 1.4773730591913266, "max_features": 0.9017947225008242, "min_samples_split": 0.19979877023313825, "n_estimators": 524.2057817758485}, "datetime": {"datetime": "2023-02-09 12:27:28", "elapsed": 3794.557769, "delta": 28.081602}}
{"target": -8455.932331293036, "params": {"criterion": 2.187133691734616, "max_features": 0.28929516036286335, "min_samples_split": 0.8132468176628531, "n_estimators": 3886.5086896131747}, "datetime": {"datetime": "2023-02-09 12:28:54", "elapsed": 3881.315327, "delta": 86.757558}}
{"target": -8262.574266216721, "params": {"criterion": 0.17419261513030046, "max_features": 0.3160552213861063, "min_samples_split": 0.6369666041682205, "n_estimators": 1957.8672481058054}, "datetime": {"datetime": "2023-02-09 12:29:39", "elapsed": 3926.402937, "delta": 45.08761}}
{"target": -4925.722288452497, "params": {"criterion": 0.8520766433318324, "max_features": 0.4926217278856041, "min_samples_split": 0.2843183277559872, "n_estimators": 4437.758652193553}, "datetime": {"datetime": "2023-02-09 12:32:17", "elapsed": 4084.084318, "delta": 157.681381}}
{"target": -5980.791422058684, "params": {"criterion": 2.817704964615727, "max_features": 0.7797766338640645, "min_samples_split": 0.5205242623898992, "n_estimators": 3708.1407108343174}, "datetime": {"datetime": "2023-02-09 12:34:18", "elapsed": 4205.156466, "delta": 121.072148}}
{"target": -4791.3840369408335, "params": {"criterion": 2.5983104003313753, "max_features": 0.2603389512455134, "min_samples_split": 0.12412332506902846, "n_estimators": 639.1505039424327}, "datetime": {"datetime": "2023-02-09 12:34:46", "elapsed": 4232.609706, "delta": 27.45324}}
{"target": -8455.97259930868, "params": {"criterion": 0.692292365691102, "max_features": 0.8986591268914722, "min_samples_split": 0.7838341958344363, "n_estimators": 1412.4733033085226}, "datetime": {"datetime": "2023-02-09 12:35:17", "elapsed": 4264.429176, "delta": 31.81947}}
{"target": -8455.87056423802, "params": {"criterion": 2.265457305096153, "max_features": 0.9700550856206404, "min_samples_split": 0.7309975874301126, "n_estimators": 2972.4563056622073}, "datetime": {"datetime": "2023-02-09 12:36:26", "elapsed": 4332.620625, "delta": 68.191449}}
{"target": -8455.72840750249, "params": {"criterion": 2.0419518579995968, "max_features": 0.30350488572921497, "min_samples_split": 0.9677791929035069, "n_estimators": 514.64512738597}, "datetime": {"datetime": "2023-02-09 12:36:38", "elapsed": 4345.289129, "delta": 12.668504}}
{"target": -6144.857099733627, "params": {"criterion": 0.9150432234774949, "max_features": 0.673805705554731, "min_samples_split": 0.612980080612858, "n_estimators": 1116.4973216821818}, "datetime": {"datetime": "2023-02-09 12:37:14", "elapsed": 4380.819151, "delta": 35.530022}}
{"target": -4318.935036391817, "params": {"criterion": 0.24369504485649363, "max_features": 0.7230326124611468, "min_samples_split": 0.2669423647167097, "n_estimators": 3711.9270087543996}, "datetime": {"datetime": "2023-02-09 12:39:48", "elapsed": 4534.519233, "delta": 153.700082}}
{"target": -8455.817188850478, "params": {"criterion": 1.5524328443724955, "max_features": 0.36603622150634363, "min_samples_split": 0.894063060008985, "n_estimators": 2819.741181418161}, "datetime": {"datetime": "2023-02-09 12:40:50", "elapsed": 4596.735122, "delta": 62.215889}}
{"target": -8455.831963443228, "params": {"criterion": 2.7022550825369223, "max_features": 0.6878702613191968, "min_samples_split": 0.7183044386047384, "n_estimators": 1350.3211240694066}, "datetime": {"datetime": "2023-02-09 12:41:21", "elapsed": 4627.693559, "delta": 30.958437}}
{"target": -6558.4196550980005, "params": {"criterion": 2.115039934209075, "max_features": 0.43625159744765074, "min_samples_split": 0.4794735331334161, "n_estimators": 125.74128494267951}, "datetime": {"datetime": "2023-02-09 12:41:25", "elapsed": 4632.169681, "delta": 4.476122}}
{"target": -5559.877104340431, "params": {"criterion": 1.0749028408909278, "max_features": 0.23953607987909667, "min_samples_split": 0.22085315304366485, "n_estimators": 2251.295569967917}, "datetime": {"datetime": "2023-02-09 12:42:42", "elapsed": 4709.20261, "delta": 77.032929}}
{"target": -4192.964577461693, "params": {"criterion": 0.4215935345593275, "max_features": 0.9655728046328548, "min_samples_split": 0.2699361425463883, "n_estimators": 1056.2169053758998}, "datetime": {"datetime": "2023-02-09 12:43:31", "elapsed": 4758.405078, "delta": 49.202468}}
{"target": -8455.978584856648, "params": {"criterion": 2.7262576080773644, "max_features": 0.767069372852451, "min_samples_split": 0.8670004286664303, "n_estimators": 1107.032544770906}, "datetime": {"datetime": "2023-02-09 12:43:57", "elapsed": 4784.197297, "delta": 25.792219}}
{"target": -8455.893595525311, "params": {"criterion": 0.712081573234192, "max_features": 0.9065019081076722, "min_samples_split": 0.9966799893383849, "n_estimators": 4807.629896650772}, "datetime": {"datetime": "2023-02-09 12:45:45", "elapsed": 4892.24696, "delta": 108.049663}}
{"target": -5437.3518872794375, "params": {"criterion": 1.504834109568221, "max_features": 0.5116347694139254, "min_samples_split": 0.404589116330758, "n_estimators": 3808.493026556044}, "datetime": {"datetime": "2023-02-09 12:47:54", "elapsed": 5021.12459, "delta": 128.87763}}
{"target": -8315.772961962559, "params": {"criterion": 0.7022332330234924, "max_features": 0.8232172642728574, "min_samples_split": 0.6405764850087414, "n_estimators": 2335.3487115711428}, "datetime": {"datetime": "2023-02-09 12:48:50", "elapsed": 5076.649413, "delta": 55.524823}}
{"target": -8455.889101073724, "params": {"criterion": 0.30382640966617475, "max_features": 0.5774918771283122, "min_samples_split": 0.9318398066314638, "n_estimators": 4662.778197538931}, "datetime": {"datetime": "2023-02-09 12:50:33", "elapsed": 5179.971865, "delta": 103.322452}}
{"target": -4351.212783841084, "params": {"criterion": 1.7763724209559746, "max_features": 0.8721672248161071, "min_samples_split": 0.3079758603398888, "n_estimators": 2744.785633980048}, "datetime": {"datetime": "2023-02-09 12:52:26", "elapsed": 5293.169652, "delta": 113.197787}}
{"target": -5411.322562374587, "params": {"criterion": 1.7912171460039348, "max_features": 0.22384274462391737, "min_samples_split": 0.18322739495256485, "n_estimators": 625.54171548326}, "datetime": {"datetime": "2023-02-09 12:52:49", "elapsed": 5316.387051, "delta": 23.217399}}
