{"target": -6026.326925379037, "params": {"criterion": 1.651927286587023, "max_features": 0.25578204533520793, "min_samples_split": 0.3452677425038851, "n_estimators": 200.10684717632688}, "datetime": {"datetime": "2023-02-11 20:30:35", "elapsed": 0.50733, "delta": 0.00614}}
{"target": -4613.8897791841455, "params": {"criterion": 2.4024753441698694, "max_features": 0.36960830218730156, "min_samples_split": 0.14332386040300094, "n_estimators": 3529.4805241933386}, "datetime": {"datetime": "2023-02-11 20:30:35", "elapsed": 0.51312, "delta": 0.00579}}
{"target": -6659.530649514226, "params": {"criterion": 0.17384362304956316, "max_features": 0.4083519118378309, "min_samples_split": 0.5103297181919352, "n_estimators": 4976.768045619255}, "datetime": {"datetime": "2023-02-11 20:30:35", "elapsed": 0.522, "delta": 0.00888}}
{"target": -6396.211002146229, "params": {"criterion": 0.4395323863824732, "max_features": 0.5618821030841563, "min_samples_split": 0.6014200881075696, "n_estimators": 576.6352212854127}, "datetime": {"datetime": "2023-02-11 20:30:35", "elapsed": 0.537969, "delta": 0.015969}}
{"target": -5930.508519981915, "params": {"criterion": 0.8661757681378716, "max_features": 0.777791383279229, "min_samples_split": 0.5507959028281406, "n_estimators": 4209.027373764047}, "datetime": {"datetime": "2023-02-11 20:30:35", "elapsed": 0.545268, "delta": 0.007299}}
{"target": -6937.421988200149, "params": {"criterion": 1.7409360212687828, "max_features": 0.3510203338721445, "min_samples_split": 0.615479016635129, "n_estimators": 4446.079933496191}, "datetime": {"datetime": "2023-02-11 20:30:35", "elapsed": 0.552208, "delta": 0.00694}}
{"target": -6034.687988537134, "params": {"criterion": 1.5503161545335435, "max_features": 0.7024567731055383, "min_samples_split": 0.5050581057329498, "n_estimators": 4557.346625274116}, "datetime": {"datetime": "2023-02-11 20:30:35", "elapsed": 0.559021, "delta": 0.006813}}
{"target": -4864.164228267837, "params": {"criterion": 1.2398726362281542, "max_features": 0.630290767512167, "min_samples_split": 0.34267459693941366, "n_estimators": 734.9262080019745}, "datetime": {"datetime": "2023-02-11 20:30:35", "elapsed": 0.565304, "delta": 0.006283}}
{"target": -5810.737053941492, "params": {"criterion": 1.9883989720248263, "max_features": 0.9488013078510594, "min_samples_split": 0.6127066360926682, "n_estimators": 4229.418647303845}, "datetime": {"datetime": "2023-02-11 20:30:35", "elapsed": 0.571895, "delta": 0.006591}}
{"target": -3661.587411093031, "params": {"criterion": 0.6537035177649079, "max_features": 0.9229367255918463, "min_samples_split": 0.00986802312426181, "n_estimators": 1206.4823606508303}, "datetime": {"datetime": "2023-02-11 20:30:35", "elapsed": 0.578708, "delta": 0.006813}}
{"target": -8455.90317230028, "params": {"criterion": 0.3961521763032334, "max_features": 0.9264156635291251, "min_samples_split": 0.910148590532431, "n_estimators": 2947.183744961034}, "datetime": {"datetime": "2023-02-11 20:30:35", "elapsed": 0.585532, "delta": 0.006824}}
{"target": -8455.936523285407, "params": {"criterion": 0.26247040826646373, "max_features": 0.29714566910801843, "min_samples_split": 0.7710170410567929, "n_estimators": 3690.696817102958}, "datetime": {"datetime": "2023-02-11 20:30:35", "elapsed": 0.592613, "delta": 0.007081}}
{"target": -8455.9685514795, "params": {"criterion": 0.26137635796184333, "max_features": 0.4886204735837222, "min_samples_split": 0.7731569794279111, "n_estimators": 744.2108478976048}, "datetime": {"datetime": "2023-02-11 20:30:35", "elapsed": 0.600958, "delta": 0.008345}}
{"target": -4268.966206824974, "params": {"criterion": 1.6134435183185367, "max_features": 0.8047904086164096, "min_samples_split": 0.2725716707559369, "n_estimators": 2875.9332799459085}, "datetime": {"datetime": "2023-02-11 20:30:35", "elapsed": 0.608035, "delta": 0.007077}}
{"target": -5204.111305403724, "params": {"criterion": 1.430007243652914, "max_features": 0.6471251146902622, "min_samples_split": 0.4407489100023183, "n_estimators": 3499.313084883367}, "datetime": {"datetime": "2023-02-11 20:30:35", "elapsed": 0.61495, "delta": 0.006915}}
{"target": -3638.6893439768055, "params": {"criterion": 2.1546397172409097, "max_features": 0.806110600853578, "min_samples_split": 0.037414544609536825, "n_estimators": 3426.2934447756084}, "datetime": {"datetime": "2023-02-11 20:30:35", "elapsed": 0.624004, "delta": 0.009054}}
{"target": -7127.1653527910385, "params": {"criterion": 1.4316146806437122, "max_features": 0.28384813401783815, "min_samples_split": 0.6141733944679474, "n_estimators": 4205.781093934361}, "datetime": {"datetime": "2023-02-11 20:30:35", "elapsed": 0.635707, "delta": 0.011703}}
{"target": -3852.067336918798, "params": {"criterion": 2.2016087235727344, "max_features": 0.4600504282367627, "min_samples_split": 0.06794174002468298, "n_estimators": 282.91816161493534}, "datetime": {"datetime": "2023-02-11 20:30:35", "elapsed": 0.643241, "delta": 0.007534}}
{"target": -5420.719269251851, "params": {"criterion": 1.6773199993510501, "max_features": 0.33214292475403806, "min_samples_split": 0.2679346080649514, "n_estimators": 1254.9885865363851}, "datetime": {"datetime": "2023-02-11 20:30:35", "elapsed": 0.651599, "delta": 0.008358}}
{"target": -3950.406508659214, "params": {"criterion": 0.05804045010732011, "max_features": 0.32484770790399753, "min_samples_split": 0.03399573262993525, "n_estimators": 4910.990804630603}, "datetime": {"datetime": "2023-02-11 20:30:35", "elapsed": 0.660434, "delta": 0.008835}}
{"target": -4797.278658638464, "params": {"criterion": 1.0814198819311607, "max_features": 0.8610914324819474, "min_samples_split": 0.41225496103575177, "n_estimators": 1340.5778169187054}, "datetime": {"datetime": "2023-02-11 20:30:35", "elapsed": 0.66834, "delta": 0.007906}}
{"target": -8455.894611911393, "params": {"criterion": 0.7101089583528332, "max_features": 0.8194281836408136, "min_samples_split": 0.6712226537446065, "n_estimators": 3561.0213374832683}, "datetime": {"datetime": "2023-02-11 20:30:35", "elapsed": 0.675521, "delta": 0.007181}}
{"target": -5366.90005299559, "params": {"criterion": 2.5593809240298873, "max_features": 0.6196107904688392, "min_samples_split": 0.44278109939078697, "n_estimators": 2813.3673621519683}, "datetime": {"datetime": "2023-02-11 20:30:35", "elapsed": 0.682208, "delta": 0.006687}}
{"target": -8455.83373079907, "params": {"criterion": 1.9559193457334891, "max_features": 0.8317151341105855, "min_samples_split": 0.8921909978023493, "n_estimators": 1614.6152775273633}, "datetime": {"datetime": "2023-02-11 20:30:35", "elapsed": 0.689637, "delta": 0.007429}}
{"target": -5875.373337004423, "params": {"criterion": 0.4068157558239811, "max_features": 0.8017685361365479, "min_samples_split": 0.5268278548927684, "n_estimators": 3945.219045726323}, "datetime": {"datetime": "2023-02-11 20:30:35", "elapsed": 0.696286, "delta": 0.006649}}
{"target": -5844.702619860961, "params": {"criterion": 1.2897353159594311, "max_features": 0.871741890168124, "min_samples_split": 0.5373465546185449, "n_estimators": 1327.0772724358542}, "datetime": {"datetime": "2023-02-11 20:30:35", "elapsed": 0.703153, "delta": 0.006867}}
{"target": -5090.738868046242, "params": {"criterion": 0.17667614492117723, "max_features": 0.2773043609531182, "min_samples_split": 0.17426510315281807, "n_estimators": 2252.346317931549}, "datetime": {"datetime": "2023-02-11 20:30:35", "elapsed": 0.710545, "delta": 0.007392}}
{"target": -5856.229909888412, "params": {"criterion": 2.43272158180281, "max_features": 0.9286912135397879, "min_samples_split": 0.5760754938695853, "n_estimators": 1526.6567059237111}, "datetime": {"datetime": "2023-02-11 20:30:35", "elapsed": 0.71805, "delta": 0.007505}}
{"target": -5969.9019861160605, "params": {"criterion": 1.9552939367064683, "max_features": 0.7118298282200145, "min_samples_split": 0.5035740247693871, "n_estimators": 4831.208306546801}, "datetime": {"datetime": "2023-02-11 20:30:35", "elapsed": 0.725152, "delta": 0.007102}}
{"target": -5862.495376516292, "params": {"criterion": 2.4199927797165097, "max_features": 0.9431102816783571, "min_samples_split": 0.6139123396391051, "n_estimators": 4911.819190081196}, "datetime": {"datetime": "2023-02-11 20:30:35", "elapsed": 0.73208, "delta": 0.006928}}
{"target": -5908.495228181697, "params": {"criterion": 2.144892368740394, "max_features": 0.2110158502728367, "min_samples_split": 0.28818795187761237, "n_estimators": 4222.853421758924}, "datetime": {"datetime": "2023-02-11 20:30:35", "elapsed": 0.738836, "delta": 0.006756}}
{"target": -4414.256452862855, "params": {"criterion": 1.3294869433733394, "max_features": 0.3418502418212513, "min_samples_split": 0.1146042068038183, "n_estimators": 4009.6149205040306}, "datetime": {"datetime": "2023-02-11 20:30:35", "elapsed": 0.745609, "delta": 0.006773}}
{"target": -4637.998010146826, "params": {"criterion": 1.9466505638216967, "max_features": 0.6034516703836297, "min_samples_split": 0.28568308019051875, "n_estimators": 3219.809559578419}, "datetime": {"datetime": "2023-02-11 20:30:35", "elapsed": 0.753181, "delta": 0.007572}}
{"target": -8455.890169556164, "params": {"criterion": 1.1049888818001374, "max_features": 0.6335298446027235, "min_samples_split": 0.7620143886194799, "n_estimators": 4215.448657656464}, "datetime": {"datetime": "2023-02-11 20:30:35", "elapsed": 0.760692, "delta": 0.007511}}
{"target": -8433.661260677798, "params": {"criterion": 0.31486174032386166, "max_features": 0.6105232742330744, "min_samples_split": 0.6454595650116269, "n_estimators": 850.0273898380296}, "datetime": {"datetime": "2023-02-11 20:30:35", "elapsed": 0.767952, "delta": 0.00726}}
{"target": -8455.792710601305, "params": {"criterion": 0.005278771348168882, "max_features": 0.9737725106837284, "min_samples_split": 0.8078049599584393, "n_estimators": 1442.9311878810106}, "datetime": {"datetime": "2023-02-11 20:30:35", "elapsed": 0.774956, "delta": 0.007004}}
{"target": -6840.030782453691, "params": {"criterion": 0.8372409122556705, "max_features": 0.3001701580017524, "min_samples_split": 0.4806921273378589, "n_estimators": 4668.279695936556}, "datetime": {"datetime": "2023-02-11 20:30:35", "elapsed": 0.781999, "delta": 0.007043}}
{"target": -5805.012453835964, "params": {"criterion": 2.744690784562229, "max_features": 0.3982184456983249, "min_samples_split": 0.3948793247565907, "n_estimators": 4854.173698110287}, "datetime": {"datetime": "2023-02-11 20:30:35", "elapsed": 0.789021, "delta": 0.007022}}
{"target": -8455.883212763727, "params": {"criterion": 0.8268313388479238, "max_features": 0.9505358706252437, "min_samples_split": 0.7689583545921017, "n_estimators": 4435.1215717196965}, "datetime": {"datetime": "2023-02-11 20:30:35", "elapsed": 0.797058, "delta": 0.008037}}
{"target": -8455.951338043904, "params": {"criterion": 2.6129278252344763, "max_features": 0.32069684510527185, "min_samples_split": 0.7891309501675913, "n_estimators": 4555.189003790398}, "datetime": {"datetime": "2023-02-11 20:30:35", "elapsed": 0.804299, "delta": 0.007241}}
{"target": -4469.652850468102, "params": {"criterion": 2.514427828537262, "max_features": 0.7708125743193363, "min_samples_split": 0.30741794265375694, "n_estimators": 1833.544318377848}, "datetime": {"datetime": "2023-02-11 20:30:35", "elapsed": 0.811423, "delta": 0.007124}}
{"target": -5246.0062797749315, "params": {"criterion": 0.7090365503318125, "max_features": 0.2756030602394974, "min_samples_split": 0.19453927868717377, "n_estimators": 3117.458589298872}, "datetime": {"datetime": "2023-02-11 20:30:35", "elapsed": 0.819025, "delta": 0.007602}}
{"target": -5992.896295051156, "params": {"criterion": 2.7961578183277713, "max_features": 0.7541411744820569, "min_samples_split": 0.5628344772949155, "n_estimators": 1392.403397521457}, "datetime": {"datetime": "2023-02-11 20:30:35", "elapsed": 0.827579, "delta": 0.008554}}
{"target": -4344.804436440367, "params": {"criterion": 1.581387927966811, "max_features": 0.8443130850368544, "min_samples_split": 0.2951168787272174, "n_estimators": 998.3588977415543}, "datetime": {"datetime": "2023-02-11 20:30:35", "elapsed": 0.836294, "delta": 0.008715}}
{"target": -3642.154527585556, "params": {"criterion": 0.05919540527391118, "max_features": 0.7957155660953381, "min_samples_split": 0.03838574550499944, "n_estimators": 2225.030377971858}, "datetime": {"datetime": "2023-02-11 20:30:35", "elapsed": 0.843338, "delta": 0.007044}}
{"target": -7086.524073556398, "params": {"criterion": 2.4961710754621147, "max_features": 0.21483548698187224, "min_samples_split": 0.5093335244358358, "n_estimators": 2449.788630692139}, "datetime": {"datetime": "2023-02-11 20:30:35", "elapsed": 0.850257, "delta": 0.006919}}
{"target": -6079.430338130763, "params": {"criterion": 0.08896185689910492, "max_features": 0.213219833786775, "min_samples_split": 0.33187763143444743, "n_estimators": 401.0122851659453}, "datetime": {"datetime": "2023-02-11 20:30:35", "elapsed": 0.857136, "delta": 0.006879}}
{"target": -4757.742036012833, "params": {"criterion": 1.7944607068186174, "max_features": 0.9092066842605933, "min_samples_split": 0.4121513486088679, "n_estimators": 287.5337746207589}, "datetime": {"datetime": "2023-02-11 20:30:35", "elapsed": 0.864937, "delta": 0.007801}}
{"target": -8455.893766939094, "params": {"criterion": 0.24251912713203785, "max_features": 0.26931795160435035, "min_samples_split": 0.8093054603547706, "n_estimators": 4023.40061413649}, "datetime": {"datetime": "2023-02-11 20:30:35", "elapsed": 0.872688, "delta": 0.007751}}
{"target": -8455.89929840773, "params": {"criterion": 0.050727743082987636, "max_features": 0.8896075025317361, "min_samples_split": 0.911217964307578, "n_estimators": 2064.295754712294}, "datetime": {"datetime": "2023-02-11 20:30:35", "elapsed": 0.879995, "delta": 0.007307}}
{"target": -5845.100712354179, "params": {"criterion": 0.8606434059432895, "max_features": 0.8750832138991372, "min_samples_split": 0.617021144066821, "n_estimators": 788.9337612484316}, "datetime": {"datetime": "2023-02-11 20:30:35", "elapsed": 0.887438, "delta": 0.007443}}
{"target": -8455.993185631221, "params": {"criterion": 0.6862439655863761, "max_features": 0.8738520623265861, "min_samples_split": 0.8442896018134965, "n_estimators": 1178.7153675651296}, "datetime": {"datetime": "2023-02-11 20:30:35", "elapsed": 0.89476, "delta": 0.007322}}
{"target": -6253.879238830266, "params": {"criterion": 2.433331805492511, "max_features": 0.6306766221318983, "min_samples_split": 0.6104063632926368, "n_estimators": 2666.96242731878}, "datetime": {"datetime": "2023-02-11 20:30:35", "elapsed": 0.903092, "delta": 0.008332}}
{"target": -4283.458673003374, "params": {"criterion": 1.9188234825718382, "max_features": 0.2082279581309069, "min_samples_split": 0.0248338356589364, "n_estimators": 3481.1292880469905}, "datetime": {"datetime": "2023-02-11 20:30:35", "elapsed": 0.909971, "delta": 0.006879}}
{"target": -4376.976401494028, "params": {"criterion": 0.514761899384684, "max_features": 0.7564068133036725, "min_samples_split": 0.28530856999718845, "n_estimators": 370.0190118302732}, "datetime": {"datetime": "2023-02-11 20:30:35", "elapsed": 0.916874, "delta": 0.006903}}
{"target": -5193.079951692839, "params": {"criterion": 1.7466104854677695, "max_features": 0.43955912709372635, "min_samples_split": 0.32285157234818956, "n_estimators": 4838.248000489482}, "datetime": {"datetime": "2023-02-11 20:30:35", "elapsed": 0.923752, "delta": 0.006878}}
{"target": -4044.748369493681, "params": {"criterion": 0.5847845008827819, "max_features": 0.48060863570813683, "min_samples_split": 0.10409326229768696, "n_estimators": 2068.731077124996}, "datetime": {"datetime": "2023-02-11 20:30:36", "elapsed": 0.930377, "delta": 0.006625}}
{"target": -8455.508234430601, "params": {"criterion": 0.2785336504973647, "max_features": 0.6059171412240018, "min_samples_split": 0.7425422227965518, "n_estimators": 125.92349492997619}, "datetime": {"datetime": "2023-02-11 20:30:36", "elapsed": 0.937255, "delta": 0.006878}}
{"target": -8455.939680242325, "params": {"criterion": 0.27047449041817784, "max_features": 0.24883961906449484, "min_samples_split": 0.8842487982337602, "n_estimators": 4929.370697598968}, "datetime": {"datetime": "2023-02-11 20:30:36", "elapsed": 0.944213, "delta": 0.006958}}
{"target": -8455.971103268099, "params": {"criterion": 1.5604720394139333, "max_features": 0.3620397865622283, "min_samples_split": 0.9332616464198026, "n_estimators": 3307.5311963764707}, "datetime": {"datetime": "2023-02-11 20:30:36", "elapsed": 0.951268, "delta": 0.007055}}
{"target": -8455.862877065107, "params": {"criterion": 2.375296062305545, "max_features": 0.610988360417601, "min_samples_split": 0.7881542500007445, "n_estimators": 1740.5039852068494}, "datetime": {"datetime": "2023-02-11 20:30:36", "elapsed": 0.958281, "delta": 0.007013}}
{"target": -3740.553538856446, "params": {"criterion": 0.33974807793872736, "max_features": 0.9242437423463873, "min_samples_split": 0.004323068725705326, "n_estimators": 460.1690149731259}, "datetime": {"datetime": "2023-02-11 20:30:36", "elapsed": 0.965915, "delta": 0.007634}}
{"target": -4294.702105561997, "params": {"criterion": 0.39686086272969145, "max_features": 0.9539585175543501, "min_samples_split": 0.3029691003053739, "n_estimators": 1145.2339507834856}, "datetime": {"datetime": "2023-02-11 20:30:36", "elapsed": 0.972669, "delta": 0.006754}}
{"target": -6208.684249922172, "params": {"criterion": 0.7669620912913255, "max_features": 0.2804646103813188, "min_samples_split": 0.4018175234224969, "n_estimators": 3682.035437742927}, "datetime": {"datetime": "2023-02-11 20:30:36", "elapsed": 0.979225, "delta": 0.006556}}
{"target": -4905.192104136632, "params": {"criterion": 1.9445649847312483, "max_features": 0.40376608629339694, "min_samples_split": 0.22749342616903775, "n_estimators": 2529.4991758682963}, "datetime": {"datetime": "2023-02-11 20:30:36", "elapsed": 0.98582, "delta": 0.006595}}
{"target": -8455.869336080747, "params": {"criterion": 2.5942084238522574, "max_features": 0.7087601767260264, "min_samples_split": 0.7544415764132831, "n_estimators": 2241.903637211886}, "datetime": {"datetime": "2023-02-11 20:30:36", "elapsed": 0.992254, "delta": 0.006434}}
{"target": -4659.24328129141, "params": {"criterion": 1.200596249519321, "max_features": 0.7794757845188921, "min_samples_split": 0.37239410569643216, "n_estimators": 2807.730348956572}, "datetime": {"datetime": "2023-02-11 20:30:36", "elapsed": 0.999534, "delta": 0.00728}}
{"target": -4436.472445412655, "params": {"criterion": 0.24138280570983855, "max_features": 0.6770937201682353, "min_samples_split": 0.2809652826398205, "n_estimators": 3737.993172940564}, "datetime": {"datetime": "2023-02-11 20:30:36", "elapsed": 1.008473, "delta": 0.008939}}
{"target": -4108.873772423233, "params": {"criterion": 0.896451707238384, "max_features": 0.8070293012648231, "min_samples_split": 0.22641486599123625, "n_estimators": 121.59746012303972}, "datetime": {"datetime": "2023-02-11 20:30:36", "elapsed": 1.016998, "delta": 0.008525}}
{"target": -4655.178748276336, "params": {"criterion": 0.4193268649334888, "max_features": 0.43951533456168673, "min_samples_split": 0.19565469748750652, "n_estimators": 2789.5219854301686}, "datetime": {"datetime": "2023-02-11 20:30:36", "elapsed": 1.025645, "delta": 0.008647}}
{"target": -5859.328821441099, "params": {"criterion": 0.6299555110531286, "max_features": 0.8237072666827423, "min_samples_split": 0.48468296706166736, "n_estimators": 3232.767924344089}, "datetime": {"datetime": "2023-02-11 20:30:36", "elapsed": 1.034569, "delta": 0.008924}}
{"target": -8455.8943696311, "params": {"criterion": 0.5030721526734248, "max_features": 0.9400567029063233, "min_samples_split": 0.7172964833730315, "n_estimators": 858.5866963410176}, "datetime": {"datetime": "2023-02-11 20:30:36", "elapsed": 1.043317, "delta": 0.008748}}
{"target": -8455.897980747057, "params": {"criterion": 2.170828454097598, "max_features": 0.35248330428525465, "min_samples_split": 0.8295986323304279, "n_estimators": 1063.5446403647964}, "datetime": {"datetime": "2023-02-11 20:30:36", "elapsed": 1.052163, "delta": 0.008846}}
{"target": -4284.065461754968, "params": {"criterion": 2.883805877268236, "max_features": 0.6399438411166598, "min_samples_split": 0.22291902701611296, "n_estimators": 1142.3607835193063}, "datetime": {"datetime": "2023-02-11 20:30:36", "elapsed": 1.061018, "delta": 0.008855}}
{"target": -4536.406603834603, "params": {"criterion": 1.8839010884230794, "max_features": 0.7081333258233633, "min_samples_split": 0.3033183814784046, "n_estimators": 4100.201982121986}, "datetime": {"datetime": "2023-02-11 20:30:36", "elapsed": 1.069907, "delta": 0.008889}}
{"target": -4189.10922281819, "params": {"criterion": 1.2571282453549821, "max_features": 0.8518543036526078, "min_samples_split": 0.26526212752691886, "n_estimators": 4918.784809877085}, "datetime": {"datetime": "2023-02-11 20:30:36", "elapsed": 1.078655, "delta": 0.008748}}
{"target": -4930.244953119965, "params": {"criterion": 2.6168287374474564, "max_features": 0.5610940361772545, "min_samples_split": 0.335417432945414, "n_estimators": 245.55966451865174}, "datetime": {"datetime": "2023-02-11 20:30:36", "elapsed": 1.084551, "delta": 0.005896}}
{"target": -4122.934923551164, "params": {"criterion": 2.9727111522738645, "max_features": 0.7460754303603868, "min_samples_split": 0.1892203547643131, "n_estimators": 320.7231925361482}, "datetime": {"datetime": "2023-02-11 20:30:36", "elapsed": 1.090765, "delta": 0.006214}}
{"target": -3855.7793031659044, "params": {"criterion": 0.03941732213296093, "max_features": 0.7308432354365934, "min_samples_split": 0.10759084222758852, "n_estimators": 1618.7924325929712}, "datetime": {"datetime": "2023-02-11 20:30:36", "elapsed": 1.097068, "delta": 0.006303}}
