{"target": -3008.631533533987, "params": {"criterion": 0.582055460094147, "max_features": 0.9672437755451764, "min_samples_split": 0.1509605745790447, "n_estimators": 1138.5565206763351}, "datetime": {"datetime": "2023-01-27 15:11:10", "elapsed": 78224.416844, "delta": 141.275637}}
{"target": -5530.98565393856, "params": {"criterion": 0.03444842379155258, "max_features": 0.8004141453412185, "min_samples_split": 0.5654517523985417, "n_estimators": 4234.317247543523}, "datetime": {"datetime": "2023-01-27 15:15:16", "elapsed": 78469.822826, "delta": 245.405982}}
{"target": -5614.412650129697, "params": {"criterion": 0.48754727747805415, "max_features": 0.6276134258190781, "min_samples_split": 0.59242195872555, "n_estimators": 2988.439780510514}, "datetime": {"datetime": "2023-01-27 15:17:55", "elapsed": 78629.685564, "delta": 159.862738}}
{"target": -5642.842208044007, "params": {"criterion": 2.451838740598541, "max_features": 0.5892205718631767, "min_samples_split": 0.5062619914755923, "n_estimators": 788.7947106057213}, "datetime": {"datetime": "2023-01-27 15:18:46", "elapsed": 78680.082973, "delta": 50.397409}}
{"target": -8454.69328215237, "params": {"criterion": 0.5961169338027497, "max_features": 0.8210779316769938, "min_samples_split": 0.968112118879723, "n_estimators": 2265.6027328113505}, "datetime": {"datetime": "2023-01-27 15:20:16", "elapsed": 78770.160352, "delta": 90.077379}}
{"target": -1939.0926365020962, "params": {"criterion": 2.770441891200529, "max_features": 0.7417020821225676, "min_samples_split": 0.05721505145476271, "n_estimators": 2568.7314632876314}, "datetime": {"datetime": "2023-01-27 15:26:35", "elapsed": 79149.749286, "delta": 379.588934}}
{"target": -8454.742324199255, "params": {"criterion": 1.5376856610297154, "max_features": 0.47805155998515536, "min_samples_split": 0.7798597517227489, "n_estimators": 2173.246399502936}, "datetime": {"datetime": "2023-01-27 15:28:00", "elapsed": 79234.303792, "delta": 84.554506}}
{"target": -5592.991382112899, "params": {"criterion": 2.5574545624685303, "max_features": 0.6980318168629107, "min_samples_split": 0.6028106915537442, "n_estimators": 393.90847224706414}, "datetime": {"datetime": "2023-01-27 15:28:30", "elapsed": 79264.090203, "delta": 29.786411}}
{"target": -8454.793171858517, "params": {"criterion": 2.554287304341802, "max_features": 0.5341620098128823, "min_samples_split": 0.7333398827663589, "n_estimators": 3257.747341935517}, "datetime": {"datetime": "2023-01-27 15:30:29", "elapsed": 79383.154498, "delta": 119.064295}}
{"target": -2832.2749548640045, "params": {"criterion": 1.6082400868682445, "max_features": 0.8408699454175351, "min_samples_split": 0.1459204204503823, "n_estimators": 1910.5650880407325}, "datetime": {"datetime": "2023-01-27 15:34:07", "elapsed": 79601.517355, "delta": 218.362857}}
{"target": -8432.58384447718, "params": {"criterion": 1.6951343825340341, "max_features": 0.19678504425721244, "min_samples_split": 0.6433356849384902, "n_estimators": 2471.596015626072}, "datetime": {"datetime": "2023-01-27 15:35:44", "elapsed": 79697.898005, "delta": 96.38065}}
{"target": -8454.723604174336, "params": {"criterion": 0.3067231040974356, "max_features": 0.3462643479311903, "min_samples_split": 0.8062202675882636, "n_estimators": 4437.633264977174}, "datetime": {"datetime": "2023-01-27 15:38:21", "elapsed": 79854.898074, "delta": 157.000069}}
{"target": -4551.188066267563, "params": {"criterion": 2.245868607759474, "max_features": 0.7603107928820181, "min_samples_split": 0.4174265127460019, "n_estimators": 4551.436856612118}, "datetime": {"datetime": "2023-01-27 15:43:37", "elapsed": 80171.622105, "delta": 316.724031}}
{"target": -4004.0133093166282, "params": {"criterion": 2.674007992903783, "max_features": 0.9289992286035503, "min_samples_split": 0.38683807460715813, "n_estimators": 151.10869890811094}, "datetime": {"datetime": "2023-01-27 15:44:00", "elapsed": 80194.474621, "delta": 22.852516}}
{"target": -5427.498045661105, "params": {"criterion": 1.5249727791956484, "max_features": 0.23227031681861407, "min_samples_split": 0.2782427953818711, "n_estimators": 3436.065121405049}, "datetime": {"datetime": "2023-01-27 15:46:50", "elapsed": 80364.502747, "delta": 170.028126}}
{"target": -3186.9873111454654, "params": {"criterion": 2.85093593309865, "max_features": 0.8743271646144828, "min_samples_split": 0.16962698748164495, "n_estimators": 3804.2044061133397}, "datetime": {"datetime": "2023-01-27 15:54:31", "elapsed": 80825.527171, "delta": 461.024424}}
{"target": -8454.74542772702, "params": {"criterion": 0.14608237686387052, "max_features": 0.427020621230527, "min_samples_split": 0.7360692584144481, "n_estimators": 4764.533749860421}, "datetime": {"datetime": "2023-01-27 15:57:30", "elapsed": 81003.917365, "delta": 178.390194}}
{"target": -5114.127379874799, "params": {"criterion": 2.7723249997872874, "max_features": 0.47674619969282217, "min_samples_split": 0.4238901885589501, "n_estimators": 3884.820001135547}, "datetime": {"datetime": "2023-01-27 16:01:57", "elapsed": 81270.944706, "delta": 267.027341}}
{"target": -8454.675026563204, "params": {"criterion": 2.6644756209572344, "max_features": 0.631259873311464, "min_samples_split": 0.6897470585264154, "n_estimators": 703.9763858647595}, "datetime": {"datetime": "2023-01-27 16:02:47", "elapsed": 81321.635178, "delta": 50.690472}}
{"target": -5974.9511490688, "params": {"criterion": 0.5435497706335624, "max_features": 0.20955950471729945, "min_samples_split": 0.40170740389340537, "n_estimators": 4031.6659705796255}, "datetime": {"datetime": "2023-01-27 16:06:45", "elapsed": 81559.227225, "delta": 237.592047}}
{"target": -4482.598398503967, "params": {"criterion": 1.1367200327077132, "max_features": 0.5229292775171616, "min_samples_split": 0.34034310149144553, "n_estimators": 2499.887815662306}, "datetime": {"datetime": "2023-01-27 16:10:30", "elapsed": 81784.435176, "delta": 225.207951}}
{"target": -8454.75552693105, "params": {"criterion": 0.5582698196910622, "max_features": 0.38242478560817955, "min_samples_split": 0.7194630514171254, "n_estimators": 4506.4394181940115}, "datetime": {"datetime": "2023-01-27 16:14:32", "elapsed": 82026.032585, "delta": 241.597409}}
{"target": -8454.780856790076, "params": {"criterion": 1.1753887423450227, "max_features": 0.4823973865421911, "min_samples_split": 0.9151841396366324, "n_estimators": 4619.864310369122}, "datetime": {"datetime": "2023-01-27 16:18:23", "elapsed": 82257.187176, "delta": 231.154591}}
{"target": -5582.943982083626, "params": {"criterion": 2.4818457785164214, "max_features": 0.8102357218898332, "min_samples_split": 0.6064583035242929, "n_estimators": 4165.605443607396}, "datetime": {"datetime": "2023-01-27 16:25:18", "elapsed": 82671.957442, "delta": 414.770266}}
{"target": -1983.9109073592458, "params": {"criterion": 2.1188388686862103, "max_features": 0.6516561471690157, "min_samples_split": 0.05691401742553732, "n_estimators": 308.70426591557407}, "datetime": {"datetime": "2023-01-27 16:26:41", "elapsed": 82755.378168, "delta": 83.420726}}
{"target": -2915.7909676375966, "params": {"criterion": 1.9071019284458173, "max_features": 0.3787512334834564, "min_samples_split": 0.08999467622699857, "n_estimators": 978.2689774845837}, "datetime": {"datetime": "2023-01-27 16:29:15", "elapsed": 82909.081664, "delta": 153.703496}}
{"target": -2135.111461948915, "params": {"criterion": 0.09542773710770977, "max_features": 0.5395057001941611, "min_samples_split": 0.061074538448033504, "n_estimators": 4763.768650694555}, "datetime": {"datetime": "2023-01-27 16:43:08", "elapsed": 83742.506328, "delta": 833.424664}}
{"target": -8454.666065853027, "params": {"criterion": 2.410297015581186, "max_features": 0.509394440111311, "min_samples_split": 0.7083512430060755, "n_estimators": 4795.419184597582}, "datetime": {"datetime": "2023-01-27 16:47:56", "elapsed": 84030.021396, "delta": 287.515068}}
{"target": -6619.649603943144, "params": {"criterion": 0.2314357965262219, "max_features": 0.24011344675696153, "min_samples_split": 0.593954508926798, "n_estimators": 1467.5094410164475}, "datetime": {"datetime": "2023-01-27 16:49:51", "elapsed": 84144.839278, "delta": 114.817882}}
{"target": -1841.944041630654, "params": {"criterion": 1.9504839923551027, "max_features": 0.6599230262319626, "min_samples_split": 0.047252033918641176, "n_estimators": 2405.774366048384}, "datetime": {"datetime": "2023-01-27 16:54:33", "elapsed": 84427.152423, "delta": 282.313145}}
{"target": -8454.725603102683, "params": {"criterion": 1.607299155966567, "max_features": 0.3674439294883554, "min_samples_split": 0.9960062328146237, "n_estimators": 4467.57763665902}, "datetime": {"datetime": "2023-01-27 16:56:17", "elapsed": 84531.648653, "delta": 104.49623}}
{"target": -8454.777058250815, "params": {"criterion": 1.5717987432424492, "max_features": 0.2749971960526541, "min_samples_split": 0.9321916503001769, "n_estimators": 1601.6679655920761}, "datetime": {"datetime": "2023-01-27 16:57:02", "elapsed": 84576.22977, "delta": 44.581117}}
{"target": -4185.621953065884, "params": {"criterion": 0.08595056770396911, "max_features": 0.3077420389746734, "min_samples_split": 0.1828464315658975, "n_estimators": 696.0038377414049}, "datetime": {"datetime": "2023-01-27 16:57:42", "elapsed": 84616.385866, "delta": 40.156096}}
{"target": -6459.482660249953, "params": {"criterion": 0.4968964873314904, "max_features": 0.25699445952802513, "min_samples_split": 0.5219391506308803, "n_estimators": 4224.973208710448}, "datetime": {"datetime": "2023-01-27 16:59:37", "elapsed": 84731.572427, "delta": 115.186561}}
{"target": -8454.711160892435, "params": {"criterion": 1.026666884719131, "max_features": 0.7885795226065709, "min_samples_split": 0.7876805302803475, "n_estimators": 4313.652668565144}, "datetime": {"datetime": "2023-01-27 17:01:21", "elapsed": 84835.169506, "delta": 103.597079}}
{"target": -6278.399653957201, "params": {"criterion": 0.5357630294291373, "max_features": 0.4905219015533334, "min_samples_split": 0.6283444495091142, "n_estimators": 749.9524229372801}, "datetime": {"datetime": "2023-01-27 17:01:49", "elapsed": 84863.449948, "delta": 28.280442}}
{"target": -3358.0934478596487, "params": {"criterion": 1.7898546841733018, "max_features": 0.9009234050157388, "min_samples_split": 0.19934439740749127, "n_estimators": 398.81324120419407}, "datetime": {"datetime": "2023-01-27 17:02:20", "elapsed": 84894.533675, "delta": 31.083727}}
{"target": -8454.657760913902, "params": {"criterion": 1.6597359780856125, "max_features": 0.8459755597384867, "min_samples_split": 0.7007384471696745, "n_estimators": 316.748171675136}, "datetime": {"datetime": "2023-01-27 17:02:37", "elapsed": 84910.986406, "delta": 16.452731}}
{"target": -5566.370508539204, "params": {"criterion": 2.2390751995576883, "max_features": 0.7287080251716956, "min_samples_split": 0.5430111709512926, "n_estimators": 1501.094687406067}, "datetime": {"datetime": "2023-01-27 17:03:42", "elapsed": 84976.190606, "delta": 65.2042}}
{"target": -2597.196096194876, "params": {"criterion": 2.691956659119763, "max_features": 0.6367152645835429, "min_samples_split": 0.11604717081664306, "n_estimators": 3610.664161100957}, "datetime": {"datetime": "2023-01-27 17:08:11", "elapsed": 85245.207987, "delta": 269.017381}}
{"target": -4256.951290980138, "params": {"criterion": 1.1879603983465603, "max_features": 0.48762842329903344, "min_samples_split": 0.25883146363161025, "n_estimators": 4816.239191170274}, "datetime": {"datetime": "2023-01-27 17:11:36", "elapsed": 85450.429755, "delta": 205.221768}}
{"target": -1381.6784595236409, "params": {"criterion": 1.6065254000488474, "max_features": 0.5609271890304556, "min_samples_split": 0.015225240395680947, "n_estimators": 2918.9227867553154}, "datetime": {"datetime": "2023-01-27 17:16:09", "elapsed": 85723.559103, "delta": 273.129348}}
{"target": -4017.291961787179, "params": {"criterion": 2.1166735120384597, "max_features": 0.22263694203669382, "min_samples_split": 0.10512268154723509, "n_estimators": 4561.034650410296}, "datetime": {"datetime": "2023-01-27 17:19:26", "elapsed": 85920.732903, "delta": 197.1738}}
{"target": -3104.337559989521, "params": {"criterion": 0.3235136394614027, "max_features": 0.6171323591434531, "min_samples_split": 0.16575068025402204, "n_estimators": 3974.1844686252916}, "datetime": {"datetime": "2023-01-27 17:23:12", "elapsed": 86145.820761, "delta": 225.087858}}
{"target": -8448.53677883228, "params": {"criterion": 1.48254828560323, "max_features": 0.9776872940531708, "min_samples_split": 0.6521110712217056, "n_estimators": 4523.878468757276}, "datetime": {"datetime": "2023-01-27 17:25:03", "elapsed": 86257.632957, "delta": 111.812196}}
{"target": -4502.426649848799, "params": {"criterion": 0.010429896619994609, "max_features": 0.9234554383063882, "min_samples_split": 0.42834638390794255, "n_estimators": 1400.7107497063648}, "datetime": {"datetime": "2023-01-27 17:26:24", "elapsed": 86337.938716, "delta": 80.305759}}
{"target": -5710.255606741634, "params": {"criterion": 2.953135045075184, "max_features": 0.957735343219866, "min_samples_split": 0.5508450001774936, "n_estimators": 4625.649278311474}, "datetime": {"datetime": "2023-01-27 17:29:38", "elapsed": 86532.33874, "delta": 194.400024}}
{"target": -3695.293270897554, "params": {"criterion": 0.6967338358591354, "max_features": 0.8856373917124439, "min_samples_split": 0.2515243313082135, "n_estimators": 3948.3517623442644}, "datetime": {"datetime": "2023-01-27 17:33:34", "elapsed": 86768.325939, "delta": 235.987199}}
{"target": -1892.9937974266838, "params": {"criterion": 1.4501757212237734, "max_features": 0.9006934091731789, "min_samples_split": 0.05327458487838387, "n_estimators": 313.015732886312}, "datetime": {"datetime": "2023-01-27 17:34:15", "elapsed": 86808.948017, "delta": 40.622078}}
{"target": -3094.2004795952935, "params": {"criterion": 2.143730828258712, "max_features": 0.32563411401525927, "min_samples_split": 0.07649954664976533, "n_estimators": 3194.4098704339913}, "datetime": {"datetime": "2023-01-27 17:37:15", "elapsed": 86988.837672, "delta": 179.889655}}
{"target": -5852.520463599886, "params": {"criterion": 1.6257994593851546, "max_features": 0.4704070774393434, "min_samples_split": 0.5981783748160586, "n_estimators": 4677.761470546981}, "datetime": {"datetime": "2023-01-27 17:39:46", "elapsed": 87140.694117, "delta": 151.856445}}
{"target": -4339.583911021003, "params": {"criterion": 1.123111524663104, "max_features": 0.35321558889592564, "min_samples_split": 0.2151112925264222, "n_estimators": 3584.2161193937277}, "datetime": {"datetime": "2023-01-27 17:42:08", "elapsed": 87282.580074, "delta": 141.885957}}
{"target": -8454.686744250377, "params": {"criterion": 0.8056004249625763, "max_features": 0.352763700889524, "min_samples_split": 0.9109887426407323, "n_estimators": 1113.6974680816463}, "datetime": {"datetime": "2023-01-27 17:42:46", "elapsed": 87320.141108, "delta": 37.561034}}
{"target": -3964.542368581212, "params": {"criterion": 2.6441028568089737, "max_features": 0.8825565854692756, "min_samples_split": 0.31072871130948065, "n_estimators": 3750.560114041298}, "datetime": {"datetime": "2023-01-27 17:46:45", "elapsed": 87559.742924, "delta": 239.601816}}
{"target": -8454.968855621084, "params": {"criterion": 2.948766671634547, "max_features": 0.970991852170573, "min_samples_split": 0.7758816349373404, "n_estimators": 261.9125785803974}, "datetime": {"datetime": "2023-01-27 17:46:58", "elapsed": 87572.809552, "delta": 13.066628}}
{"target": -4999.090303842259, "params": {"criterion": 1.5966460381644467, "max_features": 0.34779515943689954, "min_samples_split": 0.32731001277874294, "n_estimators": 3350.0528118172765}, "datetime": {"datetime": "2023-01-27 17:49:12", "elapsed": 87706.004755, "delta": 133.195203}}
{"target": -4359.855958388145, "params": {"criterion": 2.467083572727565, "max_features": 0.7996240910912974, "min_samples_split": 0.3972080090061284, "n_estimators": 379.5756621145884}, "datetime": {"datetime": "2023-01-27 17:49:37", "elapsed": 87731.401854, "delta": 25.397099}}
{"target": -3067.5476118903835, "params": {"criterion": 0.13826313653119982, "max_features": 0.7612288355171809, "min_samples_split": 0.17081506585427614, "n_estimators": 4955.919463400786}, "datetime": {"datetime": "2023-01-27 17:54:55", "elapsed": 88049.494636, "delta": 318.092782}}
{"target": -5126.233167490003, "params": {"criterion": 2.111313436205339, "max_features": 0.47191094150665247, "min_samples_split": 0.4259287907238849, "n_estimators": 1628.4546231560305}, "datetime": {"datetime": "2023-01-27 17:56:07", "elapsed": 88121.41893, "delta": 71.924294}}
{"target": -8454.698596284366, "params": {"criterion": 2.426499383618969, "max_features": 0.5358042655014347, "min_samples_split": 0.7093082602161294, "n_estimators": 1603.9062617595746}, "datetime": {"datetime": "2023-01-27 17:56:55", "elapsed": 88169.558743, "delta": 48.139813}}
{"target": -2236.4134669939676, "params": {"criterion": 0.5555282990340441, "max_features": 0.9322992917960208, "min_samples_split": 0.07785161174436031, "n_estimators": 4266.608980388131}, "datetime": {"datetime": "2023-01-27 18:04:02", "elapsed": 88596.163043, "delta": 426.6043}}
{"target": -8454.631166917137, "params": {"criterion": 0.27084156176074886, "max_features": 0.31916747306105553, "min_samples_split": 0.8795385182009159, "n_estimators": 273.13662412737347}, "datetime": {"datetime": "2023-01-27 18:04:17", "elapsed": 88611.066938, "delta": 14.903895}}
{"target": -6033.7507162995325, "params": {"criterion": 0.45673644800694657, "max_features": 0.43266002369210244, "min_samples_split": 0.6167492034663252, "n_estimators": 1639.0404099329276}, "datetime": {"datetime": "2023-01-27 18:05:18", "elapsed": 88672.619305, "delta": 61.552367}}
{"target": -8454.775097902395, "params": {"criterion": 1.4957908845796308, "max_features": 0.30651434311690184, "min_samples_split": 0.9486297406067578, "n_estimators": 2275.6651975451514}, "datetime": {"datetime": "2023-01-27 18:06:26", "elapsed": 88740.778634, "delta": 68.159329}}
{"target": -8454.723681836344, "params": {"criterion": 2.1552620292022038, "max_features": 0.3615080202222159, "min_samples_split": 0.9328484855092077, "n_estimators": 3617.933402628046}, "datetime": {"datetime": "2023-01-27 18:08:00", "elapsed": 88834.336468, "delta": 93.557834}}
{"target": -8454.719587839769, "params": {"criterion": 2.003720422935836, "max_features": 0.4530603880021493, "min_samples_split": 0.7226632579246397, "n_estimators": 4619.859921276794}, "datetime": {"datetime": "2023-01-27 18:09:52", "elapsed": 88946.63582, "delta": 112.299352}}
{"target": -5627.055377550505, "params": {"criterion": 1.1653349733172909, "max_features": 0.6120348967741543, "min_samples_split": 0.6177977649837103, "n_estimators": 2660.563184450597}, "datetime": {"datetime": "2023-01-27 18:11:31", "elapsed": 89045.111169, "delta": 98.475349}}
{"target": -5966.4717066828325, "params": {"criterion": 1.7806610612133011, "max_features": 0.3764225751896716, "min_samples_split": 0.49648317650625107, "n_estimators": 3794.3314798029237}, "datetime": {"datetime": "2023-01-27 18:13:33", "elapsed": 89167.511741, "delta": 122.400572}}
{"target": -4112.738058664983, "params": {"criterion": 0.013116233392772052, "max_features": 0.29022266547820497, "min_samples_split": 0.15402402444295707, "n_estimators": 4935.874158765098}, "datetime": {"datetime": "2023-01-27 18:16:54", "elapsed": 89368.518428, "delta": 201.006687}}
{"target": -8454.730957214768, "params": {"criterion": 0.7628376593014121, "max_features": 0.9498592746864494, "min_samples_split": 0.9420113280139316, "n_estimators": 1623.0473398487982}, "datetime": {"datetime": "2023-01-27 18:17:43", "elapsed": 89417.185146, "delta": 48.666718}}
{"target": -4229.623226741995, "params": {"criterion": 2.2511705354438596, "max_features": 0.548140967367581, "min_samples_split": 0.26962117373596106, "n_estimators": 4293.3511737923545}, "datetime": {"datetime": "2023-01-27 18:21:14", "elapsed": 89628.098314, "delta": 210.913168}}
{"target": -3009.321403600391, "params": {"criterion": 0.7369864379666146, "max_features": 0.7309575800079753, "min_samples_split": 0.1635099665905876, "n_estimators": 2031.8959062563083}, "datetime": {"datetime": "2023-01-27 18:23:28", "elapsed": 89761.876347, "delta": 133.778033}}
{"target": -4254.948573330403, "params": {"criterion": 2.0940023332048967, "max_features": 0.9311161688627414, "min_samples_split": 0.395579159126911, "n_estimators": 305.37417126504624}, "datetime": {"datetime": "2023-01-27 18:23:54", "elapsed": 89788.804942, "delta": 26.928595}}
{"target": -6195.213972898758, "params": {"criterion": 0.604826292119977, "max_features": 0.215228136480638, "min_samples_split": 0.44125730057506074, "n_estimators": 843.1834979554924}, "datetime": {"datetime": "2023-01-27 18:24:33", "elapsed": 89827.266156, "delta": 38.461214}}
{"target": -3450.423183461734, "params": {"criterion": 1.2745537604259392, "max_features": 0.44049321348430326, "min_samples_split": 0.16084581927047478, "n_estimators": 340.3601461330552}, "datetime": {"datetime": "2023-01-27 18:25:00", "elapsed": 89854.663478, "delta": 27.397322}}
{"target": -5172.813111761457, "params": {"criterion": 0.5910994513656671, "max_features": 0.555339575709003, "min_samples_split": 0.4707362477588502, "n_estimators": 196.4259242334486}, "datetime": {"datetime": "2023-01-27 18:25:15", "elapsed": 89869.274872, "delta": 14.611394}}
{"target": -3323.304512195957, "params": {"criterion": 2.1815173453307133, "max_features": 0.9708638062503165, "min_samples_split": 0.17750906368886551, "n_estimators": 586.6550624403707}, "datetime": {"datetime": "2023-01-27 18:26:12", "elapsed": 89925.850176, "delta": 56.575304}}
