{"target": -8454.708582802372, "params": {"criterion": 2.379728649046729, "max_features": 0.21669175121319612, "min_samples_split": 0.9632648342203466, "n_estimators": 4879.424314149331}, "datetime": {"datetime": "2023-01-26 20:25:06", "elapsed": 10659.877718, "delta": 128.85438}}
{"target": -5572.337878301366, "params": {"criterion": 1.651927286587023, "max_features": 0.235630828773768, "min_samples_split": 0.3452677425038851, "n_estimators": 200.10684717632688}, "datetime": {"datetime": "2023-01-26 20:25:21", "elapsed": 10674.870099, "delta": 14.992381}}
{"target": -3699.663308457496, "params": {"criterion": 2.4024753441698694, "max_features": 0.35253916331268353, "min_samples_split": 0.14332386040300094, "n_estimators": 3529.4805241933386}, "datetime": {"datetime": "2023-01-26 20:28:35", "elapsed": 10869.014813, "delta": 194.144714}}
{"target": -5988.481903700833, "params": {"criterion": 0.17384362304956316, "max_features": 0.3923318350874818, "min_samples_split": 0.5103297181919352, "n_estimators": 4976.768045619255}, "datetime": {"datetime": "2023-01-26 20:31:23", "elapsed": 11037.721102, "delta": 168.706289}}
{"target": -5725.484142415649, "params": {"criterion": 0.4395323863824732, "max_features": 0.5500191688928274, "min_samples_split": 0.6014200881075696, "n_estimators": 576.6352212854127}, "datetime": {"datetime": "2023-01-26 20:31:56", "elapsed": 11070.620534, "delta": 32.899432}}
{"target": -5518.611810750046, "params": {"criterion": 0.8661757681378716, "max_features": 0.7717746325017298, "min_samples_split": 0.5507959028281406, "n_estimators": 4209.027373764047}, "datetime": {"datetime": "2023-01-26 20:34:51", "elapsed": 11244.947099, "delta": 174.326565}}
{"target": -6249.506241333847, "params": {"criterion": 1.7409360212687828, "max_features": 0.3334478879050167, "min_samples_split": 0.615479016635129, "n_estimators": 4446.079933496191}, "datetime": {"datetime": "2023-01-26 20:37:16", "elapsed": 11390.347382, "delta": 145.400283}}
{"target": -5522.909694676049, "params": {"criterion": 1.5503161545335435, "max_features": 0.6944001843549477, "min_samples_split": 0.5050581057329498, "n_estimators": 4557.346625274116}, "datetime": {"datetime": "2023-01-26 20:40:08", "elapsed": 11562.208609, "delta": 171.861227}}
{"target": -4242.0800376913485, "params": {"criterion": 1.2398726362281542, "max_features": 0.6202801372096748, "min_samples_split": 0.34267459693941366, "n_estimators": 734.9262080019745}, "datetime": {"datetime": "2023-01-26 20:41:01", "elapsed": 11615.115034, "delta": 52.906425}}
{"target": -5659.13833143008, "params": {"criterion": 1.9883989720248263, "max_features": 0.9474149990060645, "min_samples_split": 0.6127066360926682, "n_estimators": 4229.418647303845}, "datetime": {"datetime": "2023-01-26 20:44:01", "elapsed": 11795.726193, "delta": 180.611159}}
{"target": -1080.8363461759404, "params": {"criterion": 0.6537035177649079, "max_features": 0.9208500805145559, "min_samples_split": 0.00986802312426181, "n_estimators": 1206.4823606508303}, "datetime": {"datetime": "2023-01-26 20:47:05", "elapsed": 11979.248756, "delta": 183.522563}}
{"target": -8454.740630936658, "params": {"criterion": 0.3961521763032334, "max_features": 0.9244232177805912, "min_samples_split": 0.910148590532431, "n_estimators": 2947.183744961034}, "datetime": {"datetime": "2023-01-26 20:48:28", "elapsed": 12062.170478, "delta": 82.921722}}
{"target": -8454.789982927232, "params": {"criterion": 0.26247040826646373, "max_features": 0.2781144568883003, "min_samples_split": 0.7710170410567929, "n_estimators": 3690.696817102958}, "datetime": {"datetime": "2023-01-26 20:50:03", "elapsed": 12157.282387, "delta": 95.111909}}
{"target": -8454.71335576436, "params": {"criterion": 0.26137635796184333, "max_features": 0.4747738315922071, "min_samples_split": 0.7731569794279111, "n_estimators": 744.2108478976048}, "datetime": {"datetime": "2023-01-26 20:50:28", "elapsed": 12182.795237, "delta": 25.51285}}
{"target": -3797.507466186797, "params": {"criterion": 1.6134435183185367, "max_features": 0.7995047114275897, "min_samples_split": 0.2725716707559369, "n_estimators": 2875.9332799459085}, "datetime": {"datetime": "2023-01-26 20:53:12", "elapsed": 12345.918339, "delta": 163.123102}}
{"target": -4654.149436265067, "params": {"criterion": 1.430007243652914, "max_features": 0.6375703086171238, "min_samples_split": 0.4407489100023183, "n_estimators": 3499.313084883367}, "datetime": {"datetime": "2023-01-26 20:55:51", "elapsed": 12505.502946, "delta": 159.584607}}
{"target": -1688.113393033384, "params": {"criterion": 2.1546397172409097, "max_features": 0.8008606505578655, "min_samples_split": 0.037414544609536825, "n_estimators": 3426.2934447756084}, "datetime": {"datetime": "2023-01-26 21:02:34", "elapsed": 12908.094811, "delta": 402.591865}}
{"target": -6621.860191753001, "params": {"criterion": 1.4316146806437122, "max_features": 0.2644568639579994, "min_samples_split": 0.6141733944679474, "n_estimators": 4205.781093934361}, "datetime": {"datetime": "2023-01-26 21:04:46", "elapsed": 13040.271737, "delta": 132.176926}}
{"target": -2461.826028116275, "params": {"criterion": 2.2016087235727344, "max_features": 0.445430194090761, "min_samples_split": 0.06794174002468298, "n_estimators": 282.91816161493534}, "datetime": {"datetime": "2023-01-26 21:05:15", "elapsed": 13069.640792, "delta": 29.369055}}
{"target": -4891.94571845845, "params": {"criterion": 1.6773199993510501, "max_features": 0.3140593344952771, "min_samples_split": 0.2679346080649514, "n_estimators": 1254.9885865363851}, "datetime": {"datetime": "2023-01-26 21:06:26", "elapsed": 13140.315977, "delta": 70.675185}}
{"target": -2391.1449280842, "params": {"criterion": 0.05804045010732011, "max_features": 0.30656658479389054, "min_samples_split": 0.03399573262993525, "n_estimators": 4910.990804630603}, "datetime": {"datetime": "2023-01-26 21:11:14", "elapsed": 13427.879079, "delta": 287.563102}}
{"target": -4439.585766193739, "params": {"criterion": 1.0814198819311607, "max_features": 0.8573302001591442, "min_samples_split": 0.41225496103575177, "n_estimators": 1340.5778169187054}, "datetime": {"datetime": "2023-01-26 21:12:33", "elapsed": 13506.824151, "delta": 78.945072}}
{"target": -8454.733053646924, "params": {"criterion": 0.7101089583528332, "max_features": 0.8145388340174422, "min_samples_split": 0.6712226537446065, "n_estimators": 3561.0213374832683}, "datetime": {"datetime": "2023-01-26 21:14:15", "elapsed": 13609.012371, "delta": 102.18822}}
{"target": -4801.453758002752, "params": {"criterion": 2.5593809240298873, "max_features": 0.6093109780404358, "min_samples_split": 0.44278109939078697, "n_estimators": 2813.3673621519683}, "datetime": {"datetime": "2023-01-26 21:16:30", "elapsed": 13744.715154, "delta": 135.702783}}
{"target": -8454.687128753692, "params": {"criterion": 1.9559193457334891, "max_features": 0.8271584786909002, "min_samples_split": 0.8921909978023493, "n_estimators": 1614.6152775273633}, "datetime": {"datetime": "2023-01-26 21:17:23", "elapsed": 13796.826342, "delta": 52.111188}}
{"target": -5514.802458922083, "params": {"criterion": 0.4068157558239811, "max_features": 0.7964010155969461, "min_samples_split": 0.5268278548927684, "n_estimators": 3945.219045726323}, "datetime": {"datetime": "2023-01-26 21:20:05", "elapsed": 13959.483906, "delta": 162.657564}}
{"target": -5574.385107588138, "params": {"criterion": 1.2897353159594311, "max_features": 0.8682690406745275, "min_samples_split": 0.5373465546185449, "n_estimators": 1327.0772724358542}, "datetime": {"datetime": "2023-01-26 21:21:14", "elapsed": 14028.725973, "delta": 69.242067}}
{"target": -4480.816062373926, "params": {"criterion": 0.17667614492117723, "max_features": 0.2577359049125737, "min_samples_split": 0.17426510315281807, "n_estimators": 2252.346317931549}, "datetime": {"datetime": "2023-01-26 21:22:58", "elapsed": 14131.829123, "delta": 103.10315}}
{"target": -5671.162307049528, "params": {"criterion": 2.43272158180281, "max_features": 0.926760382941458, "min_samples_split": 0.5760754938695853, "n_estimators": 1526.6567059237111}, "datetime": {"datetime": "2023-01-26 21:24:16", "elapsed": 14209.860306, "delta": 78.031183}}
{"target": -5510.249339166211, "params": {"criterion": 1.9552939367064683, "max_features": 0.7040270340228476, "min_samples_split": 0.5035740247693871, "n_estimators": 4831.208306546801}, "datetime": {"datetime": "2023-01-26 21:27:25", "elapsed": 14398.832282, "delta": 188.971976}}
{"target": -5715.668418781632, "params": {"criterion": 2.4199927797165097, "max_features": 0.9415698767111925, "min_samples_split": 0.6139123396391051, "n_estimators": 4911.819190081196}, "datetime": {"datetime": "2023-01-26 21:31:05", "elapsed": 14619.241404, "delta": 220.409122}}
{"target": -5738.182350628619, "params": {"criterion": 2.144892368740394, "max_features": 0.18965249782340976, "min_samples_split": 0.28818795187761237, "n_estimators": 4222.853421758924}, "datetime": {"datetime": "2023-01-26 21:33:33", "elapsed": 14767.463241, "delta": 148.221837}}
{"target": -3510.631876026063, "params": {"criterion": 1.3294869433733394, "max_features": 0.3240294969389367, "min_samples_split": 0.1146042068038183, "n_estimators": 4009.6149205040306}, "datetime": {"datetime": "2023-01-26 21:36:51", "elapsed": 14965.037328, "delta": 197.574087}}
{"target": -4163.010201790568, "params": {"criterion": 1.9466505638216967, "max_features": 0.5927143168743665, "min_samples_split": 0.28568308019051875, "n_estimators": 3219.809559578419}, "datetime": {"datetime": "2023-01-26 21:39:35", "elapsed": 15128.897123, "delta": 163.859795}}
{"target": -8454.74273875253, "params": {"criterion": 1.1049888818001374, "max_features": 0.6236069189081382, "min_samples_split": 0.7620143886194799, "n_estimators": 4215.448657656464}, "datetime": {"datetime": "2023-01-26 21:41:25", "elapsed": 15239.620936, "delta": 110.723813}}
{"target": -8426.844035663886, "params": {"criterion": 0.31486174032386166, "max_features": 0.5999773987978264, "min_samples_split": 0.6454595650116269, "n_estimators": 850.0273898380296}, "datetime": {"datetime": "2023-01-26 21:42:01", "elapsed": 15275.174092, "delta": 35.553156}}
{"target": -8454.65515563887, "params": {"criterion": 0.005278771348168882, "max_features": 0.9730623480038814, "min_samples_split": 0.8078049599584393, "n_estimators": 1442.9311878810106}, "datetime": {"datetime": "2023-01-26 21:42:56", "elapsed": 15330.268779, "delta": 55.094687}}
{"target": -6237.065149984702, "params": {"criterion": 0.8372409122556705, "max_features": 0.2812208399775495, "min_samples_split": 0.4806921273378589, "n_estimators": 4668.279695936556}, "datetime": {"datetime": "2023-01-26 21:45:27", "elapsed": 15481.185905, "delta": 150.917126}}
{"target": -5252.313056431432, "params": {"criterion": 2.744690784562229, "max_features": 0.3819239847176367, "min_samples_split": 0.3948793247565907, "n_estimators": 4854.173698110287}, "datetime": {"datetime": "2023-01-26 21:48:40", "elapsed": 15674.051698, "delta": 192.865793}}
{"target": -8454.738948007101, "params": {"criterion": 0.8268313388479238, "max_features": 0.9491965285994217, "min_samples_split": 0.7689583545921017, "n_estimators": 4435.1215717196965}, "datetime": {"datetime": "2023-01-26 21:50:36", "elapsed": 15790.574768, "delta": 116.52307}}
{"target": -8454.756324543527, "params": {"criterion": 2.6129278252344763, "max_features": 0.3023033289325551, "min_samples_split": 0.7891309501675913, "n_estimators": 4555.189003790398}, "datetime": {"datetime": "2023-01-26 21:52:35", "elapsed": 15909.315516, "delta": 118.740748}}
{"target": -4037.586410533564, "params": {"criterion": 2.514427828537262, "max_features": 0.764606858078413, "min_samples_split": 0.30741794265375694, "n_estimators": 1833.544318377848}, "datetime": {"datetime": "2023-01-26 21:54:34", "elapsed": 16027.953153, "delta": 118.637637}}
{"target": -4662.459765812494, "params": {"criterion": 0.7090365503318125, "max_features": 0.25598853801780064, "min_samples_split": 0.19453927868717377, "n_estimators": 3117.458589298872}, "datetime": {"datetime": "2023-01-26 21:56:39", "elapsed": 16153.734986, "delta": 125.781833}}
{"target": -5566.319170309611, "params": {"criterion": 2.7961578183277713, "max_features": 0.7474840461428396, "min_samples_split": 0.5628344772949155, "n_estimators": 1392.403397521457}, "datetime": {"datetime": "2023-01-26 21:57:54", "elapsed": 16228.189038, "delta": 74.454052}}
{"target": -3844.497589782021, "params": {"criterion": 1.581387927966811, "max_features": 0.8400975447914999, "min_samples_split": 0.2951168787272174, "n_estimators": 998.3588977415543}, "datetime": {"datetime": "2023-01-26 21:59:01", "elapsed": 16295.432757, "delta": 67.243719}}
{"target": -1694.7689264351866, "params": {"criterion": 0.05919540527391118, "max_features": 0.7901841490663064, "min_samples_split": 0.03838574550499944, "n_estimators": 2225.030377971858}, "datetime": {"datetime": "2023-01-26 22:03:15", "elapsed": 16549.719444, "delta": 254.286687}}
{"target": -6730.856226042595, "params": {"criterion": 2.4961710754621147, "max_features": 0.1935755589742064, "min_samples_split": 0.5093335244358358, "n_estimators": 2449.788630692139}, "datetime": {"datetime": "2023-01-26 22:04:59", "elapsed": 16653.02489, "delta": 103.305446}}
{"target": -5864.519702760657, "params": {"criterion": 0.08896185689910492, "max_features": 0.19191615867892364, "min_samples_split": 0.33187763143444743, "n_estimators": 401.0122851659453}, "datetime": {"datetime": "2023-01-26 22:05:24", "elapsed": 16678.681698, "delta": 25.656808}}
{"target": -4506.428881101497, "params": {"criterion": 1.7944607068186174, "max_features": 0.9067482703559998, "min_samples_split": 0.4121513486088679, "n_estimators": 287.5337746207589}, "datetime": {"datetime": "2023-01-26 22:05:52", "elapsed": 16705.937761, "delta": 27.256063}}
{"target": -8454.755843827128, "params": {"criterion": 0.24251912713203785, "max_features": 0.24953324726809276, "min_samples_split": 0.8093054603547706, "n_estimators": 4023.40061413649}, "datetime": {"datetime": "2023-01-26 22:07:44", "elapsed": 16818.246675, "delta": 112.308914}}
{"target": -8454.722362232578, "params": {"criterion": 0.050727743082987636, "max_features": 0.8866184008723397, "min_samples_split": 0.911217964307578, "n_estimators": 2064.295754712294}, "datetime": {"datetime": "2023-01-26 22:08:51", "elapsed": 16884.992802, "delta": 66.746127}}
{"target": -5587.250420243812, "params": {"criterion": 0.8606434059432895, "max_features": 0.8717008375494409, "min_samples_split": 0.617021144066821, "n_estimators": 788.9337612484316}, "datetime": {"datetime": "2023-01-26 22:09:37", "elapsed": 16931.240686, "delta": 46.247884}}
{"target": -8454.84467708717, "params": {"criterion": 0.6862439655863761, "max_features": 0.8704363500410891, "min_samples_split": 0.8442896018134965, "n_estimators": 1178.7153675651296}, "datetime": {"datetime": "2023-01-26 22:10:32", "elapsed": 16985.853169, "delta": 54.612483}}
{"target": -5653.526188310467, "params": {"criterion": 2.433331805492511, "max_features": 0.6206764396289449, "min_samples_split": 0.6104063632926368, "n_estimators": 2666.96242731878}, "datetime": {"datetime": "2023-01-26 22:12:27", "elapsed": 17101.517983, "delta": 115.664814}}
{"target": -2990.268470145717, "params": {"criterion": 1.9188234825718382, "max_features": 0.18678911782479785, "min_samples_split": 0.0248338356589364, "n_estimators": 3481.1292880469905}, "datetime": {"datetime": "2023-01-26 22:15:40", "elapsed": 17294.024194, "delta": 192.506211}}
{"target": -3884.0525071821476, "params": {"criterion": 0.514761899384684, "max_features": 0.7498110317490339, "min_samples_split": 0.28530856999718845, "n_estimators": 370.0190118302732}, "datetime": {"datetime": "2023-01-26 22:16:12", "elapsed": 17326.288517, "delta": 32.264323}}
{"target": -4725.3173900631255, "params": {"criterion": 1.7466104854677695, "max_features": 0.4243840492431744, "min_samples_split": 0.32285157234818956, "n_estimators": 4838.248000489482}, "datetime": {"datetime": "2023-01-26 22:19:37", "elapsed": 17531.127177, "delta": 204.83866}}
{"target": -2823.5773261340064, "params": {"criterion": 0.5847845008827819, "max_features": 0.4665450568917653, "min_samples_split": 0.10409326229768696, "n_estimators": 2068.731077124996}, "datetime": {"datetime": "2023-01-26 22:21:56", "elapsed": 17669.870477, "delta": 138.7433}}
{"target": -8454.717667509163, "params": {"criterion": 0.2785336504973647, "max_features": 0.5952465453581396, "min_samples_split": 0.7425422227965518, "n_estimators": 125.92349492997619}, "datetime": {"datetime": "2023-01-26 22:22:07", "elapsed": 17681.465769, "delta": 11.595292}}
{"target": -8454.74425025459, "params": {"criterion": 0.27047449041817784, "max_features": 0.22850042217502592, "min_samples_split": 0.8842487982337602, "n_estimators": 4929.370697598968}, "datetime": {"datetime": "2023-01-26 22:24:21", "elapsed": 17815.087958, "delta": 133.622189}}
{"target": -8454.837014548799, "params": {"criterion": 1.5604720394139333, "max_features": 0.3447657147154165, "min_samples_split": 0.9332616464198026, "n_estimators": 3307.5311963764707}, "datetime": {"datetime": "2023-01-26 22:26:05", "elapsed": 17919.628609, "delta": 104.540651}}
{"target": -8454.711079377501, "params": {"criterion": 2.375296062305545, "max_features": 0.6004550781378465, "min_samples_split": 0.7881542500007445, "n_estimators": 1740.5039852068494}, "datetime": {"datetime": "2023-01-26 22:27:15", "elapsed": 17988.894747, "delta": 69.266138}}
{"target": -865.0577252637484, "params": {"criterion": 0.33974807793872736, "max_features": 0.9221924874091831, "min_samples_split": 0.004323068725705326, "n_estimators": 460.1690149731259}, "datetime": {"datetime": "2023-01-26 22:28:42", "elapsed": 18076.407446, "delta": 87.512699}}
{"target": -3852.172695470216, "params": {"criterion": 0.39686086272969145, "max_features": 0.9527118506636139, "min_samples_split": 0.3029691003053739, "n_estimators": 1145.2339507834856}, "datetime": {"datetime": "2023-01-26 22:30:12", "elapsed": 18166.153025, "delta": 89.745579}}
{"target": -5786.036727952443, "params": {"criterion": 0.7669620912913255, "max_features": 0.26098172452920726, "min_samples_split": 0.4018175234224969, "n_estimators": 3682.035437742927}, "datetime": {"datetime": "2023-01-26 22:32:25", "elapsed": 18299.519788, "delta": 133.366763}}
{"target": -4346.7043412452595, "params": {"criterion": 1.9445649847312483, "max_features": 0.38762183897839053, "min_samples_split": 0.22749342616903775, "n_estimators": 2529.4991758682963}, "datetime": {"datetime": "2023-01-26 22:34:26", "elapsed": 18420.806772, "delta": 121.286984}}
{"target": -8454.721991468581, "params": {"criterion": 2.5942084238522574, "max_features": 0.7008742654639786, "min_samples_split": 0.7544415764132831, "n_estimators": 2241.903637211886}, "datetime": {"datetime": "2023-01-26 22:35:47", "elapsed": 18501.524905, "delta": 80.718133}}
{"target": -3998.3753063822887, "params": {"criterion": 1.200596249519321, "max_features": 0.7735046423348756, "min_samples_split": 0.37239410569643216, "n_estimators": 2807.730348956572}, "datetime": {"datetime": "2023-01-26 22:38:36", "elapsed": 18669.99112, "delta": 168.466215}}
{"target": -3949.155468507196, "params": {"criterion": 0.24138280570983855, "max_features": 0.6683503751129959, "min_samples_split": 0.2809652826398205, "n_estimators": 3737.993172940564}, "datetime": {"datetime": "2023-01-26 22:42:07", "elapsed": 18881.72996, "delta": 211.73884}}
{"target": -3597.8283403761575, "params": {"criterion": 0.896451707238384, "max_features": 0.8018042266534796, "min_samples_split": 0.22641486599123625, "n_estimators": 121.59746012303972}, "datetime": {"datetime": "2023-01-26 22:42:24", "elapsed": 18898.759457, "delta": 17.029497}}
{"target": -3887.433946714749, "params": {"criterion": 0.4193268649334888, "max_features": 0.4243390709391558, "min_samples_split": 0.19565469748750652, "n_estimators": 2789.5219854301686}, "datetime": {"datetime": "2023-01-26 22:44:48", "elapsed": 19042.766777, "delta": 144.00732}}
{"target": -5493.719997212197, "params": {"criterion": 0.6299555110531286, "max_features": 0.8189337819461582, "min_samples_split": 0.48468296706166736, "n_estimators": 3232.767924344089}, "datetime": {"datetime": "2023-01-26 22:47:26", "elapsed": 19200.461518, "delta": 157.694741}}
{"target": -8454.794973857428, "params": {"criterion": 0.5030721526734248, "max_features": 0.9384336160759532, "min_samples_split": 0.7172964833730315, "n_estimators": 858.5866963410176}, "datetime": {"datetime": "2023-01-26 22:48:08", "elapsed": 19242.15232, "delta": 41.690802}}
{"target": -8454.683861438098, "params": {"criterion": 2.170828454097598, "max_features": 0.3349504712210846, "min_samples_split": 0.8295986323304279, "n_estimators": 1063.5446403647964}, "datetime": {"datetime": "2023-01-26 22:48:52", "elapsed": 19286.134395, "delta": 43.982075}}
{"target": -3736.839170698879, "params": {"criterion": 2.883805877268236, "max_features": 0.6301945874384058, "min_samples_split": 0.22291902701611296, "n_estimators": 1142.3607835193063}, "datetime": {"datetime": "2023-01-26 22:50:14", "elapsed": 19368.324259, "delta": 82.189864}}
{"target": -3979.5373050703033, "params": {"criterion": 1.8839010884230794, "max_features": 0.7002304412966796, "min_samples_split": 0.3033183814784046, "n_estimators": 4100.201982121986}, "datetime": {"datetime": "2023-01-26 22:53:56", "elapsed": 19590.283607, "delta": 221.959348}}
{"target": -3739.309087685914, "params": {"criterion": 1.2571282453549821, "max_features": 0.8478429572573354, "min_samples_split": 0.26526212752691886, "n_estimators": 4918.784809877085}, "datetime": {"datetime": "2023-01-26 22:59:03", "elapsed": 19897.78639, "delta": 307.502783}}
