{"target": -2566.871389664003, "params": {"criterion": 1.1081739111493714, "max_features": 0.6486849577032353, "min_samples_split": 0.1178626265880337, "n_estimators": 3705.531340724547}, "datetime": {"datetime": "2023-01-27 11:54:13", "elapsed": 66407.306893, "delta": 361.097788}}
{"target": -6628.954513314532, "params": {"criterion": 2.6327331666996368, "max_features": 0.2576390251202683, "min_samples_split": 0.6044261678359564, "n_estimators": 4492.76375571289}, "datetime": {"datetime": "2023-01-27 11:57:21", "elapsed": 66594.931195, "delta": 187.624302}}
{"target": -8454.69556976322, "params": {"criterion": 2.3786930901053664, "max_features": 0.9849063892873017, "min_samples_split": 0.8743500069141634, "n_estimators": 1181.8090904248745}, "datetime": {"datetime": "2023-01-27 11:58:17", "elapsed": 66650.902328, "delta": 55.971133}}
{"target": -5565.484292463482, "params": {"criterion": 0.8922773098633229, "max_features": 0.919393372328843, "min_samples_split": 0.48308696325575834, "n_estimators": 2069.1542292122635}, "datetime": {"datetime": "2023-01-27 12:00:16", "elapsed": 66770.289675, "delta": 119.387347}}
{"target": -5297.72694677737, "params": {"criterion": 2.1244257936919273, "max_features": 0.4428779994688258, "min_samples_split": 0.4452811818028205, "n_estimators": 2267.8426575216527}, "datetime": {"datetime": "2023-01-27 12:02:23", "elapsed": 66897.752492, "delta": 127.462817}}
{"target": -8454.872095450559, "params": {"criterion": 0.4921895644063015, "max_features": 0.23386767686266335, "min_samples_split": 0.6797198067664003, "n_estimators": 413.3809871472261}, "datetime": {"datetime": "2023-01-27 12:02:49", "elapsed": 66923.58152, "delta": 25.829028}}
{"target": -5546.8092872326615, "params": {"criterion": 0.702845047400951, "max_features": 0.838386979979363, "min_samples_split": 0.5460523909390094, "n_estimators": 1905.2166427824477}, "datetime": {"datetime": "2023-01-27 12:04:52", "elapsed": 67045.993401, "delta": 122.411881}}
{"target": -2751.282083691639, "params": {"criterion": 1.0381459218179092, "max_features": 0.24914565917449608, "min_samples_split": 0.03483256452648265, "n_estimators": 1105.7214304180923}, "datetime": {"datetime": "2023-01-27 12:06:24", "elapsed": 67138.500154, "delta": 92.506753}}
{"target": -5592.083259299435, "params": {"criterion": 1.449360120036826, "max_features": 0.8778974841896197, "min_samples_split": 0.619098735941506, "n_estimators": 1705.1120416312183}, "datetime": {"datetime": "2023-01-27 12:08:12", "elapsed": 67245.966699, "delta": 107.466545}}
{"target": -1388.0392327676013, "params": {"criterion": 1.4513831149454774, "max_features": 0.41374465963465057, "min_samples_split": 0.007688526719873094, "n_estimators": 591.1168344961936}, "datetime": {"datetime": "2023-01-27 12:09:31", "elapsed": 67325.467305, "delta": 79.500606}}
{"target": -8454.732944693626, "params": {"criterion": 0.0978345993616829, "max_features": 0.2085275863057546, "min_samples_split": 0.7086469571464326, "n_estimators": 3015.886835619931}, "datetime": {"datetime": "2023-01-27 12:11:18", "elapsed": 67432.282318, "delta": 106.815013}}
{"target": -1840.44010260512, "params": {"criterion": 0.17520151463055628, "max_features": 0.6822246999024575, "min_samples_split": 0.048841529189961506, "n_estimators": 2857.4635653494156}, "datetime": {"datetime": "2023-01-27 12:17:21", "elapsed": 67795.463686, "delta": 363.181368}}
{"target": -3661.999725564846, "params": {"criterion": 0.7985740670463551, "max_features": 0.8867931258395233, "min_samples_split": 0.24046225667474433, "n_estimators": 3968.5699335725158}, "datetime": {"datetime": "2023-01-27 12:22:57", "elapsed": 68131.344087, "delta": 335.880401}}
{"target": -8454.764809982971, "params": {"criterion": 2.747797923942985, "max_features": 0.5584793090522251, "min_samples_split": 0.716053074341432, "n_estimators": 3804.3692445826155}, "datetime": {"datetime": "2023-01-27 12:25:11", "elapsed": 68265.553819, "delta": 134.209732}}
{"target": -8454.63861132276, "params": {"criterion": 1.1110695289620172, "max_features": 0.7488548178129187, "min_samples_split": 0.858746454883917, "n_estimators": 2792.81846645015}, "datetime": {"datetime": "2023-01-27 12:26:54", "elapsed": 68368.259698, "delta": 102.705879}}
{"target": -8454.773761735463, "params": {"criterion": 0.13160152472213613, "max_features": 0.7031315490050791, "min_samples_split": 0.9791761300000655, "n_estimators": 1861.6472503445823}, "datetime": {"datetime": "2023-01-27 12:28:06", "elapsed": 68440.529365, "delta": 72.269667}}
{"target": -8454.575094120015, "params": {"criterion": 0.5434868063930622, "max_features": 0.40961017951779577, "min_samples_split": 0.8297152022001789, "n_estimators": 956.0432463978449}, "datetime": {"datetime": "2023-01-27 12:28:54", "elapsed": 68487.948922, "delta": 47.419557}}
{"target": -4873.50233285898, "params": {"criterion": 0.037558775749276054, "max_features": 0.35712955213677244, "min_samples_split": 0.29239262631141827, "n_estimators": 1050.8054703036835}, "datetime": {"datetime": "2023-01-27 12:29:57", "elapsed": 68551.502928, "delta": 63.554006}}
{"target": -4062.782803311921, "params": {"criterion": 0.2580864338909785, "max_features": 0.6877473550468894, "min_samples_split": 0.3238221682389071, "n_estimators": 2021.327364257659}, "datetime": {"datetime": "2023-01-27 12:32:23", "elapsed": 68697.045001, "delta": 145.542073}}
{"target": -5582.847746710389, "params": {"criterion": 1.938353649023679, "max_features": 0.6105408363643747, "min_samples_split": 0.54058144466169, "n_estimators": 1460.60263327796}, "datetime": {"datetime": "2023-01-27 12:33:53", "elapsed": 68787.275228, "delta": 90.230227}}
{"target": -6047.789109011161, "params": {"criterion": 1.6544577174945698, "max_features": 0.44069067291378305, "min_samples_split": 0.6245991627490282, "n_estimators": 4807.081929867542}, "datetime": {"datetime": "2023-01-27 12:37:29", "elapsed": 69003.564756, "delta": 216.289528}}
{"target": -3410.972673101432, "params": {"criterion": 2.3351695368752714, "max_features": 0.5991364539573696, "min_samples_split": 0.1905659346787573, "n_estimators": 411.6323368814424}, "datetime": {"datetime": "2023-01-27 12:38:13", "elapsed": 69046.942088, "delta": 43.377332}}
{"target": -8454.728818662476, "params": {"criterion": 2.9759161815569395, "max_features": 0.7857052238062486, "min_samples_split": 0.7445828584555225, "n_estimators": 3341.617456618979}, "datetime": {"datetime": "2023-01-27 12:40:13", "elapsed": 69167.291548, "delta": 120.34946}}
{"target": -8454.759426420229, "params": {"criterion": 0.2511154995835459, "max_features": 0.8055944249332977, "min_samples_split": 0.9561155880584152, "n_estimators": 1198.9348864117972}, "datetime": {"datetime": "2023-01-27 12:41:07", "elapsed": 69221.238803, "delta": 53.947255}}
{"target": -8454.731002593515, "params": {"criterion": 1.268296866940795, "max_features": 0.3378325998707807, "min_samples_split": 0.8965609106482452, "n_estimators": 2793.880325667049}, "datetime": {"datetime": "2023-01-27 12:42:45", "elapsed": 69319.197115, "delta": 97.958312}}
{"target": -8454.86077251819, "params": {"criterion": 2.9381240416137206, "max_features": 0.36653825057507483, "min_samples_split": 0.7765369830806994, "n_estimators": 1065.664233578827}, "datetime": {"datetime": "2023-01-27 12:43:32", "elapsed": 69366.103575, "delta": 46.90646}}
{"target": -4159.843184793055, "params": {"criterion": 0.9434339461164196, "max_features": 0.3713938808242876, "min_samples_split": 0.2095681353099835, "n_estimators": 3880.470922412081}, "datetime": {"datetime": "2023-01-27 12:47:17", "elapsed": 69591.594836, "delta": 225.491261}}
{"target": -5439.36831540438, "params": {"criterion": 2.105240886582049, "max_features": 0.3885305224810378, "min_samples_split": 0.41724975380547114, "n_estimators": 3077.7730750638066}, "datetime": {"datetime": "2023-01-27 12:49:47", "elapsed": 69741.731123, "delta": 150.136287}}
{"target": -8454.722634386693, "params": {"criterion": 0.20640073346902701, "max_features": 0.41031081315045703, "min_samples_split": 0.8932311779090083, "n_estimators": 4995.055911871368}, "datetime": {"datetime": "2023-01-27 12:52:38", "elapsed": 69912.588192, "delta": 170.857069}}
{"target": -4439.154527306554, "params": {"criterion": 0.2249605968257031, "max_features": 0.3464865508359062, "min_samples_split": 0.22474791190573304, "n_estimators": 2409.9215599489335}, "datetime": {"datetime": "2023-01-27 12:55:06", "elapsed": 70060.208485, "delta": 147.620293}}
{"target": -2786.5074231997014, "params": {"criterion": 0.48776500744697954, "max_features": 0.9971636274558962, "min_samples_split": 0.1326015599394, "n_estimators": 2633.880680885738}, "datetime": {"datetime": "2023-01-27 13:00:27", "elapsed": 70381.275713, "delta": 321.067228}}
{"target": -3348.8523236829724, "params": {"criterion": 1.0068231906849057, "max_features": 0.6734153148607896, "min_samples_split": 0.1989981104521574, "n_estimators": 1542.3073605188013}, "datetime": {"datetime": "2023-01-27 13:02:36", "elapsed": 70509.814861, "delta": 128.539148}}
{"target": -8454.79369714517, "params": {"criterion": 1.8645646780710936, "max_features": 0.6092672193504207, "min_samples_split": 0.7707734043347145, "n_estimators": 2265.585503089063}, "datetime": {"datetime": "2023-01-27 13:04:02", "elapsed": 70596.418734, "delta": 86.603873}}
{"target": -5202.216277734371, "params": {"criterion": 1.172022794954046, "max_features": 0.2909493619218716, "min_samples_split": 0.3040691046059208, "n_estimators": 4914.295740765094}, "datetime": {"datetime": "2023-01-27 13:07:44", "elapsed": 70818.749443, "delta": 222.330709}}
{"target": -3165.75050201587, "params": {"criterion": 0.22190545385608806, "max_features": 0.36169054669895384, "min_samples_split": 0.09920292985117979, "n_estimators": 3672.6530126468797}, "datetime": {"datetime": "2023-01-27 13:11:51", "elapsed": 71065.791641, "delta": 247.042198}}
{"target": -4450.610354755488, "params": {"criterion": 1.4262954230802916, "max_features": 0.45063343285663626, "min_samples_split": 0.27633514612998056, "n_estimators": 3561.67968073362}, "datetime": {"datetime": "2023-01-27 13:15:06", "elapsed": 71260.646934, "delta": 194.855293}}
{"target": -5394.368327950764, "params": {"criterion": 1.6406368642040503, "max_features": 0.7661178055794058, "min_samples_split": 0.47987244272712926, "n_estimators": 349.5835440789481}, "datetime": {"datetime": "2023-01-27 13:15:38", "elapsed": 71291.999566, "delta": 31.352632}}
{"target": -5548.135600117375, "params": {"criterion": 0.5143209170610314, "max_features": 0.6465239575105126, "min_samples_split": 0.49545528110284054, "n_estimators": 112.29855693125077}, "datetime": {"datetime": "2023-01-27 13:15:49", "elapsed": 71303.733785, "delta": 11.734219}}
{"target": -3698.321504334738, "params": {"criterion": 1.205880267964569, "max_features": 0.6283095776358989, "min_samples_split": 0.2226152350385685, "n_estimators": 1208.7566836078063}, "datetime": {"datetime": "2023-01-27 13:17:27", "elapsed": 71401.441423, "delta": 97.707638}}
{"target": -1194.3079568717678, "params": {"criterion": 2.47315390594753, "max_features": 0.7685522992039961, "min_samples_split": 0.013629991699797584, "n_estimators": 3131.9441050367673}, "datetime": {"datetime": "2023-01-27 13:27:17", "elapsed": 71990.836186, "delta": 589.394763}}
{"target": -8454.582608261122, "params": {"criterion": 2.9476858790936578, "max_features": 0.34883941267454044, "min_samples_split": 0.713871230623125, "n_estimators": 514.5864220992502}, "datetime": {"datetime": "2023-01-27 13:27:41", "elapsed": 72015.781801, "delta": 24.945615}}
{"target": -1164.6506194219428, "params": {"criterion": 0.10825552108398835, "max_features": 0.5998652728845147, "min_samples_split": 0.008916238360875886, "n_estimators": 3066.3150413530193}, "datetime": {"datetime": "2023-01-27 13:34:51", "elapsed": 72445.737261, "delta": 429.95546}}
{"target": -8454.72839495191, "params": {"criterion": 1.3074001562855606, "max_features": 0.4491973854621283, "min_samples_split": 0.794706070586019, "n_estimators": 4094.817755348693}, "datetime": {"datetime": "2023-01-27 13:36:52", "elapsed": 72565.897695, "delta": 120.160434}}
{"target": -5651.281755608679, "params": {"criterion": 1.0865299770576107, "max_features": 0.5826818376163285, "min_samples_split": 0.5728840268570826, "n_estimators": 4182.38073750867}, "datetime": {"datetime": "2023-01-27 13:39:58", "elapsed": 72752.27894, "delta": 186.381245}}
{"target": -8454.781375021, "params": {"criterion": 0.859501017528206, "max_features": 0.36090176734473634, "min_samples_split": 0.7826179915517961, "n_estimators": 934.8798617368063}, "datetime": {"datetime": "2023-01-27 13:40:43", "elapsed": 72796.991345, "delta": 44.712405}}
{"target": -5707.433742661133, "params": {"criterion": 0.18605699630068964, "max_features": 0.9923432700897088, "min_samples_split": 0.5485473667868731, "n_estimators": 1286.0846189420947}, "datetime": {"datetime": "2023-01-27 13:42:06", "elapsed": 72880.734907, "delta": 83.743562}}
{"target": -8454.73514842178, "params": {"criterion": 2.8169230796650173, "max_features": 0.7173247830040682, "min_samples_split": 0.7995541293608808, "n_estimators": 4902.385867540321}, "datetime": {"datetime": "2023-01-27 13:44:41", "elapsed": 73035.723336, "delta": 154.988429}}
{"target": -5316.854521905916, "params": {"criterion": 2.8178728821847128, "max_features": 0.2803289521814709, "min_samples_split": 0.3195637548209187, "n_estimators": 2928.5156562927054}, "datetime": {"datetime": "2023-01-27 13:47:07", "elapsed": 73181.07973, "delta": 145.356394}}
{"target": -8454.687028093158, "params": {"criterion": 1.4341497359697013, "max_features": 0.6812148561451757, "min_samples_split": 0.701442241300323, "n_estimators": 1716.3988609300784}, "datetime": {"datetime": "2023-01-27 13:48:13", "elapsed": 73247.668681, "delta": 66.588951}}
{"target": -921.8241033814418, "params": {"criterion": 2.932287456939098, "max_features": 0.9535223435091333, "min_samples_split": 0.005605576770511807, "n_estimators": 2446.7129942315455}, "datetime": {"datetime": "2023-01-27 13:58:30", "elapsed": 73864.304822, "delta": 616.636141}}
{"target": -8454.791726916821, "params": {"criterion": 2.0517439605729053, "max_features": 0.6619064866819483, "min_samples_split": 0.9792249389276744, "n_estimators": 3893.801265767819}, "datetime": {"datetime": "2023-01-27 14:00:32", "elapsed": 73985.988774, "delta": 121.683952}}
{"target": -4384.750208141046, "params": {"criterion": 0.8189703634776158, "max_features": 0.5636573277745739, "min_samples_split": 0.3379605962875215, "n_estimators": 2963.2642461460205}, "datetime": {"datetime": "2023-01-27 14:03:32", "elapsed": 74165.856503, "delta": 179.867729}}
{"target": -6322.195691422779, "params": {"criterion": 1.8146620174468922, "max_features": 0.2875952455614911, "min_samples_split": 0.523307304455879, "n_estimators": 1511.7083672040205}, "datetime": {"datetime": "2023-01-27 14:04:39", "elapsed": 74233.553159, "delta": 67.696656}}
{"target": -4757.955153245474, "params": {"criterion": 1.7448015043778367, "max_features": 0.4686064391956688, "min_samples_split": 0.38741871617344015, "n_estimators": 302.57765779160843}, "datetime": {"datetime": "2023-01-27 14:05:05", "elapsed": 74259.666001, "delta": 26.112842}}
{"target": -3153.335487014708, "params": {"criterion": 1.600310350177151, "max_features": 0.2390800022415577, "min_samples_split": 0.05803920064394011, "n_estimators": 1643.0652030807062}, "datetime": {"datetime": "2023-01-27 14:07:01", "elapsed": 74375.57934, "delta": 115.913339}}
{"target": -5473.526773538507, "params": {"criterion": 1.6264389793788656, "max_features": 0.3930183909431701, "min_samples_split": 0.4446515172744282, "n_estimators": 1848.385472553283}, "datetime": {"datetime": "2023-01-27 14:08:37", "elapsed": 74471.082593, "delta": 95.503253}}
{"target": -4394.925834404151, "params": {"criterion": 1.17910286476573, "max_features": 0.5752656335853137, "min_samples_split": 0.3706876063807192, "n_estimators": 4618.780798911551}, "datetime": {"datetime": "2023-01-27 14:13:15", "elapsed": 74749.182187, "delta": 278.099594}}
{"target": -3339.6771836313264, "params": {"criterion": 1.9162253586682207, "max_features": 0.4235639424442774, "min_samples_split": 0.1390659816493339, "n_estimators": 2085.7938267829923}, "datetime": {"datetime": "2023-01-27 14:15:46", "elapsed": 74900.212992, "delta": 151.030805}}
{"target": -4406.005372376354, "params": {"criterion": 2.6700064088851354, "max_features": 0.28356237838883297, "min_samples_split": 0.18353628305774275, "n_estimators": 337.0776591069839}, "datetime": {"datetime": "2023-01-27 14:16:19", "elapsed": 74933.292491, "delta": 33.079499}}
{"target": -8454.832846630026, "params": {"criterion": 2.1766393074919232, "max_features": 0.5167937499765022, "min_samples_split": 0.667902455531, "n_estimators": 2917.8544829662433}, "datetime": {"datetime": "2023-01-27 14:18:03", "elapsed": 75037.518916, "delta": 104.226425}}
{"target": -8454.726715397817, "params": {"criterion": 1.2903362401996261, "max_features": 0.5362776846040123, "min_samples_split": 0.8673230234617927, "n_estimators": 3240.665341459111}, "datetime": {"datetime": "2023-01-27 14:19:56", "elapsed": 75150.034656, "delta": 112.51574}}
{"target": -8454.758721508286, "params": {"criterion": 0.19150008375536384, "max_features": 0.21381380618565787, "min_samples_split": 0.7666931882953124, "n_estimators": 4611.093703486355}, "datetime": {"datetime": "2023-01-27 14:22:28", "elapsed": 75302.036933, "delta": 152.002277}}
{"target": -5611.028221902007, "params": {"criterion": 1.3557488429174034, "max_features": 0.9216213212454193, "min_samples_split": 0.5313526589435588, "n_estimators": 986.3947565353184}, "datetime": {"datetime": "2023-01-27 14:23:46", "elapsed": 75379.930301, "delta": 77.893368}}
{"target": -5166.004868318914, "params": {"criterion": 0.23279073482145762, "max_features": 0.4574569198116121, "min_samples_split": 0.429167714791638, "n_estimators": 3959.8020844642188}, "datetime": {"datetime": "2023-01-27 14:27:10", "elapsed": 75584.180552, "delta": 204.250251}}
{"target": -1380.1782401379398, "params": {"criterion": 0.593536092653527, "max_features": 0.6383795282402893, "min_samples_split": 0.018990152468457453, "n_estimators": 4359.612056354189}, "datetime": {"datetime": "2023-01-27 14:37:21", "elapsed": 76194.81311, "delta": 610.632558}}
{"target": -5574.819099584876, "params": {"criterion": 0.7838022715812067, "max_features": 0.8896474988171209, "min_samples_split": 0.5789946305627214, "n_estimators": 1933.0694636953053}, "datetime": {"datetime": "2023-01-27 14:39:21", "elapsed": 76315.255802, "delta": 120.442692}}
{"target": -2918.736719173176, "params": {"criterion": 0.46297024747783294, "max_features": 0.7232472252867386, "min_samples_split": 0.15573843343379298, "n_estimators": 2099.1530246035927}, "datetime": {"datetime": "2023-01-27 14:42:44", "elapsed": 76518.010181, "delta": 202.754379}}
{"target": -8454.79838770298, "params": {"criterion": 0.7992775872480592, "max_features": 0.6948848854272954, "min_samples_split": 0.7169995196050437, "n_estimators": 3855.44400575061}, "datetime": {"datetime": "2023-01-27 14:45:00", "elapsed": 76654.183199, "delta": 136.173018}}
{"target": -8454.69698579003, "params": {"criterion": 2.7536408396306906, "max_features": 0.1855824091399128, "min_samples_split": 0.69876658085694, "n_estimators": 2505.4111444856835}, "datetime": {"datetime": "2023-01-27 14:46:30", "elapsed": 76744.748102, "delta": 90.564903}}
{"target": -8429.267099801398, "params": {"criterion": 2.3559728787525422, "max_features": 0.39139138835148457, "min_samples_split": 0.6449986066449684, "n_estimators": 477.9633608014065}, "datetime": {"datetime": "2023-01-27 14:47:02", "elapsed": 76775.819069, "delta": 31.070967}}
{"target": -5611.460730979177, "params": {"criterion": 0.7311141648208016, "max_features": 0.928217248546161, "min_samples_split": 0.5892963001042043, "n_estimators": 202.39511671122875}, "datetime": {"datetime": "2023-01-27 14:47:20", "elapsed": 76794.728224, "delta": 18.909155}}
{"target": -8454.662359538039, "params": {"criterion": 2.1527302926673686, "max_features": 0.3777241774116613, "min_samples_split": 0.7550608081421392, "n_estimators": 3238.2678546011484}, "datetime": {"datetime": "2023-01-27 14:49:15", "elapsed": 76908.920894, "delta": 114.19267}}
{"target": -3557.1053249837737, "params": {"criterion": 2.241392161563882, "max_features": 0.9078206582085317, "min_samples_split": 0.21066974136605093, "n_estimators": 3004.251415570854}, "datetime": {"datetime": "2023-01-27 14:54:36", "elapsed": 77229.891392, "delta": 320.970498}}
{"target": -8454.682563447237, "params": {"criterion": 0.5879359041633647, "max_features": 0.4070921853379346, "min_samples_split": 0.7404621736497592, "n_estimators": 4871.038336054727}, "datetime": {"datetime": "2023-01-27 14:57:20", "elapsed": 77393.911093, "delta": 164.019701}}
{"target": -5762.50352337111, "params": {"criterion": 1.4316899150474185, "max_features": 0.4876598715478361, "min_samples_split": 0.5123311268484363, "n_estimators": 4879.371315729434}, "datetime": {"datetime": "2023-01-27 15:01:13", "elapsed": 77626.948138, "delta": 233.037045}}
{"target": -2820.8694957482453, "params": {"criterion": 0.8384113393010011, "max_features": 0.5489046822769911, "min_samples_split": 0.1289986694031794, "n_estimators": 3955.0635673262345}, "datetime": {"datetime": "2023-01-27 15:06:43", "elapsed": 77956.814857, "delta": 329.866719}}
{"target": -8454.78435325044, "params": {"criterion": 1.0025608393794914, "max_features": 0.6151865576133725, "min_samples_split": 0.6942332846628514, "n_estimators": 3960.938063170419}, "datetime": {"datetime": "2023-01-27 15:08:49", "elapsed": 78083.141207, "delta": 126.32635}}
