{"target": -0.16037517499080917, "params": {"criterion": 0.39274029477320127, "max_depth": 9.486690335326116, "max_features": 0.9602303861605777, "min_samples_split": 0.19620202745524473, "n_estimators": 122.82563122148372}, "datetime": {"datetime": "2022-09-08 20:27:24", "elapsed": 11987.250908, "delta": 9.482136}}
{"target": -0.2829923728719171, "params": {"criterion": 0.10485061783404277, "max_depth": 10.90888166481774, "max_features": 0.035777152182666916, "min_samples_split": 0.3973758424872722, "n_estimators": 118.95771020235762}, "datetime": {"datetime": "2022-09-08 20:27:32", "elapsed": 11995.244429, "delta": 7.993521}}
{"target": -0.13481147645968009, "params": {"criterion": 0.9126719603785757, "max_depth": 10.965996750272838, "max_features": 1.0, "min_samples_split": 0.1, "n_estimators": 123.1990027732445}, "datetime": {"datetime": "2022-09-08 20:27:42", "elapsed": 12005.432306, "delta": 10.187877}}
{"target": -0.2426468087006033, "params": {"criterion": 0.4387885331840701, "max_depth": 11.234676465155422, "max_features": 0.2895544452639536, "min_samples_split": 0.3824688927310207, "n_estimators": 124.83714322832138}, "datetime": {"datetime": "2022-09-08 20:27:50", "elapsed": 12013.840011, "delta": 8.407705}}
{"target": -0.13958994086121973, "params": {"criterion": 0.9289564018738043, "max_depth": 4.616183811333007, "max_features": 1.0, "min_samples_split": 0.1, "n_estimators": 253.5647947646508}, "datetime": {"datetime": "2022-09-08 20:28:06", "elapsed": 12029.72909, "delta": 15.889079}}
{"target": -0.13475272163666713, "params": {"criterion": 2.178336115462832, "max_depth": 12.358941070478185, "max_features": 1.0, "min_samples_split": 0.1, "n_estimators": 220.53418177470567}, "datetime": {"datetime": "2022-09-08 20:28:23", "elapsed": 12047.011828, "delta": 17.282738}}
{"target": -0.1345954822844277, "params": {"criterion": 0.0, "max_depth": 10.03068464957947, "max_features": 1.0, "min_samples_split": 0.1, "n_estimators": 118.69739141135027}, "datetime": {"datetime": "2022-09-08 20:28:33", "elapsed": 12056.810252, "delta": 9.798424}}
{"target": -0.1613519671469187, "params": {"criterion": 2.303337348740649, "max_depth": 13.64812676170637, "max_features": 0.8332762002336099, "min_samples_split": 0.19481533794985345, "n_estimators": 219.79515142094286}, "datetime": {"datetime": "2022-09-08 20:28:49", "elapsed": 12072.483004, "delta": 15.672752}}
{"target": -0.13472070511518813, "params": {"criterion": 2.99, "max_depth": 12.651318452778575, "max_features": 1.0, "min_samples_split": 0.1, "n_estimators": 220.03436815057518}, "datetime": {"datetime": "2022-09-08 20:29:07", "elapsed": 12090.246586, "delta": 17.763582}}
