{"target": -8455.880942607535, "params": {"criterion": 1.2760015352299356, "max_features": 0.7728585770234, "min_samples_split": 0.7604073045115576, "n_estimators": 2784.5203068988976}, "datetime": {"datetime": "2023-02-09 18:41:38", "elapsed": 26244.684729, "delta": 61.987005}}
{"target": -8455.821865965156, "params": {"criterion": 2.419574539108754, "max_features": 0.9185210558767025, "min_samples_split": 0.8374079102416124, "n_estimators": 1642.5452872744872}, "datetime": {"datetime": "2023-02-09 18:42:16", "elapsed": 26282.581062, "delta": 37.896333}}
{"target": -8455.862749736463, "params": {"criterion": 1.6149625266601781, "max_features": 0.6712478793380289, "min_samples_split": 0.9303690169172647, "n_estimators": 3737.4411734717387}, "datetime": {"datetime": "2023-02-09 18:43:39", "elapsed": 26365.666591, "delta": 83.085529}}
{"target": -5170.283772378435, "params": {"criterion": 2.2311310663599215, "max_features": 0.36616572086279253, "min_samples_split": 0.2506383022761022, "n_estimators": 2502.2031184564953}, "datetime": {"datetime": "2023-02-09 18:45:14", "elapsed": 26461.269919, "delta": 95.603328}}
{"target": -8016.754211069523, "params": {"criterion": 0.4341724268546036, "max_features": 0.7043872322467238, "min_samples_split": 0.6366351175774833, "n_estimators": 2677.311898336859}, "datetime": {"datetime": "2023-02-09 18:46:16", "elapsed": 26523.33653, "delta": 62.066611}}
{"target": -8455.836368178978, "params": {"criterion": 1.8686943415026558, "max_features": 0.29238213530260804, "min_samples_split": 0.9980891296273448, "n_estimators": 3505.564705405721}, "datetime": {"datetime": "2023-02-09 18:47:35", "elapsed": 26601.744483, "delta": 78.407953}}
{"target": -5242.168614080544, "params": {"criterion": 2.5289233792281407, "max_features": 0.25886396656704064, "min_samples_split": 0.18658982348208913, "n_estimators": 4188.203791955244}, "datetime": {"datetime": "2023-02-09 18:50:16", "elapsed": 26763.02725, "delta": 161.282767}}
{"target": -3683.4045564302432, "params": {"criterion": 2.0919281209541225, "max_features": 0.7881116992358286, "min_samples_split": 0.06559454023352025, "n_estimators": 1629.403180814457}, "datetime": {"datetime": "2023-02-09 18:52:05", "elapsed": 26871.878112, "delta": 108.850862}}
{"target": -8455.868429149386, "params": {"criterion": 2.086900428842752, "max_features": 0.49616299724363777, "min_samples_split": 0.9233372490520259, "n_estimators": 2367.571788193068}, "datetime": {"datetime": "2023-02-09 18:52:59", "elapsed": 26926.290893, "delta": 54.412781}}
{"target": -5685.362681457651, "params": {"criterion": 0.30672574741392794, "max_features": 0.43091118563952113, "min_samples_split": 0.4058012009005703, "n_estimators": 993.691551057844}, "datetime": {"datetime": "2023-02-09 18:53:33", "elapsed": 26959.735006, "delta": 33.444113}}
{"target": -8453.615820936688, "params": {"criterion": 1.237939626802687, "max_features": 0.8859775574838601, "min_samples_split": 0.6539499698862996, "n_estimators": 2820.3491539764996}, "datetime": {"datetime": "2023-02-09 18:54:36", "elapsed": 27022.754635, "delta": 63.019629}}
{"target": -5754.873126924333, "params": {"criterion": 1.3141034780400804, "max_features": 0.9121698314033935, "min_samples_split": 0.4817812937200222, "n_estimators": 3031.7163797898306}, "datetime": {"datetime": "2023-02-09 18:56:19", "elapsed": 27126.054158, "delta": 103.299523}}
{"target": -3685.758715912575, "params": {"criterion": 0.7870714436654438, "max_features": 0.39483551362108227, "min_samples_split": 0.008948128956473617, "n_estimators": 4538.342329147022}, "datetime": {"datetime": "2023-02-09 19:00:58", "elapsed": 27405.250363, "delta": 279.196205}}
{"target": -4101.770188831537, "params": {"criterion": 0.7357213467114538, "max_features": 0.9773873618495607, "min_samples_split": 0.2628211257637492, "n_estimators": 3907.4973460803944}, "datetime": {"datetime": "2023-02-09 19:04:06", "elapsed": 27592.608191, "delta": 187.357828}}
{"target": -4262.88797709579, "params": {"criterion": 1.9695070940669315, "max_features": 0.6247327663430868, "min_samples_split": 0.1858776910514908, "n_estimators": 4138.8429323317}, "datetime": {"datetime": "2023-02-09 19:07:07", "elapsed": 27774.144504, "delta": 181.536313}}
{"target": -5086.235016680611, "params": {"criterion": 2.8662419670424555, "max_features": 0.33068967694414764, "min_samples_split": 0.19119549444844913, "n_estimators": 2180.555178060402}, "datetime": {"datetime": "2023-02-09 19:08:34", "elapsed": 27860.583777, "delta": 86.439273}}
{"target": -4803.8114934737505, "params": {"criterion": 0.14826457572076318, "max_features": 0.24182007110292322, "min_samples_split": 0.100473277302919, "n_estimators": 827.880323834046}, "datetime": {"datetime": "2023-02-09 19:09:08", "elapsed": 27894.592297, "delta": 34.00852}}
{"target": -8452.022018278742, "params": {"criterion": 0.2567726968640425, "max_features": 0.363686496241716, "min_samples_split": 0.6489246853665346, "n_estimators": 2967.7293302165767}, "datetime": {"datetime": "2023-02-09 19:10:14", "elapsed": 27961.428604, "delta": 66.836307}}
{"target": -4060.2811420262647, "params": {"criterion": 1.1325291515673512, "max_features": 0.8234675118739491, "min_samples_split": 0.18408458870530806, "n_estimators": 2487.643675096983}, "datetime": {"datetime": "2023-02-09 19:12:25", "elapsed": 28092.36825, "delta": 130.939646}}
{"target": -8455.885903120497, "params": {"criterion": 0.6821852694991792, "max_features": 0.7542565309678506, "min_samples_split": 0.7008923048815406, "n_estimators": 4708.527380552947}, "datetime": {"datetime": "2023-02-09 19:14:10", "elapsed": 28197.36642, "delta": 104.99817}}
{"target": -8455.962017344893, "params": {"criterion": 0.4943088620960633, "max_features": 0.29911570865488213, "min_samples_split": 0.9482748724291152, "n_estimators": 650.4634374595238}, "datetime": {"datetime": "2023-02-09 19:14:26", "elapsed": 28212.996301, "delta": 15.629881}}
{"target": -4055.521355422855, "params": {"criterion": 2.7725893693187578, "max_features": 0.8285913381691365, "min_samples_split": 0.18565582214263976, "n_estimators": 4169.48169115292}, "datetime": {"datetime": "2023-02-09 19:18:13", "elapsed": 28439.710958, "delta": 226.714657}}
{"target": -5141.88965097965, "params": {"criterion": 0.08543884956715196, "max_features": 0.6515461881030357, "min_samples_split": 0.4136441877294464, "n_estimators": 1824.7443421016242}, "datetime": {"datetime": "2023-02-09 19:19:19", "elapsed": 28506.090162, "delta": 66.379204}}
{"target": -8455.757105407538, "params": {"criterion": 2.3397300405956067, "max_features": 0.5519276040314087, "min_samples_split": 0.8192945958250133, "n_estimators": 146.09338186470262}, "datetime": {"datetime": "2023-02-09 19:19:23", "elapsed": 28510.11086, "delta": 4.020698}}
{"target": -4504.914145308622, "params": {"criterion": 1.5980539855835778, "max_features": 0.7133645909766838, "min_samples_split": 0.32576725769974024, "n_estimators": 4281.764470133403}, "datetime": {"datetime": "2023-02-09 19:22:14", "elapsed": 28680.791479, "delta": 170.680619}}
{"target": -5601.049236871539, "params": {"criterion": 2.03652123495581, "max_features": 0.342377047744728, "min_samples_split": 0.3354041857561348, "n_estimators": 721.8070235721793}, "datetime": {"datetime": "2023-02-09 19:22:40", "elapsed": 28707.169844, "delta": 26.378365}}
{"target": -8455.92687474043, "params": {"criterion": 1.739562565881244, "max_features": 0.8903368609361778, "min_samples_split": 0.9911006098692546, "n_estimators": 2808.5743458098555}, "datetime": {"datetime": "2023-02-09 19:23:43", "elapsed": 28769.916883, "delta": 62.747039}}
{"target": -5839.758391021199, "params": {"criterion": 0.1296038882769453, "max_features": 0.8506413976856642, "min_samples_split": 0.5007627605494877, "n_estimators": 852.7355099377634}, "datetime": {"datetime": "2023-02-09 19:24:12", "elapsed": 28798.991515, "delta": 29.074632}}
{"target": -3639.406206590941, "params": {"criterion": 0.3546112122874472, "max_features": 0.8127332371078554, "min_samples_split": 0.04589038020337481, "n_estimators": 1596.547758676947}, "datetime": {"datetime": "2023-02-09 19:25:59", "elapsed": 28905.927249, "delta": 106.935734}}
{"target": -6099.857483936859, "params": {"criterion": 2.5281460886032883, "max_features": 0.7022912650079735, "min_samples_split": 0.5298854593567238, "n_estimators": 4589.135943309335}, "datetime": {"datetime": "2023-02-09 19:28:29", "elapsed": 29056.16432, "delta": 150.237071}}
{"target": -8455.758967771671, "params": {"criterion": 1.4908016186732505, "max_features": 0.5672502089554273, "min_samples_split": 0.9468674204864778, "n_estimators": 286.0141861842835}, "datetime": {"datetime": "2023-02-09 19:28:36", "elapsed": 29063.403476, "delta": 7.239156}}
{"target": -5889.827676185326, "params": {"criterion": 1.769273717950258, "max_features": 0.819699842330853, "min_samples_split": 0.5584592159794821, "n_estimators": 1007.5927289799578}, "datetime": {"datetime": "2023-02-09 19:29:11", "elapsed": 29098.026512, "delta": 34.623036}}
{"target": -8455.83709184572, "params": {"criterion": 1.1023036246063622, "max_features": 0.753290473398005, "min_samples_split": 0.773097243761094, "n_estimators": 1810.7143354884543}, "datetime": {"datetime": "2023-02-09 19:29:52", "elapsed": 29139.082212, "delta": 41.0557}}
{"target": -8455.890001652331, "params": {"criterion": 0.5127230657688895, "max_features": 0.3135408235715972, "min_samples_split": 0.664062286338662, "n_estimators": 3878.2182978360343}, "datetime": {"datetime": "2023-02-09 19:31:20", "elapsed": 29226.822228, "delta": 87.740016}}
{"target": -8455.71110930559, "params": {"criterion": 2.988524174940307, "max_features": 0.7795318501704126, "min_samples_split": 0.7590045061681325, "n_estimators": 184.6105563386405}, "datetime": {"datetime": "2023-02-09 19:31:25", "elapsed": 29231.772192, "delta": 4.949964}}
{"target": -3643.0318654651987, "params": {"criterion": 1.4776759433188842, "max_features": 0.7461152287433449, "min_samples_split": 0.0408586127843222, "n_estimators": 1572.5849849267584}, "datetime": {"datetime": "2023-02-09 19:33:07", "elapsed": 29333.730318, "delta": 101.958126}}
{"target": -3757.7227441455348, "params": {"criterion": 1.4745493764798614, "max_features": 0.7617644677964996, "min_samples_split": 0.0027869882625951165, "n_estimators": 429.48921645453004}, "datetime": {"datetime": "2023-02-09 19:33:46", "elapsed": 29372.720856, "delta": 38.990538}}
{"target": -3798.518476713013, "params": {"criterion": 0.7704541594138831, "max_features": 0.42781220043401313, "min_samples_split": 0.047249749073368055, "n_estimators": 615.2273948845688}, "datetime": {"datetime": "2023-02-09 19:34:18", "elapsed": 29404.564807, "delta": 31.843951}}
{"target": -8455.827824214688, "params": {"criterion": 0.7276954292841641, "max_features": 0.9778246888448874, "min_samples_split": 0.9946003442970186, "n_estimators": 3248.9744959489412}, "datetime": {"datetime": "2023-02-09 19:35:30", "elapsed": 29477.198612, "delta": 72.633805}}
{"target": -8455.88829735712, "params": {"criterion": 2.8330976945210806, "max_features": 0.9792842241530202, "min_samples_split": 0.8743913130280145, "n_estimators": 4828.324752794455}, "datetime": {"datetime": "2023-02-09 19:37:20", "elapsed": 29586.670274, "delta": 109.471662}}
{"target": -3644.918616581702, "params": {"criterion": 1.153983194714554, "max_features": 0.47792579622692677, "min_samples_split": 0.014034130711805103, "n_estimators": 1290.4434977412536}, "datetime": {"datetime": "2023-02-09 19:38:38", "elapsed": 29664.501559, "delta": 77.831285}}
{"target": -8455.774639356543, "params": {"criterion": 1.786829352710584, "max_features": 0.383812370499905, "min_samples_split": 0.6587978549584844, "n_estimators": 2362.8845968927862}, "datetime": {"datetime": "2023-02-09 19:39:32", "elapsed": 29718.735842, "delta": 54.234283}}
{"target": -6970.043973404348, "params": {"criterion": 1.1652644549124516, "max_features": 0.33978051295976974, "min_samples_split": 0.6216879642200002, "n_estimators": 4280.627953036957}, "datetime": {"datetime": "2023-02-09 19:41:36", "elapsed": 29842.875081, "delta": 124.139239}}
{"target": -8455.845610003294, "params": {"criterion": 0.9594970137183095, "max_features": 0.8212466725421901, "min_samples_split": 0.9217758196255331, "n_estimators": 4742.61165761489}, "datetime": {"datetime": "2023-02-09 19:43:22", "elapsed": 29948.551073, "delta": 105.675992}}
{"target": -4657.399604025343, "params": {"criterion": 0.6896489993390673, "max_features": 0.7420919618770726, "min_samples_split": 0.34222994450325583, "n_estimators": 3541.9848131895915}, "datetime": {"datetime": "2023-02-09 19:45:39", "elapsed": 30085.552291, "delta": 137.001218}}
{"target": -6898.999636175334, "params": {"criterion": 2.883978678214584, "max_features": 0.3085755026476412, "min_samples_split": 0.5324030641401146, "n_estimators": 1525.9469769654452}, "datetime": {"datetime": "2023-02-09 19:46:25", "elapsed": 30132.248808, "delta": 46.696517}}
{"target": -3865.1356593998307, "params": {"criterion": 0.49852340618628904, "max_features": 0.6088028467251645, "min_samples_split": 0.09543847586293239, "n_estimators": 4293.562849105171}, "datetime": {"datetime": "2023-02-09 19:50:07", "elapsed": 30353.655653, "delta": 221.406845}}
{"target": -5192.497534853561, "params": {"criterion": 0.24712137385237404, "max_features": 0.29436785005742816, "min_samples_split": 0.21944190193386953, "n_estimators": 2197.6738031607924}, "datetime": {"datetime": "2023-02-09 19:51:26", "elapsed": 30433.241246, "delta": 79.585593}}
{"target": -5915.632082559408, "params": {"criterion": 2.6381639952183313, "max_features": 0.9222175635963116, "min_samples_split": 0.6244038838323899, "n_estimators": 3885.558085895225}, "datetime": {"datetime": "2023-02-09 19:53:39", "elapsed": 30566.374132, "delta": 133.132886}}
{"target": -4246.977055248415, "params": {"criterion": 2.47488712388851, "max_features": 0.6537917729112505, "min_samples_split": 0.20859758659036393, "n_estimators": 1575.7288140942326}, "datetime": {"datetime": "2023-02-09 19:54:55", "elapsed": 30642.367724, "delta": 75.993592}}
{"target": -3946.752612570484, "params": {"criterion": 1.2611137231301128, "max_features": 0.3938045374330743, "min_samples_split": 0.0598594634847855, "n_estimators": 4128.7036907297515}, "datetime": {"datetime": "2023-02-09 19:58:09", "elapsed": 30835.513284, "delta": 193.14556}}
{"target": -4738.353386598974, "params": {"criterion": 0.9779777527922899, "max_features": 0.5923967432831752, "min_samples_split": 0.32356115022772064, "n_estimators": 3473.6232955054375}, "datetime": {"datetime": "2023-02-09 20:00:20", "elapsed": 30966.921399, "delta": 131.408115}}
{"target": -8455.824191563046, "params": {"criterion": 1.444283513520244, "max_features": 0.3307927614916047, "min_samples_split": 0.8465814622907599, "n_estimators": 2300.790750543301}, "datetime": {"datetime": "2023-02-09 20:01:12", "elapsed": 31019.374858, "delta": 52.453459}}
{"target": -4257.332620998493, "params": {"criterion": 0.01492021958803147, "max_features": 0.41385827736554115, "min_samples_split": 0.1085538288021016, "n_estimators": 348.2491996674484}, "datetime": {"datetime": "2023-02-09 20:01:28", "elapsed": 31035.317633, "delta": 15.942775}}
{"target": -4353.298426369414, "params": {"criterion": 2.2888754437503125, "max_features": 0.7054103608034782, "min_samples_split": 0.2646416056881212, "n_estimators": 156.01667891684136}, "datetime": {"datetime": "2023-02-09 20:01:36", "elapsed": 31042.960488, "delta": 7.642855}}
{"target": -8455.853984986825, "params": {"criterion": 2.2192893350210836, "max_features": 0.4353513181000804, "min_samples_split": 0.7069974530772527, "n_estimators": 4678.619132854205}, "datetime": {"datetime": "2023-02-09 20:03:22", "elapsed": 31149.137748, "delta": 106.17726}}
{"target": -4209.5591608329505, "params": {"criterion": 0.8803818467585373, "max_features": 0.6452795627474457, "min_samples_split": 0.18980960803714383, "n_estimators": 2877.6400108529488}, "datetime": {"datetime": "2023-02-09 20:05:32", "elapsed": 31278.657653, "delta": 129.519905}}
{"target": -8455.795426820156, "params": {"criterion": 2.4899700733494528, "max_features": 0.8115979923893641, "min_samples_split": 0.94885620570023, "n_estimators": 2781.7916720839225}, "datetime": {"datetime": "2023-02-09 20:06:35", "elapsed": 31341.985411, "delta": 63.327758}}
{"target": -3892.4459617046896, "params": {"criterion": 1.9838962787482834, "max_features": 0.6483423112589617, "min_samples_split": 0.10826061903436247, "n_estimators": 2234.6100976679077}, "datetime": {"datetime": "2023-02-09 20:08:32", "elapsed": 31458.603835, "delta": 116.618424}}
{"target": -8455.775957516495, "params": {"criterion": 0.337722266800833, "max_features": 0.4973118510985681, "min_samples_split": 0.6928306855015839, "n_estimators": 2070.9497248989537}, "datetime": {"datetime": "2023-02-09 20:09:22", "elapsed": 31508.978124, "delta": 50.374289}}
{"target": -3651.12339610676, "params": {"criterion": 2.789019233657734, "max_features": 0.5467062110446188, "min_samples_split": 0.03476838043531728, "n_estimators": 3567.130362626178}, "datetime": {"datetime": "2023-02-09 20:13:12", "elapsed": 31739.105322, "delta": 230.127198}}
{"target": -5340.1833114493875, "params": {"criterion": 0.7636094537739466, "max_features": 0.39722264203138047, "min_samples_split": 0.32062566788784796, "n_estimators": 623.736497244042}, "datetime": {"datetime": "2023-02-09 20:13:35", "elapsed": 31761.511148, "delta": 22.405826}}
{"target": -4869.61943448624, "params": {"criterion": 2.0320601026068195, "max_features": 0.8891576149053487, "min_samples_split": 0.4375292217443662, "n_estimators": 116.15502559012798}, "datetime": {"datetime": "2023-02-09 20:13:40", "elapsed": 31766.911458, "delta": 5.40031}}
{"target": -5933.493833212987, "params": {"criterion": 2.583701972437133, "max_features": 0.38855005210321447, "min_samples_split": 0.44141887727295664, "n_estimators": 1288.2405773007074}, "datetime": {"datetime": "2023-02-09 20:14:24", "elapsed": 31811.004677, "delta": 44.093219}}
{"target": -3749.8835100822216, "params": {"criterion": 0.17048403895523914, "max_features": 0.6279748665801227, "min_samples_split": 0.07616444154422695, "n_estimators": 582.0894624155482}, "datetime": {"datetime": "2023-02-09 20:14:57", "elapsed": 31843.83951, "delta": 32.834833}}
{"target": -7076.61799355954, "params": {"criterion": 2.5996627114959834, "max_features": 0.2815791903928716, "min_samples_split": 0.5578333099275329, "n_estimators": 286.08832615534925}, "datetime": {"datetime": "2023-02-09 20:15:06", "elapsed": 31853.173169, "delta": 9.333659}}
{"target": -5465.599692625107, "params": {"criterion": 2.139974638493408, "max_features": 0.2682313315976842, "min_samples_split": 0.24058030047941928, "n_estimators": 3879.9953466975157}, "datetime": {"datetime": "2023-02-09 20:17:29", "elapsed": 31996.366414, "delta": 143.193245}}
{"target": -5623.811455422938, "params": {"criterion": 1.373127856213313, "max_features": 0.2869523423007181, "min_samples_split": 0.2746123424818233, "n_estimators": 1555.2696218962499}, "datetime": {"datetime": "2023-02-09 20:18:23", "elapsed": 32049.865536, "delta": 53.499122}}
{"target": -4492.160201377168, "params": {"criterion": 1.2402255981999115, "max_features": 0.5729499526512326, "min_samples_split": 0.24915772743139877, "n_estimators": 4207.961222844699}, "datetime": {"datetime": "2023-02-09 20:21:13", "elapsed": 32220.027183, "delta": 170.161647}}
{"target": -7268.720117152409, "params": {"criterion": 0.613620923074706, "max_features": 0.24097251523613195, "min_samples_split": 0.6206695111068666, "n_estimators": 3193.459428906358}, "datetime": {"datetime": "2023-02-09 20:22:50", "elapsed": 32317.284284, "delta": 97.257101}}
{"target": -8455.895384538653, "params": {"criterion": 0.26686424189432223, "max_features": 0.9254537811445872, "min_samples_split": 0.6652655492990444, "n_estimators": 2509.762240573042}, "datetime": {"datetime": "2023-02-09 20:23:46", "elapsed": 32373.421633, "delta": 56.137349}}
{"target": -3961.3811517336226, "params": {"criterion": 1.1081739111493714, "max_features": 0.6579467460708331, "min_samples_split": 0.1178626265880337, "n_estimators": 3705.531340724547}, "datetime": {"datetime": "2023-02-09 20:26:54", "elapsed": 32560.565219, "delta": 187.143586}}
{"target": -7119.568263148052, "params": {"criterion": 2.6327331666996368, "max_features": 0.2772100352220553, "min_samples_split": 0.6044261678359564, "n_estimators": 4492.76375571289}, "datetime": {"datetime": "2023-02-09 20:29:08", "elapsed": 32695.432461, "delta": 134.867242}}
{"target": -8455.848146390195, "params": {"criterion": 2.3786930901053664, "max_features": 0.9853043051499701, "min_samples_split": 0.8743500069141634, "n_estimators": 1181.8090904248745}, "datetime": {"datetime": "2023-02-09 20:29:36", "elapsed": 32723.114912, "delta": 27.682451}}
{"target": -5751.82325634741, "params": {"criterion": 0.8922773098633229, "max_features": 0.9215184208939009, "min_samples_split": 0.48308696325575834, "n_estimators": 2069.1542292122635}, "datetime": {"datetime": "2023-02-09 20:30:46", "elapsed": 32793.366392, "delta": 70.25148}}
{"target": -5848.385490052722, "params": {"criterion": 2.1244257936919273, "max_features": 0.4575655176295019, "min_samples_split": 0.4452811818028205, "n_estimators": 2267.8426575216527}, "datetime": {"datetime": "2023-02-09 20:32:04", "elapsed": 32871.002024, "delta": 77.635632}}
{"target": -8455.704614834993, "params": {"criterion": 0.4921895644063015, "max_features": 0.2540653757487821, "min_samples_split": 0.6797198067664003, "n_estimators": 413.3809871472261}, "datetime": {"datetime": "2023-02-09 20:32:14", "elapsed": 32881.41714, "delta": 10.415116}}
