{"target": -1066.521714749509, "params": {"criterion": 0.8587319608867905, "max_features": 0.5716603608775107, "min_samples_split": 0.006033456142240502, "n_estimators": 160.31950681573596}, "datetime": {"datetime": "2023-01-28 01:56:45", "elapsed": 116958.85493, "delta": 23.902252}}
{"target": -700.7315562106485, "params": {"criterion": 0.0, "max_features": 1.0, "min_samples_split": 0.0001, "n_estimators": 460.46574074180336}, "datetime": {"datetime": "2023-01-28 01:58:57", "elapsed": 117091.643532, "delta": 132.788602}}
{"target": -3925.171640871259, "params": {"criterion": 1.679475474954164, "max_features": 0.7742675028732876, "min_samples_split": 0.3198631424043703, "n_estimators": 429.1772110336963}, "datetime": {"datetime": "2023-01-28 01:59:38", "elapsed": 117132.623733, "delta": 40.980201}}
{"target": -5914.081257098357, "params": {"criterion": 0.10116667044073993, "max_features": 0.26162556916541246, "min_samples_split": 0.41994245890883647, "n_estimators": 3066.1495204535477}, "datetime": {"datetime": "2023-01-28 02:01:21", "elapsed": 117235.701083, "delta": 103.07735}}
{"target": -1808.4761887321342, "params": {"criterion": 0.6794839506867507, "max_features": 0.6871391265546974, "min_samples_split": 0.04617178459780526, "n_estimators": 1152.3010362750056}, "datetime": {"datetime": "2023-01-28 02:03:22", "elapsed": 117355.823301, "delta": 120.122218}}
{"target": -4009.711460204122, "params": {"criterion": 0.08946915367112043, "max_features": 0.7410483534399709, "min_samples_split": 0.3632180324628127, "n_estimators": 460.4373923631311}, "datetime": {"datetime": "2023-01-28 02:04:01", "elapsed": 117395.026179, "delta": 39.202878}}
{"target": -3994.0821124706417, "params": {"criterion": 2.1468092600549817, "max_features": 0.9671069163011757, "min_samples_split": 0.2893831403270656, "n_estimators": 3425.7510602368775}, "datetime": {"datetime": "2023-01-28 02:08:25", "elapsed": 117659.531744, "delta": 264.505565}}
{"target": -3183.5142857843284, "params": {"criterion": 1.0673924288932781, "max_features": 0.5321081160498958, "min_samples_split": 0.1547543407997552, "n_estimators": 429.814207485623}, "datetime": {"datetime": "2023-01-28 02:09:02", "elapsed": 117696.563667, "delta": 37.031923}}
{"target": -8454.792664213013, "params": {"criterion": 1.9220819749972804, "max_features": 0.23681492046237804, "min_samples_split": 0.813569618451778, "n_estimators": 4501.326394033518}, "datetime": {"datetime": "2023-01-28 02:11:01", "elapsed": 117815.02372, "delta": 118.460053}}
{"target": -700.5430377323961, "params": {"criterion": 1.0844956917969657, "max_features": 1.0, "min_samples_split": 0.0001, "n_estimators": 3678.243765269751}, "datetime": {"datetime": "2023-01-28 02:27:32", "elapsed": 118806.720891, "delta": 991.697171}}
{"target": -3407.278218084447, "params": {"criterion": 0.4011960774268297, "max_features": 0.6480841377333069, "min_samples_split": 0.20096425623358005, "n_estimators": 2450.386953954881}, "datetime": {"datetime": "2023-01-28 02:30:05", "elapsed": 118959.683616, "delta": 152.962725}}
{"target": -3781.3267755128777, "params": {"criterion": 0.9969615336630804, "max_features": 0.7923260126500669, "min_samples_split": 0.26815277537894927, "n_estimators": 3677.8293135488316}, "datetime": {"datetime": "2023-01-28 02:33:42", "elapsed": 119176.315113, "delta": 216.631497}}
{"target": -4019.3736421664426, "params": {"criterion": 2.8563110481722815, "max_features": 0.8131886728004709, "min_samples_split": 0.367235096644882, "n_estimators": 2446.4962685986243}, "datetime": {"datetime": "2023-01-28 02:36:25", "elapsed": 119338.838024, "delta": 162.522911}}
{"target": -2415.187246471326, "params": {"criterion": 2.2094283315271426, "max_features": 0.6557380710301647, "min_samples_split": 0.09605610859017494, "n_estimators": 1703.8575410724138}, "datetime": {"datetime": "2023-01-28 02:39:05", "elapsed": 119499.704251, "delta": 160.866227}}
{"target": -1954.956398996798, "params": {"criterion": 2.8421850395944483, "max_features": 0.18257418583505539, "min_samples_split": 0.0001, "n_estimators": 2004.3317871021504}, "datetime": {"datetime": "2023-01-28 02:43:26", "elapsed": 119760.77091, "delta": 261.066659}}
{"target": -2413.042538517654, "params": {"criterion": 2.3119776169840875, "max_features": 0.9190111684959729, "min_samples_split": 0.09034434013061386, "n_estimators": 4298.113759360996}, "datetime": {"datetime": "2023-01-28 02:51:38", "elapsed": 120252.470305, "delta": 491.699395}}
{"target": -3946.9678254377004, "params": {"criterion": 2.597168334741124, "max_features": 0.7536647194650001, "min_samples_split": 0.277835767214236, "n_estimators": 1704.1016753664999}, "datetime": {"datetime": "2023-01-28 02:53:33", "elapsed": 120367.132295, "delta": 114.66199}}
{"target": -2346.083500390302, "params": {"criterion": 0.5789233655492233, "max_features": 0.9115969762569264, "min_samples_split": 0.0831036938793031, "n_estimators": 160.13071655149903}, "datetime": {"datetime": "2023-01-28 02:54:04", "elapsed": 120398.254891, "delta": 31.122596}}
{"target": -3817.7424124466097, "params": {"criterion": 1.9221684605389102, "max_features": 0.6869883552162224, "min_samples_split": 0.2555499792041702, "n_estimators": 1704.3513849415324}, "datetime": {"datetime": "2023-01-28 02:55:51", "elapsed": 120505.022335, "delta": 106.767444}}
{"target": -700.8356443201359, "params": {"criterion": 0.925845224956136, "max_features": 1.0, "min_samples_split": 0.0001, "n_estimators": 1151.8675110284967}, "datetime": {"datetime": "2023-01-28 03:01:05", "elapsed": 120818.964199, "delta": 313.941864}}
{"target": -4878.5062074781945, "params": {"criterion": 1.2043821620193578, "max_features": 0.5025097076997292, "min_samples_split": 0.41015443367756227, "n_estimators": 591.3291887553431}, "datetime": {"datetime": "2023-01-28 03:01:44", "elapsed": 120858.118093, "delta": 39.153894}}
{"target": -5381.45417376216, "params": {"criterion": 2.516006907142737, "max_features": 0.4063857314387278, "min_samples_split": 0.43968212812238455, "n_estimators": 3131.86744266704}, "datetime": {"datetime": "2023-01-28 03:03:54", "elapsed": 120988.226411, "delta": 130.108318}}
{"target": -823.6133531815336, "params": {"criterion": 1.3512163427756123, "max_features": 0.5852887451372211, "min_samples_split": 0.0001, "n_estimators": 2919.36855271886}, "datetime": {"datetime": "2023-01-28 03:12:50", "elapsed": 121524.799015, "delta": 536.572604}}
{"target": -722.0921219062704, "params": {"criterion": 1.3672854181070948, "max_features": 0.791261261009265, "min_samples_split": 0.0001, "n_estimators": 1782.7372998032497}, "datetime": {"datetime": "2023-01-28 03:19:29", "elapsed": 121923.723527, "delta": 398.924512}}
{"target": -700.7499129337918, "params": {"criterion": 1.786137277253667, "max_features": 0.9685689507422617, "min_samples_split": 0.0001, "n_estimators": 1041.188388270115}, "datetime": {"datetime": "2023-01-28 03:24:01", "elapsed": 122195.551019, "delta": 271.827492}}
{"target": -5580.569206897291, "params": {"criterion": 1.543608786384162, "max_features": 0.22573188686716034, "min_samples_split": 0.30997425442831955, "n_estimators": 2919.5964038250468}, "datetime": {"datetime": "2023-01-28 03:25:51", "elapsed": 122305.113637, "delta": 109.562618}}
{"target": -4046.313533308921, "params": {"criterion": 1.0168962059374986, "max_features": 0.49301609030468885, "min_samples_split": 0.22949508558509754, "n_estimators": 1151.5977576982896}, "datetime": {"datetime": "2023-01-28 03:26:58", "elapsed": 122372.737231, "delta": 67.623594}}
{"target": -4829.666272532479, "params": {"criterion": 1.3518356414966677, "max_features": 0.6580733922417523, "min_samples_split": 0.4666707975115798, "n_estimators": 1041.1097617871922}, "datetime": {"datetime": "2023-01-28 03:27:54", "elapsed": 122428.055467, "delta": 55.318236}}
{"target": -4326.259807572058, "params": {"criterion": 0.8106753697019972, "max_features": 0.606513094399249, "min_samples_split": 0.3794532246788067, "n_estimators": 2880.4766206991026}, "datetime": {"datetime": "2023-01-28 03:30:14", "elapsed": 122568.077689, "delta": 140.022222}}
{"target": -2533.5176549315684, "params": {"criterion": 1.5675104248979859, "max_features": 0.7689506005924163, "min_samples_split": 0.11807791783703338, "n_estimators": 590.4312332673028}, "datetime": {"datetime": "2023-01-28 03:31:13", "elapsed": 122627.084975, "delta": 59.007286}}
{"target": -5059.341834400637, "params": {"criterion": 1.1897325757266064, "max_features": 0.3263446277370985, "min_samples_split": 0.30141606393345677, "n_estimators": 590.6240256194792}, "datetime": {"datetime": "2023-01-28 03:31:50", "elapsed": 122664.301627, "delta": 37.216652}}
{"target": -3913.6717657617965, "params": {"criterion": 1.1187654728082046, "max_features": 0.8204639070673556, "min_samples_split": 0.35294401264085307, "n_estimators": 2919.0210548324517}, "datetime": {"datetime": "2023-01-28 03:34:45", "elapsed": 122839.134797, "delta": 174.83317}}
{"target": -709.1383664263874, "params": {"criterion": 2.0050251938209183, "max_features": 1.0, "min_samples_split": 0.0001, "n_estimators": 1040.750373368039}, "datetime": {"datetime": "2023-01-28 03:40:07", "elapsed": 123161.002101, "delta": 321.867304}}
{"target": -824.4274486967608, "params": {"criterion": 1.948149640692694, "max_features": 0.5706098095385936, "min_samples_split": 0.0001, "n_estimators": 1040.926358124853}, "datetime": {"datetime": "2023-01-28 03:43:23", "elapsed": 123357.636917, "delta": 196.634816}}
{"target": -3829.9296572084036, "params": {"criterion": 0.5973808949667235, "max_features": 0.8906904749933153, "min_samples_split": 0.29307504807163315, "n_estimators": 4359.211016098042}, "datetime": {"datetime": "2023-01-28 03:47:53", "elapsed": 123627.499381, "delta": 269.862464}}
{"target": -3831.4653159856825, "params": {"criterion": 1.3929816855470731, "max_features": 0.5735713140541426, "min_samples_split": 0.23268243421300555, "n_estimators": 1782.7806963349572}, "datetime": {"datetime": "2023-01-28 03:49:35", "elapsed": 123729.768664, "delta": 102.269283}}
{"target": -700.472357878651, "params": {"criterion": 1.103684713815252, "max_features": 1.0, "min_samples_split": 0.0001, "n_estimators": 429.37171916456225}, "datetime": {"datetime": "2023-01-28 03:51:35", "elapsed": 123849.741347, "delta": 119.972683}}
{"target": -5711.695807696415, "params": {"criterion": 1.5937759668460396, "max_features": 0.543430312608315, "min_samples_split": 0.5813832688367604, "n_estimators": 4891.945816539128}, "datetime": {"datetime": "2023-01-28 03:54:35", "elapsed": 124029.283866, "delta": 179.542519}}
{"target": -1414.4923607375924, "params": {"criterion": 1.2321681399489768, "max_features": 0.439640447401717, "min_samples_split": 0.010565730689042797, "n_estimators": 2205.8918776758924}, "datetime": {"datetime": "2023-01-28 03:58:01", "elapsed": 124235.422226, "delta": 206.13836}}
{"target": -4625.147141715632, "params": {"criterion": 0.9577410432816144, "max_features": 0.973515879422962, "min_samples_split": 0.41580329971189833, "n_estimators": 2859.2985413794163}, "datetime": {"datetime": "2023-01-28 04:00:49", "elapsed": 124403.413085, "delta": 167.990859}}
{"target": -3129.2923906742844, "params": {"criterion": 0.9257503050931188, "max_features": 0.9639864405206082, "min_samples_split": 0.16250560977761716, "n_estimators": 1207.0019322646058}, "datetime": {"datetime": "2023-01-28 04:02:37", "elapsed": 124511.023882, "delta": 107.610797}}
{"target": -700.0015639818157, "params": {"criterion": 0.12060043520793848, "max_features": 1.0, "min_samples_split": 0.0001, "n_estimators": 3066.6140177184234}, "datetime": {"datetime": "2023-01-28 04:16:01", "elapsed": 125315.201085, "delta": 804.177203}}
{"target": -1600.737364767134, "params": {"criterion": 0.4303599987664142, "max_features": 0.6305560701794082, "min_samples_split": 0.02848342282800664, "n_estimators": 3066.740851253676}, "datetime": {"datetime": "2023-01-28 04:20:59", "elapsed": 125613.465579, "delta": 298.264494}}
{"target": -3492.7785546754358, "params": {"criterion": 1.071091592320909, "max_features": 0.3633617444268885, "min_samples_split": 0.12726400300630292, "n_estimators": 2881.2496922725054}, "datetime": {"datetime": "2023-01-28 04:23:35", "elapsed": 125769.702545, "delta": 156.236966}}
{"target": -700.9175725555962, "params": {"criterion": 1.3315336664234432, "max_features": 1.0, "min_samples_split": 0.0001, "n_estimators": 3678.698096748771}, "datetime": {"datetime": "2023-01-28 04:39:26", "elapsed": 126720.582935, "delta": 950.88039}}
{"target": -5552.612659491652, "params": {"criterion": 0.5655010251020853, "max_features": 0.6352233760219801, "min_samples_split": 0.5320920942978882, "n_estimators": 2205.0184187821337}, "datetime": {"datetime": "2023-01-28 04:41:02", "elapsed": 126816.640645, "delta": 96.05771}}
{"target": -709.2387308905749, "params": {"criterion": 2.9999, "max_features": 1.0, "min_samples_split": 0.0001, "n_estimators": 2447.2206524727812}, "datetime": {"datetime": "2023-01-28 04:53:48", "elapsed": 127582.278324, "delta": 765.637679}}
{"target": -3239.551228069372, "params": {"criterion": 0.7033639711140485, "max_features": 0.7636757364599621, "min_samples_split": 0.19290347492548626, "n_estimators": 429.0422226169556}, "datetime": {"datetime": "2023-01-28 04:54:29", "elapsed": 127623.465713, "delta": 41.187389}}
{"target": -4985.79422356142, "params": {"criterion": 1.5576175621672632, "max_features": 0.2589733023814259, "min_samples_split": 0.23632744127574765, "n_estimators": 1572.1314568212167}, "datetime": {"datetime": "2023-01-28 04:55:38", "elapsed": 127692.09527, "delta": 68.629557}}
{"target": -4086.6071925985, "params": {"criterion": 1.006813697317958, "max_features": 0.36269961605637846, "min_samples_split": 0.18845518128340338, "n_estimators": 1289.8075596587603}, "datetime": {"datetime": "2023-01-28 04:56:52", "elapsed": 127766.365533, "delta": 74.270263}}
{"target": -2987.305549081228, "params": {"criterion": 2.742087676575411, "max_features": 0.44365915414426305, "min_samples_split": 0.11591050615416983, "n_estimators": 2447.125109967714}, "datetime": {"datetime": "2023-01-28 04:59:34", "elapsed": 127927.941945, "delta": 161.576412}}
{"target": -3546.567694792056, "params": {"criterion": 0.24045712996105736, "max_features": 0.20564577849279375, "min_samples_split": 0.0694515958149813, "n_estimators": 160.3270649492878}, "datetime": {"datetime": "2023-01-28 04:59:53", "elapsed": 127947.415383, "delta": 19.473438}}
{"target": -1129.6362748934584, "params": {"criterion": 2.5984500467861187, "max_features": 0.3876482621194792, "min_samples_split": 0.0001, "n_estimators": 3426.038359149251}, "datetime": {"datetime": "2023-01-28 05:09:17", "elapsed": 128511.804267, "delta": 564.388884}}
{"target": -1993.9739837336572, "params": {"criterion": 1.870395229579724, "max_features": 0.7451395229356108, "min_samples_split": 0.06149395509465117, "n_estimators": 591.3807064225939}, "datetime": {"datetime": "2023-01-28 05:10:24", "elapsed": 128578.786997, "delta": 66.98273}}
{"target": -2901.8308500831977, "params": {"criterion": 1.2776068484100302, "max_features": 0.8327304792574113, "min_samples_split": 0.15350615388166564, "n_estimators": 312.38171340806207}, "datetime": {"datetime": "2023-01-28 05:11:03", "elapsed": 128617.776862, "delta": 38.989865}}
{"target": -4503.0798563153485, "params": {"criterion": 1.6291687005698336, "max_features": 0.42520908862228524, "min_samples_split": 0.26614549587948927, "n_estimators": 3858.053414699524}, "datetime": {"datetime": "2023-01-28 05:13:57", "elapsed": 128790.883808, "delta": 173.106946}}
{"target": -4874.792084076767, "params": {"criterion": 2.4393798874519605, "max_features": 0.366784115305977, "min_samples_split": 0.304127312495442, "n_estimators": 3426.2590427655323}, "datetime": {"datetime": "2023-01-28 05:16:24", "elapsed": 128938.488004, "delta": 147.604196}}
{"target": -2389.5768346653676, "params": {"criterion": 1.5376254767170576, "max_features": 0.4938103463156879, "min_samples_split": 0.07101783949638923, "n_estimators": 4891.17967725154}, "datetime": {"datetime": "2023-01-28 05:21:50", "elapsed": 129264.422107, "delta": 325.934103}}
{"target": -2932.0626011542618, "params": {"criterion": 0.9206604476252047, "max_features": 0.709804463836694, "min_samples_split": 0.15678608162333893, "n_estimators": 2449.9706913770733}, "datetime": {"datetime": "2023-01-28 05:24:54", "elapsed": 129448.273468, "delta": 183.851361}}
{"target": -3376.527596081294, "params": {"criterion": 0.2963729948745794, "max_features": 0.9748330470726839, "min_samples_split": 0.19636811988560382, "n_estimators": 3066.2258810838816}, "datetime": {"datetime": "2023-01-28 05:28:41", "elapsed": 129675.290779, "delta": 227.017311}}
{"target": -5527.436368708426, "params": {"criterion": 0.9136068299114503, "max_features": 0.8180160782754855, "min_samples_split": 0.5358995648349318, "n_estimators": 2206.3470415706024}, "datetime": {"datetime": "2023-01-28 05:30:27", "elapsed": 129781.656048, "delta": 106.365269}}
{"target": -5798.131595694451, "params": {"criterion": 0.8811923808663429, "max_features": 0.21606081667835106, "min_samples_split": 0.3707430633829287, "n_estimators": 4537.679710871537}, "datetime": {"datetime": "2023-01-28 05:33:01", "elapsed": 129935.36987, "delta": 153.713822}}
{"target": -1973.8725178647205, "params": {"criterion": 1.2158342284560335, "max_features": 0.8810419702604324, "min_samples_split": 0.05918416622713284, "n_estimators": 1290.6191166709168}, "datetime": {"datetime": "2023-01-28 05:35:26", "elapsed": 130080.044465, "delta": 144.674595}}
{"target": -797.8629221492725, "params": {"criterion": 0.0, "max_features": 0.6235864599433336, "min_samples_split": 0.0001, "n_estimators": 3066.872629581669}, "datetime": {"datetime": "2023-01-28 05:44:59", "elapsed": 130653.065675, "delta": 573.02121}}
{"target": -5709.652918527567, "params": {"criterion": 0.2460844408532246, "max_features": 0.979495962559673, "min_samples_split": 0.5051730042817725, "n_estimators": 1151.9648632728752}, "datetime": {"datetime": "2023-01-28 05:46:06", "elapsed": 130719.887004, "delta": 66.821329}}
{"target": -700.9312836199933, "params": {"criterion": 1.4668214606314358, "max_features": 1.0, "min_samples_split": 0.0001, "n_estimators": 1573.1694710578822}, "datetime": {"datetime": "2023-01-28 05:52:56", "elapsed": 131130.165652, "delta": 410.278648}}
{"target": -5643.804747933519, "params": {"criterion": 1.0322003650727525, "max_features": 0.5638655524554773, "min_samples_split": 0.4970636970832547, "n_estimators": 1573.0672151968827}, "datetime": {"datetime": "2023-01-28 05:54:07", "elapsed": 131201.756669, "delta": 71.591017}}
{"target": -3593.9303529179087, "params": {"criterion": 1.846782972411619, "max_features": 0.5258556449870261, "min_samples_split": 0.19600941621792917, "n_estimators": 727.6063142870113}, "datetime": {"datetime": "2023-01-28 05:55:06", "elapsed": 131260.64295, "delta": 58.886281}}
{"target": -2100.438417776267, "params": {"criterion": 2.1647592065245225, "max_features": 0.30701252539123886, "min_samples_split": 0.019710386126234464, "n_estimators": 2205.9781311275906}, "datetime": {"datetime": "2023-01-28 05:57:54", "elapsed": 131427.923476, "delta": 167.280526}}
{"target": -4122.127843536893, "params": {"criterion": 1.6453574744920496, "max_features": 0.6124718786336679, "min_samples_split": 0.2918197999649842, "n_estimators": 726.6736340003383}, "datetime": {"datetime": "2023-01-28 05:58:49", "elapsed": 131483.442995, "delta": 55.519519}}
{"target": -3864.745052180132, "params": {"criterion": 2.087660187915256, "max_features": 0.928217009965462, "min_samples_split": 0.2662673246783941, "n_estimators": 1041.1192299644804}, "datetime": {"datetime": "2023-01-28 06:00:12", "elapsed": 131565.924505, "delta": 82.48151}}
{"target": -855.1656275449504, "params": {"criterion": 1.602710662903565, "max_features": 0.5435865962444787, "min_samples_split": 0.0001, "n_estimators": 2205.2259896855085}, "datetime": {"datetime": "2023-01-28 06:06:38", "elapsed": 131951.945602, "delta": 386.021097}}
{"target": -3858.9608427171165, "params": {"criterion": 1.8654326760489168, "max_features": 0.7177407260504823, "min_samples_split": 0.27231850522524553, "n_estimators": 2204.4741085372475}, "datetime": {"datetime": "2023-01-28 06:08:54", "elapsed": 132088.798774, "delta": 136.853172}}
{"target": -708.8132653140226, "params": {"criterion": 2.240547833234623, "max_features": 1.0, "min_samples_split": 0.0001, "n_estimators": 3132.360225905095}, "datetime": {"datetime": "2023-01-28 06:24:50", "elapsed": 133044.613466, "delta": 955.814692}}
{"target": -1424.4846811047742, "params": {"criterion": 1.1324031439322475, "max_features": 0.2855864467601162, "min_samples_split": 0.0001, "n_estimators": 2919.012644128833}, "datetime": {"datetime": "2023-01-28 06:31:06", "elapsed": 133419.953669, "delta": 375.340203}}
