{"target": -8455.836368178978, "params": {"criterion": 1.8686943415026558, "max_features": 0.29238213530260804, "min_samples_split": 0.9980891296273448, "n_estimators": 3505.564705405721}, "datetime": {"datetime": "2023-02-11 17:14:54", "elapsed": 2.140266, "delta": 0.004329}}
{"target": -5242.168614080544, "params": {"criterion": 2.5289233792281407, "max_features": 0.25886396656704064, "min_samples_split": 0.18658982348208913, "n_estimators": 4188.203791955244}, "datetime": {"datetime": "2023-02-11 17:14:54", "elapsed": 2.144324, "delta": 0.004058}}
{"target": -3683.4045564302432, "params": {"criterion": 2.0919281209541225, "max_features": 0.7881116992358286, "min_samples_split": 0.06559454023352025, "n_estimators": 1629.403180814457}, "datetime": {"datetime": "2023-02-11 17:14:54", "elapsed": 2.148478, "delta": 0.004154}}
{"target": -8455.868429149386, "params": {"criterion": 2.086900428842752, "max_features": 0.49616299724363777, "min_samples_split": 0.9233372490520259, "n_estimators": 2367.571788193068}, "datetime": {"datetime": "2023-02-11 17:14:54", "elapsed": 2.152593, "delta": 0.004115}}
{"target": -5685.362681457651, "params": {"criterion": 0.30672574741392794, "max_features": 0.43091118563952113, "min_samples_split": 0.4058012009005703, "n_estimators": 993.691551057844}, "datetime": {"datetime": "2023-02-11 17:14:54", "elapsed": 2.156787, "delta": 0.004194}}
{"target": -8453.615820936688, "params": {"criterion": 1.237939626802687, "max_features": 0.8859775574838601, "min_samples_split": 0.6539499698862996, "n_estimators": 2820.3491539764996}, "datetime": {"datetime": "2023-02-11 17:14:54", "elapsed": 2.160905, "delta": 0.004118}}
{"target": -5754.873126924333, "params": {"criterion": 1.3141034780400804, "max_features": 0.9121698314033935, "min_samples_split": 0.4817812937200222, "n_estimators": 3031.7163797898306}, "datetime": {"datetime": "2023-02-11 17:14:54", "elapsed": 2.165033, "delta": 0.004128}}
{"target": -3685.758715912575, "params": {"criterion": 0.7870714436654438, "max_features": 0.39483551362108227, "min_samples_split": 0.008948128956473617, "n_estimators": 4538.342329147022}, "datetime": {"datetime": "2023-02-11 17:14:54", "elapsed": 2.169153, "delta": 0.00412}}
{"target": -4101.770188831537, "params": {"criterion": 0.7357213467114538, "max_features": 0.9773873618495607, "min_samples_split": 0.2628211257637492, "n_estimators": 3907.4973460803944}, "datetime": {"datetime": "2023-02-11 17:14:54", "elapsed": 2.173315, "delta": 0.004162}}
{"target": -4262.88797709579, "params": {"criterion": 1.9695070940669315, "max_features": 0.6247327663430868, "min_samples_split": 0.1858776910514908, "n_estimators": 4138.8429323317}, "datetime": {"datetime": "2023-02-11 17:14:54", "elapsed": 2.177358, "delta": 0.004043}}
{"target": -5086.235016680611, "params": {"criterion": 2.8662419670424555, "max_features": 0.33068967694414764, "min_samples_split": 0.19119549444844913, "n_estimators": 2180.555178060402}, "datetime": {"datetime": "2023-02-11 17:14:54", "elapsed": 2.181567, "delta": 0.004209}}
{"target": -4803.8114934737505, "params": {"criterion": 0.14826457572076318, "max_features": 0.24182007110292322, "min_samples_split": 0.100473277302919, "n_estimators": 827.880323834046}, "datetime": {"datetime": "2023-02-11 17:14:54", "elapsed": 2.185671, "delta": 0.004104}}
{"target": -8452.022018278742, "params": {"criterion": 0.2567726968640425, "max_features": 0.363686496241716, "min_samples_split": 0.6489246853665346, "n_estimators": 2967.7293302165767}, "datetime": {"datetime": "2023-02-11 17:14:54", "elapsed": 2.189793, "delta": 0.004122}}
{"target": -4060.2811420262647, "params": {"criterion": 1.1325291515673512, "max_features": 0.8234675118739491, "min_samples_split": 0.18408458870530806, "n_estimators": 2487.643675096983}, "datetime": {"datetime": "2023-02-11 17:14:54", "elapsed": 2.193677, "delta": 0.003884}}
{"target": -8455.885903120497, "params": {"criterion": 0.6821852694991792, "max_features": 0.7542565309678506, "min_samples_split": 0.7008923048815406, "n_estimators": 4708.527380552947}, "datetime": {"datetime": "2023-02-11 17:14:54", "elapsed": 2.197607, "delta": 0.00393}}
{"target": -8455.962017344893, "params": {"criterion": 0.4943088620960633, "max_features": 0.29911570865488213, "min_samples_split": 0.9482748724291152, "n_estimators": 650.4634374595238}, "datetime": {"datetime": "2023-02-11 17:14:54", "elapsed": 2.201699, "delta": 0.004092}}
{"target": -4055.521355422855, "params": {"criterion": 2.7725893693187578, "max_features": 0.8285913381691365, "min_samples_split": 0.18565582214263976, "n_estimators": 4169.48169115292}, "datetime": {"datetime": "2023-02-11 17:14:54", "elapsed": 2.205654, "delta": 0.003955}}
{"target": -5141.88965097965, "params": {"criterion": 0.08543884956715196, "max_features": 0.6515461881030357, "min_samples_split": 0.4136441877294464, "n_estimators": 1824.7443421016242}, "datetime": {"datetime": "2023-02-11 17:14:54", "elapsed": 2.209508, "delta": 0.003854}}
{"target": -8455.757105407538, "params": {"criterion": 2.3397300405956067, "max_features": 0.5519276040314087, "min_samples_split": 0.8192945958250133, "n_estimators": 146.09338186470262}, "datetime": {"datetime": "2023-02-11 17:14:54", "elapsed": 2.213346, "delta": 0.003838}}
{"target": -4504.914145308622, "params": {"criterion": 1.5980539855835778, "max_features": 0.7133645909766838, "min_samples_split": 0.32576725769974024, "n_estimators": 4281.764470133403}, "datetime": {"datetime": "2023-02-11 17:14:54", "elapsed": 2.217575, "delta": 0.004229}}
{"target": -5601.049236871539, "params": {"criterion": 2.03652123495581, "max_features": 0.342377047744728, "min_samples_split": 0.3354041857561348, "n_estimators": 721.8070235721793}, "datetime": {"datetime": "2023-02-11 17:14:54", "elapsed": 2.221636, "delta": 0.004061}}
{"target": -8455.92687474043, "params": {"criterion": 1.739562565881244, "max_features": 0.8903368609361778, "min_samples_split": 0.9911006098692546, "n_estimators": 2808.5743458098555}, "datetime": {"datetime": "2023-02-11 17:14:54", "elapsed": 2.225536, "delta": 0.0039}}
{"target": -5839.758391021199, "params": {"criterion": 0.1296038882769453, "max_features": 0.8506413976856642, "min_samples_split": 0.5007627605494877, "n_estimators": 852.7355099377634}, "datetime": {"datetime": "2023-02-11 17:14:54", "elapsed": 2.22939, "delta": 0.003854}}
{"target": -3639.406206590941, "params": {"criterion": 0.3546112122874472, "max_features": 0.8127332371078554, "min_samples_split": 0.04589038020337481, "n_estimators": 1596.547758676947}, "datetime": {"datetime": "2023-02-11 17:14:54", "elapsed": 2.233481, "delta": 0.004091}}
{"target": -6099.857483936859, "params": {"criterion": 2.5281460886032883, "max_features": 0.7022912650079735, "min_samples_split": 0.5298854593567238, "n_estimators": 4589.135943309335}, "datetime": {"datetime": "2023-02-11 17:14:54", "elapsed": 2.237516, "delta": 0.004035}}
{"target": -8455.758967771671, "params": {"criterion": 1.4908016186732505, "max_features": 0.5672502089554273, "min_samples_split": 0.9468674204864778, "n_estimators": 286.0141861842835}, "datetime": {"datetime": "2023-02-11 17:14:54", "elapsed": 2.241411, "delta": 0.003895}}
{"target": -5889.827676185326, "params": {"criterion": 1.769273717950258, "max_features": 0.819699842330853, "min_samples_split": 0.5584592159794821, "n_estimators": 1007.5927289799578}, "datetime": {"datetime": "2023-02-11 17:14:54", "elapsed": 2.245292, "delta": 0.003881}}
{"target": -8455.83709184572, "params": {"criterion": 1.1023036246063622, "max_features": 0.753290473398005, "min_samples_split": 0.773097243761094, "n_estimators": 1810.7143354884543}, "datetime": {"datetime": "2023-02-11 17:14:54", "elapsed": 2.249597, "delta": 0.004305}}
{"target": -8455.890001652331, "params": {"criterion": 0.5127230657688895, "max_features": 0.3135408235715972, "min_samples_split": 0.664062286338662, "n_estimators": 3878.2182978360343}, "datetime": {"datetime": "2023-02-11 17:14:54", "elapsed": 2.253855, "delta": 0.004258}}
{"target": -8455.71110930559, "params": {"criterion": 2.988524174940307, "max_features": 0.7795318501704126, "min_samples_split": 0.7590045061681325, "n_estimators": 184.6105563386405}, "datetime": {"datetime": "2023-02-11 17:14:54", "elapsed": 2.258077, "delta": 0.004222}}
{"target": -3643.0318654651987, "params": {"criterion": 1.4776759433188842, "max_features": 0.7461152287433449, "min_samples_split": 0.0408586127843222, "n_estimators": 1572.5849849267584}, "datetime": {"datetime": "2023-02-11 17:14:54", "elapsed": 2.26232, "delta": 0.004243}}
{"target": -3757.7227441455348, "params": {"criterion": 1.4745493764798614, "max_features": 0.7617644677964996, "min_samples_split": 0.0027869882625951165, "n_estimators": 429.48921645453004}, "datetime": {"datetime": "2023-02-11 17:14:54", "elapsed": 2.266597, "delta": 0.004277}}
{"target": -3798.518476713013, "params": {"criterion": 0.7704541594138831, "max_features": 0.42781220043401313, "min_samples_split": 0.047249749073368055, "n_estimators": 615.2273948845688}, "datetime": {"datetime": "2023-02-11 17:14:54", "elapsed": 2.270807, "delta": 0.00421}}
{"target": -8455.827824214688, "params": {"criterion": 0.7276954292841641, "max_features": 0.9778246888448874, "min_samples_split": 0.9946003442970186, "n_estimators": 3248.9744959489412}, "datetime": {"datetime": "2023-02-11 17:14:54", "elapsed": 2.274703, "delta": 0.003896}}
{"target": -8455.88829735712, "params": {"criterion": 2.8330976945210806, "max_features": 0.9792842241530202, "min_samples_split": 0.8743913130280145, "n_estimators": 4828.324752794455}, "datetime": {"datetime": "2023-02-11 17:14:54", "elapsed": 2.278664, "delta": 0.003961}}
{"target": -3644.918616581702, "params": {"criterion": 1.153983194714554, "max_features": 0.47792579622692677, "min_samples_split": 0.014034130711805103, "n_estimators": 1290.4434977412536}, "datetime": {"datetime": "2023-02-11 17:14:54", "elapsed": 2.28289, "delta": 0.004226}}
{"target": -8455.774639356543, "params": {"criterion": 1.786829352710584, "max_features": 0.383812370499905, "min_samples_split": 0.6587978549584844, "n_estimators": 2362.8845968927862}, "datetime": {"datetime": "2023-02-11 17:14:54", "elapsed": 2.286865, "delta": 0.003975}}
{"target": -6970.043973404348, "params": {"criterion": 1.1652644549124516, "max_features": 0.33978051295976974, "min_samples_split": 0.6216879642200002, "n_estimators": 4280.627953036957}, "datetime": {"datetime": "2023-02-11 17:14:54", "elapsed": 2.290783, "delta": 0.003918}}
{"target": -8455.845610003294, "params": {"criterion": 0.9594970137183095, "max_features": 0.8212466725421901, "min_samples_split": 0.9217758196255331, "n_estimators": 4742.61165761489}, "datetime": {"datetime": "2023-02-11 17:14:54", "elapsed": 2.294672, "delta": 0.003889}}
{"target": -4657.399604025343, "params": {"criterion": 0.6896489993390673, "max_features": 0.7420919618770726, "min_samples_split": 0.34222994450325583, "n_estimators": 3541.9848131895915}, "datetime": {"datetime": "2023-02-11 17:14:54", "elapsed": 2.298886, "delta": 0.004214}}
{"target": -6898.999636175334, "params": {"criterion": 2.883978678214584, "max_features": 0.3085755026476412, "min_samples_split": 0.5324030641401146, "n_estimators": 1525.9469769654452}, "datetime": {"datetime": "2023-02-11 17:14:54", "elapsed": 2.302857, "delta": 0.003971}}
{"target": -3865.1356593998307, "params": {"criterion": 0.49852340618628904, "max_features": 0.6088028467251645, "min_samples_split": 0.09543847586293239, "n_estimators": 4293.562849105171}, "datetime": {"datetime": "2023-02-11 17:14:54", "elapsed": 2.306796, "delta": 0.003939}}
{"target": -5192.497534853561, "params": {"criterion": 0.24712137385237404, "max_features": 0.29436785005742816, "min_samples_split": 0.21944190193386953, "n_estimators": 2197.6738031607924}, "datetime": {"datetime": "2023-02-11 17:14:54", "elapsed": 2.310869, "delta": 0.004073}}
{"target": -5915.632082559408, "params": {"criterion": 2.6381639952183313, "max_features": 0.9222175635963116, "min_samples_split": 0.6244038838323899, "n_estimators": 3885.558085895225}, "datetime": {"datetime": "2023-02-11 17:14:54", "elapsed": 2.315145, "delta": 0.004276}}
{"target": -4246.977055248415, "params": {"criterion": 2.47488712388851, "max_features": 0.6537917729112505, "min_samples_split": 0.20859758659036393, "n_estimators": 1575.7288140942326}, "datetime": {"datetime": "2023-02-11 17:14:54", "elapsed": 2.31929, "delta": 0.004145}}
{"target": -3946.752612570484, "params": {"criterion": 1.2611137231301128, "max_features": 0.3938045374330743, "min_samples_split": 0.0598594634847855, "n_estimators": 4128.7036907297515}, "datetime": {"datetime": "2023-02-11 17:14:54", "elapsed": 2.323264, "delta": 0.003974}}
{"target": -4738.353386598974, "params": {"criterion": 0.9779777527922899, "max_features": 0.5923967432831752, "min_samples_split": 0.32356115022772064, "n_estimators": 3473.6232955054375}, "datetime": {"datetime": "2023-02-11 17:14:54", "elapsed": 2.327258, "delta": 0.003994}}
{"target": -8455.824191563046, "params": {"criterion": 1.444283513520244, "max_features": 0.3307927614916047, "min_samples_split": 0.8465814622907599, "n_estimators": 2300.790750543301}, "datetime": {"datetime": "2023-02-11 17:14:54", "elapsed": 2.33133, "delta": 0.004072}}
{"target": -4257.332620998493, "params": {"criterion": 0.01492021958803147, "max_features": 0.41385827736554115, "min_samples_split": 0.1085538288021016, "n_estimators": 348.2491996674484}, "datetime": {"datetime": "2023-02-11 17:14:54", "elapsed": 2.335281, "delta": 0.003951}}
{"target": -4353.298426369414, "params": {"criterion": 2.2888754437503125, "max_features": 0.7054103608034782, "min_samples_split": 0.2646416056881212, "n_estimators": 156.01667891684136}, "datetime": {"datetime": "2023-02-11 17:14:54", "elapsed": 2.339284, "delta": 0.004003}}
{"target": -8455.853984986825, "params": {"criterion": 2.2192893350210836, "max_features": 0.4353513181000804, "min_samples_split": 0.7069974530772527, "n_estimators": 4678.619132854205}, "datetime": {"datetime": "2023-02-11 17:14:54", "elapsed": 2.343247, "delta": 0.003963}}
{"target": -4209.5591608329505, "params": {"criterion": 0.8803818467585373, "max_features": 0.6452795627474457, "min_samples_split": 0.18980960803714383, "n_estimators": 2877.6400108529488}, "datetime": {"datetime": "2023-02-11 17:14:54", "elapsed": 2.347284, "delta": 0.004037}}
{"target": -8455.795426820156, "params": {"criterion": 2.4899700733494528, "max_features": 0.8115979923893641, "min_samples_split": 0.94885620570023, "n_estimators": 2781.7916720839225}, "datetime": {"datetime": "2023-02-11 17:14:54", "elapsed": 2.35129, "delta": 0.004006}}
{"target": -3892.4459617046896, "params": {"criterion": 1.9838962787482834, "max_features": 0.6483423112589617, "min_samples_split": 0.10826061903436247, "n_estimators": 2234.6100976679077}, "datetime": {"datetime": "2023-02-11 17:14:54", "elapsed": 2.355191, "delta": 0.003901}}
{"target": -8455.775957516495, "params": {"criterion": 0.337722266800833, "max_features": 0.4973118510985681, "min_samples_split": 0.6928306855015839, "n_estimators": 2070.9497248989537}, "datetime": {"datetime": "2023-02-11 17:14:54", "elapsed": 2.359121, "delta": 0.00393}}
{"target": -3651.12339610676, "params": {"criterion": 2.789019233657734, "max_features": 0.5467062110446188, "min_samples_split": 0.03476838043531728, "n_estimators": 3567.130362626178}, "datetime": {"datetime": "2023-02-11 17:14:54", "elapsed": 2.363171, "delta": 0.00405}}
{"target": -5340.1833114493875, "params": {"criterion": 0.7636094537739466, "max_features": 0.39722264203138047, "min_samples_split": 0.32062566788784796, "n_estimators": 623.736497244042}, "datetime": {"datetime": "2023-02-11 17:14:54", "elapsed": 2.367222, "delta": 0.004051}}
{"target": -4869.61943448624, "params": {"criterion": 2.0320601026068195, "max_features": 0.8891576149053487, "min_samples_split": 0.4375292217443662, "n_estimators": 116.15502559012798}, "datetime": {"datetime": "2023-02-11 17:14:54", "elapsed": 2.371227, "delta": 0.004005}}
{"target": -5933.493833212987, "params": {"criterion": 2.583701972437133, "max_features": 0.38855005210321447, "min_samples_split": 0.44141887727295664, "n_estimators": 1288.2405773007074}, "datetime": {"datetime": "2023-02-11 17:14:54", "elapsed": 2.37511, "delta": 0.003883}}
{"target": -3749.8835100822216, "params": {"criterion": 0.17048403895523914, "max_features": 0.6279748665801227, "min_samples_split": 0.07616444154422695, "n_estimators": 582.0894624155482}, "datetime": {"datetime": "2023-02-11 17:14:54", "elapsed": 2.379131, "delta": 0.004021}}
{"target": -7076.61799355954, "params": {"criterion": 2.5996627114959834, "max_features": 0.2815791903928716, "min_samples_split": 0.5578333099275329, "n_estimators": 286.08832615534925}, "datetime": {"datetime": "2023-02-11 17:14:54", "elapsed": 2.383207, "delta": 0.004076}}
{"target": -5465.599692625107, "params": {"criterion": 2.139974638493408, "max_features": 0.2682313315976842, "min_samples_split": 0.24058030047941928, "n_estimators": 3879.9953466975157}, "datetime": {"datetime": "2023-02-11 17:14:54", "elapsed": 2.387153, "delta": 0.003946}}
{"target": -5623.811455422938, "params": {"criterion": 1.373127856213313, "max_features": 0.2869523423007181, "min_samples_split": 0.2746123424818233, "n_estimators": 1555.2696218962499}, "datetime": {"datetime": "2023-02-11 17:14:54", "elapsed": 2.391083, "delta": 0.00393}}
{"target": -4492.160201377168, "params": {"criterion": 1.2402255981999115, "max_features": 0.5729499526512326, "min_samples_split": 0.24915772743139877, "n_estimators": 4207.961222844699}, "datetime": {"datetime": "2023-02-11 17:14:54", "elapsed": 2.395133, "delta": 0.00405}}
{"target": -7268.720117152409, "params": {"criterion": 0.613620923074706, "max_features": 0.24097251523613195, "min_samples_split": 0.6206695111068666, "n_estimators": 3193.459428906358}, "datetime": {"datetime": "2023-02-11 17:14:54", "elapsed": 2.3992, "delta": 0.004067}}
{"target": -8455.895384538653, "params": {"criterion": 0.26686424189432223, "max_features": 0.9254537811445872, "min_samples_split": 0.6652655492990444, "n_estimators": 2509.762240573042}, "datetime": {"datetime": "2023-02-11 17:14:54", "elapsed": 2.403143, "delta": 0.003943}}
{"target": -3961.3811517336226, "params": {"criterion": 1.1081739111493714, "max_features": 0.6579467460708331, "min_samples_split": 0.1178626265880337, "n_estimators": 3705.531340724547}, "datetime": {"datetime": "2023-02-11 17:14:54", "elapsed": 2.407156, "delta": 0.004013}}
{"target": -7119.568263148052, "params": {"criterion": 2.6327331666996368, "max_features": 0.2772100352220553, "min_samples_split": 0.6044261678359564, "n_estimators": 4492.76375571289}, "datetime": {"datetime": "2023-02-11 17:14:54", "elapsed": 2.411432, "delta": 0.004276}}
{"target": -8455.848146390195, "params": {"criterion": 2.3786930901053664, "max_features": 0.9853043051499701, "min_samples_split": 0.8743500069141634, "n_estimators": 1181.8090904248745}, "datetime": {"datetime": "2023-02-11 17:14:54", "elapsed": 2.41563, "delta": 0.004198}}
{"target": -5751.82325634741, "params": {"criterion": 0.8922773098633229, "max_features": 0.9215184208939009, "min_samples_split": 0.48308696325575834, "n_estimators": 2069.1542292122635}, "datetime": {"datetime": "2023-02-11 17:14:54", "elapsed": 2.419605, "delta": 0.003975}}
{"target": -5848.385490052722, "params": {"criterion": 2.1244257936919273, "max_features": 0.4575655176295019, "min_samples_split": 0.4452811818028205, "n_estimators": 2267.8426575216527}, "datetime": {"datetime": "2023-02-11 17:14:54", "elapsed": 2.423668, "delta": 0.004063}}
{"target": -8455.704614834993, "params": {"criterion": 0.4921895644063015, "max_features": 0.2540653757487821, "min_samples_split": 0.6797198067664003, "n_estimators": 413.3809871472261}, "datetime": {"datetime": "2023-02-11 17:14:54", "elapsed": 2.42779, "delta": 0.004122}}
{"target": -5845.480958515602, "params": {"criterion": 0.702845047400951, "max_features": 0.842647616185242, "min_samples_split": 0.5460523909390094, "n_estimators": 1905.2166427824477}, "datetime": {"datetime": "2023-02-11 17:14:54", "elapsed": 2.431835, "delta": 0.004045}}
{"target": -4081.619806182144, "params": {"criterion": 1.0381459218179092, "max_features": 0.26894058157279055, "min_samples_split": 0.03483256452648265, "n_estimators": 1105.7214304180923}, "datetime": {"datetime": "2023-02-11 17:14:54", "elapsed": 2.435786, "delta": 0.003951}}
{"target": -5859.129864575659, "params": {"criterion": 1.449360120036826, "max_features": 0.8811164971108817, "min_samples_split": 0.619098735941506, "n_estimators": 1705.1120416312183}, "datetime": {"datetime": "2023-02-11 17:14:54", "elapsed": 2.439808, "delta": 0.004022}}
{"target": -3667.31992181542, "params": {"criterion": 1.4513831149454774, "max_features": 0.4292002258305644, "min_samples_split": 0.007688526719873094, "n_estimators": 591.1168344961936}, "datetime": {"datetime": "2023-02-11 17:14:54", "elapsed": 2.443901, "delta": 0.004093}}
{"target": -8455.961491857044, "params": {"criterion": 0.0978345993616829, "max_features": 0.22939333104160267, "min_samples_split": 0.7086469571464326, "n_estimators": 3015.886835619931}, "datetime": {"datetime": "2023-02-11 17:14:54", "elapsed": 2.447829, "delta": 0.003928}}
{"target": -3650.2525679985047, "params": {"criterion": 0.17520151463055628, "max_features": 0.6906022733724462, "min_samples_split": 0.048841529189961506, "n_estimators": 2857.4635653494156}, "datetime": {"datetime": "2023-02-11 17:14:54", "elapsed": 2.451724, "delta": 0.003895}}
{"target": -4077.778284467315, "params": {"criterion": 0.7985740670463551, "max_features": 0.8897776211898417, "min_samples_split": 0.24046225667474433, "n_estimators": 3968.5699335725158}, "datetime": {"datetime": "2023-02-11 17:14:54", "elapsed": 2.455721, "delta": 0.003997}}
