{"target": -5219.43044316845, "params": {"criterion": 0.389935536193111, "max_features": 0.2692515269947316, "min_samples_split": 0.18718621347333814, "n_estimators": 3296.33940451473}, "datetime": {"datetime": "2023-02-11 17:14:53", "elapsed": 1.7852, "delta": 0.00574}}
{"target": -8455.86540133601, "params": {"criterion": 0.954386683975507, "max_features": 0.2534922100710485, "min_samples_split": 0.7076756718177124, "n_estimators": 3786.6638178123126}, "datetime": {"datetime": "2023-02-11 17:14:53", "elapsed": 1.790145, "delta": 0.004945}}
{"target": -8455.916747184285, "params": {"criterion": 2.626162787807399, "max_features": 0.8146270284703687, "min_samples_split": 0.8555155307385517, "n_estimators": 4021.559454583512}, "datetime": {"datetime": "2023-02-11 17:14:53", "elapsed": 1.794808, "delta": 0.004663}}
{"target": -8455.948588420584, "params": {"criterion": 2.0490012801749438, "max_features": 0.6274315921023231, "min_samples_split": 0.7031703427350754, "n_estimators": 3665.282949499963}, "datetime": {"datetime": "2023-02-11 17:14:53", "elapsed": 1.800076, "delta": 0.005268}}
{"target": -5975.346197486762, "params": {"criterion": 2.3477933141249125, "max_features": 0.8007416859623327, "min_samples_split": 0.5951835598011536, "n_estimators": 1252.1339933851307}, "datetime": {"datetime": "2023-02-11 17:14:53", "elapsed": 1.804924, "delta": 0.004848}}
{"target": -8455.92850233129, "params": {"criterion": 1.995482468480459, "max_features": 0.5416053851697884, "min_samples_split": 0.8806085202350553, "n_estimators": 4001.4822873355947}, "datetime": {"datetime": "2023-02-11 17:14:53", "elapsed": 1.809772, "delta": 0.004848}}
{"target": -5969.48065285683, "params": {"criterion": 1.2006363958768713, "max_features": 0.7559879426904127, "min_samples_split": 0.5878420747529272, "n_estimators": 1154.0296250220892}, "datetime": {"datetime": "2023-02-11 17:14:53", "elapsed": 1.814536, "delta": 0.004764}}
{"target": -8455.928371797987, "params": {"criterion": 2.490897328803391, "max_features": 0.8180861384750785, "min_samples_split": 0.8670741090910419, "n_estimators": 1060.6137669708278}, "datetime": {"datetime": "2023-02-11 17:14:53", "elapsed": 1.819384, "delta": 0.004848}}
{"target": -8455.979425930014, "params": {"criterion": 0.7008606409290797, "max_features": 0.5214261969889383, "min_samples_split": 0.9382549456938787, "n_estimators": 4947.75189178226}, "datetime": {"datetime": "2023-02-11 17:14:53", "elapsed": 1.824085, "delta": 0.004701}}
{"target": -4297.258392327405, "params": {"criterion": 1.7094559710133914, "max_features": 0.9456564633370114, "min_samples_split": 0.3101183598008327, "n_estimators": 4886.878017270318}, "datetime": {"datetime": "2023-02-11 17:14:53", "elapsed": 1.828633, "delta": 0.004548}}
{"target": -6509.635169674305, "params": {"criterion": 1.088439776272382, "max_features": 0.5021879770263783, "min_samples_split": 0.6077542074769128, "n_estimators": 921.5724204834569}, "datetime": {"datetime": "2023-02-11 17:14:54", "elapsed": 1.833549, "delta": 0.004916}}
{"target": -5870.011562552144, "params": {"criterion": 2.584064076742525, "max_features": 0.9376198512119823, "min_samples_split": 0.6191716170564652, "n_estimators": 705.7837565125745}, "datetime": {"datetime": "2023-02-11 17:14:54", "elapsed": 1.838169, "delta": 0.00462}}
{"target": -4590.089954063509, "params": {"criterion": 1.3314000532369576, "max_features": 0.3623259876375296, "min_samples_split": 0.1411474113593726, "n_estimators": 3388.3220929497506}, "datetime": {"datetime": "2023-02-11 17:14:54", "elapsed": 1.842306, "delta": 0.004137}}
{"target": -5365.161160670331, "params": {"criterion": 0.7466128446283139, "max_features": 0.49859691633310044, "min_samples_split": 0.34674351159699357, "n_estimators": 4142.074641948066}, "datetime": {"datetime": "2023-02-11 17:14:54", "elapsed": 1.846375, "delta": 0.004069}}
{"target": -5632.501166228481, "params": {"criterion": 2.5248619331885664, "max_features": 0.27940941697381577, "min_samples_split": 0.2734492496381479, "n_estimators": 2568.980060496515}, "datetime": {"datetime": "2023-02-11 17:14:54", "elapsed": 1.851334, "delta": 0.004959}}
{"target": -7150.674531827237, "params": {"criterion": 2.384372899381655, "max_features": 0.21990132664183928, "min_samples_split": 0.5394125425054845, "n_estimators": 322.57934233077066}, "datetime": {"datetime": "2023-02-11 17:14:54", "elapsed": 1.85573, "delta": 0.004396}}
{"target": -3940.480268469636, "params": {"criterion": 1.6432407311525845, "max_features": 0.9507220251334708, "min_samples_split": 0.1280907924606533, "n_estimators": 710.8193015277778}, "datetime": {"datetime": "2023-02-11 17:14:54", "elapsed": 1.86007, "delta": 0.00434}}
{"target": -3665.4497089534416, "params": {"criterion": 1.4805642636728573, "max_features": 0.4204739116559576, "min_samples_split": 0.013557950585177083, "n_estimators": 727.1387811544575}, "datetime": {"datetime": "2023-02-11 17:14:54", "elapsed": 1.864425, "delta": 0.004355}}
{"target": -8455.868256129315, "params": {"criterion": 2.3759168249193703, "max_features": 0.9515460051195642, "min_samples_split": 0.9806016779661593, "n_estimators": 2453.1776401948628}, "datetime": {"datetime": "2023-02-11 17:14:54", "elapsed": 1.869063, "delta": 0.004638}}
{"target": -8455.877344663033, "params": {"criterion": 0.5007570507487155, "max_features": 0.7454549997828156, "min_samples_split": 0.9489538679332928, "n_estimators": 2300.310748783036}, "datetime": {"datetime": "2023-02-11 17:14:54", "elapsed": 1.873138, "delta": 0.004075}}
{"target": -4000.130839291033, "params": {"criterion": 0.6977375642965588, "max_features": 0.7787676363537849, "min_samples_split": 0.14207995520785188, "n_estimators": 590.9368082908629}, "datetime": {"datetime": "2023-02-11 17:14:54", "elapsed": 1.877167, "delta": 0.004029}}
{"target": -4872.656731012742, "params": {"criterion": 1.8936038373348858, "max_features": 0.2790747287194066, "min_samples_split": 0.1372321217754779, "n_estimators": 4757.819558682475}, "datetime": {"datetime": "2023-02-11 17:14:54", "elapsed": 1.881794, "delta": 0.004627}}
{"target": -8455.900307622593, "params": {"criterion": 1.916111989497165, "max_features": 0.9997213469142829, "min_samples_split": 0.7780008995471752, "n_estimators": 183.17727364057075}, "datetime": {"datetime": "2023-02-11 17:14:54", "elapsed": 1.886316, "delta": 0.004522}}
{"target": -6948.112389870762, "params": {"criterion": 0.6239135970444782, "max_features": 0.30537608593453197, "min_samples_split": 0.5722367645683426, "n_estimators": 4555.607960105956}, "datetime": {"datetime": "2023-02-11 17:14:54", "elapsed": 1.890519, "delta": 0.004203}}
{"target": -8455.804132395015, "params": {"criterion": 2.40926523275558, "max_features": 0.8311227183102374, "min_samples_split": 0.685682470512233, "n_estimators": 1229.0108517045678}, "datetime": {"datetime": "2023-02-11 17:14:54", "elapsed": 1.894427, "delta": 0.003908}}
{"target": -5656.1910184908475, "params": {"criterion": 2.8430495683958337, "max_features": 0.24256676495221488, "min_samples_split": 0.23865803624454654, "n_estimators": 2513.0394250301124}, "datetime": {"datetime": "2023-02-11 17:14:54", "elapsed": 1.900203, "delta": 0.005776}}
{"target": -3929.029932956923, "params": {"criterion": 2.5299537049170056, "max_features": 0.8760178620237509, "min_samples_split": 0.12827406404901132, "n_estimators": 3817.107654898883}, "datetime": {"datetime": "2023-02-11 17:14:54", "elapsed": 1.904872, "delta": 0.004669}}
{"target": -8455.994459855956, "params": {"criterion": 0.8726238721752272, "max_features": 0.8124392698729381, "min_samples_split": 0.8367078629578637, "n_estimators": 1946.8827535267617}, "datetime": {"datetime": "2023-02-11 17:14:54", "elapsed": 1.90896, "delta": 0.004088}}
{"target": -4936.136045900281, "params": {"criterion": 2.093126161484147, "max_features": 0.9363030265746547, "min_samples_split": 0.4686839370321181, "n_estimators": 3684.889628361961}, "datetime": {"datetime": "2023-02-11 17:14:54", "elapsed": 1.913011, "delta": 0.004051}}
{"target": -7091.812092907826, "params": {"criterion": 0.030740096914487636, "max_features": 0.23909344307732883, "min_samples_split": 0.524664062935996, "n_estimators": 1525.3194723012286}, "datetime": {"datetime": "2023-02-11 17:14:54", "elapsed": 1.917775, "delta": 0.004764}}
{"target": -5387.855291598573, "params": {"criterion": 0.5887910812657916, "max_features": 0.32045163605650406, "min_samples_split": 0.2640900301629967, "n_estimators": 1539.4740524359265}, "datetime": {"datetime": "2023-02-11 17:14:54", "elapsed": 1.921942, "delta": 0.004167}}
{"target": -7372.208638536393, "params": {"criterion": 2.1857543628213403, "max_features": 0.3074357643616433, "min_samples_split": 0.6287670156893334, "n_estimators": 1045.2060621095234}, "datetime": {"datetime": "2023-02-11 17:14:54", "elapsed": 1.925856, "delta": 0.003914}}
{"target": -6423.62450442189, "params": {"criterion": 1.8746054635353846, "max_features": 0.24835081790465333, "min_samples_split": 0.41941177652259976, "n_estimators": 3803.963340211103}, "datetime": {"datetime": "2023-02-11 17:14:54", "elapsed": 1.930027, "delta": 0.004171}}
{"target": -4053.9908358595653, "params": {"criterion": 0.6981594883620079, "max_features": 0.931079607967798, "min_samples_split": 0.227925092571107, "n_estimators": 4848.0417428250685}, "datetime": {"datetime": "2023-02-11 17:14:54", "elapsed": 1.934583, "delta": 0.004556}}
{"target": -4039.433228031826, "params": {"criterion": 0.9441397970902345, "max_features": 0.6991367918684785, "min_samples_split": 0.1468160818015726, "n_estimators": 3934.712387068959}, "datetime": {"datetime": "2023-02-11 17:14:54", "elapsed": 1.938685, "delta": 0.004102}}
{"target": -6232.8279815015585, "params": {"criterion": 0.5287763326532297, "max_features": 0.22935357413865132, "min_samples_split": 0.3555530834851685, "n_estimators": 1520.3854271066307}, "datetime": {"datetime": "2023-02-11 17:14:54", "elapsed": 1.942575, "delta": 0.00389}}
{"target": -7769.493289347964, "params": {"criterion": 2.763860010363554, "max_features": 0.38107698014220337, "min_samples_split": 0.6330261981582013, "n_estimators": 380.7652568617683}, "datetime": {"datetime": "2023-02-11 17:14:54", "elapsed": 1.946555, "delta": 0.00398}}
{"target": -5268.722958230681, "params": {"criterion": 2.685205214872851, "max_features": 0.7084936503597571, "min_samples_split": 0.4627759313351747, "n_estimators": 544.8617122175955}, "datetime": {"datetime": "2023-02-11 17:14:54", "elapsed": 1.951126, "delta": 0.004571}}
{"target": -8455.828799862042, "params": {"criterion": 2.946361789114436, "max_features": 0.8023298197186712, "min_samples_split": 0.9263124816284072, "n_estimators": 2928.3749487426508}, "datetime": {"datetime": "2023-02-11 17:14:54", "elapsed": 1.955171, "delta": 0.004045}}
{"target": -3770.909421838975, "params": {"criterion": 1.3336421647453403, "max_features": 0.2983801496729682, "min_samples_split": 0.0034914413292599896, "n_estimators": 2206.4966263579504}, "datetime": {"datetime": "2023-02-11 17:14:54", "elapsed": 1.95907, "delta": 0.003899}}
{"target": -5303.517661400197, "params": {"criterion": 1.3368200083405872, "max_features": 0.3835150663275022, "min_samples_split": 0.3159563026406846, "n_estimators": 1358.1131956575834}, "datetime": {"datetime": "2023-02-11 17:14:54", "elapsed": 1.963169, "delta": 0.004099}}
{"target": -8455.96544179623, "params": {"criterion": 0.7635813469200768, "max_features": 0.9377038832838958, "min_samples_split": 0.7536109144083354, "n_estimators": 1839.5584664903424}, "datetime": {"datetime": "2023-02-11 17:14:54", "elapsed": 1.967703, "delta": 0.004534}}
{"target": -8456.028593714675, "params": {"criterion": 1.4372567782527468, "max_features": 0.9225855625246918, "min_samples_split": 0.7635059073149497, "n_estimators": 1019.1824531899017}, "datetime": {"datetime": "2023-02-11 17:14:54", "elapsed": 1.971753, "delta": 0.00405}}
{"target": -5751.694674446006, "params": {"criterion": 1.0123404710520998, "max_features": 0.25092013232886157, "min_samples_split": 0.3081935234787561, "n_estimators": 4609.343796545672}, "datetime": {"datetime": "2023-02-11 17:14:54", "elapsed": 1.975674, "delta": 0.003921}}
{"target": -8456.353865356476, "params": {"criterion": 0.039771016683897514, "max_features": 0.9117098606203418, "min_samples_split": 0.717556641433288, "n_estimators": 171.73850317026523}, "datetime": {"datetime": "2023-02-11 17:14:54", "elapsed": 1.979802, "delta": 0.004128}}
{"target": -6571.700139456635, "params": {"criterion": 1.5223236008420429, "max_features": 0.4898104492975607, "min_samples_split": 0.5924280138659828, "n_estimators": 4169.215222961573}, "datetime": {"datetime": "2023-02-11 17:14:54", "elapsed": 1.984297, "delta": 0.004495}}
{"target": -8455.898724167284, "params": {"criterion": 2.5998484974713794, "max_features": 0.9043490631076812, "min_samples_split": 0.9326652430141236, "n_estimators": 4588.863127670529}, "datetime": {"datetime": "2023-02-11 17:14:54", "elapsed": 1.988386, "delta": 0.004089}}
{"target": -8426.970460034458, "params": {"criterion": 2.1619674946443026, "max_features": 0.5316636801788748, "min_samples_split": 0.6439614054840387, "n_estimators": 1985.4748538098563}, "datetime": {"datetime": "2023-02-11 17:14:54", "elapsed": 1.992336, "delta": 0.00395}}
{"target": -8455.844227620177, "params": {"criterion": 0.6526496420217041, "max_features": 0.536826010440912, "min_samples_split": 0.9232810610088192, "n_estimators": 1012.4363123694503}, "datetime": {"datetime": "2023-02-11 17:14:54", "elapsed": 1.996513, "delta": 0.004177}}
{"target": -8455.91716065579, "params": {"criterion": 0.04026960098263496, "max_features": 0.42820054142276653, "min_samples_split": 0.8096579464943062, "n_estimators": 3743.912750522553}, "datetime": {"datetime": "2023-02-11 17:14:54", "elapsed": 2.000885, "delta": 0.004372}}
{"target": -6091.662173796043, "params": {"criterion": 2.636610761515163, "max_features": 0.7829153507825805, "min_samples_split": 0.6235080663090801, "n_estimators": 4174.055062222855}, "datetime": {"datetime": "2023-02-11 17:14:54", "elapsed": 2.004856, "delta": 0.003971}}
{"target": -4347.323211272868, "params": {"criterion": 1.8663246571681613, "max_features": 0.8456316160393396, "min_samples_split": 0.30272396043429406, "n_estimators": 4305.730339743508}, "datetime": {"datetime": "2023-02-11 17:14:54", "elapsed": 2.008767, "delta": 0.003911}}
{"target": -4716.32739201879, "params": {"criterion": 0.5019178278550581, "max_features": 0.4718216723231048, "min_samples_split": 0.2515813118837228, "n_estimators": 4117.492995813946}, "datetime": {"datetime": "2023-02-11 17:14:54", "elapsed": 2.012894, "delta": 0.004127}}
{"target": -5980.479323019141, "params": {"criterion": 0.5737852723607373, "max_features": 0.31031012633267985, "min_samples_split": 0.3798220680459813, "n_estimators": 2501.0606452430225}, "datetime": {"datetime": "2023-02-11 17:14:54", "elapsed": 2.017466, "delta": 0.004572}}
{"target": -6874.420565128101, "params": {"criterion": 1.8482907238951505, "max_features": 0.3496354885334201, "min_samples_split": 0.5898806743047028, "n_estimators": 1909.4093089651367}, "datetime": {"datetime": "2023-02-11 17:14:54", "elapsed": 2.021549, "delta": 0.004083}}
{"target": -3986.120995269271, "params": {"criterion": 2.0724398173653262, "max_features": 0.9707983461144173, "min_samples_split": 0.16399122555910176, "n_estimators": 3957.703514511597}, "datetime": {"datetime": "2023-02-11 17:14:54", "elapsed": 2.025936, "delta": 0.004387}}
{"target": -5123.957491544642, "params": {"criterion": 0.018829360405419063, "max_features": 0.21290737224358458, "min_samples_split": 0.15107443456716904, "n_estimators": 820.0647938859253}, "datetime": {"datetime": "2023-02-11 17:14:54", "elapsed": 2.030742, "delta": 0.004806}}
{"target": -8455.870108085248, "params": {"criterion": 2.9420748420502356, "max_features": 0.30300883047575133, "min_samples_split": 0.679059363095861, "n_estimators": 4472.742646687959}, "datetime": {"datetime": "2023-02-11 17:14:54", "elapsed": 2.035727, "delta": 0.004985}}
{"target": -8455.774301178759, "params": {"criterion": 2.2192278480203314, "max_features": 0.2127919571573719, "min_samples_split": 0.6574361841744218, "n_estimators": 3107.069203876289}, "datetime": {"datetime": "2023-02-11 17:14:54", "elapsed": 2.040916, "delta": 0.005189}}
{"target": -5813.583852736781, "params": {"criterion": 1.3041882663951665, "max_features": 0.8795845449827637, "min_samples_split": 0.5333572588474736, "n_estimators": 4838.371242182694}, "datetime": {"datetime": "2023-02-11 17:14:54", "elapsed": 2.045625, "delta": 0.004709}}
{"target": -3742.0857323351534, "params": {"criterion": 1.2214970993140115, "max_features": 0.6199200334804883, "min_samples_split": 0.06744480391257583, "n_estimators": 4570.39950943108}, "datetime": {"datetime": "2023-02-11 17:14:54", "elapsed": 2.050233, "delta": 0.004608}}
{"target": -5851.343297980117, "params": {"criterion": 2.754512193558334, "max_features": 0.9513600408677475, "min_samples_split": 0.5490766907452324, "n_estimators": 2393.74196462971}, "datetime": {"datetime": "2023-02-11 17:14:54", "elapsed": 2.054514, "delta": 0.004281}}
{"target": -8455.918757502839, "params": {"criterion": 2.6088204887316775, "max_features": 0.9848741248477543, "min_samples_split": 0.749128435327969, "n_estimators": 2927.3522367030146}, "datetime": {"datetime": "2023-02-11 17:14:54", "elapsed": 2.059742, "delta": 0.005228}}
{"target": -8455.859888314428, "params": {"criterion": 0.0771895186097021, "max_features": 0.9973037353598622, "min_samples_split": 0.9428800196265115, "n_estimators": 4195.58338644293}, "datetime": {"datetime": "2023-02-11 17:14:54", "elapsed": 2.065171, "delta": 0.005429}}
{"target": -8455.882031906594, "params": {"criterion": 1.013912709510434, "max_features": 0.8352699924581842, "min_samples_split": 0.6954863834995989, "n_estimators": 553.0316518724735}, "datetime": {"datetime": "2023-02-11 17:14:54", "elapsed": 2.069959, "delta": 0.004788}}
{"target": -6231.678724814048, "params": {"criterion": 0.39219568931297805, "max_features": 0.6211686993717684, "min_samples_split": 0.5701965728057485, "n_estimators": 1517.0296819968517}, "datetime": {"datetime": "2023-02-11 17:14:54", "elapsed": 2.075061, "delta": 0.005102}}
{"target": -5622.937382864497, "params": {"criterion": 2.870442289409523, "max_features": 0.3173632507340024, "min_samples_split": 0.3114309150010875, "n_estimators": 3110.980631119252}, "datetime": {"datetime": "2023-02-11 17:14:54", "elapsed": 2.079775, "delta": 0.004714}}
{"target": -8455.945376099984, "params": {"criterion": 0.2595463685961466, "max_features": 0.21963047342622022, "min_samples_split": 0.9998898080432064, "n_estimators": 2765.1079168105643}, "datetime": {"datetime": "2023-02-11 17:14:54", "elapsed": 2.084523, "delta": 0.004748}}
{"target": -6204.933486832354, "params": {"criterion": 1.9438976729196538, "max_features": 0.6006365979000121, "min_samples_split": 0.5590411654670681, "n_estimators": 361.9973487402334}, "datetime": {"datetime": "2023-02-11 17:14:54", "elapsed": 2.089465, "delta": 0.004942}}
{"target": -4492.699597501996, "params": {"criterion": 2.3688327809871934, "max_features": 0.6253071338110306, "min_samples_split": 0.2740173418831622, "n_estimators": 199.48358782468446}, "datetime": {"datetime": "2023-02-11 17:14:54", "elapsed": 2.09438, "delta": 0.004915}}
{"target": -8455.841049775461, "params": {"criterion": 0.5523998204370885, "max_features": 0.4668810299409395, "min_samples_split": 0.9888092564268217, "n_estimators": 4508.940040626705}, "datetime": {"datetime": "2023-02-11 17:14:54", "elapsed": 2.099047, "delta": 0.004667}}
{"target": -4638.990859704469, "params": {"criterion": 1.6959174428621635, "max_features": 0.767322073144646, "min_samples_split": 0.3634160583422178, "n_estimators": 1087.4992505751306}, "datetime": {"datetime": "2023-02-11 17:14:54", "elapsed": 2.103517, "delta": 0.00447}}
{"target": -8455.826765567714, "params": {"criterion": 2.2487801079931367, "max_features": 0.41458638955608185, "min_samples_split": 0.6741910966514547, "n_estimators": 1461.7426936427}, "datetime": {"datetime": "2023-02-11 17:14:54", "elapsed": 2.108187, "delta": 0.00467}}
{"target": -4800.825241279166, "params": {"criterion": 1.8683160541509032, "max_features": 0.8342072174062228, "min_samples_split": 0.4252125119810606, "n_estimators": 578.1239375070935}, "datetime": {"datetime": "2023-02-11 17:14:54", "elapsed": 2.112552, "delta": 0.004365}}
{"target": -8455.880942607535, "params": {"criterion": 1.2760015352299356, "max_features": 0.7728585770234, "min_samples_split": 0.7604073045115576, "n_estimators": 2784.5203068988976}, "datetime": {"datetime": "2023-02-11 17:14:54", "elapsed": 2.11718, "delta": 0.004628}}
{"target": -8455.821865965156, "params": {"criterion": 2.419574539108754, "max_features": 0.9185210558767025, "min_samples_split": 0.8374079102416124, "n_estimators": 1642.5452872744872}, "datetime": {"datetime": "2023-02-11 17:14:54", "elapsed": 2.121315, "delta": 0.004135}}
{"target": -8455.862749736463, "params": {"criterion": 1.6149625266601781, "max_features": 0.6712478793380289, "min_samples_split": 0.9303690169172647, "n_estimators": 3737.4411734717387}, "datetime": {"datetime": "2023-02-11 17:14:54", "elapsed": 2.125453, "delta": 0.004138}}
{"target": -5170.283772378435, "params": {"criterion": 2.2311310663599215, "max_features": 0.36616572086279253, "min_samples_split": 0.2506383022761022, "n_estimators": 2502.2031184564953}, "datetime": {"datetime": "2023-02-11 17:14:54", "elapsed": 2.131745, "delta": 0.006292}}
{"target": -8016.754211069523, "params": {"criterion": 0.4341724268546036, "max_features": 0.7043872322467238, "min_samples_split": 0.6366351175774833, "n_estimators": 2677.311898336859}, "datetime": {"datetime": "2023-02-11 17:14:54", "elapsed": 2.135937, "delta": 0.004192}}
