{"target": -8454.734068685779, "params": {"criterion": 0.712081573234192, "max_features": 0.9039702568810469, "min_samples_split": 0.9966799893383849, "n_estimators": 4807.629896650772}, "datetime": {"datetime": "2023-01-27 03:51:44", "elapsed": 37457.903618, "delta": 125.502071}}
{"target": -4945.5126833945005, "params": {"criterion": 1.504834109568221, "max_features": 0.49841128634564846, "min_samples_split": 0.404589116330758, "n_estimators": 3808.493026556044}, "datetime": {"datetime": "2023-01-27 03:54:26", "elapsed": 37620.643758, "delta": 162.74014}}
{"target": -8283.939708211805, "params": {"criterion": 0.7022332330234924, "max_features": 0.8184305117232417, "min_samples_split": 0.6405764850087414, "n_estimators": 2335.3487115711428}, "datetime": {"datetime": "2023-01-27 03:55:51", "elapsed": 37705.7662, "delta": 85.122442}}
{"target": -8454.749353477458, "params": {"criterion": 0.30382640966617475, "max_features": 0.5660516093551573, "min_samples_split": 0.9318398066314638, "n_estimators": 4662.778197538931}, "datetime": {"datetime": "2023-01-27 03:57:53", "elapsed": 37827.631521, "delta": 121.865321}}
{"target": -3846.5288408667197, "params": {"criterion": 1.7763724209559746, "max_features": 0.8687058921242067, "min_samples_split": 0.3079758603398888, "n_estimators": 2744.785633980048}, "datetime": {"datetime": "2023-01-27 04:00:55", "elapsed": 38009.176471, "delta": 181.54495}}
{"target": -4765.940866325737, "params": {"criterion": 1.7912171460039348, "max_features": 0.20282670645824183, "min_samples_split": 0.18322739495256485, "n_estimators": 625.54171548326}, "datetime": {"datetime": "2023-01-27 04:01:35", "elapsed": 38049.334018, "delta": 40.157547}}
{"target": -8454.681003434449, "params": {"criterion": 2.7971208923106117, "max_features": 0.21427411917687111, "min_samples_split": 0.9775556013924669, "n_estimators": 1274.5528742430547}, "datetime": {"datetime": "2023-01-27 04:02:34", "elapsed": 38108.468264, "delta": 59.134246}}
{"target": -8454.76236806463, "params": {"criterion": 0.3617597114267374, "max_features": 0.5422571538024754, "min_samples_split": 0.7820638255366742, "n_estimators": 2231.6020470899116}, "datetime": {"datetime": "2023-01-27 04:03:49", "elapsed": 38183.529096, "delta": 75.060832}}
{"target": -5658.093705868943, "params": {"criterion": 2.6130698208364267, "max_features": 0.40706111169841397, "min_samples_split": 0.4737251188790948, "n_estimators": 3919.0762315150755}, "datetime": {"datetime": "2023-01-27 04:06:20", "elapsed": 38334.619344, "delta": 151.090248}}
{"target": -8453.792806262954, "params": {"criterion": 2.5492605679385196, "max_features": 0.5573757369839393, "min_samples_split": 0.6566637122151788, "n_estimators": 3879.982962692132}, "datetime": {"datetime": "2023-01-27 04:08:06", "elapsed": 38440.097118, "delta": 105.477774}}
{"target": -8454.748036053401, "params": {"criterion": 1.8872099788524987, "max_features": 0.3500701752426424, "min_samples_split": 0.8472044651510595, "n_estimators": 4207.351308640942}, "datetime": {"datetime": "2023-01-27 04:09:55", "elapsed": 38549.772628, "delta": 109.67551}}
{"target": -4513.611374581753, "params": {"criterion": 1.231718743453529, "max_features": 0.7243634953345751, "min_samples_split": 0.4272592152101473, "n_estimators": 2937.2129296574412}, "datetime": {"datetime": "2023-01-27 04:12:23", "elapsed": 38697.119794, "delta": 147.347166}}
{"target": -8454.732231367694, "params": {"criterion": 1.5581824858881395, "max_features": 0.29234353938654845, "min_samples_split": 0.9409672130388134, "n_estimators": 1204.8425119968076}, "datetime": {"datetime": "2023-01-27 04:13:14", "elapsed": 38748.025197, "delta": 50.905403}}
{"target": -4442.407128857061, "params": {"criterion": 2.6493991643740453, "max_features": 0.3810977444170076, "min_samples_split": 0.23831921971706194, "n_estimators": 3485.276367990564}, "datetime": {"datetime": "2023-01-27 04:16:04", "elapsed": 38918.654987, "delta": 170.62979}}
{"target": -5821.681011717213, "params": {"criterion": 2.6132224616564863, "max_features": 0.32931093099337294, "min_samples_split": 0.4511819235395011, "n_estimators": 1013.8281192441885}, "datetime": {"datetime": "2023-01-27 04:16:50", "elapsed": 38964.623252, "delta": 45.968265}}
{"target": -8454.74769830805, "params": {"criterion": 2.9503391969017554, "max_features": 0.582816089780239, "min_samples_split": 0.8286400061574606, "n_estimators": 1981.0871208845558}, "datetime": {"datetime": "2023-01-27 04:18:00", "elapsed": 39034.592833, "delta": 69.969581}}
{"target": -8454.752594768159, "params": {"criterion": 0.15937180074816773, "max_features": 0.42057894042130334, "min_samples_split": 0.9416913976780052, "n_estimators": 168.03923718018683}, "datetime": {"datetime": "2023-01-27 04:18:10", "elapsed": 39044.781567, "delta": 10.188734}}
{"target": -4086.0290057199695, "params": {"criterion": 2.0086544260018937, "max_features": 0.980960539249931, "min_samples_split": 0.3906081059342741, "n_estimators": 1638.693649507286}, "datetime": {"datetime": "2023-01-27 04:20:20", "elapsed": 39174.255388, "delta": 129.473821}}
{"target": -3202.163711785939, "params": {"criterion": 0.7423052758065495, "max_features": 0.505147850161137, "min_samples_split": 0.15641391699612658, "n_estimators": 1670.5948186002354}, "datetime": {"datetime": "2023-01-27 04:22:10", "elapsed": 39284.429176, "delta": 110.173788}}
{"target": -5656.174964556551, "params": {"criterion": 1.5203604418178132, "max_features": 0.5706775501282983, "min_samples_split": 0.6019667431023118, "n_estimators": 4120.99568500275}, "datetime": {"datetime": "2023-01-27 04:24:45", "elapsed": 39439.172681, "delta": 154.743505}}
{"target": -3198.071090500663, "params": {"criterion": 0.9260313927642846, "max_features": 0.9678451337283105, "min_samples_split": 0.16663970043191695, "n_estimators": 4578.773187095717}, "datetime": {"datetime": "2023-01-27 04:31:03", "elapsed": 39816.986538, "delta": 377.813857}}
{"target": -4679.16912654839, "params": {"criterion": 1.4889302986557464, "max_features": 0.4866439813559905, "min_samples_split": 0.37056101605124747, "n_estimators": 1601.116670349825}, "datetime": {"datetime": "2023-01-27 04:32:24", "elapsed": 39897.957327, "delta": 80.970789}}
{"target": -2744.1172398888707, "params": {"criterion": 1.266747389188309, "max_features": 0.18491179708707023, "min_samples_split": 0.01583527861133163, "n_estimators": 1363.992338500513}, "datetime": {"datetime": "2023-01-27 04:33:52", "elapsed": 39985.991313, "delta": 88.033986}}
{"target": -6029.851453580159, "params": {"criterion": 1.5563084859593974, "max_features": 0.341409689774963, "min_samples_split": 0.485356002534765, "n_estimators": 2942.312031265571}, "datetime": {"datetime": "2023-01-27 04:35:43", "elapsed": 40097.498039, "delta": 111.506726}}
{"target": -5532.313065571342, "params": {"criterion": 1.7805595947355777, "max_features": 0.8216804968112869, "min_samples_split": 0.6132372063970417, "n_estimators": 3282.3771330408936}, "datetime": {"datetime": "2023-01-27 04:38:11", "elapsed": 40245.699285, "delta": 148.201246}}
{"target": -3715.249642023025, "params": {"criterion": 1.7444453751983693, "max_features": 0.4808399904246119, "min_samples_split": 0.19946353427593963, "n_estimators": 3251.0584741408543}, "datetime": {"datetime": "2023-01-27 04:41:05", "elapsed": 40418.819944, "delta": 173.120659}}
{"target": -8454.747386738567, "params": {"criterion": 0.6695737247199616, "max_features": 0.6562064751044635, "min_samples_split": 0.8490983176946956, "n_estimators": 2839.378211250623}, "datetime": {"datetime": "2023-01-27 04:42:29", "elapsed": 40502.840115, "delta": 84.020171}}
{"target": -8454.85906600293, "params": {"criterion": 0.49238853189202103, "max_features": 0.6457242204623849, "min_samples_split": 0.8606143772762376, "n_estimators": 1039.5849029282754}, "datetime": {"datetime": "2023-01-27 04:43:07", "elapsed": 40541.481504, "delta": 38.641389}}
{"target": -6898.326982638236, "params": {"criterion": 1.8237790789184938, "max_features": 0.18281980776907825, "min_samples_split": 0.5996249257870854, "n_estimators": 4542.694100825208}, "datetime": {"datetime": "2023-01-27 04:45:34", "elapsed": 40688.738546, "delta": 147.257042}}
{"target": -8454.781617061173, "params": {"criterion": 0.3784868603994191, "max_features": 0.38971860276782094, "min_samples_split": 0.9163243225552764, "n_estimators": 1096.7001698647618}, "datetime": {"datetime": "2023-01-27 04:46:17", "elapsed": 40730.963525, "delta": 42.224979}}
{"target": -3775.8583977707954, "params": {"criterion": 2.196147712535931, "max_features": 0.6471945239070146, "min_samples_split": 0.2307815229205026, "n_estimators": 3990.031213998038}, "datetime": {"datetime": "2023-01-27 04:50:12", "elapsed": 40966.652291, "delta": 235.688766}}
{"target": -5554.298086127163, "params": {"criterion": 1.4202831495509962, "max_features": 0.8678614947585436, "min_samples_split": 0.48575804157212493, "n_estimators": 3947.9969601662133}, "datetime": {"datetime": "2023-01-27 04:53:15", "elapsed": 41149.176906, "delta": 182.524615}}
{"target": -8454.743889290457, "params": {"criterion": 1.2033584190514293, "max_features": 0.8759185202047671, "min_samples_split": 0.7943172821747071, "n_estimators": 2404.92819866705}, "datetime": {"datetime": "2023-01-27 04:54:34", "elapsed": 41228.804416, "delta": 79.62751}}
{"target": -6851.08781785469, "params": {"criterion": 0.4149060968601457, "max_features": 0.19519509873304947, "min_samples_split": 0.560873700531576, "n_estimators": 968.0911060421691}, "datetime": {"datetime": "2023-01-27 04:55:25", "elapsed": 41278.860949, "delta": 50.056533}}
{"target": -4848.928062735568, "params": {"criterion": 2.1131417639728953, "max_features": 0.26249847073287363, "min_samples_split": 0.21438340694712144, "n_estimators": 480.67235898261805}, "datetime": {"datetime": "2023-01-27 04:55:53", "elapsed": 41307.798972, "delta": 28.938023}}
{"target": -8454.791531460785, "params": {"criterion": 1.8896275147288544, "max_features": 0.5968739997877217, "min_samples_split": 0.8803859093631967, "n_estimators": 4859.301440481418}, "datetime": {"datetime": "2023-01-27 04:57:56", "elapsed": 41430.255911, "delta": 122.456939}}
{"target": -8454.704400363455, "params": {"criterion": 0.5334847941951143, "max_features": 0.6678343027420801, "min_samples_split": 0.8848259829410984, "n_estimators": 4852.328295641246}, "datetime": {"datetime": "2023-01-27 05:00:02", "elapsed": 41555.963424, "delta": 125.707513}}
{"target": -8454.730575203599, "params": {"criterion": 2.6020067748090083, "max_features": 0.42147397534431513, "min_samples_split": 0.894187011473633, "n_estimators": 1718.3778845823922}, "datetime": {"datetime": "2023-01-27 05:01:03", "elapsed": 41617.751755, "delta": 61.788331}}
{"target": -2001.594839758065, "params": {"criterion": 1.9271806328069934, "max_features": 0.7552794525885261, "min_samples_split": 0.0619899236892025, "n_estimators": 776.3743984956737}, "datetime": {"datetime": "2023-01-27 05:02:28", "elapsed": 41701.845822, "delta": 84.094067}}
{"target": -2187.225063482187, "params": {"criterion": 1.0326814646788383, "max_features": 0.3447652745417926, "min_samples_split": 0.030793924570836878, "n_estimators": 4526.560318854}, "datetime": {"datetime": "2023-01-27 05:07:33", "elapsed": 42007.228749, "delta": 305.382927}}
{"target": -4257.866204366247, "params": {"criterion": 0.8225978537726546, "max_features": 0.6002959939282888, "min_samples_split": 0.3509095044643109, "n_estimators": 4538.6372223357685}, "datetime": {"datetime": "2023-01-27 05:11:23", "elapsed": 42237.762529, "delta": 230.53378}}
{"target": -8454.707864347907, "params": {"criterion": 2.7944867070527155, "max_features": 0.4177360383853147, "min_samples_split": 0.7413940659153572, "n_estimators": 2090.480958032112}, "datetime": {"datetime": "2023-01-27 05:12:26", "elapsed": 42300.691903, "delta": 62.929374}}
{"target": -1691.7059938283892, "params": {"criterion": 0.7671014423360458, "max_features": 0.7061028710035165, "min_samples_split": 0.03736646992110642, "n_estimators": 2782.233252026664}, "datetime": {"datetime": "2023-01-27 05:17:22", "elapsed": 42596.08895, "delta": 295.397047}}
{"target": -3939.9444354820635, "params": {"criterion": 2.894978180006181, "max_features": 0.7445412406039806, "min_samples_split": 0.27645198187619757, "n_estimators": 4954.279230313899}, "datetime": {"datetime": "2023-01-27 05:22:20", "elapsed": 42894.628588, "delta": 298.539638}}
{"target": -8454.817954568303, "params": {"criterion": 2.4292445853249456, "max_features": 0.18717220907418075, "min_samples_split": 0.7513706485420718, "n_estimators": 3875.389874700814}, "datetime": {"datetime": "2023-01-27 05:24:08", "elapsed": 43002.696894, "delta": 108.068306}}
{"target": -8454.713191725903, "params": {"criterion": 1.2146824029924335, "max_features": 0.8186375963143878, "min_samples_split": 0.8168713916599714, "n_estimators": 759.7339439578903}, "datetime": {"datetime": "2023-01-27 05:24:38", "elapsed": 43032.554033, "delta": 29.857139}}
{"target": -2534.6507697599163, "params": {"criterion": 0.1918553794199382, "max_features": 0.8661225240703846, "min_samples_split": 0.1161129998594108, "n_estimators": 3569.838659452806}, "datetime": {"datetime": "2023-01-27 05:29:48", "elapsed": 43342.735281, "delta": 310.181248}}
{"target": -5588.3590563458, "params": {"criterion": 1.3657877363790192, "max_features": 0.9486394736954398, "min_samples_split": 0.48204053651192313, "n_estimators": 2460.119662549916}, "datetime": {"datetime": "2023-01-27 05:31:50", "elapsed": 43464.039902, "delta": 121.304621}}
{"target": -7952.227189573266, "params": {"criterion": 2.047003205187473, "max_features": 0.4941208946991622, "min_samples_split": 0.6362409897032828, "n_estimators": 4365.99739228543}, "datetime": {"datetime": "2023-01-27 05:34:03", "elapsed": 43596.994883, "delta": 132.954981}}
{"target": -5290.5509136182245, "params": {"criterion": 1.1215378222494576, "max_features": 0.2140880131777918, "min_samples_split": 0.2508207428241259, "n_estimators": 4363.007505428108}, "datetime": {"datetime": "2023-01-27 05:36:44", "elapsed": 43758.382185, "delta": 161.387302}}
{"target": -4093.8997260058823, "params": {"criterion": 1.9235620277235546, "max_features": 0.6903000806984759, "min_samples_split": 0.34028522519568566, "n_estimators": 4008.8092975553936}, "datetime": {"datetime": "2023-01-27 05:40:13", "elapsed": 43967.66695, "delta": 209.284765}}
{"target": -8454.860244122745, "params": {"criterion": 0.8914408824179921, "max_features": 0.22011399025874767, "min_samples_split": 0.9746216179733137, "n_estimators": 1031.3158628339565}, "datetime": {"datetime": "2023-01-27 05:40:50", "elapsed": 44004.056453, "delta": 36.389503}}
{"target": -4155.853808401693, "params": {"criterion": 0.6260356576008536, "max_features": 0.6407517928100729, "min_samples_split": 0.3398360973068823, "n_estimators": 3655.8836367703348}, "datetime": {"datetime": "2023-01-27 05:44:04", "elapsed": 44197.950868, "delta": 193.894415}}
{"target": -8454.742316330236, "params": {"criterion": 1.9833591389938605, "max_features": 0.9746757795250574, "min_samples_split": 0.8470496661550212, "n_estimators": 2246.4514317365165}, "datetime": {"datetime": "2023-01-27 05:45:18", "elapsed": 44272.797507, "delta": 74.846639}}
{"target": -8454.71934811939, "params": {"criterion": 2.5937773040160987, "max_features": 0.7129143135455168, "min_samples_split": 0.6937052969082305, "n_estimators": 4842.942534260382}, "datetime": {"datetime": "2023-01-27 05:47:23", "elapsed": 44397.592435, "delta": 124.794928}}
{"target": -8370.8249312605, "params": {"criterion": 0.7301834590856989, "max_features": 0.8258887455862741, "min_samples_split": 0.64276279962808, "n_estimators": 3363.835116257652}, "datetime": {"datetime": "2023-01-27 05:48:57", "elapsed": 44491.435255, "delta": 93.84282}}
{"target": -8454.751711240164, "params": {"criterion": 1.2132227278606702, "max_features": 0.284942480273588, "min_samples_split": 0.8371485633305257, "n_estimators": 911.590282175314}, "datetime": {"datetime": "2023-01-27 05:49:36", "elapsed": 44530.387116, "delta": 38.951861}}
{"target": -4283.639935872251, "params": {"criterion": 1.8607353394882038, "max_features": 0.6110799913883381, "min_samples_split": 0.35804628481626477, "n_estimators": 652.6245990064443}, "datetime": {"datetime": "2023-01-27 05:50:21", "elapsed": 44575.047181, "delta": 44.660065}}
{"target": -8454.757893469687, "params": {"criterion": 1.9982985961260153, "max_features": 0.7322385858497704, "min_samples_split": 0.7707301532294811, "n_estimators": 1329.4804862680048}, "datetime": {"datetime": "2023-01-27 05:51:11", "elapsed": 44625.482628, "delta": 50.435447}}
{"target": -8454.736190718419, "params": {"criterion": 2.6398200758283674, "max_features": 0.416061945546142, "min_samples_split": 0.6973477163333806, "n_estimators": 2915.081656758773}, "datetime": {"datetime": "2023-01-27 05:52:39", "elapsed": 44713.376695, "delta": 87.894067}}
{"target": -3882.6641887624864, "params": {"criterion": 1.1713662510698222, "max_features": 0.4161255623214166, "min_samples_split": 0.1955198575014622, "n_estimators": 3365.7399905604834}, "datetime": {"datetime": "2023-01-27 05:55:27", "elapsed": 44881.539826, "delta": 168.163131}}
{"target": -4563.6243614054765, "params": {"criterion": 2.462822596135926, "max_features": 0.43840358877421204, "min_samples_split": 0.28195657141527253, "n_estimators": 998.6279669427598}, "datetime": {"datetime": "2023-01-27 05:56:22", "elapsed": 44936.740086, "delta": 55.20026}}
{"target": -3607.7332302866935, "params": {"criterion": 2.539635033938746, "max_features": 0.9779723357762835, "min_samples_split": 0.21097963998834385, "n_estimators": 2546.1994038612484}, "datetime": {"datetime": "2023-01-27 05:59:55", "elapsed": 45149.77362, "delta": 213.033534}}
{"target": -5505.184604231745, "params": {"criterion": 1.34388185030066, "max_features": 0.6732153130362863, "min_samples_split": 0.4878008863320469, "n_estimators": 1604.41196467474}, "datetime": {"datetime": "2023-01-27 06:01:12", "elapsed": 45226.147829, "delta": 76.374209}}
{"target": -4805.128985126456, "params": {"criterion": 2.5387375085330572, "max_features": 0.4213367179519005, "min_samples_split": 0.32267499911893166, "n_estimators": 3158.2401422082016}, "datetime": {"datetime": "2023-01-27 06:03:35", "elapsed": 45368.930502, "delta": 142.782673}}
{"target": -5873.3826260407195, "params": {"criterion": 0.9044287117044101, "max_features": 0.4201216330307718, "min_samples_split": 0.49303891021573876, "n_estimators": 3263.1584047207716}, "datetime": {"datetime": "2023-01-27 06:05:43", "elapsed": 45497.374797, "delta": 128.444295}}
{"target": -3330.2241140565507, "params": {"criterion": 1.54035318834088, "max_features": 0.8113808694548063, "min_samples_split": 0.20075397430050348, "n_estimators": 2589.8674865468815}, "datetime": {"datetime": "2023-01-27 06:08:45", "elapsed": 45679.155157, "delta": 181.78036}}
{"target": -8454.715702269097, "params": {"criterion": 2.6474122419357777, "max_features": 0.5840714580462057, "min_samples_split": 0.9540319060145134, "n_estimators": 3253.8922827886195}, "datetime": {"datetime": "2023-01-27 06:10:26", "elapsed": 45780.084617, "delta": 100.92946}}
{"target": -6118.556562589843, "params": {"criterion": 0.1757905406541491, "max_features": 0.3766368624089848, "min_samples_split": 0.6072733867425725, "n_estimators": 2625.262747973591}, "datetime": {"datetime": "2023-01-27 06:12:06", "elapsed": 45879.964759, "delta": 99.880142}}
{"target": -8454.760276909912, "params": {"criterion": 2.276244466683749, "max_features": 0.374637518097347, "min_samples_split": 0.7770883211900846, "n_estimators": 3876.0225292343475}, "datetime": {"datetime": "2023-01-27 06:13:51", "elapsed": 45985.540488, "delta": 105.575729}}
{"target": -8454.701236567558, "params": {"criterion": 1.307500914374764, "max_features": 0.7580049485013741, "min_samples_split": 0.9576329246012827, "n_estimators": 3993.72417672484}, "datetime": {"datetime": "2023-01-27 06:15:43", "elapsed": 46097.020159, "delta": 111.479671}}
{"target": -7599.217018078624, "params": {"criterion": 0.32765033221801093, "max_features": 0.8523824440393755, "min_samples_split": 0.6355037876851267, "n_estimators": 437.0204146070093}, "datetime": {"datetime": "2023-01-27 06:16:09", "elapsed": 46123.089822, "delta": 26.069663}}
{"target": -8454.696356091206, "params": {"criterion": 1.143491287642115, "max_features": 0.9936166345008162, "min_samples_split": 0.8526516318386395, "n_estimators": 271.35006551339336}, "datetime": {"datetime": "2023-01-27 06:16:26", "elapsed": 46140.195677, "delta": 17.105855}}
{"target": -1620.859667337094, "params": {"criterion": 0.6875614600324179, "max_features": 0.7040993174627734, "min_samples_split": 0.03338475063593977, "n_estimators": 2272.9814217161784}, "datetime": {"datetime": "2023-01-27 06:20:26", "elapsed": 46380.731484, "delta": 240.535807}}
{"target": -8454.767051958837, "params": {"criterion": 1.8421026586127511, "max_features": 0.6770589932949248, "min_samples_split": 0.8845213960416064, "n_estimators": 2641.906908756262}, "datetime": {"datetime": "2023-01-27 06:21:51", "elapsed": 46465.23384, "delta": 84.502356}}
{"target": -5311.71196876997, "params": {"criterion": 1.378714777702199, "max_features": 0.4419781208512701, "min_samples_split": 0.45368238263119526, "n_estimators": 1051.96996609888}, "datetime": {"datetime": "2023-01-27 06:22:42", "elapsed": 46515.868521, "delta": 50.634681}}
{"target": -5698.113448806839, "params": {"criterion": 0.40788823449658274, "max_features": 0.18904970465684773, "min_samples_split": 0.29088988491501283, "n_estimators": 4104.17840470426}, "datetime": {"datetime": "2023-01-27 06:25:01", "elapsed": 46654.843663, "delta": 138.975142}}
