{"target": -0.35697515973396143, "params": {"criterion": 2.306248723367571, "max_depth": 2.373535088469227, "max_features": 0.6373117525770127, "min_samples_split": 0.6990431060308895, "n_estimators": 299.40280492103614}, "datetime": {"datetime": "2022-09-08 17:07:36", "elapsed": 0.0, "delta": 0.0}}
{"target": -0.16527705759290506, "params": {"criterion": 0.6721419701372345, "max_depth": 5.565131565673232, "max_features": 0.7629254050769692, "min_samples_split": 0.23528866925002836, "n_estimators": 135.3359256696041}, "datetime": {"datetime": "2022-09-08 17:07:46", "elapsed": 9.525316, "delta": 9.525316}}
{"target": -0.3041918406420341, "params": {"criterion": 2.0492258569197137, "max_depth": 19.16108023150886, "max_features": 0.013908783664635306, "min_samples_split": 0.5097538107086214, "n_estimators": 425.0483846608454}, "datetime": {"datetime": "2022-09-08 17:08:15", "elapsed": 38.508304, "delta": 28.982988}}
{"target": -0.37144340677790555, "params": {"criterion": 1.8314529398198707, "max_depth": 14.991595713772393, "max_features": 0.29895730748892685, "min_samples_split": 0.8342192980103548, "n_estimators": 385.83031335907623}, "datetime": {"datetime": "2022-09-08 17:08:57", "elapsed": 80.865439, "delta": 42.357135}}
{"target": -0.36472048578055755, "params": {"criterion": 1.6222076603536713, "max_depth": 4.559060856827485, "max_features": 0.3796073524509545, "min_samples_split": 0.6393068920530762, "n_estimators": 276.73326976919844}, "datetime": {"datetime": "2022-09-08 17:09:38", "elapsed": 121.322291, "delta": 40.456852}}
{"target": -0.2444609319509934, "params": {"criterion": 1.2977018400665483, "max_depth": 13.11980561244771, "max_features": 0.518006860128847, "min_samples_split": 0.6203177455451738, "n_estimators": 340.4155813618178}, "datetime": {"datetime": "2022-09-08 17:13:55", "elapsed": 378.349963, "delta": 257.027672}}
{"target": -0.1698714073932989, "params": {"criterion": 2.407617358529912, "max_depth": 11.389648743085415, "max_features": 0.9095623920005815, "min_samples_split": 0.3553888711908363, "n_estimators": 136.18373970836296}, "datetime": {"datetime": "2022-09-08 17:14:07", "elapsed": 391.013383, "delta": 12.66342}}
{"target": -0.15585298309485077, "params": {"criterion": 0.8990931693422481, "max_depth": 4.051718513543896, "max_features": 0.8303945130445999, "min_samples_split": 0.1375170555113998, "n_estimators": 350.51485932455705}, "datetime": {"datetime": "2022-09-08 17:14:38", "elapsed": 421.573663, "delta": 30.56028}}
{"target": -0.37139488021565786, "params": {"criterion": 1.6372826061985384, "max_depth": 16.747165922061235, "max_features": 0.20695806428202418, "min_samples_split": 0.7854802419661866, "n_estimators": 240.66105577283517}, "datetime": {"datetime": "2022-09-08 17:15:02", "elapsed": 445.47718, "delta": 23.903517}}
{"target": -0.16899178681643062, "params": {"criterion": 2.2563965976742733, "max_depth": 7.327310723834216, "max_features": 0.8850971147655744, "min_samples_split": 0.36040931026579903, "n_estimators": 166.0063590876594}, "datetime": {"datetime": "2022-09-08 17:15:17", "elapsed": 460.452881, "delta": 14.975701}}
{"target": -0.16934865706583305, "params": {"criterion": 1.1736624394002961, "max_depth": 3.6822867420557053, "max_features": 0.8228946012585592, "min_samples_split": 0.2209216157140511, "n_estimators": 253.64577947687982}, "datetime": {"datetime": "2022-09-08 17:24:03", "elapsed": 986.664922, "delta": 526.212041}}
{"target": -0.3569714295396783, "params": {"criterion": 2.8233395295940156, "max_depth": 19.7772585482337, "max_features": 0.46174150162383626, "min_samples_split": 0.7608982750741918, "n_estimators": 200.54965368282373}, "datetime": {"datetime": "2022-09-08 17:24:18", "elapsed": 1001.222364, "delta": 14.557442}}
{"target": -0.23785203013524542, "params": {"criterion": 1.7861412282103442, "max_depth": 18.250971685969294, "max_features": 0.5392123693137969, "min_samples_split": 0.5721610903883384, "n_estimators": 115.71270689015493}, "datetime": {"datetime": "2022-09-08 17:25:48", "elapsed": 1091.966804, "delta": 90.74444}}
{"target": -0.22958641634020677, "params": {"criterion": 1.0679734583172635, "max_depth": 3.4330356228073553, "max_features": 0.31240531915939007, "min_samples_split": 0.36457544958570565, "n_estimators": 409.53211848423837}, "datetime": {"datetime": "2022-09-08 17:31:49", "elapsed": 1452.81416, "delta": 360.847356}}
{"target": -0.274363738066039, "params": {"criterion": 0.11947803398303203, "max_depth": 9.73085921176949, "max_features": 0.3217776031242614, "min_samples_split": 0.6091929144540357, "n_estimators": 238.53886003201322}, "datetime": {"datetime": "2022-09-08 17:32:09", "elapsed": 1472.739967, "delta": 19.925807}}
{"target": -0.3569607954060552, "params": {"criterion": 0.1288610950529334, "max_depth": 17.83847314132249, "max_features": 0.7656081812722443, "min_samples_split": 0.8024773141798867, "n_estimators": 267.0036575357068}, "datetime": {"datetime": "2022-09-08 17:32:30", "elapsed": 1493.43142, "delta": 20.691453}}
{"target": -0.17447186473669057, "params": {"criterion": 1.810676917537333, "max_depth": 11.242399293349191, "max_features": 0.6018582814833439, "min_samples_split": 0.30977252890556023, "n_estimators": 220.3485235762829}, "datetime": {"datetime": "2022-09-08 17:38:39", "elapsed": 1863.133067, "delta": 369.701647}}
{"target": -0.28364028109827266, "params": {"criterion": 0.07594534832981714, "max_depth": 7.4551260917186255, "max_features": 0.2496551166494921, "min_samples_split": 0.5460625509301154, "n_estimators": 326.202807955267}, "datetime": {"datetime": "2022-09-08 17:39:07", "elapsed": 1890.375777, "delta": 27.24271}}
{"target": -0.3714569055746143, "params": {"criterion": 1.4206454197710012, "max_depth": 7.2703635732111636, "max_features": 0.0736085500878762, "min_samples_split": 0.8830553166061141, "n_estimators": 235.88313745514546}, "datetime": {"datetime": "2022-09-08 17:39:32", "elapsed": 1915.333568, "delta": 24.957791}}
{"target": -0.20020454262791235, "params": {"criterion": 1.4801954063385385, "max_depth": 19.587453066608273, "max_features": 0.4463660866516599, "min_samples_split": 0.35461824438316103, "n_estimators": 307.9187943501521}, "datetime": {"datetime": "2022-09-08 17:45:39", "elapsed": 2282.506047, "delta": 367.172479}}
{"target": -0.31138476901389395, "params": {"criterion": 1.728627925348578, "max_depth": 17.370807509008756, "max_features": 0.07741630080257053, "min_samples_split": 0.471624646223466, "n_estimators": 412.7796474476594}, "datetime": {"datetime": "2022-09-08 17:49:43", "elapsed": 2526.448203, "delta": 243.942156}}
{"target": -0.2842345011408499, "params": {"criterion": 2.1486224030429284, "max_depth": 12.548395640957166, "max_features": 0.0467234691020638, "min_samples_split": 0.3805251130265064, "n_estimators": 325.27627379709804}, "datetime": {"datetime": "2022-09-08 17:50:09", "elapsed": 2552.346055, "delta": 25.897852}}
{"target": -0.16701044869939036, "params": {"criterion": 0.8961923185494429, "max_depth": 11.222014758923887, "max_features": 0.6767322560318734, "min_samples_split": 0.2273549867024748, "n_estimators": 120.19106806159905}, "datetime": {"datetime": "2022-09-08 17:50:20", "elapsed": 2563.964888, "delta": 11.618833}}
{"target": -0.3713895856956747, "params": {"criterion": 1.0100695023233917, "max_depth": 3.945147910030146, "max_features": 0.18711378048537952, "min_samples_split": 0.8086616769341646, "n_estimators": 246.14598848564634}, "datetime": {"datetime": "2022-09-08 17:50:45", "elapsed": 2588.288287, "delta": 24.323399}}
{"target": -0.3569658622831508, "params": {"criterion": 0.6541203540468148, "max_depth": 15.54493106393485, "max_features": 0.11581078854963345, "min_samples_split": 0.6956825926204485, "n_estimators": 287.9141173761978}, "datetime": {"datetime": "2022-09-08 17:51:05", "elapsed": 2608.65271, "delta": 20.364423}}
{"target": -0.30900339679870586, "params": {"criterion": 1.7887844571245366, "max_depth": 4.657163461135358, "max_features": 0.19219447387221975, "min_samples_split": 0.6160577011745935, "n_estimators": 119.45120250536223}, "datetime": {"datetime": "2022-09-08 17:52:07", "elapsed": 2670.745394, "delta": 62.092684}}
{"target": -0.25192319916274636, "params": {"criterion": 0.7433513983302807, "max_depth": 11.763353292104076, "max_features": 0.23450560983730911, "min_samples_split": 0.40512922792370565, "n_estimators": 468.89311476141853}, "datetime": {"datetime": "2022-09-08 17:52:40", "elapsed": 2703.787247, "delta": 33.041853}}
{"target": -0.15229673297287025, "params": {"criterion": 2.766817049874653, "max_depth": 12.20149864235, "max_features": 0.5381361761391126, "min_samples_split": 0.11188801970658249, "n_estimators": 491.159705360802}, "datetime": {"datetime": "2022-09-08 17:53:14", "elapsed": 2737.383548, "delta": 33.596301}}
{"target": -0.37144192615815197, "params": {"criterion": 1.7133564230592258, "max_depth": 16.25162593297923, "max_features": 0.5659417866736053, "min_samples_split": 0.8018681932519478, "n_estimators": 333.6783314122702}, "datetime": {"datetime": "2022-09-08 17:53:48", "elapsed": 2771.698256, "delta": 34.314708}}
{"target": -0.3569749617149871, "params": {"criterion": 2.119460980843176, "max_depth": 4.673602124416254, "max_features": 0.4341662315782175, "min_samples_split": 0.6551120530739294, "n_estimators": 141.84789780914127}, "datetime": {"datetime": "2022-09-08 17:54:01", "elapsed": 2784.276681, "delta": 12.578425}}
{"target": -0.3714204778809168, "params": {"criterion": 1.3144196609460257, "max_depth": 4.991638658681606, "max_features": 0.5119088429714069, "min_samples_split": 0.7552286913089701, "n_estimators": 136.04269388977542}, "datetime": {"datetime": "2022-09-08 17:54:16", "elapsed": 2799.246663, "delta": 14.969982}}
{"target": -0.17421948655283354, "params": {"criterion": 2.392205564575494, "max_depth": 12.172274371240482, "max_features": 0.5934542345638013, "min_samples_split": 0.25848052577301517, "n_estimators": 274.44730213553373}, "datetime": {"datetime": "2022-09-08 17:54:36", "elapsed": 2820.01677, "delta": 20.770107}}
{"target": -0.3308517363746459, "params": {"criterion": 0.8847522490403038, "max_depth": 2.6760381669501987, "max_features": 0.04037799196921681, "min_samples_split": 0.4624840001609868, "n_estimators": 397.9456307800271}, "datetime": {"datetime": "2022-09-08 17:55:01", "elapsed": 2845.091104, "delta": 25.074334}}
{"target": -0.3714345003036157, "params": {"criterion": 1.666313264646827, "max_depth": 8.932044792178758, "max_features": 0.17639206955729245, "min_samples_split": 0.7706090565629543, "n_estimators": 339.62071898459703}, "datetime": {"datetime": "2022-09-08 17:55:36", "elapsed": 2879.223128, "delta": 34.132024}}
{"target": -0.35696107058178334, "params": {"criterion": 2.340317306552464, "max_depth": 17.273165274104862, "max_features": 0.6071313461034145, "min_samples_split": 0.7248484938322257, "n_estimators": 346.2947504134277}, "datetime": {"datetime": "2022-09-08 17:56:02", "elapsed": 2905.421343, "delta": 26.198215}}
{"target": -0.2819198474770226, "params": {"criterion": 0.06328392160474341, "max_depth": 15.508362988774838, "max_features": 0.18428171195085696, "min_samples_split": 0.46681136498981846, "n_estimators": 305.24908309289805}, "datetime": {"datetime": "2022-09-08 17:56:24", "elapsed": 2927.916447, "delta": 22.495104}}
{"target": -0.19183601242380913, "params": {"criterion": 1.4472224619576093, "max_depth": 17.198944301708256, "max_features": 0.1830657558738982, "min_samples_split": 0.11170790008259993, "n_estimators": 439.50562872449285}, "datetime": {"datetime": "2022-09-08 18:04:13", "elapsed": 3396.425175, "delta": 468.508728}}
{"target": -0.18257911286199524, "params": {"criterion": 2.220596986125308, "max_depth": 10.2205556357631, "max_features": 0.422729422978884, "min_samples_split": 0.19338360875757063, "n_estimators": 235.47165319573588}, "datetime": {"datetime": "2022-09-08 18:04:32", "elapsed": 3415.498623, "delta": 19.073448}}
{"target": -0.25665151792395063, "params": {"criterion": 0.28303053182352267, "max_depth": 14.884955709523656, "max_features": 0.08631455037187823, "min_samples_split": 0.264760206695178, "n_estimators": 329.5104925804809}, "datetime": {"datetime": "2022-09-08 18:04:58", "elapsed": 3441.831593, "delta": 26.33297}}
{"target": -0.17536375565917767, "params": {"criterion": 0.8785563500592665, "max_depth": 13.803081368862767, "max_features": 0.8055326642657874, "min_samples_split": 0.380970802397127, "n_estimators": 137.37615077750684}, "datetime": {"datetime": "2022-09-08 18:05:11", "elapsed": 3454.881118, "delta": 13.049525}}
{"target": -0.35697763053529286, "params": {"criterion": 2.4318150901757045, "max_depth": 16.127600928985043, "max_features": 0.39948492131215024, "min_samples_split": 0.7915833550415626, "n_estimators": 253.61230724629297}, "datetime": {"datetime": "2022-09-08 18:05:28", "elapsed": 3471.646667, "delta": 16.765549}}
{"target": -0.21407937474514743, "params": {"criterion": 0.7693356327429615, "max_depth": 16.929234556890243, "max_features": 0.7390188768001777, "min_samples_split": 0.5060807264439675, "n_estimators": 357.73064601656677}, "datetime": {"datetime": "2022-09-08 18:05:52", "elapsed": 3495.739382, "delta": 24.092715}}
{"target": -0.16609044125663575, "params": {"criterion": 0.6374278304821579, "max_depth": 18.122761076664045, "max_features": 0.9662867889927369, "min_samples_split": 0.3536012498446305, "n_estimators": 446.22104729091325}, "datetime": {"datetime": "2022-09-08 18:06:24", "elapsed": 3528.047725, "delta": 32.308343}}
{"target": -0.32895004839146147, "params": {"criterion": 0.9277482837509557, "max_depth": 2.4547510177727077, "max_features": 0.05870320619599134, "min_samples_split": 0.2477014704114124, "n_estimators": 127.61333664690162}, "datetime": {"datetime": "2022-09-08 18:06:36", "elapsed": 3539.89703, "delta": 11.849305}}
{"target": -0.17915972296981392, "params": {"criterion": 0.7698515159795839, "max_depth": 18.44447116827214, "max_features": 0.4632710168546664, "min_samples_split": 0.20416943158367593, "n_estimators": 423.95666616007145}, "datetime": {"datetime": "2022-09-08 18:07:06", "elapsed": 3569.689873, "delta": 29.792843}}
{"target": -0.17564255283484803, "params": {"criterion": 1.2063748230371916, "max_depth": 2.439787609696954, "max_features": 0.8582627322014751, "min_samples_split": 0.319435855212317, "n_estimators": 383.6423856287962}, "datetime": {"datetime": "2022-09-08 18:18:45", "elapsed": 4268.585522, "delta": 698.895649}}
{"target": -0.2046012312274586, "params": {"criterion": 1.0637593050427534, "max_depth": 16.297563112877615, "max_features": 0.846172672532412, "min_samples_split": 0.5305180137119668, "n_estimators": 323.63460656130337}, "datetime": {"datetime": "2022-09-08 18:25:14", "elapsed": 4657.925074, "delta": 389.339552}}
{"target": -0.24541446797895344, "params": {"criterion": 0.3663048444978854, "max_depth": 8.797554534333445, "max_features": 0.43445985583775226, "min_samples_split": 0.5089669170283723, "n_estimators": 456.7050279742777}, "datetime": {"datetime": "2022-09-08 18:25:45", "elapsed": 4688.824026, "delta": 30.898952}}
{"target": -0.183828038539049, "params": {"criterion": 0.8976297286660991, "max_depth": 9.135953819812109, "max_features": 0.795340500697338, "min_samples_split": 0.4298208618827205, "n_estimators": 173.94701999636493}, "datetime": {"datetime": "2022-09-08 18:26:00", "elapsed": 4704.001692, "delta": 15.177666}}
{"target": -0.3569693366472788, "params": {"criterion": 2.512339475104288, "max_depth": 12.246885194623193, "max_features": 0.06944970349531143, "min_samples_split": 0.8911335793569609, "n_estimators": 191.51293328078611}, "datetime": {"datetime": "2022-09-08 18:26:15", "elapsed": 4719.148942, "delta": 15.14725}}
{"target": -0.2140958582297591, "params": {"criterion": 1.6396591988367886, "max_depth": 19.60311941386179, "max_features": 0.7362649290272133, "min_samples_split": 0.5892493987897152, "n_estimators": 308.1395913776412}, "datetime": {"datetime": "2022-09-08 18:31:37", "elapsed": 5040.199151, "delta": 321.050209}}
{"target": -0.24271459604244822, "params": {"criterion": 2.2082707459109807, "max_depth": 11.176995868835004, "max_features": 0.4476186619393666, "min_samples_split": 0.4796962831660251, "n_estimators": 220.78478659807664}, "datetime": {"datetime": "2022-09-08 18:31:56", "elapsed": 5059.350877, "delta": 19.151726}}
{"target": -0.22327023749823707, "params": {"criterion": 2.654605637715077, "max_depth": 11.4545148246318, "max_features": 0.6926868326536978, "min_samples_split": 0.6041611708409638, "n_estimators": 136.66540192967284}, "datetime": {"datetime": "2022-09-08 18:32:09", "elapsed": 5072.986677, "delta": 13.6358}}
{"target": -0.167386696134099, "params": {"criterion": 2.562489266433209, "max_depth": 12.129382164396747, "max_features": 0.5852866501767758, "min_samples_split": 0.18797906236519935, "n_estimators": 490.5157958153534}, "datetime": {"datetime": "2022-09-08 18:32:45", "elapsed": 5108.609852, "delta": 35.623175}}
{"target": -0.13597192903153016, "params": {"criterion": 0.19719304996526205, "max_depth": 5.989468512507356, "max_features": 0.9484683719161727, "min_samples_split": 0.1, "n_estimators": 134.81329952400918}, "datetime": {"datetime": "2022-09-08 18:32:59", "elapsed": 5122.448766, "delta": 13.838914}}
{"target": -0.356979636405232, "params": {"criterion": 0.6370874194968252, "max_depth": 6.429287745184222, "max_features": 0.737755062375994, "min_samples_split": 0.8490263567994502, "n_estimators": 134.56125866947718}, "datetime": {"datetime": "2022-09-08 18:33:12", "elapsed": 5135.502593, "delta": 13.053827}}
{"target": -0.18301285708629522, "params": {"criterion": 0.4921194309173163, "max_depth": 3.5803362255188116, "max_features": 0.8047817033570343, "min_samples_split": 0.43010336332611754, "n_estimators": 350.78198367652874}, "datetime": {"datetime": "2022-09-08 18:33:43", "elapsed": 5166.68592, "delta": 31.183327}}
{"target": -0.13601906438830186, "params": {"criterion": 0.0, "max_depth": 5.3411368446890295, "max_features": 1.0, "min_samples_split": 0.1, "n_estimators": 135.02892593949892}, "datetime": {"datetime": "2022-09-08 18:33:58", "elapsed": 5181.575688, "delta": 14.889768}}
{"target": -0.17630947968145153, "params": {"criterion": 1.0871082165598813, "max_depth": 4.441989470700836, "max_features": 0.7542832927681964, "min_samples_split": 0.41075656589966475, "n_estimators": 351.3521745401693}, "datetime": {"datetime": "2022-09-08 18:44:00", "elapsed": 5783.946386, "delta": 602.370698}}
{"target": -0.1654950571728471, "params": {"criterion": 0.2003403431407055, "max_depth": 4.802077605103333, "max_features": 0.9646551186791696, "min_samples_split": 0.32344937193250006, "n_estimators": 350.63073100249454}, "datetime": {"datetime": "2022-09-08 18:44:22", "elapsed": 5806.100732, "delta": 22.154346}}
{"target": -0.21711624064941398, "params": {"criterion": 2.020797440354956, "max_depth": 12.915942606814973, "max_features": 0.5639760949508208, "min_samples_split": 0.4685260611500185, "n_estimators": 491.21526011901994}, "datetime": {"datetime": "2022-09-08 18:44:46", "elapsed": 5829.311746, "delta": 23.211014}}
{"target": -0.3714671687662183, "params": {"criterion": 1.0280878496757653, "max_depth": 4.915954999974011, "max_features": 0.8601468389248045, "min_samples_split": 0.7812494223976468, "n_estimators": 349.99525877284}, "datetime": {"datetime": "2022-09-08 18:45:13", "elapsed": 5856.781909, "delta": 27.470163}}
{"target": -0.16717954658704015, "params": {"criterion": 2.2587792391956993, "max_depth": 11.878382310280479, "max_features": 0.5127685596784892, "min_samples_split": 0.1579513939600087, "n_estimators": 491.9605239826494}, "datetime": {"datetime": "2022-09-08 18:45:40", "elapsed": 5883.456631, "delta": 26.674722}}
{"target": -0.2732017682484316, "params": {"criterion": 2.5218995494621046, "max_depth": 11.45908935565792, "max_features": 0.21585024600756814, "min_samples_split": 0.47456501651513416, "n_estimators": 490.60912083617046}, "datetime": {"datetime": "2022-09-08 18:46:03", "elapsed": 5906.986958, "delta": 23.530327}}
{"target": -0.16418174776180602, "params": {"criterion": 0.4977595594070589, "max_depth": 18.63451732184544, "max_features": 0.8462913016042813, "min_samples_split": 0.2771670419869524, "n_estimators": 447.0992195052947}, "datetime": {"datetime": "2022-09-08 18:46:28", "elapsed": 5931.539816, "delta": 24.552858}}
{"target": -0.13677274550863094, "params": {"criterion": 0.35067403929520313, "max_depth": 17.2832299159016, "max_features": 0.8693483659340678, "min_samples_split": 0.10689160644956273, "n_estimators": 446.782741662053}, "datetime": {"datetime": "2022-09-08 18:46:56", "elapsed": 5959.411339, "delta": 27.871523}}
{"target": -0.35697711463189175, "params": {"criterion": 0.19178923334466527, "max_depth": 17.812769644966117, "max_features": 0.8383783238174014, "min_samples_split": 0.8932553449015515, "n_estimators": 447.78335432969175}, "datetime": {"datetime": "2022-09-08 18:47:17", "elapsed": 5980.57218, "delta": 21.160841}}
{"target": -0.1708829466797921, "params": {"criterion": 0.5146368599013753, "max_depth": 16.343253925884074, "max_features": 0.5911036546318651, "min_samples_split": 0.2168141409520059, "n_estimators": 446.3067150191816}, "datetime": {"datetime": "2022-09-08 18:47:41", "elapsed": 6004.53527, "delta": 23.96309}}
{"target": -0.37145557210341174, "params": {"criterion": 1.1479625058706413, "max_depth": 17.922031352364428, "max_features": 0.5591384511872367, "min_samples_split": 0.779742964750194, "n_estimators": 446.8087996491105}, "datetime": {"datetime": "2022-09-08 18:48:14", "elapsed": 6037.184976, "delta": 32.649706}}
