{"target": -8455.870370598996, "params": {"criterion": 0.3145405620369548, "max_features": 0.8441872814662325, "min_samples_split": 0.6843308654816596, "n_estimators": 3485.7906720043225}, "datetime": {"datetime": "2023-02-11 17:14:55", "elapsed": 3.536552, "delta": 0.006297}}
{"target": -5036.1590017971075, "params": {"criterion": 2.3332692356409113, "max_features": 0.978731460786119, "min_samples_split": 0.47231139762275526, "n_estimators": 4154.609907659775}, "datetime": {"datetime": "2023-02-11 17:14:55", "elapsed": 3.542597, "delta": 0.006045}}
{"target": -5810.880040030708, "params": {"criterion": 2.3463347168308064, "max_features": 0.3496789574367724, "min_samples_split": 0.3486104816538897, "n_estimators": 956.2809164622117}, "datetime": {"datetime": "2023-02-11 17:14:55", "elapsed": 3.570656, "delta": 0.028059}}
{"target": -8455.899305806915, "params": {"criterion": 2.7849013473345083, "max_features": 0.8270294258702062, "min_samples_split": 0.9653689961504817, "n_estimators": 1694.1980450451156}, "datetime": {"datetime": "2023-02-11 17:14:55", "elapsed": 3.577281, "delta": 0.006625}}
{"target": -3956.7884986643558, "params": {"criterion": 0.15478627762779856, "max_features": 0.5692622462603603, "min_samples_split": 0.10843625318427262, "n_estimators": 4317.503374764541}, "datetime": {"datetime": "2023-02-11 17:14:55", "elapsed": 3.583769, "delta": 0.006488}}
{"target": -5810.445278221143, "params": {"criterion": 0.15927091320358733, "max_features": 0.9073768406444676, "min_samples_split": 0.49087191588386875, "n_estimators": 3795.0384235123815}, "datetime": {"datetime": "2023-02-11 17:14:55", "elapsed": 3.589417, "delta": 0.005648}}
{"target": -5046.3302389686705, "params": {"criterion": 1.188885769971746, "max_features": 0.6954934482268234, "min_samples_split": 0.40413359905487956, "n_estimators": 3179.040583787392}, "datetime": {"datetime": "2023-02-11 17:14:55", "elapsed": 3.594986, "delta": 0.005569}}
{"target": -8455.925828338408, "params": {"criterion": 2.4647150438372303, "max_features": 0.24465239340516393, "min_samples_split": 0.920499316065596, "n_estimators": 2392.307999930357}, "datetime": {"datetime": "2023-02-11 17:14:55", "elapsed": 3.601001, "delta": 0.006015}}
{"target": -6167.732571878393, "params": {"criterion": 2.969553129766677, "max_features": 0.6533375721359131, "min_samples_split": 0.5213487830285808, "n_estimators": 4269.717395431199}, "datetime": {"datetime": "2023-02-11 17:14:55", "elapsed": 3.606283, "delta": 0.005282}}
{"target": -4040.7776692298808, "params": {"criterion": 1.6973796508871526, "max_features": 0.7010266695744314, "min_samples_split": 0.14598241779196183, "n_estimators": 2390.0286300686685}, "datetime": {"datetime": "2023-02-11 17:14:55", "elapsed": 3.611324, "delta": 0.005041}}
{"target": -5845.954945188384, "params": {"criterion": 0.5027201835132005, "max_features": 0.8556838176023894, "min_samples_split": 0.5528674170933576, "n_estimators": 721.085008846983}, "datetime": {"datetime": "2023-02-11 17:14:55", "elapsed": 3.617026, "delta": 0.005702}}
{"target": -5761.1490140137685, "params": {"criterion": 0.07870301139132452, "max_features": 0.21277601668871726, "min_samples_split": 0.2682413877823679, "n_estimators": 249.29243291760295}, "datetime": {"datetime": "2023-02-11 17:14:55", "elapsed": 3.622414, "delta": 0.005388}}
{"target": -3771.1720779535635, "params": {"criterion": 1.4892695585027353, "max_features": 0.5152934444314967, "min_samples_split": 0.058764984083848906, "n_estimators": 596.2624354569887}, "datetime": {"datetime": "2023-02-11 17:14:55", "elapsed": 3.627265, "delta": 0.004851}}
{"target": -6331.988130070448, "params": {"criterion": 0.4485839808509253, "max_features": 0.5824107587704886, "min_samples_split": 0.5708588140612493, "n_estimators": 1597.9891873397132}, "datetime": {"datetime": "2023-02-11 17:14:55", "elapsed": 3.632282, "delta": 0.005017}}
{"target": -8455.81286437696, "params": {"criterion": 2.7730828104084613, "max_features": 0.37750704212654723, "min_samples_split": 0.6684314768163993, "n_estimators": 1119.0000828269403}, "datetime": {"datetime": "2023-02-11 17:14:55", "elapsed": 3.636696, "delta": 0.004414}}
{"target": -4987.246548985264, "params": {"criterion": 0.9092526314369987, "max_features": 0.7421983813674322, "min_samples_split": 0.4127429899557179, "n_estimators": 1370.507686739407}, "datetime": {"datetime": "2023-02-11 17:14:55", "elapsed": 3.64097, "delta": 0.004274}}
{"target": -3736.4968055995087, "params": {"criterion": 0.8115139503479298, "max_features": 0.35022943234396076, "min_samples_split": 0.01321530165982834, "n_estimators": 1050.0249700076956}, "datetime": {"datetime": "2023-02-11 17:14:55", "elapsed": 3.645183, "delta": 0.004213}}
{"target": -7747.422573618622, "params": {"criterion": 0.19493452821942273, "max_features": 0.21834212370794023, "min_samples_split": 0.630531297047745, "n_estimators": 2846.5802288363757}, "datetime": {"datetime": "2023-02-11 17:14:55", "elapsed": 3.650492, "delta": 0.005309}}
{"target": -3642.460804344698, "params": {"criterion": 1.4529840128794074, "max_features": 0.8883231951314895, "min_samples_split": 0.02297653916426836, "n_estimators": 1040.776082456418}, "datetime": {"datetime": "2023-02-11 17:14:55", "elapsed": 3.654932, "delta": 0.00444}}
{"target": -6966.713612119811, "params": {"criterion": 1.636206735159536, "max_features": 0.231179351171102, "min_samples_split": 0.47068772721471996, "n_estimators": 1005.0626126131739}, "datetime": {"datetime": "2023-02-11 17:14:55", "elapsed": 3.659214, "delta": 0.004282}}
{"target": -3747.1674033486925, "params": {"criterion": 1.4445423076519783, "max_features": 0.548592682155368, "min_samples_split": 0.06098900319092823, "n_estimators": 2263.322834307811}, "datetime": {"datetime": "2023-02-11 17:14:55", "elapsed": 3.66345, "delta": 0.004236}}
{"target": -8455.945260833785, "params": {"criterion": 1.7916915184328108, "max_features": 0.6476348147367105, "min_samples_split": 0.841321692124319, "n_estimators": 3218.870832268288}, "datetime": {"datetime": "2023-02-11 17:14:55", "elapsed": 3.667938, "delta": 0.004488}}
{"target": -5859.033726145195, "params": {"criterion": 1.407693284418855, "max_features": 0.8744742747438852, "min_samples_split": 0.5760528214994662, "n_estimators": 2049.5497289034265}, "datetime": {"datetime": "2023-02-11 17:14:55", "elapsed": 3.672129, "delta": 0.004191}}
{"target": -8456.003666304565, "params": {"criterion": 0.515265715730946, "max_features": 0.9484166413340926, "min_samples_split": 0.6629779027380982, "n_estimators": 567.5407036635792}, "datetime": {"datetime": "2023-02-11 17:14:55", "elapsed": 3.676282, "delta": 0.004153}}
{"target": -8455.911235820484, "params": {"criterion": 2.3583165684810052, "max_features": 0.40240792521653856, "min_samples_split": 0.9604871350813315, "n_estimators": 4989.761735353915}, "datetime": {"datetime": "2023-02-11 17:14:55", "elapsed": 3.680561, "delta": 0.004279}}
{"target": -4072.6213692315905, "params": {"criterion": 1.6966084394624086, "max_features": 0.7162995801995495, "min_samples_split": 0.17350857244663911, "n_estimators": 4796.053835002874}, "datetime": {"datetime": "2023-02-11 17:14:55", "elapsed": 3.684979, "delta": 0.004418}}
{"target": -3707.5014721202424, "params": {"criterion": 0.48028316933175375, "max_features": 0.9306637086696933, "min_samples_split": 0.006037034945864382, "n_estimators": 1152.0588302142007}, "datetime": {"datetime": "2023-02-11 17:14:55", "elapsed": 3.689153, "delta": 0.004174}}
{"target": -8455.840740697542, "params": {"criterion": 2.4151131880604986, "max_features": 0.7008957193064879, "min_samples_split": 0.9540267860423862, "n_estimators": 4378.096714924022}, "datetime": {"datetime": "2023-02-11 17:14:55", "elapsed": 3.69321, "delta": 0.004057}}
{"target": -8455.873753180802, "params": {"criterion": 1.896448306012848, "max_features": 0.3438585026410472, "min_samples_split": 0.9387670829402839, "n_estimators": 3976.328070154049}, "datetime": {"datetime": "2023-02-11 17:14:55", "elapsed": 3.698275, "delta": 0.005065}}
{"target": -6339.988561230057, "params": {"criterion": 1.29595992139505, "max_features": 0.3862009263534193, "min_samples_split": 0.4621477913638943, "n_estimators": 2777.1519287063393}, "datetime": {"datetime": "2023-02-11 17:14:55", "elapsed": 3.702587, "delta": 0.004312}}
{"target": -8455.838846012351, "params": {"criterion": 2.4652724456805446, "max_features": 0.9829286647247928, "min_samples_split": 0.7014096973791024, "n_estimators": 2318.947124287172}, "datetime": {"datetime": "2023-02-11 17:14:55", "elapsed": 3.706792, "delta": 0.004205}}
{"target": -8455.83192694085, "params": {"criterion": 2.896354271484695, "max_features": 0.7120841583637131, "min_samples_split": 0.699643951420818, "n_estimators": 1339.077891635986}, "datetime": {"datetime": "2023-02-11 17:14:55", "elapsed": 3.710894, "delta": 0.004102}}
{"target": -6309.501250822587, "params": {"criterion": 0.9055098423708386, "max_features": 0.2897189064196033, "min_samples_split": 0.4314357156544157, "n_estimators": 2152.840400182155}, "datetime": {"datetime": "2023-02-11 17:14:55", "elapsed": 3.71525, "delta": 0.004356}}
{"target": -8455.829420134169, "params": {"criterion": 1.290961164661463, "max_features": 0.5757078644163791, "min_samples_split": 0.7215199089654495, "n_estimators": 3829.588852101539}, "datetime": {"datetime": "2023-02-11 17:14:55", "elapsed": 3.719455, "delta": 0.004205}}
{"target": -4706.692736177002, "params": {"criterion": 0.6727895871426621, "max_features": 0.9073796415599437, "min_samples_split": 0.39958231201127037, "n_estimators": 3451.381955011729}, "datetime": {"datetime": "2023-02-11 17:14:55", "elapsed": 3.723576, "delta": 0.004121}}
{"target": -7157.8172112342245, "params": {"criterion": 2.804766769915308, "max_features": 0.37178497385902726, "min_samples_split": 0.6273505794125476, "n_estimators": 4585.478708467056}, "datetime": {"datetime": "2023-02-11 17:14:55", "elapsed": 3.727663, "delta": 0.004087}}
{"target": -4546.679415312833, "params": {"criterion": 1.2916137180837801, "max_features": 0.6048560124748622, "min_samples_split": 0.27246457477119357, "n_estimators": 1218.1077004293752}, "datetime": {"datetime": "2023-02-11 17:14:55", "elapsed": 3.731958, "delta": 0.004295}}
{"target": -8454.356325150151, "params": {"criterion": 0.27166500942001864, "max_features": 0.32644029702158883, "min_samples_split": 0.6516423552290851, "n_estimators": 3253.852311322441}, "datetime": {"datetime": "2023-02-11 17:14:55", "elapsed": 3.736116, "delta": 0.004158}}
{"target": -4503.90234464093, "params": {"criterion": 2.634618530749497, "max_features": 0.291724688571974, "min_samples_split": 0.1062885686120656, "n_estimators": 2609.2927876938074}, "datetime": {"datetime": "2023-02-11 17:14:55", "elapsed": 3.740178, "delta": 0.004062}}
{"target": -8455.8602030882, "params": {"criterion": 0.011515438527094062, "max_features": 0.6676985227241691, "min_samples_split": 0.6833233387095624, "n_estimators": 4002.090368585178}, "datetime": {"datetime": "2023-02-11 17:14:55", "elapsed": 3.744314, "delta": 0.004136}}
{"target": -4742.306728830917, "params": {"criterion": 0.9348358490379405, "max_features": 0.9373308055722636, "min_samples_split": 0.42307039541650093, "n_estimators": 3467.215386872808}, "datetime": {"datetime": "2023-02-11 17:14:55", "elapsed": 3.748601, "delta": 0.004287}}
{"target": -6792.317241089491, "params": {"criterion": 0.5308416994559788, "max_features": 0.3563435868257745, "min_samples_split": 0.49187574135672935, "n_estimators": 389.37439938433}, "datetime": {"datetime": "2023-02-11 17:14:55", "elapsed": 3.752799, "delta": 0.004198}}
{"target": -4792.953721403205, "params": {"criterion": 0.32474733157489893, "max_features": 0.33448077677596705, "min_samples_split": 0.17695502248197362, "n_estimators": 642.3013172208134}, "datetime": {"datetime": "2023-02-11 17:14:55", "elapsed": 3.756922, "delta": 0.004123}}
{"target": -8455.881248871283, "params": {"criterion": 0.8287827952440222, "max_features": 0.7153688327337054, "min_samples_split": 0.7888516981909642, "n_estimators": 2802.7496812510617}, "datetime": {"datetime": "2023-02-11 17:14:55", "elapsed": 3.761081, "delta": 0.004159}}
{"target": -5605.758591815671, "params": {"criterion": 1.035137664837244, "max_features": 0.458166433539584, "min_samples_split": 0.3929119475007364, "n_estimators": 1494.7001930047568}, "datetime": {"datetime": "2023-02-11 17:14:55", "elapsed": 3.765178, "delta": 0.004097}}
{"target": -8455.807019691518, "params": {"criterion": 2.494818233813708, "max_features": 0.8395503656631581, "min_samples_split": 0.9790375528394775, "n_estimators": 2048.182469491064}, "datetime": {"datetime": "2023-02-11 17:14:55", "elapsed": 3.769216, "delta": 0.004038}}
{"target": -8455.790409668803, "params": {"criterion": 2.4638882638154023, "max_features": 0.5726484763963158, "min_samples_split": 0.8950578910744879, "n_estimators": 2179.5917410615343}, "datetime": {"datetime": "2023-02-11 17:14:55", "elapsed": 3.77325, "delta": 0.004034}}
{"target": -6447.945919171028, "params": {"criterion": 1.9142052483946177, "max_features": 0.24315735747388922, "min_samples_split": 0.42917687889750594, "n_estimators": 2598.6140581525638}, "datetime": {"datetime": "2023-02-11 17:14:55", "elapsed": 3.777645, "delta": 0.004395}}
{"target": -4115.1064649202035, "params": {"criterion": 1.148301250656965, "max_features": 0.8719313248861081, "min_samples_split": 0.2573378120873681, "n_estimators": 2660.3179381310283}, "datetime": {"datetime": "2023-02-11 17:14:55", "elapsed": 3.782214, "delta": 0.004569}}
{"target": -8455.886965092064, "params": {"criterion": 2.782656883530981, "max_features": 0.7584191074829159, "min_samples_split": 0.7862062006185033, "n_estimators": 853.4959880102901}, "datetime": {"datetime": "2023-02-11 17:14:55", "elapsed": 3.786377, "delta": 0.004163}}
{"target": -8455.98783023022, "params": {"criterion": 1.409652229499292, "max_features": 0.43102251263467894, "min_samples_split": 0.8233356070155803, "n_estimators": 788.713525199499}, "datetime": {"datetime": "2023-02-11 17:14:55", "elapsed": 3.790923, "delta": 0.004546}}
{"target": -4771.860360989417, "params": {"criterion": 1.4447353265337504, "max_features": 0.7255851885765484, "min_samples_split": 0.37697819659496573, "n_estimators": 3315.047389148193}, "datetime": {"datetime": "2023-02-11 17:14:55", "elapsed": 3.795161, "delta": 0.004238}}
{"target": -8455.826961863911, "params": {"criterion": 1.3779394828469531, "max_features": 0.9341953828655587, "min_samples_split": 0.9036766482166206, "n_estimators": 4812.5513472310995}, "datetime": {"datetime": "2023-02-11 17:14:55", "elapsed": 3.799423, "delta": 0.004262}}
{"target": -8455.925812746736, "params": {"criterion": 0.695767475456294, "max_features": 0.24629201023441882, "min_samples_split": 0.9132807021967838, "n_estimators": 2097.864619466677}, "datetime": {"datetime": "2023-02-11 17:14:55", "elapsed": 3.803535, "delta": 0.004112}}
{"target": -6031.255088310716, "params": {"criterion": 0.30573437441031975, "max_features": 0.6792940440038804, "min_samples_split": 0.5178196985243693, "n_estimators": 1873.452148951711}, "datetime": {"datetime": "2023-02-11 17:14:55", "elapsed": 3.807629, "delta": 0.004094}}
{"target": -5212.9149690722215, "params": {"criterion": 0.13815846957722258, "max_features": 0.38180740951573955, "min_samples_split": 0.28769943977831947, "n_estimators": 4113.641633026256}, "datetime": {"datetime": "2023-02-11 17:14:55", "elapsed": 3.811931, "delta": 0.004302}}
{"target": -8455.875243076549, "params": {"criterion": 2.1802123637500164, "max_features": 0.5055501992754375, "min_samples_split": 0.9682651107931941, "n_estimators": 4678.079298471207}, "datetime": {"datetime": "2023-02-11 17:14:55", "elapsed": 3.816168, "delta": 0.004237}}
{"target": -6866.081103350252, "params": {"criterion": 1.93177325470262, "max_features": 0.3123915416492942, "min_samples_split": 0.4912070661684086, "n_estimators": 1019.8574647817958}, "datetime": {"datetime": "2023-02-11 17:14:55", "elapsed": 3.820358, "delta": 0.00419}}
{"target": -6697.589446969088, "params": {"criterion": 1.5093721597091851, "max_features": 0.34111250059516607, "min_samples_split": 0.47772537385359953, "n_estimators": 2478.3085085478447}, "datetime": {"datetime": "2023-02-11 17:14:55", "elapsed": 3.824783, "delta": 0.004425}}
{"target": -3832.405762042996, "params": {"criterion": 2.498380184368932, "max_features": 0.726964070274256, "min_samples_split": 0.10294448069270844, "n_estimators": 3425.27445232096}, "datetime": {"datetime": "2023-02-11 17:14:55", "elapsed": 3.828939, "delta": 0.004156}}
{"target": -5790.246052609426, "params": {"criterion": 1.0813781284070187, "max_features": 0.9490507677925546, "min_samples_split": 0.49868182761767427, "n_estimators": 3140.0814618953823}, "datetime": {"datetime": "2023-02-11 17:14:56", "elapsed": 3.833079, "delta": 0.00414}}
{"target": -8455.920723967387, "params": {"criterion": 1.466186172599922, "max_features": 0.5422724253117901, "min_samples_split": 0.7358348485318564, "n_estimators": 2646.253096283557}, "datetime": {"datetime": "2023-02-11 17:14:56", "elapsed": 3.837208, "delta": 0.004129}}
{"target": -6099.043509991576, "params": {"criterion": 2.4639909784362315, "max_features": 0.6756983817893739, "min_samples_split": 0.5331543705571306, "n_estimators": 1967.6769040188426}, "datetime": {"datetime": "2023-02-11 17:14:56", "elapsed": 3.841416, "delta": 0.004208}}
{"target": -6596.24870951017, "params": {"criterion": 2.6461264268670344, "max_features": 0.4660664035039571, "min_samples_split": 0.5845055923249795, "n_estimators": 878.5110493317222}, "datetime": {"datetime": "2023-02-11 17:14:56", "elapsed": 3.845518, "delta": 0.004102}}
{"target": -8455.938638919304, "params": {"criterion": 2.3109152468694334, "max_features": 0.6460523791120316, "min_samples_split": 0.9787133612820269, "n_estimators": 2728.298940920407}, "datetime": {"datetime": "2023-02-11 17:14:56", "elapsed": 3.849602, "delta": 0.004084}}
{"target": -4332.090690950766, "params": {"criterion": 1.4688118909162078, "max_features": 0.4309176304683058, "min_samples_split": 0.13592102443116827, "n_estimators": 3203.143302160613}, "datetime": {"datetime": "2023-02-11 17:14:56", "elapsed": 3.853756, "delta": 0.004154}}
{"target": -4672.452556601492, "params": {"criterion": 0.6490197586030986, "max_features": 0.592382222868602, "min_samples_split": 0.2940389645252658, "n_estimators": 3914.316177497544}, "datetime": {"datetime": "2023-02-11 17:14:56", "elapsed": 3.857918, "delta": 0.004162}}
{"target": -8455.87662434714, "params": {"criterion": 2.980992337024034, "max_features": 0.3022163017400115, "min_samples_split": 0.8217869221236879, "n_estimators": 4970.419030156968}, "datetime": {"datetime": "2023-02-11 17:14:56", "elapsed": 3.862073, "delta": 0.004155}}
{"target": -8456.066076092267, "params": {"criterion": 2.2075654022064244, "max_features": 0.8430134923790952, "min_samples_split": 0.8101510343733166, "n_estimators": 357.72037246292786}, "datetime": {"datetime": "2023-02-11 17:14:56", "elapsed": 3.866207, "delta": 0.004134}}
{"target": -8455.94232408991, "params": {"criterion": 2.828850564319169, "max_features": 0.5133689967972043, "min_samples_split": 0.7010705097382868, "n_estimators": 4349.804790893411}, "datetime": {"datetime": "2023-02-11 17:14:56", "elapsed": 3.870383, "delta": 0.004176}}
{"target": -3929.287803613978, "params": {"criterion": 0.8951226608684423, "max_features": 0.7004205067466955, "min_samples_split": 0.11553514189758778, "n_estimators": 4880.448772750146}, "datetime": {"datetime": "2023-02-11 17:14:56", "elapsed": 3.874586, "delta": 0.004203}}
{"target": -3846.6852202680225, "params": {"criterion": 1.4342937382239889, "max_features": 0.5778366722835104, "min_samples_split": 0.08395066609040922, "n_estimators": 1870.3452755493663}, "datetime": {"datetime": "2023-02-11 17:14:56", "elapsed": 3.878737, "delta": 0.004151}}
{"target": -5831.397914955362, "params": {"criterion": 0.5444819369288411, "max_features": 0.3933426250314643, "min_samples_split": 0.41364988765317595, "n_estimators": 3732.663683132935}, "datetime": {"datetime": "2023-02-11 17:14:56", "elapsed": 3.882893, "delta": 0.004156}}
{"target": -8455.883864396888, "params": {"criterion": 2.888650576179531, "max_features": 0.24850538867035982, "min_samples_split": 0.8251056370807459, "n_estimators": 4377.651368597104}, "datetime": {"datetime": "2023-02-11 17:14:56", "elapsed": 3.887074, "delta": 0.004181}}
{"target": -4113.731846980561, "params": {"criterion": 0.7025658994396151, "max_features": 0.7111925641067529, "min_samples_split": 0.18421431263855786, "n_estimators": 4488.4008768035355}, "datetime": {"datetime": "2023-02-11 17:14:56", "elapsed": 3.891191, "delta": 0.004117}}
{"target": -5463.822718746213, "params": {"criterion": 1.3054845986008292, "max_features": 0.27776202747223566, "min_samples_split": 0.2453891261061089, "n_estimators": 2207.2679315046303}, "datetime": {"datetime": "2023-02-11 17:14:56", "elapsed": 3.895236, "delta": 0.004045}}
{"target": -8452.167170171826, "params": {"criterion": 0.5165435066643981, "max_features": 0.6904420556798122, "min_samples_split": 0.6508231792001768, "n_estimators": 1557.037137770007}, "datetime": {"datetime": "2023-02-11 17:14:56", "elapsed": 3.899419, "delta": 0.004183}}
{"target": -8455.920432628063, "params": {"criterion": 0.23449215029647502, "max_features": 0.6165228978720508, "min_samples_split": 0.9198328703733195, "n_estimators": 4531.6464972761805}, "datetime": {"datetime": "2023-02-11 17:14:56", "elapsed": 3.903537, "delta": 0.004118}}
{"target": -5463.815959452199, "params": {"criterion": 2.216069375901222, "max_features": 0.4990852364520396, "min_samples_split": 0.3707253800142567, "n_estimators": 2008.8851775311725}, "datetime": {"datetime": "2023-02-11 17:14:56", "elapsed": 3.907798, "delta": 0.004261}}
