{"target": -4457.621934149478, "params": {"criterion": 2.6168287374474564, "max_features": 0.5492097634696935, "min_samples_split": 0.335417432945414, "n_estimators": 245.55966451865174}, "datetime": {"datetime": "2023-01-26 22:59:27", "elapsed": 19921.264854, "delta": 23.478464}}
{"target": -3275.1063872038358, "params": {"criterion": 2.9727111522738645, "max_features": 0.739199905574932, "min_samples_split": 0.1892203547643131, "n_estimators": 320.7231925361482}, "datetime": {"datetime": "2023-01-26 23:00:04", "elapsed": 19958.296229, "delta": 37.031375}}
{"target": -2423.0515123622686, "params": {"criterion": 0.03941732213296093, "max_features": 0.7235552679565066, "min_samples_split": 0.10759084222758852, "n_estimators": 1618.7924325929712}, "datetime": {"datetime": "2023-01-26 23:02:31", "elapsed": 20105.61625, "delta": 147.320021}}
{"target": -8454.716506953098, "params": {"criterion": 0.9238115501366007, "max_features": 0.27859901594961695, "min_samples_split": 0.9468420345108414, "n_estimators": 4889.213691254465}, "datetime": {"datetime": "2023-01-26 23:04:48", "elapsed": 20242.051248, "delta": 136.434998}}
{"target": -2075.09112686554, "params": {"criterion": 2.7133473148806995, "max_features": 0.8333923927334792, "min_samples_split": 0.06551633698325449, "n_estimators": 3613.4892673849295}, "datetime": {"datetime": "2023-01-26 23:11:53", "elapsed": 20667.170363, "delta": 425.119115}}
{"target": -8443.267103100381, "params": {"criterion": 1.3676857117957832, "max_features": 0.3064008832263478, "min_samples_split": 0.6466908510833356, "n_estimators": 243.249402210028}, "datetime": {"datetime": "2023-01-26 23:12:10", "elapsed": 20683.891242, "delta": 16.720879}}
{"target": -1095.7096545037202, "params": {"criterion": 2.260487265442905, "max_features": 0.9098648636821747, "min_samples_split": 0.010477963269300151, "n_estimators": 1704.3964297525445}, "datetime": {"datetime": "2023-01-26 23:17:18", "elapsed": 20992.119826, "delta": 308.228584}}
{"target": -2376.4251211343217, "params": {"criterion": 2.4853904253083194, "max_features": 0.2746143657511648, "min_samples_split": 0.02479079876612886, "n_estimators": 4090.332291474102}, "datetime": {"datetime": "2023-01-26 23:22:07", "elapsed": 21280.979433, "delta": 288.859607}}
{"target": -3657.9644032576434, "params": {"criterion": 0.7466909253982977, "max_features": 0.38627391590433147, "min_samples_split": 0.15830515270022183, "n_estimators": 1452.6741479303912}, "datetime": {"datetime": "2023-01-26 23:23:40", "elapsed": 21374.535342, "delta": 93.555909}}
{"target": -5014.577109880493, "params": {"criterion": 1.2860881656864465, "max_features": 0.3938148405157799, "min_samples_split": 0.36697365269710086, "n_estimators": 1811.5484071574608}, "datetime": {"datetime": "2023-01-26 23:25:20", "elapsed": 21474.508949, "delta": 99.973607}}
{"target": -4700.266410377607, "params": {"criterion": 0.9990740377339341, "max_features": 0.43055436446736955, "min_samples_split": 0.3151642606966794, "n_estimators": 1424.1033692204394}, "datetime": {"datetime": "2023-01-26 23:26:43", "elapsed": 21557.352987, "delta": 82.844038}}
{"target": -8454.734815557838, "params": {"criterion": 2.7007938267953344, "max_features": 0.9730038612389746, "min_samples_split": 0.8966192076321975, "n_estimators": 1929.0493610036472}, "datetime": {"datetime": "2023-01-26 23:28:01", "elapsed": 21635.07243, "delta": 77.719443}}
{"target": -8454.676500852942, "params": {"criterion": 1.944772820894444, "max_features": 0.43715476540348064, "min_samples_split": 0.8099101075013188, "n_estimators": 4043.387193873199}, "datetime": {"datetime": "2023-01-26 23:30:01", "elapsed": 21755.368674, "delta": 120.296244}}
{"target": -8454.76014574185, "params": {"criterion": 2.383173624242143, "max_features": 0.27366417271334137, "min_samples_split": 0.8115358240045729, "n_estimators": 3919.8064591231364}, "datetime": {"datetime": "2023-01-26 23:31:58", "elapsed": 21872.106299, "delta": 116.737625}}
{"target": -2895.5739415275893, "params": {"criterion": 2.655151957277407, "max_features": 0.44612947662562374, "min_samples_split": 0.10724399865363628, "n_estimators": 890.1238106135914}, "datetime": {"datetime": "2023-01-26 23:33:12", "elapsed": 21946.287573, "delta": 74.181274}}
{"target": -3745.8079657249464, "params": {"criterion": 2.0182918057524604, "max_features": 0.7663387438462155, "min_samples_split": 0.23728675613995331, "n_estimators": 4048.015105551682}, "datetime": {"datetime": "2023-01-26 23:37:42", "elapsed": 22216.270149, "delta": 269.982576}}
{"target": -8454.74744786131, "params": {"criterion": 2.7547970625648723, "max_features": 0.9874295001250515, "min_samples_split": 0.9969477355914288, "n_estimators": 2628.0274072484262}, "datetime": {"datetime": "2023-01-26 23:39:16", "elapsed": 22310.135978, "delta": 93.865829}}
{"target": -8454.757931291242, "params": {"criterion": 2.100182917420691, "max_features": 0.24515530500007718, "min_samples_split": 0.9010612684522998, "n_estimators": 4086.554970847417}, "datetime": {"datetime": "2023-01-26 23:41:04", "elapsed": 22417.962747, "delta": 107.826769}}
{"target": -3953.619820026018, "params": {"criterion": 1.0771492335804116, "max_features": 0.980139607512059, "min_samples_split": 0.3860088997767963, "n_estimators": 179.42602075611717}, "datetime": {"datetime": "2023-01-26 23:41:25", "elapsed": 22439.486377, "delta": 21.52363}}
{"target": -4755.502523526069, "params": {"criterion": 0.05602149864437943, "max_features": 0.6273678950872063, "min_samples_split": 0.44315768796982846, "n_estimators": 225.93072249068354}, "datetime": {"datetime": "2023-01-26 23:41:45", "elapsed": 22459.006258, "delta": 19.519881}}
{"target": -4858.562386346089, "params": {"criterion": 1.1048767132247581, "max_features": 0.5261550192243485, "min_samples_split": 0.40542288045992547, "n_estimators": 4990.580556778592}, "datetime": {"datetime": "2023-01-26 23:45:18", "elapsed": 22672.581472, "delta": 213.575214}}
{"target": -4147.858303678723, "params": {"criterion": 0.4700104587881575, "max_features": 0.5397556759776174, "min_samples_split": 0.2702786077789625, "n_estimators": 4847.92083933835}, "datetime": {"datetime": "2023-01-26 23:49:12", "elapsed": 22906.631544, "delta": 234.050072}}
{"target": -8446.14726622149, "params": {"criterion": 1.7693681436433246, "max_features": 0.7581943469122774, "min_samples_split": 0.6499066848782311, "n_estimators": 3801.4947084372448}, "datetime": {"datetime": "2023-01-26 23:51:04", "elapsed": 23018.410903, "delta": 111.779359}}
{"target": -4356.178879275974, "params": {"criterion": 2.6558542816559143, "max_features": 0.3894260236018714, "min_samples_split": 0.2280482077547858, "n_estimators": 3052.944370560438}, "datetime": {"datetime": "2023-01-26 23:53:31", "elapsed": 23165.635589, "delta": 147.224686}}
{"target": -8454.688686413163, "params": {"criterion": 0.7084688648627873, "max_features": 0.7801012575781384, "min_samples_split": 0.663966117809251, "n_estimators": 1272.4471091412502}, "datetime": {"datetime": "2023-01-26 23:54:37", "elapsed": 23231.808411, "delta": 66.172822}}
{"target": -4761.073236410721, "params": {"criterion": 0.5577255971859042, "max_features": 0.4382451301729827, "min_samples_split": 0.3663557005739924, "n_estimators": 2990.5432720399526}, "datetime": {"datetime": "2023-01-26 23:57:03", "elapsed": 23377.456187, "delta": 145.647776}}
{"target": -5849.603876775131, "params": {"criterion": 2.2776408958431897, "max_features": 0.44607203321356415, "min_samples_split": 0.502021740675866, "n_estimators": 2960.7722199583395}, "datetime": {"datetime": "2023-01-26 23:59:08", "elapsed": 23502.061296, "delta": 124.605109}}
{"target": -4603.323197175674, "params": {"criterion": 0.7997759876313184, "max_features": 0.7660908604417103, "min_samples_split": 0.45727965282725397, "n_estimators": 3286.1337247225924}, "datetime": {"datetime": "2023-01-27 00:02:03", "elapsed": 23677.44378, "delta": 175.382484}}
{"target": -8455.038965082633, "params": {"criterion": 1.5079562486734137, "max_features": 0.5352064222716876, "min_samples_split": 0.7177229077957314, "n_estimators": 160.56812859871062}, "datetime": {"datetime": "2023-01-27 00:02:16", "elapsed": 23689.947225, "delta": 12.503445}}
{"target": -8454.745530438775, "params": {"criterion": 0.24087509572847676, "max_features": 0.6537163099494832, "min_samples_split": 0.8135589921299093, "n_estimators": 2851.527544877087}, "datetime": {"datetime": "2023-01-27 00:03:50", "elapsed": 23784.645932, "delta": 94.698707}}
{"target": -8454.78317037247, "params": {"criterion": 1.8107147293141925, "max_features": 0.3628826464767564, "min_samples_split": 0.9194571344055903, "n_estimators": 1106.9534320058094}, "datetime": {"datetime": "2023-01-27 00:04:39", "elapsed": 23833.099092, "delta": 48.45316}}
{"target": -3865.015008646865, "params": {"criterion": 2.064946859934411, "max_features": 0.48928037983147155, "min_samples_split": 0.21158672097287484, "n_estimators": 4122.857576838995}, "datetime": {"datetime": "2023-01-27 00:08:17", "elapsed": 24051.759171, "delta": 218.660079}}
{"target": -5480.03434092659, "params": {"criterion": 0.34371185681301664, "max_features": 0.8144857789983769, "min_samples_split": 0.4830639059546654, "n_estimators": 4753.577805938772}, "datetime": {"datetime": "2023-01-27 00:11:43", "elapsed": 24256.814936, "delta": 205.055765}}
{"target": -8454.769774106146, "params": {"criterion": 1.6490561785231144, "max_features": 0.6112537068355478, "min_samples_split": 0.8735100934795442, "n_estimators": 3268.956518774553}, "datetime": {"datetime": "2023-01-27 00:13:29", "elapsed": 24363.210366, "delta": 106.39543}}
{"target": -4562.687719437717, "params": {"criterion": 0.9876593860778569, "max_features": 0.1911157295220747, "min_samples_split": 0.13716798915874637, "n_estimators": 3874.5577706863482}, "datetime": {"datetime": "2023-01-27 00:16:14", "elapsed": 24528.330649, "delta": 165.120283}}
{"target": -5575.4253898566485, "params": {"criterion": 2.499116543454597, "max_features": 0.7259004940424364, "min_samples_split": 0.5755410931863084, "n_estimators": 4551.395716223309}, "datetime": {"datetime": "2023-01-27 00:19:32", "elapsed": 24726.246936, "delta": 197.916287}}
{"target": -8454.65995227425, "params": {"criterion": 2.143054017047872, "max_features": 0.5764917011119335, "min_samples_split": 0.7073484119319318, "n_estimators": 3232.927317792541}, "datetime": {"datetime": "2023-01-27 00:21:17", "elapsed": 24831.30394, "delta": 105.057004}}
{"target": -8454.812741449336, "params": {"criterion": 0.0748158423765089, "max_features": 0.8390276631745563, "min_samples_split": 0.7462994476038274, "n_estimators": 1996.6398290568136}, "datetime": {"datetime": "2023-01-27 00:22:29", "elapsed": 24902.813882, "delta": 71.509942}}
{"target": -8454.783949030485, "params": {"criterion": 1.7589043139510294, "max_features": 0.37577836455060987, "min_samples_split": 0.9885324858606481, "n_estimators": 2985.033419281496}, "datetime": {"datetime": "2023-01-27 00:24:02", "elapsed": 24996.519929, "delta": 93.706047}}
{"target": -8454.819501578317, "params": {"criterion": 0.5972137457554516, "max_features": 0.9919628589857704, "min_samples_split": 0.853030773447055, "n_estimators": 1786.1930652784852}, "datetime": {"datetime": "2023-01-27 00:25:17", "elapsed": 25071.19391, "delta": 74.673981}}
{"target": -5658.246565925399, "params": {"criterion": 1.971057411056657, "max_features": 0.9452818308334922, "min_samples_split": 0.5590645350922098, "n_estimators": 3123.814879315447}, "datetime": {"datetime": "2023-01-27 00:27:43", "elapsed": 25217.23663, "delta": 146.04272}}
{"target": -8454.738315878327, "params": {"criterion": 1.4069207153227934, "max_features": 0.995773717443916, "min_samples_split": 0.9333870144734527, "n_estimators": 238.4515207022309}, "datetime": {"datetime": "2023-01-27 00:27:59", "elapsed": 25233.442171, "delta": 16.205541}}
{"target": -3393.0741375222533, "params": {"criterion": 1.345133980374629, "max_features": 0.46047927235584296, "min_samples_split": 0.15583119276154528, "n_estimators": 1548.6589989575573}, "datetime": {"datetime": "2023-01-27 00:29:37", "elapsed": 25331.73534, "delta": 98.293169}}
{"target": -4311.097285185421, "params": {"criterion": 2.151678857174215, "max_features": 0.5806683463304038, "min_samples_split": 0.30833622661018156, "n_estimators": 4607.748621491778}, "datetime": {"datetime": "2023-01-27 00:33:40", "elapsed": 25574.331279, "delta": 242.595939}}
{"target": -8454.763400362252, "params": {"criterion": 2.0871924275834766, "max_features": 0.40877180793528844, "min_samples_split": 0.7930952634006101, "n_estimators": 4993.331649122419}, "datetime": {"datetime": "2023-01-27 00:35:59", "elapsed": 25713.537313, "delta": 139.206034}}
{"target": -8454.753944110234, "params": {"criterion": 2.1128308606337796, "max_features": 0.5707117705759378, "min_samples_split": 0.7954042571696522, "n_estimators": 2709.279950954811}, "datetime": {"datetime": "2023-01-27 00:37:28", "elapsed": 25801.892269, "delta": 88.354956}}
{"target": -8454.789978415027, "params": {"criterion": 1.7238412717862677, "max_features": 0.9723955140898561, "min_samples_split": 0.9425989429331316, "n_estimators": 2987.3999184418412}, "datetime": {"datetime": "2023-01-27 00:39:03", "elapsed": 25897.637943, "delta": 95.745674}}
{"target": -4801.3836977924175, "params": {"criterion": 0.6886523152699487, "max_features": 0.5874900430851758, "min_samples_split": 0.43566785186780255, "n_estimators": 1721.7555488632902}, "datetime": {"datetime": "2023-01-27 00:40:39", "elapsed": 25993.257451, "delta": 95.619508}}
{"target": -3903.344029832555, "params": {"criterion": 1.8111898260631834, "max_features": 0.2599732782928377, "min_samples_split": 0.11583442567354538, "n_estimators": 4851.472827460651}, "datetime": {"datetime": "2023-01-27 00:44:25", "elapsed": 26219.128621, "delta": 225.87117}}
{"target": -8454.796902384478, "params": {"criterion": 2.8585888931851047, "max_features": 0.49319715149060495, "min_samples_split": 0.9874784396542653, "n_estimators": 3619.3301609517234}, "datetime": {"datetime": "2023-01-27 00:46:18", "elapsed": 26331.854005, "delta": 112.725384}}
{"target": -8454.776019992813, "params": {"criterion": 2.772602702596807, "max_features": 0.4537997340815316, "min_samples_split": 0.8425370081202961, "n_estimators": 3064.119788416328}, "datetime": {"datetime": "2023-01-27 00:47:44", "elapsed": 26417.982446, "delta": 86.128441}}
{"target": -5614.52104043751, "params": {"criterion": 2.525357765737993, "max_features": 0.2543743590854631, "min_samples_split": 0.35052476250593384, "n_estimators": 2203.0603123607784}, "datetime": {"datetime": "2023-01-27 00:49:28", "elapsed": 26522.400242, "delta": 104.417796}}
{"target": -1295.4650350701172, "params": {"criterion": 2.407864585855691, "max_features": 0.3804482522871543, "min_samples_split": 0.0034316108364507206, "n_estimators": 2004.4160910261876}, "datetime": {"datetime": "2023-01-27 00:53:23", "elapsed": 26757.793276, "delta": 235.393034}}
{"target": -8454.699635417299, "params": {"criterion": 2.764687236535775, "max_features": 0.3073328817782078, "min_samples_split": 0.7499444607315183, "n_estimators": 4742.669733353176}, "datetime": {"datetime": "2023-01-27 00:55:30", "elapsed": 26884.632167, "delta": 126.838891}}
{"target": -5196.905921312644, "params": {"criterion": 0.7523059689954138, "max_features": 0.31126910069669406, "min_samples_split": 0.34308672464932477, "n_estimators": 1532.3706549944077}, "datetime": {"datetime": "2023-01-27 00:56:39", "elapsed": 26953.570366, "delta": 68.938199}}
{"target": -5627.523057212595, "params": {"criterion": 0.8112124889567679, "max_features": 0.5704326171804044, "min_samples_split": 0.5585920756634447, "n_estimators": 131.10263240544262}, "datetime": {"datetime": "2023-01-27 00:56:52", "elapsed": 26966.630397, "delta": 13.060031}}
{"target": -8454.743686111211, "params": {"criterion": 2.530288745545993, "max_features": 0.2937718301218776, "min_samples_split": 0.7623895490678189, "n_estimators": 503.940833050088}, "datetime": {"datetime": "2023-01-27 00:57:15", "elapsed": 26988.881356, "delta": 22.250959}}
{"target": -4164.637473850989, "params": {"criterion": 2.2912070839796153, "max_features": 0.4796211630387328, "min_samples_split": 0.2417975129380649, "n_estimators": 3817.26486689183}, "datetime": {"datetime": "2023-01-27 01:00:34", "elapsed": 27187.835923, "delta": 198.954567}}
{"target": -8454.70812850638, "params": {"criterion": 0.16745186669489545, "max_features": 0.5494133235450288, "min_samples_split": 0.9007454732050867, "n_estimators": 4545.697655806812}, "datetime": {"datetime": "2023-01-27 01:02:36", "elapsed": 27309.888009, "delta": 122.052086}}
{"target": -8454.603493216971, "params": {"criterion": 1.4065969914215957, "max_features": 0.8618917934899141, "min_samples_split": 0.6678578535681744, "n_estimators": 1382.3988479828606}, "datetime": {"datetime": "2023-01-27 01:03:32", "elapsed": 27365.940462, "delta": 56.052453}}
{"target": -8454.72785584209, "params": {"criterion": 1.0726394612506882, "max_features": 0.9408339012529725, "min_samples_split": 0.8820248178296328, "n_estimators": 4792.377164493151}, "datetime": {"datetime": "2023-01-27 01:05:40", "elapsed": 27494.646489, "delta": 128.706027}}
{"target": -3607.0372688806624, "params": {"criterion": 0.663563739952016, "max_features": 0.30588870420899494, "min_samples_split": 0.12329853717075047, "n_estimators": 2442.042977628904}, "datetime": {"datetime": "2023-01-27 01:07:53", "elapsed": 27627.279121, "delta": 132.632632}}
{"target": -5651.218285868972, "params": {"criterion": 0.7722408653395195, "max_features": 0.9562201711168276, "min_samples_split": 0.4909442736194265, "n_estimators": 3632.3669756668855}, "datetime": {"datetime": "2023-01-27 01:10:39", "elapsed": 27793.652039, "delta": 166.372918}}
{"target": -1556.3679321820873, "params": {"criterion": 2.9885971749952445, "max_features": 0.5384305113873089, "min_samples_split": 0.02156003541525642, "n_estimators": 173.9977448851263}, "datetime": {"datetime": "2023-01-27 01:11:05", "elapsed": 27819.277472, "delta": 25.625433}}
{"target": -2406.2836496161117, "params": {"criterion": 1.4150419767859748, "max_features": 0.7041242576768042, "min_samples_split": 0.10562643423366568, "n_estimators": 1176.3220921850984}, "datetime": {"datetime": "2023-01-27 01:12:57", "elapsed": 27931.559472, "delta": 112.282}}
{"target": -8454.741678078633, "params": {"criterion": 2.204738921031497, "max_features": 0.7655033117367378, "min_samples_split": 0.96029536367261, "n_estimators": 3683.5267616378337}, "datetime": {"datetime": "2023-01-27 01:14:39", "elapsed": 28033.475209, "delta": 101.915737}}
{"target": -8454.827632759076, "params": {"criterion": 2.5200552555410978, "max_features": 0.6683350114218188, "min_samples_split": 0.6819559660745814, "n_estimators": 3582.994391547304}, "datetime": {"datetime": "2023-01-27 01:16:20", "elapsed": 28134.216389, "delta": 100.74118}}
{"target": -4903.335275725164, "params": {"criterion": 0.5268084867194913, "max_features": 0.4947402976870662, "min_samples_split": 0.3987961227191424, "n_estimators": 1996.9971615331306}, "datetime": {"datetime": "2023-01-27 01:17:54", "elapsed": 28228.419176, "delta": 94.202787}}
{"target": -8454.825589650547, "params": {"criterion": 0.561941470949036, "max_features": 0.5286597394209946, "min_samples_split": 0.7379308065860053, "n_estimators": 4951.588629779606}, "datetime": {"datetime": "2023-01-27 01:19:59", "elapsed": 28353.380661, "delta": 124.961485}}
{"target": -8454.696784875267, "params": {"criterion": 0.20650204763951566, "max_features": 0.8793854298761474, "min_samples_split": 0.784692617032075, "n_estimators": 2448.748747308324}, "datetime": {"datetime": "2023-01-27 01:21:17", "elapsed": 28431.635207, "delta": 78.254546}}
{"target": -4517.814804359181, "params": {"criterion": 0.892589720431299, "max_features": 0.5776307857407714, "min_samples_split": 0.3929124771101455, "n_estimators": 4508.502950815577}, "datetime": {"datetime": "2023-01-27 01:24:47", "elapsed": 28640.841577, "delta": 209.20637}}
{"target": -6424.25328558271, "params": {"criterion": 0.8400095574743306, "max_features": 0.25991610529061626, "min_samples_split": 0.504508664262757, "n_estimators": 971.0573311510457}, "datetime": {"datetime": "2023-01-27 01:25:41", "elapsed": 28694.962237, "delta": 54.12066}}
{"target": -8454.634160685946, "params": {"criterion": 0.6942493648820084, "max_features": 0.7529334324730994, "min_samples_split": 0.8851137473922236, "n_estimators": 4492.445814045453}, "datetime": {"datetime": "2023-01-27 01:27:43", "elapsed": 28817.620472, "delta": 122.658235}}
{"target": -8454.7638629521, "params": {"criterion": 2.4203749917363293, "max_features": 0.8259188948439633, "min_samples_split": 0.8114748403695815, "n_estimators": 1690.354031264665}, "datetime": {"datetime": "2023-01-27 01:28:46", "elapsed": 28880.450312, "delta": 62.82984}}
{"target": -8454.702749899094, "params": {"criterion": 1.8624457920925581, "max_features": 0.3310115090266879, "min_samples_split": 0.8525755293169608, "n_estimators": 4793.402387779374}, "datetime": {"datetime": "2023-01-27 01:30:51", "elapsed": 29005.683782, "delta": 125.23347}}
{"target": -8454.733318981529, "params": {"criterion": 0.7577547884552648, "max_features": 0.23933104348796952, "min_samples_split": 0.7294061655739287, "n_estimators": 4593.570400954481}, "datetime": {"datetime": "2023-01-27 01:32:54", "elapsed": 29128.58879, "delta": 122.905008}}
{"target": -6329.645475084666, "params": {"criterion": 2.53029044846227, "max_features": 0.1932568077616087, "min_samples_split": 0.4308949251655216, "n_estimators": 2037.4776068275448}, "datetime": {"datetime": "2023-01-27 01:34:12", "elapsed": 29205.899278, "delta": 77.310488}}
