{"target": -0.16065056994926344, "params": {"criterion": 2.374070559031983, "max_depth": 12.068007814917225, "max_features": 0.9951062979200723, "min_samples_split": 0.2452602358803148, "n_estimators": 135.72871604115116}, "datetime": {"datetime": "2022-09-08 18:48:24", "elapsed": 6047.588769, "delta": 10.403793}}
{"target": -0.23351010559611063, "params": {"criterion": 0.20336179287286793, "max_depth": 17.931252225674104, "max_features": 0.1702677692067301, "min_samples_split": 0.2203355674517752, "n_estimators": 446.4603984233371}, "datetime": {"datetime": "2022-09-08 18:48:46", "elapsed": 6069.729997, "delta": 22.141228}}
{"target": -0.24395802307969766, "params": {"criterion": 0.5642780275602659, "max_depth": 3.918489054012842, "max_features": 0.23232203607810456, "min_samples_split": 0.17003400283536854, "n_estimators": 351.1181715721939}, "datetime": {"datetime": "2022-09-08 18:49:06", "elapsed": 6089.475398, "delta": 19.745401}}
{"target": -0.16204207185687397, "params": {"criterion": 0.9966574536874863, "max_depth": 16.400167969946693, "max_features": 0.9338151093767643, "min_samples_split": 0.2752728085241626, "n_estimators": 446.65540159660253}, "datetime": {"datetime": "2022-09-08 18:49:31", "elapsed": 6114.66753, "delta": 25.192132}}
{"target": -0.13457168385187038, "params": {"criterion": 0.3959640598191706, "max_depth": 17.184361939496295, "max_features": 1.0, "min_samples_split": 0.1, "n_estimators": 446.04844015143425}, "datetime": {"datetime": "2022-09-08 18:50:01", "elapsed": 6144.492556, "delta": 29.825026}}
{"target": -0.13856787995295156, "params": {"criterion": 0.5162313097234411, "max_depth": 5.019875059453314, "max_features": 0.956260090680208, "min_samples_split": 0.11371329593156708, "n_estimators": 134.62444109475746}, "datetime": {"datetime": "2022-09-08 18:50:11", "elapsed": 6154.678466, "delta": 10.18591}}
{"target": -0.1394856182808309, "params": {"criterion": 0.13021625079981025, "max_depth": 4.775935011279807, "max_features": 1.0, "min_samples_split": 0.1, "n_estimators": 351.5296028127388}, "datetime": {"datetime": "2022-09-08 18:50:33", "elapsed": 6177.161995, "delta": 22.483529}}
{"target": -0.2308577892481658, "params": {"criterion": 1.386138393714239, "max_depth": 12.975770561613832, "max_features": 0.24861125686599772, "min_samples_split": 0.3243438985211465, "n_estimators": 136.51703936218786}, "datetime": {"datetime": "2022-09-08 18:52:13", "elapsed": 6276.767119, "delta": 99.605124}}
{"target": -0.37145705624134495, "params": {"criterion": 1.9105968685866017, "max_depth": 11.795529498658464, "max_features": 0.9524906212541048, "min_samples_split": 0.7203883713175413, "n_estimators": 135.23095756036616}, "datetime": {"datetime": "2022-09-08 18:52:26", "elapsed": 6289.182343, "delta": 12.415224}}
{"target": -0.20394200176751495, "params": {"criterion": 2.5934880392923834, "max_depth": 12.463355116693034, "max_features": 0.9625332202866091, "min_samples_split": 0.5813573043301276, "n_estimators": 492.1065792739883}, "datetime": {"datetime": "2022-09-08 18:52:48", "elapsed": 6311.6909, "delta": 22.508557}}
{"target": -0.20589853379013787, "params": {"criterion": 0.6198365207809404, "max_depth": 4.878652133921647, "max_features": 0.9067988594963452, "min_samples_split": 0.5775765872163307, "n_estimators": 351.9999736809163}, "datetime": {"datetime": "2022-09-08 18:53:08", "elapsed": 6331.858404, "delta": 20.167504}}
{"target": -0.2301099553651679, "params": {"criterion": 0.5352634086609234, "max_depth": 11.986022347352515, "max_features": 0.3268146114601943, "min_samples_split": 0.3377871946427772, "n_estimators": 120.07121136665387}, "datetime": {"datetime": "2022-09-08 18:53:16", "elapsed": 6339.625646, "delta": 7.767242}}
{"target": -0.1344946465305772, "params": {"criterion": 0.0, "max_depth": 16.6912325853122, "max_features": 1.0, "min_samples_split": 0.1, "n_estimators": 446.6208788196517}, "datetime": {"datetime": "2022-09-08 18:53:46", "elapsed": 6369.20508, "delta": 29.579434}}
{"target": -0.2891521149641584, "params": {"criterion": 0.5806527333604338, "max_depth": 5.161777792167955, "max_features": 0.020497709423442326, "min_samples_split": 0.26122459238298634, "n_estimators": 134.67733686890534}, "datetime": {"datetime": "2022-09-08 18:53:54", "elapsed": 6377.799417, "delta": 8.594337}}
{"target": -0.15215854866680817, "params": {"criterion": 1.4866117097257399, "max_depth": 3.5542273315756905, "max_features": 1.0, "min_samples_split": 0.1, "n_estimators": 350.97310731020406}, "datetime": {"datetime": "2022-09-08 19:06:10", "elapsed": 7113.799829, "delta": 736.000412}}
{"target": -0.21794839818341855, "params": {"criterion": 0.546281772296075, "max_depth": 19.73782471621866, "max_features": 0.6671431935244377, "min_samples_split": 0.5294420580724472, "n_estimators": 446.84306194307595}, "datetime": {"datetime": "2022-09-08 19:06:32", "elapsed": 7135.3615, "delta": 21.561671}}
{"target": -0.3569770308822628, "params": {"criterion": 2.1344156228514986, "max_depth": 7.260035425591453, "max_features": 0.4221202090368897, "min_samples_split": 0.728339175853665, "n_estimators": 165.09415064554176}, "datetime": {"datetime": "2022-09-08 19:06:42", "elapsed": 7145.658998, "delta": 10.297498}}
{"target": -0.13456847284171145, "params": {"criterion": 0.37573229521317725, "max_depth": 16.28477625549857, "max_features": 1.0, "min_samples_split": 0.1, "n_estimators": 447.2785038387823}, "datetime": {"datetime": "2022-09-08 19:07:12", "elapsed": 7175.7902, "delta": 30.131202}}
{"target": -0.35697450899818983, "params": {"criterion": 0.8042686278200132, "max_depth": 15.279094268996012, "max_features": 0.9003070482048736, "min_samples_split": 0.8119431590706192, "n_estimators": 446.93460350545837}, "datetime": {"datetime": "2022-09-08 19:07:33", "elapsed": 7196.691287, "delta": 20.901087}}
{"target": -0.17660182462356006, "params": {"criterion": 0.394995018530007, "max_depth": 16.68037899873024, "max_features": 0.9753313118794387, "min_samples_split": 0.4486935978796722, "n_estimators": 445.27387182161584}, "datetime": {"datetime": "2022-09-08 19:07:56", "elapsed": 7219.616371, "delta": 22.925084}}
{"target": -0.16697979068134428, "params": {"criterion": 1.2451269247282761, "max_depth": 10.613712987164895, "max_features": 0.676546279287442, "min_samples_split": 0.2642767064181196, "n_estimators": 121.04232371713346}, "datetime": {"datetime": "2022-09-08 19:11:00", "elapsed": 7403.963722, "delta": 184.347351}}
{"target": -0.16792720330107377, "params": {"criterion": 2.611148357585911, "max_depth": 12.523607616059858, "max_features": 0.5861861625339442, "min_samples_split": 0.18182070240132867, "n_estimators": 136.2309757854295}, "datetime": {"datetime": "2022-09-08 19:11:10", "elapsed": 7413.791259, "delta": 9.827537}}
{"target": -0.18321109019383763, "params": {"criterion": 0.28169692644259536, "max_depth": 10.593872892228395, "max_features": 0.6004194245963238, "min_samples_split": 0.3187936891454516, "n_estimators": 120.63832746309325}, "datetime": {"datetime": "2022-09-08 19:11:18", "elapsed": 7421.966427, "delta": 8.175168}}
{"target": -0.3714366436976154, "params": {"criterion": 1.6520651152399817, "max_depth": 10.707318675516671, "max_features": 0.3511528296508838, "min_samples_split": 0.6783136963070282, "n_estimators": 120.13928327865364}, "datetime": {"datetime": "2022-09-08 19:11:29", "elapsed": 7432.568957, "delta": 10.60253}}
{"target": -0.13468906637647213, "params": {"criterion": 0.7337424782416171, "max_depth": 11.29196493462565, "max_features": 1.0, "min_samples_split": 0.1, "n_estimators": 121.05086496873362}, "datetime": {"datetime": "2022-09-08 19:11:39", "elapsed": 7442.388222, "delta": 9.819265}}
{"target": -0.37143664856562314, "params": {"criterion": 1.1584658308926594, "max_depth": 11.6192159200117, "max_features": 0.8046498927059091, "min_samples_split": 0.6912005711972597, "n_estimators": 121.11205293942345}, "datetime": {"datetime": "2022-09-08 19:11:49", "elapsed": 7452.998874, "delta": 10.610652}}
{"target": -0.170600139111662, "params": {"criterion": 1.5343540873157022, "max_depth": 3.100199676485712, "max_features": 0.9663631714585816, "min_samples_split": 0.20307973946650196, "n_estimators": 350.42574596191804}, "datetime": {"datetime": "2022-09-08 19:22:54", "elapsed": 8117.46661, "delta": 664.467736}}
{"target": -0.15224138377445728, "params": {"criterion": 0.5079970802631085, "max_depth": 10.604178667804982, "max_features": 0.8435516875906774, "min_samples_split": 0.15060981674239227, "n_estimators": 122.19662315635773}, "datetime": {"datetime": "2022-09-08 19:23:03", "elapsed": 8126.406238, "delta": 8.939628}}
{"target": -0.20252349303390355, "params": {"criterion": 0.4653423769531574, "max_depth": 10.2822545187468, "max_features": 0.40938955271251, "min_samples_split": 0.27252099061150475, "n_estimators": 121.65344453204301}, "datetime": {"datetime": "2022-09-08 19:23:11", "elapsed": 8134.591065, "delta": 8.184827}}
{"target": -0.13461691709408194, "params": {"criterion": 0.1418428604706927, "max_depth": 10.981810735792605, "max_features": 1.0, "min_samples_split": 0.1, "n_estimators": 121.43962365123905}, "datetime": {"datetime": "2022-09-08 19:23:21", "elapsed": 8144.297101, "delta": 9.706036}}
{"target": -0.17448683658052308, "params": {"criterion": 2.092222593953935, "max_depth": 7.900045847974876, "max_features": 0.7760724099472288, "min_samples_split": 0.34038301852688824, "n_estimators": 166.6879540914416}, "datetime": {"datetime": "2022-09-08 19:23:31", "elapsed": 8155.169553, "delta": 10.872452}}
{"target": -0.13472186360505709, "params": {"criterion": 2.99, "max_depth": 12.82792354147636, "max_features": 1.0, "min_samples_split": 0.1, "n_estimators": 490.63127394085603}, "datetime": {"datetime": "2022-09-08 19:24:04", "elapsed": 8188.097308, "delta": 32.927755}}
{"target": -0.35697879426321016, "params": {"criterion": 2.7646317423898807, "max_depth": 12.870610355122082, "max_features": 0.29709847536647493, "min_samples_split": 0.7663324743964081, "n_estimators": 490.2634779687804}, "datetime": {"datetime": "2022-09-08 19:24:27", "elapsed": 8210.544862, "delta": 22.447554}}
{"target": -0.23305454344065665, "params": {"criterion": 1.0849544764315278, "max_depth": 11.910182199911013, "max_features": 0.2697323945625582, "min_samples_split": 0.3978395729889067, "n_estimators": 220.6092848932305}, "datetime": {"datetime": "2022-09-08 19:26:50", "elapsed": 8353.362002, "delta": 142.81714}}
{"target": -0.35153581835544473, "params": {"criterion": 2.7697709779742032, "max_depth": 6.774407839178981, "max_features": 0.8705882011389269, "min_samples_split": 0.6418567723659852, "n_estimators": 166.97739633347044}, "datetime": {"datetime": "2022-09-08 19:27:00", "elapsed": 8363.59199, "delta": 10.229988}}
{"target": -0.35697333288710376, "params": {"criterion": 0.164277681285315, "max_depth": 16.468433169841024, "max_features": 0.8391480091486573, "min_samples_split": 0.874068301936671, "n_estimators": 446.78957699755625}, "datetime": {"datetime": "2022-09-08 19:27:21", "elapsed": 8384.48163, "delta": 20.88964}}
{"target": -0.1360701626169968, "params": {"criterion": 0.0, "max_depth": 5.450509814705938, "max_features": 1.0, "min_samples_split": 0.1, "n_estimators": 134.24377104083285}, "datetime": {"datetime": "2022-09-08 19:27:31", "elapsed": 8394.684661, "delta": 10.203031}}
{"target": -0.1375511151952696, "params": {"criterion": 1.4444435103140285, "max_depth": 7.59046527176834, "max_features": 1.0, "min_samples_split": 0.1, "n_estimators": 166.23566849822572}, "datetime": {"datetime": "2022-09-08 19:34:51", "elapsed": 8834.833031, "delta": 440.14837}}
{"target": -0.18486420379986188, "params": {"criterion": 1.2599914548964122, "max_depth": 7.393626047674428, "max_features": 0.36820839256668947, "min_samples_split": 0.1858888593360912, "n_estimators": 166.342429582985}, "datetime": {"datetime": "2022-09-08 19:37:32", "elapsed": 8995.856625, "delta": 161.023594}}
{"target": -0.2207811983110915, "params": {"criterion": 0.07160526683801631, "max_depth": 11.36612057325457, "max_features": 0.3184163882891838, "min_samples_split": 0.2951673690804751, "n_estimators": 122.04383022502196}, "datetime": {"datetime": "2022-09-08 19:37:40", "elapsed": 9003.69594, "delta": 7.839315}}
{"target": -0.33261786887619604, "params": {"criterion": 1.827877143464854, "max_depth": 3.564806082520165, "max_features": 0.04584041714956023, "min_samples_split": 0.5298587625548818, "n_estimators": 253.41637982762134}, "datetime": {"datetime": "2022-09-08 19:38:55", "elapsed": 9078.482269, "delta": 74.786329}}
{"target": -0.13487772861453412, "params": {"criterion": 2.99, "max_depth": 12.075406257489265, "max_features": 1.0, "min_samples_split": 0.1, "n_estimators": 490.7714220874952}, "datetime": {"datetime": "2022-09-08 19:39:27", "elapsed": 9110.7126, "delta": 32.230331}}
{"target": -0.1345715324342624, "params": {"criterion": 0.11561819382288915, "max_depth": 11.317078017044745, "max_features": 1.0, "min_samples_split": 0.1, "n_estimators": 120.51426003517085}, "datetime": {"datetime": "2022-09-08 19:39:37", "elapsed": 9120.463835, "delta": 9.751235}}
{"target": -0.13472664132997517, "params": {"criterion": 2.151933625668215, "max_depth": 12.124696620877097, "max_features": 1.0, "min_samples_split": 0.1, "n_estimators": 491.0780327559104}, "datetime": {"datetime": "2022-09-08 19:40:10", "elapsed": 9153.508896, "delta": 33.045061}}
{"target": -0.37139586926595464, "params": {"criterion": 1.3306982655348132, "max_depth": 10.273894640963887, "max_features": 0.6359048829125064, "min_samples_split": 0.7532281969049115, "n_estimators": 220.093353037057}, "datetime": {"datetime": "2022-09-08 19:40:28", "elapsed": 9171.346804, "delta": 17.837908}}
{"target": -0.13479374257212448, "params": {"criterion": 2.99, "max_depth": 11.875812618358491, "max_features": 1.0, "min_samples_split": 0.1, "n_estimators": 135.967785679992}, "datetime": {"datetime": "2022-09-08 19:40:39", "elapsed": 9182.636715, "delta": 11.289911}}
{"target": -0.16175541453110864, "params": {"criterion": 0.472366871594967, "max_depth": 18.242651200411238, "max_features": 0.8436226335141238, "min_samples_split": 0.24240794826106715, "n_estimators": 445.0130375664343}, "datetime": {"datetime": "2022-09-08 19:41:05", "elapsed": 9208.222905, "delta": 25.58619}}
{"target": -0.3714291432130288, "params": {"criterion": 1.6110474634611125, "max_depth": 3.006087403447299, "max_features": 1.0, "min_samples_split": 0.9, "n_estimators": 351.4349050385913}, "datetime": {"datetime": "2022-09-08 19:41:33", "elapsed": 9236.17647, "delta": 27.953565}}
{"target": -0.13773118646462296, "params": {"criterion": 1.3287394313200336, "max_depth": 10.26457966459577, "max_features": 1.0, "min_samples_split": 0.1, "n_estimators": 121.83648728511189}, "datetime": {"datetime": "2022-09-08 19:47:04", "elapsed": 9567.748794, "delta": 331.572324}}
{"target": -0.15248962023326712, "params": {"criterion": 0.4581339632716618, "max_depth": 8.40405959968999, "max_features": 0.5260473742479106, "min_samples_split": 0.10676647743752739, "n_estimators": 166.54001553926219}, "datetime": {"datetime": "2022-09-08 19:47:15", "elapsed": 9578.774004, "delta": 11.02521}}
{"target": -0.17122140567433092, "params": {"criterion": 1.8994316333817742, "max_depth": 8.74179188100683, "max_features": 0.5290041238496122, "min_samples_split": 0.20595421305350403, "n_estimators": 165.78644166212644}, "datetime": {"datetime": "2022-09-08 19:50:47", "elapsed": 9790.387158, "delta": 211.613154}}
{"target": -0.13477928614629842, "params": {"criterion": 2.105747147657843, "max_depth": 11.94020900858529, "max_features": 1.0, "min_samples_split": 0.1, "n_estimators": 219.7716901716396}, "datetime": {"datetime": "2022-09-08 19:51:03", "elapsed": 9806.871118, "delta": 16.48396}}
{"target": -0.3569046989559747, "params": {"criterion": 2.140097067066243, "max_depth": 11.796816260894769, "max_features": 0.7406012518872139, "min_samples_split": 0.6574236361539418, "n_estimators": 218.66727444866086}, "datetime": {"datetime": "2022-09-08 19:51:16", "elapsed": 9819.40186, "delta": 12.530742}}
{"target": -0.23774824680861412, "params": {"criterion": 1.1621806428978425, "max_depth": 9.251319485588507, "max_features": 0.1446830426523889, "min_samples_split": 0.22154123505632628, "n_estimators": 166.4903288230385}, "datetime": {"datetime": "2022-09-08 19:53:16", "elapsed": 9940.041999, "delta": 120.640139}}
{"target": -0.14883785514962047, "params": {"criterion": 0.22315815617328907, "max_depth": 3.8527562789316976, "max_features": 1.0, "min_samples_split": 0.1, "n_estimators": 253.97905502307228}, "datetime": {"datetime": "2022-09-08 19:53:32", "elapsed": 9955.678711, "delta": 15.636712}}
{"target": -0.18864236283953315, "params": {"criterion": 0.18251433241432705, "max_depth": 8.419198458515073, "max_features": 0.5266361289814399, "min_samples_split": 0.28433702027885427, "n_estimators": 165.6461459546809}, "datetime": {"datetime": "2022-09-08 19:53:44", "elapsed": 9967.599868, "delta": 11.921157}}
{"target": -0.1868232800419678, "params": {"criterion": 0.005515248412205332, "max_depth": 4.929338970165476, "max_features": 0.7946472419905369, "min_samples_split": 0.4684041031750231, "n_estimators": 253.78461453870074}, "datetime": {"datetime": "2022-09-08 19:53:59", "elapsed": 9982.992158, "delta": 15.39229}}
{"target": -0.13761177264015892, "params": {"criterion": 1.299273299970423, "max_depth": 10.17125683690161, "max_features": 1.0, "min_samples_split": 0.1, "n_estimators": 122.94894590868434}, "datetime": {"datetime": "2022-09-08 20:00:00", "elapsed": 10343.760123, "delta": 360.767965}}
{"target": -0.3714783793401359, "params": {"criterion": 1.8260479995362175, "max_depth": 9.919828370272452, "max_features": 0.6144897057849262, "min_samples_split": 0.8819025316921042, "n_estimators": 122.63182767796232}, "datetime": {"datetime": "2022-09-08 20:00:11", "elapsed": 10355.145869, "delta": 11.385746}}
{"target": -0.13774142700255576, "params": {"criterion": 1.213195406116667, "max_depth": 17.418939023151495, "max_features": 1.0, "min_samples_split": 0.1, "n_estimators": 445.2693377562911}, "datetime": {"datetime": "2022-09-08 20:20:20", "elapsed": 11563.659761, "delta": 1208.513892}}
{"target": -0.13474664266233605, "params": {"criterion": 0.21285185605412754, "max_depth": 11.01626067807477, "max_features": 1.0, "min_samples_split": 0.1, "n_estimators": 119.49975182016045}, "datetime": {"datetime": "2022-09-08 20:20:30", "elapsed": 11573.932783, "delta": 10.273022}}
{"target": -0.3569701782389782, "params": {"criterion": 0.8970816111173994, "max_depth": 7.89023278608512, "max_features": 0.9139974633596518, "min_samples_split": 0.8686632807897667, "n_estimators": 166.07243297415582}, "datetime": {"datetime": "2022-09-08 20:20:41", "elapsed": 11584.790741, "delta": 10.857958}}
{"target": -0.2226529883641546, "params": {"criterion": 2.0015208731865406, "max_depth": 16.779583294526965, "max_features": 0.41825800805549906, "min_samples_split": 0.43923509001211636, "n_estimators": 444.7508748602913}, "datetime": {"datetime": "2022-09-08 20:21:05", "elapsed": 11608.387824, "delta": 23.597083}}
{"target": -0.22353047567002743, "params": {"criterion": 0.09692177866938416, "max_depth": 3.9294767580998102, "max_features": 0.4524878216066761, "min_samples_split": 0.42287940151272085, "n_estimators": 254.86832698464914}, "datetime": {"datetime": "2022-09-08 20:21:19", "elapsed": 11622.464906, "delta": 14.077082}}
{"target": -0.134707634126645, "params": {"criterion": 0.0, "max_depth": 11.801805167027627, "max_features": 1.0, "min_samples_split": 0.1, "n_estimators": 119.00453821928288}, "datetime": {"datetime": "2022-09-08 20:21:29", "elapsed": 11632.699393, "delta": 10.234487}}
{"target": -0.13479361970564246, "params": {"criterion": 0.0, "max_depth": 11.028761549668145, "max_features": 1.0, "min_samples_split": 0.1, "n_estimators": 118.43858459974048}, "datetime": {"datetime": "2022-09-08 20:21:39", "elapsed": 11642.884645, "delta": 10.185252}}
{"target": -0.1345809239289928, "params": {"criterion": 0.7111614073650425, "max_depth": 17.37040640232729, "max_features": 1.0, "min_samples_split": 0.1, "n_estimators": 444.35454261702233}, "datetime": {"datetime": "2022-09-08 20:22:10", "elapsed": 11673.638283, "delta": 30.753638}}
{"target": -0.35696852089593534, "params": {"criterion": 0.37083436910892503, "max_depth": 11.574459422143873, "max_features": 0.9030572481580607, "min_samples_split": 0.7311960645730043, "n_estimators": 117.80882832405553}, "datetime": {"datetime": "2022-09-08 20:22:18", "elapsed": 11681.435076, "delta": 7.796793}}
{"target": -0.3569812352483176, "params": {"criterion": 0.6768626921980319, "max_depth": 17.673215851405192, "max_features": 0.5690854699702008, "min_samples_split": 0.8393734556581333, "n_estimators": 443.84804176980526}, "datetime": {"datetime": "2022-09-08 20:22:39", "elapsed": 11702.638689, "delta": 21.203613}}
{"target": -0.15807579926616114, "params": {"criterion": 1.1594026464974265, "max_depth": 10.50978006919818, "max_features": 0.7916915162865004, "min_samples_split": 0.1566310982788262, "n_estimators": 124.15931646497023}, "datetime": {"datetime": "2022-09-08 20:26:50", "elapsed": 11953.409323, "delta": 250.770634}}
{"target": -0.1394716488389967, "params": {"criterion": 0.368829467039285, "max_depth": 4.011466929989852, "max_features": 1.0, "min_samples_split": 0.1, "n_estimators": 253.02172119495648}, "datetime": {"datetime": "2022-09-08 20:27:05", "elapsed": 11968.990496, "delta": 15.581173}}
{"target": -0.16925005953094358, "params": {"criterion": 0.37587016564079295, "max_depth": 10.475432075101006, "max_features": 0.7645647554959025, "min_samples_split": 0.2927463331112409, "n_estimators": 123.9492780124971}, "datetime": {"datetime": "2022-09-08 20:27:14", "elapsed": 11977.768772, "delta": 8.778276}}
