{"target": -7913.29091956539, "params": {"criterion": 2.313884797735911, "max_features": 0.19953736493567387, "min_samples_split": 0.6336215052792902, "n_estimators": 3769.1390244391982}, "datetime": {"datetime": "2023-01-26 17:27:26", "elapsed": 0.0, "delta": 0.0}}
{"target": -4184.499353383309, "params": {"criterion": 1.4954711862065408, "max_features": 0.366328766829657, "min_samples_split": 0.19812325218667204, "n_estimators": 3826.6004897748976}, "datetime": {"datetime": "2023-01-26 17:31:01", "elapsed": 215.61507, "delta": 215.61507}}
{"target": -8454.712146477, "params": {"criterion": 0.50731559860395, "max_features": 0.25478543035942564, "min_samples_split": 0.6853227464041237, "n_estimators": 4771.627396355189}, "datetime": {"datetime": "2023-01-26 17:33:30", "elapsed": 364.35437, "delta": 148.7393}}
{"target": -8454.665899330745, "params": {"criterion": 0.011844404157110562, "max_features": 0.6012533637421597, "min_samples_split": 0.8125584374597831, "n_estimators": 3101.377727464002}, "datetime": {"datetime": "2023-01-26 17:34:47", "elapsed": 441.266695, "delta": 76.912325}}
{"target": -8454.755162640497, "params": {"criterion": 2.165193776763655, "max_features": 0.4211612184946981, "min_samples_split": 0.9176905676884408, "n_estimators": 3601.4213386486836}, "datetime": {"datetime": "2023-01-26 17:36:17", "elapsed": 531.587051, "delta": 90.320356}}
{"target": -5459.856632998119, "params": {"criterion": 1.6275788495969825, "max_features": 0.2987876527456025, "min_samples_split": 0.3733660918994589, "n_estimators": 3403.254713825092}, "datetime": {"datetime": "2023-01-26 17:38:13", "elapsed": 647.196147, "delta": 115.609096}}
{"target": -5728.634192772001, "params": {"criterion": 1.3254553399515459, "max_features": 0.5373484276945019, "min_samples_split": 0.6177434250736233, "n_estimators": 2614.3773885165156}, "datetime": {"datetime": "2023-01-26 17:39:46", "elapsed": 739.821164, "delta": 92.625017}}
{"target": -8454.791512540307, "params": {"criterion": 1.9511265060762084, "max_features": 0.6738789416666113, "min_samples_split": 0.8051621521933799, "n_estimators": 2656.0710467288072}, "datetime": {"datetime": "2023-01-26 17:40:57", "elapsed": 811.56674, "delta": 71.745576}}
{"target": -2731.659550588095, "params": {"criterion": 2.7258557775379235, "max_features": 0.4435260057873497, "min_samples_split": 0.0905412574010532, "n_estimators": 1573.4302775173965}, "datetime": {"datetime": "2023-01-26 17:42:42", "elapsed": 916.266865, "delta": 104.700125}}
{"target": -1790.2617766281717, "params": {"criterion": 0.34194168715446294, "max_features": 0.8599596936753942, "min_samples_split": 0.04698694012537192, "n_estimators": 3168.8070267258236}, "datetime": {"datetime": "2023-01-26 17:48:08", "elapsed": 1242.011983, "delta": 325.745118}}
{"target": -3315.6861911184437, "params": {"criterion": 1.6427037091421386, "max_features": 0.8522805253054128, "min_samples_split": 0.19900775017087652, "n_estimators": 4298.566482042893}, "datetime": {"datetime": "2023-01-26 17:52:52", "elapsed": 1526.062551, "delta": 284.050568}}
{"target": -3887.9357781310828, "params": {"criterion": 1.0549227530323204, "max_features": 0.7994426894915448, "min_samples_split": 0.2960025145383028, "n_estimators": 4431.288749849813}, "datetime": {"datetime": "2023-01-26 17:57:01", "elapsed": 1774.838487, "delta": 248.775936}}
{"target": -5422.790554948557, "params": {"criterion": 0.9765023623329631, "max_features": 0.3174624403782896, "min_samples_split": 0.39255073809779795, "n_estimators": 557.9558353373865}, "datetime": {"datetime": "2023-01-26 17:57:31", "elapsed": 1805.107686, "delta": 30.269199}}
{"target": -5444.887653443324, "params": {"criterion": 2.4632348629450016, "max_features": 0.30612974855405384, "min_samples_split": 0.38413762580246114, "n_estimators": 4726.877489970126}, "datetime": {"datetime": "2023-01-26 18:00:28", "elapsed": 1982.777525, "delta": 177.669839}}
{"target": -8454.707773182106, "params": {"criterion": 2.9627776621581265, "max_features": 0.5555693017511756, "min_samples_split": 0.8260576192739713, "n_estimators": 1331.7332576145907}, "datetime": {"datetime": "2023-01-26 18:01:17", "elapsed": 2030.873796, "delta": 48.096271}}
{"target": -5616.4710180386655, "params": {"criterion": 1.7920552075278298, "max_features": 0.9205721725781061, "min_samples_split": 0.5345510372120547, "n_estimators": 2991.9866786285725}, "datetime": {"datetime": "2023-01-26 18:03:36", "elapsed": 2169.927486, "delta": 139.05369}}
{"target": -2490.004406599693, "params": {"criterion": 0.11784137349943948, "max_features": 0.474543775691758, "min_samples_split": 0.07969716753793299, "n_estimators": 1596.7535998798096}, "datetime": {"datetime": "2023-01-26 18:05:38", "elapsed": 2292.525171, "delta": 122.597685}}
{"target": -1715.409753964367, "params": {"criterion": 0.9921248640151977, "max_features": 0.815123045740502, "min_samples_split": 0.04005121684823927, "n_estimators": 2204.511674315028}, "datetime": {"datetime": "2023-01-26 18:09:52", "elapsed": 2546.256579, "delta": 253.731408}}
{"target": -4051.9924770860134, "params": {"criterion": 0.9447491228408805, "max_features": 0.7028584766658192, "min_samples_split": 0.346377880650017, "n_estimators": 311.1770454044728}, "datetime": {"datetime": "2023-01-26 18:10:19", "elapsed": 2573.196516, "delta": 26.939937}}
{"target": -8454.673952362591, "params": {"criterion": 2.639657532036296, "max_features": 0.8064667441847092, "min_samples_split": 0.8780210233963134, "n_estimators": 2145.794804812408}, "datetime": {"datetime": "2023-01-26 18:11:24", "elapsed": 2638.247244, "delta": 65.050728}}
{"target": -5616.875719879057, "params": {"criterion": 1.8166721354248307, "max_features": 0.6022950617908038, "min_samples_split": 0.597817080633381, "n_estimators": 1384.8567395465564}, "datetime": {"datetime": "2023-01-26 18:12:31", "elapsed": 2705.799497, "delta": 67.552253}}
{"target": -5568.9196643044415, "params": {"criterion": 0.9025838396912276, "max_features": 0.2033366233569755, "min_samples_split": 0.30310194813890456, "n_estimators": 1286.1717894772842}, "datetime": {"datetime": "2023-01-26 18:13:36", "elapsed": 2770.606872, "delta": 64.807375}}
{"target": -5198.7551741017705, "params": {"criterion": 1.6726788081690662, "max_features": 0.6448342219831322, "min_samples_split": 0.47513722096556754, "n_estimators": 1534.7100838185945}, "datetime": {"datetime": "2023-01-26 18:14:46", "elapsed": 2839.953876, "delta": 69.347004}}
{"target": -3877.5173432595802, "params": {"criterion": 0.19274675697840385, "max_features": 0.982686222976232, "min_samples_split": 0.33973990206913607, "n_estimators": 2525.7382913240262}, "datetime": {"datetime": "2023-01-26 18:17:36", "elapsed": 3009.992905, "delta": 170.039029}}
{"target": -4414.559095246169, "params": {"criterion": 2.931144469695453, "max_features": 0.5428740885170795, "min_samples_split": 0.3183091509178554, "n_estimators": 2647.005230789363}, "datetime": {"datetime": "2023-01-26 18:19:39", "elapsed": 3132.860477, "delta": 122.867572}}
{"target": -2130.073571026233, "params": {"criterion": 1.734351476004414, "max_features": 0.8806016770808401, "min_samples_split": 0.06818365408324245, "n_estimators": 2376.2009581187294}, "datetime": {"datetime": "2023-01-26 18:23:50", "elapsed": 3384.634766, "delta": 251.774289}}
{"target": -5572.233600748664, "params": {"criterion": 2.3457691609455833, "max_features": 0.7699786731729836, "min_samples_split": 0.5860047756571652, "n_estimators": 281.7626248485986}, "datetime": {"datetime": "2023-01-26 18:24:12", "elapsed": 3406.308652, "delta": 21.673886}}
{"target": -4074.9566381490795, "params": {"criterion": 1.0519341082102704, "max_features": 0.6429407896366499, "min_samples_split": 0.29976992645007794, "n_estimators": 2610.437351040391}, "datetime": {"datetime": "2023-01-26 18:26:29", "elapsed": 3543.358022, "delta": 137.04937}}
{"target": -2701.439802794614, "params": {"criterion": 2.020333429161633, "max_features": 0.3127032529516006, "min_samples_split": 0.050567574619966825, "n_estimators": 1755.2978466169293}, "datetime": {"datetime": "2023-01-26 18:28:37", "elapsed": 3671.289289, "delta": 127.931267}}
{"target": -8454.694022568447, "params": {"criterion": 0.3241805119610797, "max_features": 0.32881395978767425, "min_samples_split": 0.8857499307484722, "n_estimators": 1890.2883589491676}, "datetime": {"datetime": "2023-01-26 18:29:38", "elapsed": 3732.382048, "delta": 61.092759}}
{"target": -2412.8730098317305, "params": {"criterion": 0.6562861706036922, "max_features": 0.7976839804319995, "min_samples_split": 0.10695820847669044, "n_estimators": 3748.555879800247}, "datetime": {"datetime": "2023-01-26 18:35:11", "elapsed": 4065.018605, "delta": 332.636557}}
{"target": -2847.485842064729, "params": {"criterion": 1.4093089017921392, "max_features": 0.6716038150091767, "min_samples_split": 0.1476906682468406, "n_estimators": 1001.7706282564411}, "datetime": {"datetime": "2023-01-26 18:36:27", "elapsed": 4141.371434, "delta": 76.352829}}
{"target": -5263.166110281532, "params": {"criterion": 1.9351518721920786, "max_features": 0.22232397344613772, "min_samples_split": 0.2486627853012089, "n_estimators": 2757.801729517221}, "datetime": {"datetime": "2023-01-26 18:38:18", "elapsed": 4252.459401, "delta": 111.087967}}
{"target": -8454.77945408572, "params": {"criterion": 0.6802973524757006, "max_features": 0.4943498202863754, "min_samples_split": 0.9221483403461656, "n_estimators": 4634.248677052106}, "datetime": {"datetime": "2023-01-26 18:40:17", "elapsed": 4371.680807, "delta": 119.221406}}
{"target": -1303.8554409294898, "params": {"criterion": 1.7001930987325422, "max_features": 0.6186470583304844, "min_samples_split": 0.014957052628301463, "n_estimators": 4891.706390669824}, "datetime": {"datetime": "2023-01-26 18:49:05", "elapsed": 4899.693379, "delta": 528.012572}}
{"target": -5532.651764272521, "params": {"criterion": 1.719029409209154, "max_features": 0.8297767931372658, "min_samples_split": 0.5615450488043137, "n_estimators": 4398.94268366818}, "datetime": {"datetime": "2023-01-26 18:52:10", "elapsed": 5083.85244, "delta": 184.159061}}
{"target": -2836.5191151257577, "params": {"criterion": 1.7525290660091735, "max_features": 0.7620063322753782, "min_samples_split": 0.14860374466618728, "n_estimators": 2199.4086209426923}, "datetime": {"datetime": "2023-01-26 18:55:05", "elapsed": 5259.805467, "delta": 175.953027}}
{"target": -5912.937775364368, "params": {"criterion": 2.0816008100206007, "max_features": 0.26809306567937713, "min_samples_split": 0.4396173167270356, "n_estimators": 914.390523752215}, "datetime": {"datetime": "2023-01-26 18:55:54", "elapsed": 5307.86351, "delta": 48.058043}}
{"target": -2331.2408856225634, "params": {"criterion": 1.5208851899292155, "max_features": 0.8520752439068879, "min_samples_split": 0.09018871337749365, "n_estimators": 4020.3368784013114}, "datetime": {"datetime": "2023-01-26 19:02:41", "elapsed": 5715.66264, "delta": 407.79913}}
{"target": -3367.349493841159, "params": {"criterion": 1.6953225492380177, "max_features": 0.664322218881823, "min_samples_split": 0.19816103708482563, "n_estimators": 2236.979451160288}, "datetime": {"datetime": "2023-01-26 19:05:14", "elapsed": 5868.229956, "delta": 152.567316}}
{"target": -2885.367887827335, "params": {"criterion": 0.8876816962862899, "max_features": 0.21327479966982443, "min_samples_split": 0.030778703404871686, "n_estimators": 2320.2145009860437}, "datetime": {"datetime": "2023-01-26 19:07:28", "elapsed": 6001.955432, "delta": 133.725476}}
{"target": -4350.871153491242, "params": {"criterion": 2.234517744442508, "max_features": 0.6381218370082258, "min_samples_split": 0.3851365768455734, "n_estimators": 923.5567079098312}, "datetime": {"datetime": "2023-01-26 19:08:31", "elapsed": 6065.296294, "delta": 63.340862}}
{"target": -8454.736413197299, "params": {"criterion": 2.514700135979008, "max_features": 0.6722545891019895, "min_samples_split": 0.7826582752813221, "n_estimators": 4257.694991284102}, "datetime": {"datetime": "2023-01-26 19:10:24", "elapsed": 6177.881024, "delta": 112.58473}}
{"target": -5548.592263396606, "params": {"criterion": 1.809428611288518, "max_features": 0.8210332968357384, "min_samples_split": 0.6157137286583626, "n_estimators": 203.70943674355942}, "datetime": {"datetime": "2023-01-26 19:10:40", "elapsed": 6194.189996, "delta": 16.308972}}
{"target": -5872.252374875961, "params": {"criterion": 2.2513187850014242, "max_features": 0.3264755699618126, "min_samples_split": 0.45852250339602557, "n_estimators": 2614.301267888001}, "datetime": {"datetime": "2023-01-26 19:12:20", "elapsed": 6294.28537, "delta": 100.095374}}
{"target": -3144.579163572629, "params": {"criterion": 1.4520142687714488, "max_features": 0.8727969314056953, "min_samples_split": 0.17487893204315497, "n_estimators": 171.71088800592452}, "datetime": {"datetime": "2023-01-26 19:12:38", "elapsed": 6312.039348, "delta": 17.753978}}
{"target": -4551.882611956534, "params": {"criterion": 2.546207339026515, "max_features": 0.7896555568436514, "min_samples_split": 0.4567061958131082, "n_estimators": 2142.802194541951}, "datetime": {"datetime": "2023-01-26 19:14:41", "elapsed": 6435.601229, "delta": 123.561881}}
{"target": -2726.48515859506, "params": {"criterion": 0.3501768598897951, "max_features": 0.4594192518595439, "min_samples_split": 0.09474010893550433, "n_estimators": 3607.5712764814393}, "datetime": {"datetime": "2023-01-26 19:18:29", "elapsed": 6662.93861, "delta": 227.337381}}
{"target": -6201.713368039976, "params": {"criterion": 0.23124850470767422, "max_features": 0.3509232434597934, "min_samples_split": 0.5737614762049119, "n_estimators": 1539.7746204984633}, "datetime": {"datetime": "2023-01-26 19:19:26", "elapsed": 6720.545559, "delta": 57.606949}}
{"target": -3883.926197641477, "params": {"criterion": 1.967114655469523, "max_features": 0.839431696726236, "min_samples_split": 0.35124326029580943, "n_estimators": 557.8578470244586}, "datetime": {"datetime": "2023-01-26 19:20:09", "elapsed": 6763.500294, "delta": 42.954735}}
{"target": -4166.869279517932, "params": {"criterion": 2.439866919404045, "max_features": 0.8241445020335569, "min_samples_split": 0.3934404286140281, "n_estimators": 4335.948049629571}, "datetime": {"datetime": "2023-01-26 19:24:35", "elapsed": 7028.825967, "delta": 265.325673}}
{"target": -8454.682062683549, "params": {"criterion": 1.1520539012703856, "max_features": 0.39290020789559654, "min_samples_split": 0.8293360394432704, "n_estimators": 3708.275248808961}, "datetime": {"datetime": "2023-01-26 19:26:17", "elapsed": 7131.414698, "delta": 102.588731}}
{"target": -3492.8279482609696, "params": {"criterion": 1.5227519640740725, "max_features": 0.7092633937234285, "min_samples_split": 0.21324392806557238, "n_estimators": 4488.973848647434}, "datetime": {"datetime": "2023-01-26 19:30:52", "elapsed": 7406.326075, "delta": 274.911377}}
{"target": -8454.902250625179, "params": {"criterion": 2.897742159898294, "max_features": 0.4416994459944237, "min_samples_split": 0.8654795077036377, "n_estimators": 1620.390164006583}, "datetime": {"datetime": "2023-01-26 19:31:44", "elapsed": 7458.576751, "delta": 52.250676}}
{"target": -4750.89345455679, "params": {"criterion": 0.07578930990090808, "max_features": 0.2227875777312184, "min_samples_split": 0.18468991264666262, "n_estimators": 438.26337392454485}, "datetime": {"datetime": "2023-01-26 19:32:12", "elapsed": 7486.651661, "delta": 28.07491}}
{"target": -4603.30672764645, "params": {"criterion": 0.7724005226712888, "max_features": 0.9293594765704339, "min_samples_split": 0.4578579420720156, "n_estimators": 738.0377684500149}, "datetime": {"datetime": "2023-01-26 19:32:59", "elapsed": 7533.211307, "delta": 46.559646}}
{"target": -1661.0085232154124, "params": {"criterion": 2.429594007033996, "max_features": 0.5123808486809641, "min_samples_split": 0.024527758454167475, "n_estimators": 4298.472108875988}, "datetime": {"datetime": "2023-01-26 19:40:27", "elapsed": 7980.943017, "delta": 447.73171}}
{"target": -4003.08439877841, "params": {"criterion": 0.822857027564287, "max_features": 0.7622157058458202, "min_samples_split": 0.3558011883550986, "n_estimators": 3992.1144029500174}, "datetime": {"datetime": "2023-01-26 19:44:17", "elapsed": 8211.633093, "delta": 230.690076}}
{"target": -5638.188137742101, "params": {"criterion": 2.533772121545437, "max_features": 0.6224698581740294, "min_samples_split": 0.5590746990999776, "n_estimators": 700.2989090433573}, "datetime": {"datetime": "2023-01-26 19:45:03", "elapsed": 8257.281822, "delta": 45.648729}}
{"target": -5698.896259662037, "params": {"criterion": 1.1328879915303833, "max_features": 0.5330433204194086, "min_samples_split": 0.5112064045562082, "n_estimators": 4469.636592684902}, "datetime": {"datetime": "2023-01-26 19:47:47", "elapsed": 8421.715651, "delta": 164.433829}}
{"target": -8454.719326519333, "params": {"criterion": 0.9006018137208798, "max_features": 0.5066360114463532, "min_samples_split": 0.7932145783810086, "n_estimators": 2120.152779031663}, "datetime": {"datetime": "2023-01-26 19:48:50", "elapsed": 8484.123691, "delta": 62.40804}}
{"target": -5580.883185985562, "params": {"criterion": 0.554584163217738, "max_features": 0.8694140322885175, "min_samples_split": 0.5692575454213482, "n_estimators": 394.2460071990162}, "datetime": {"datetime": "2023-01-26 19:49:15", "elapsed": 8509.425186, "delta": 25.301495}}
{"target": -6153.352203135591, "params": {"criterion": 2.9666520308911837, "max_features": 0.36958677081922753, "min_samples_split": 0.6146787726375736, "n_estimators": 1903.330736093751}, "datetime": {"datetime": "2023-01-26 19:50:35", "elapsed": 8589.531994, "delta": 80.106808}}
{"target": -8454.75493599207, "params": {"criterion": 2.4082475314511043, "max_features": 0.6955594442218151, "min_samples_split": 0.8211522329030206, "n_estimators": 1512.4403800818602}, "datetime": {"datetime": "2023-01-26 19:51:20", "elapsed": 8634.742717, "delta": 45.210723}}
{"target": -8454.693445772984, "params": {"criterion": 0.8243579152651468, "max_features": 0.673889517299427, "min_samples_split": 0.9384264943698957, "n_estimators": 3565.7519157730426}, "datetime": {"datetime": "2023-01-26 19:52:57", "elapsed": 8731.692992, "delta": 96.950275}}
{"target": -6008.664209246771, "params": {"criterion": 0.7901831545537769, "max_features": 0.2825747257541068, "min_samples_split": 0.4587324843440257, "n_estimators": 4876.581247043679}, "datetime": {"datetime": "2023-01-26 19:55:42", "elapsed": 8895.862022, "delta": 164.16903}}
{"target": -2488.0959005880736, "params": {"criterion": 2.0416550658958896, "max_features": 0.34054477528973004, "min_samples_split": 0.046829879315962726, "n_estimators": 4767.955290176057}, "datetime": {"datetime": "2023-01-26 20:01:20", "elapsed": 9234.281432, "delta": 338.41941}}
{"target": -8454.724214036878, "params": {"criterion": 2.5758611815037327, "max_features": 0.8593236133210744, "min_samples_split": 0.9638077427337153, "n_estimators": 3034.788600456107}, "datetime": {"datetime": "2023-01-26 20:02:46", "elapsed": 9320.670871, "delta": 86.389439}}
{"target": -3533.5535400421477, "params": {"criterion": 2.7926544159596696, "max_features": 0.3025468033408672, "min_samples_split": 0.11403751669294128, "n_estimators": 1922.9416206517888}, "datetime": {"datetime": "2023-01-26 20:04:47", "elapsed": 9441.769638, "delta": 121.098767}}
{"target": -8158.3297470803955, "params": {"criterion": 2.2996037237000633, "max_features": 0.4450839723678841, "min_samples_split": 0.6380074743283578, "n_estimators": 145.18339818240653}, "datetime": {"datetime": "2023-01-26 20:04:59", "elapsed": 9453.134083, "delta": 11.364445}}
{"target": -8454.770574422217, "params": {"criterion": 1.6303407689209004, "max_features": 0.45866355305316997, "min_samples_split": 0.8979447039877454, "n_estimators": 4709.4644885677935}, "datetime": {"datetime": "2023-01-26 20:07:01", "elapsed": 9575.056087, "delta": 121.922004}}
{"target": -8454.671196488935, "params": {"criterion": 1.1523271352757927, "max_features": 0.5063710947442883, "min_samples_split": 0.8972004888303842, "n_estimators": 388.22960369905053}, "datetime": {"datetime": "2023-01-26 20:07:19", "elapsed": 9592.975384, "delta": 17.919297}}
{"target": -3366.708643350182, "params": {"criterion": 1.216097327359864, "max_features": 0.2889830331196408, "min_samples_split": 0.08705201504283265, "n_estimators": 3941.4250060990403}, "datetime": {"datetime": "2023-01-26 20:10:42", "elapsed": 9796.639947, "delta": 203.664563}}
{"target": -8454.68410565536, "params": {"criterion": 0.9136896087043256, "max_features": 0.6599965329763633, "min_samples_split": 0.8783904851909777, "n_estimators": 4415.881097006349}, "datetime": {"datetime": "2023-01-26 20:12:37", "elapsed": 9910.836441, "delta": 114.196494}}
{"target": -1925.880092166412, "params": {"criterion": 1.8028025263163046, "max_features": 0.7100000011726381, "min_samples_split": 0.056716877197538595, "n_estimators": 1557.672075182017}, "datetime": {"datetime": "2023-01-26 20:15:16", "elapsed": 10070.035136, "delta": 159.198695}}
{"target": -8454.6512915351, "params": {"criterion": 2.075254645268642, "max_features": 0.3370917402367271, "min_samples_split": 0.8029469352095545, "n_estimators": 2622.3423742978925}, "datetime": {"datetime": "2023-01-26 20:16:35", "elapsed": 10149.705872, "delta": 79.670736}}
{"target": -3169.3895666439066, "params": {"criterion": 2.2717823923428124, "max_features": 0.32790329842275334, "min_samples_split": 0.08270376723723366, "n_estimators": 2462.1526516420067}, "datetime": {"datetime": "2023-01-26 20:19:13", "elapsed": 10307.387231, "delta": 157.681359}}
{"target": -3383.890309064088, "params": {"criterion": 1.586508752698442, "max_features": 0.7517545418283104, "min_samples_split": 0.20482066170739016, "n_estimators": 3389.724416791081}, "datetime": {"datetime": "2023-01-26 20:22:57", "elapsed": 10531.023338, "delta": 223.636107}}
