{"target": -5848.365421961482, "params": {"criterion": 0.8467216123411407, "max_features": 0.3724074792378458, "min_samples_split": 0.38011419571146565, "n_estimators": 4906.809070476062}, "datetime": {"datetime": "2023-02-11 20:30:40", "elapsed": 5.868482, "delta": 0.007034}}
{"target": -3963.9046422808474, "params": {"criterion": 0.16547767256956544, "max_features": 0.6850022807247449, "min_samples_split": 0.12182633329232806, "n_estimators": 328.22748904811283}, "datetime": {"datetime": "2023-02-11 20:30:40", "elapsed": 5.875712, "delta": 0.00723}}
{"target": -8455.877004688133, "params": {"criterion": 0.07329583659262896, "max_features": 0.624014485661954, "min_samples_split": 0.9718103545094282, "n_estimators": 3221.264170922303}, "datetime": {"datetime": "2023-02-11 20:30:40", "elapsed": 5.882964, "delta": 0.007252}}
{"target": -4735.576221313074, "params": {"criterion": 0.5644313133722809, "max_features": 0.9705238554521775, "min_samples_split": 0.43322132832500465, "n_estimators": 2572.2461854370313}, "datetime": {"datetime": "2023-02-11 20:30:40", "elapsed": 5.89013, "delta": 0.007166}}
{"target": -4208.839147939265, "params": {"criterion": 1.7313181738937968, "max_features": 0.6315716120536792, "min_samples_split": 0.18677295889717893, "n_estimators": 3934.942584940289}, "datetime": {"datetime": "2023-02-11 20:30:40", "elapsed": 5.896767, "delta": 0.006637}}
{"target": -4693.937987256174, "params": {"criterion": 2.5296226120130494, "max_features": 0.46107325952234623, "min_samples_split": 0.23749683054713963, "n_estimators": 4187.633665006901}, "datetime": {"datetime": "2023-02-11 20:30:40", "elapsed": 5.903314, "delta": 0.006547}}
{"target": -8455.904211835421, "params": {"criterion": 1.5827971482075747, "max_features": 0.9682721201495208, "min_samples_split": 0.8128999250491772, "n_estimators": 4539.634249154907}, "datetime": {"datetime": "2023-02-11 20:30:40", "elapsed": 5.909698, "delta": 0.006384}}
{"target": -5950.312214642637, "params": {"criterion": 0.6145786102576326, "max_features": 0.30015116507117845, "min_samples_split": 0.3691306638435895, "n_estimators": 1682.279223600736}, "datetime": {"datetime": "2023-02-11 20:30:40", "elapsed": 5.916376, "delta": 0.006678}}
{"target": -4548.320800556801, "params": {"criterion": 0.09048085712264549, "max_features": 0.2631269638896975, "min_samples_split": 0.09132971765098874, "n_estimators": 1232.9313936051144}, "datetime": {"datetime": "2023-02-11 20:30:40", "elapsed": 5.922996, "delta": 0.00662}}
{"target": -8456.154083268648, "params": {"criterion": 2.8877940675980227, "max_features": 0.5791859890410077, "min_samples_split": 0.8141756394005993, "n_estimators": 565.3035675137733}, "datetime": {"datetime": "2023-02-11 20:30:41", "elapsed": 5.929372, "delta": 0.006376}}
{"target": -8455.876347507685, "params": {"criterion": 0.04794500839266465, "max_features": 0.43740979151626747, "min_samples_split": 0.6733948924612504, "n_estimators": 4124.1537963188985}, "datetime": {"datetime": "2023-02-11 20:30:41", "elapsed": 5.93573, "delta": 0.006358}}
{"target": -8455.882700832051, "params": {"criterion": 0.7265599232749651, "max_features": 0.608647040137748, "min_samples_split": 0.8077102298938993, "n_estimators": 4216.377854197602}, "datetime": {"datetime": "2023-02-11 20:30:41", "elapsed": 5.94201, "delta": 0.00628}}
{"target": -5951.43222351737, "params": {"criterion": 0.9587927757316488, "max_features": 0.9664919707581631, "min_samples_split": 0.6274262373587205, "n_estimators": 3380.7316970480388}, "datetime": {"datetime": "2023-02-11 20:30:41", "elapsed": 5.948399, "delta": 0.006389}}
{"target": -6643.596947658906, "params": {"criterion": 2.0223779499640058, "max_features": 0.4551084414776311, "min_samples_split": 0.5605111547825594, "n_estimators": 1908.866562539471}, "datetime": {"datetime": "2023-02-11 20:30:41", "elapsed": 5.955088, "delta": 0.006689}}
{"target": -5789.52961106323, "params": {"criterion": 1.2719120855853692, "max_features": 0.6708555572492806, "min_samples_split": 0.4754921348924947, "n_estimators": 528.1016463750914}, "datetime": {"datetime": "2023-02-11 20:30:41", "elapsed": 5.961836, "delta": 0.006748}}
{"target": -4146.780509276752, "params": {"criterion": 2.6685898180541123, "max_features": 0.4163876954242451, "min_samples_split": 0.09101209981883884, "n_estimators": 4879.016767775927}, "datetime": {"datetime": "2023-02-11 20:30:41", "elapsed": 5.968486, "delta": 0.00665}}
{"target": -4293.451111740463, "params": {"criterion": 1.6830063002829083, "max_features": 0.636883819574743, "min_samples_split": 0.23035782941699004, "n_estimators": 4551.637282255219}, "datetime": {"datetime": "2023-02-11 20:30:41", "elapsed": 5.975834, "delta": 0.007348}}
{"target": -4268.060992966415, "params": {"criterion": 0.34550146307368323, "max_features": 0.9596985252901931, "min_samples_split": 0.289258886772808, "n_estimators": 2970.950215046783}, "datetime": {"datetime": "2023-02-11 20:30:41", "elapsed": 5.982905, "delta": 0.007071}}
{"target": -5196.008881104884, "params": {"criterion": 2.9578132568832523, "max_features": 0.8092672413930599, "min_samples_split": 0.4704468849651002, "n_estimators": 4897.494124971035}, "datetime": {"datetime": "2023-02-11 20:30:41", "elapsed": 5.99005, "delta": 0.007145}}
{"target": -8455.849611089183, "params": {"criterion": 0.5265215318151207, "max_features": 0.8231524113005074, "min_samples_split": 0.8753123974703475, "n_estimators": 3273.0574621476253}, "datetime": {"datetime": "2023-02-11 20:30:41", "elapsed": 5.997291, "delta": 0.007241}}
{"target": -3968.950914842685, "params": {"criterion": 1.9879296548345056, "max_features": 0.702126697446555, "min_samples_split": 0.1250326207302452, "n_estimators": 602.0398960221706}, "datetime": {"datetime": "2023-02-11 20:30:41", "elapsed": 6.004599, "delta": 0.007308}}
{"target": -6118.681591492622, "params": {"criterion": 2.6093559660529824, "max_features": 0.696518420068249, "min_samples_split": 0.5563475429957913, "n_estimators": 2138.7428934286086}, "datetime": {"datetime": "2023-02-11 20:30:41", "elapsed": 6.011264, "delta": 0.006665}}
{"target": -5447.463309539753, "params": {"criterion": 0.5357911160557084, "max_features": 0.6925268197483696, "min_samples_split": 0.4676857546808635, "n_estimators": 4757.506786219399}, "datetime": {"datetime": "2023-02-11 20:30:41", "elapsed": 6.017759, "delta": 0.006495}}
{"target": -8455.856286685079, "params": {"criterion": 0.868034754444667, "max_features": 0.9514809838044213, "min_samples_split": 0.8399214136133353, "n_estimators": 4874.414820327317}, "datetime": {"datetime": "2023-02-11 20:30:41", "elapsed": 6.024401, "delta": 0.006642}}
{"target": -8456.010303394773, "params": {"criterion": 0.8012668910220597, "max_features": 0.22894154217341137, "min_samples_split": 0.9758217779993009, "n_estimators": 2992.4546412413442}, "datetime": {"datetime": "2023-02-11 20:30:41", "elapsed": 6.030984, "delta": 0.006583}}
{"target": -4325.258019904541, "params": {"criterion": 1.3254404707141827, "max_features": 0.33680391532959836, "min_samples_split": 0.10355650245356884, "n_estimators": 4514.946457238709}, "datetime": {"datetime": "2023-02-11 20:30:41", "elapsed": 6.037194, "delta": 0.00621}}
{"target": -4189.238372773286, "params": {"criterion": 1.204647330056344, "max_features": 0.7116374770359974, "min_samples_split": 0.23375306918569114, "n_estimators": 900.0642341685436}, "datetime": {"datetime": "2023-02-11 20:30:41", "elapsed": 6.066864, "delta": 0.02967}}
{"target": -4230.207018276271, "params": {"criterion": 0.8020544247807013, "max_features": 0.933568486217327, "min_samples_split": 0.2823909854109141, "n_estimators": 4738.407756727776}, "datetime": {"datetime": "2023-02-11 20:30:41", "elapsed": 6.073774, "delta": 0.00691}}
{"target": -8455.702571423133, "params": {"criterion": 2.635829166088825, "max_features": 0.6620779852101637, "min_samples_split": 0.719907600407428, "n_estimators": 602.2226854032793}, "datetime": {"datetime": "2023-02-11 20:30:41", "elapsed": 6.080412, "delta": 0.006638}}
{"target": -4058.178176943955, "params": {"criterion": 0.2923277790577431, "max_features": 0.7323289970328396, "min_samples_split": 0.16487760054739856, "n_estimators": 290.4257888152962}, "datetime": {"datetime": "2023-02-11 20:30:41", "elapsed": 6.086716, "delta": 0.006304}}
{"target": -8455.903034111316, "params": {"criterion": 0.5611926255870983, "max_features": 0.7334529308358803, "min_samples_split": 0.8988065474196415, "n_estimators": 1150.1396870390902}, "datetime": {"datetime": "2023-02-11 20:30:41", "elapsed": 6.0941, "delta": 0.007384}}
{"target": -6555.503976152133, "params": {"criterion": 0.6900748895443631, "max_features": 0.3553845660331076, "min_samples_split": 0.4688953115945085, "n_estimators": 750.1362496257949}, "datetime": {"datetime": "2023-02-11 20:31:25", "elapsed": 50.24358, "delta": 44.14948}}
{"target": -5320.416948643676, "params": {"criterion": 2.444995825418979, "max_features": 0.3783288176555335, "min_samples_split": 0.3152911360285167, "n_estimators": 4299.021730536169}, "datetime": {"datetime": "2023-02-11 20:34:28", "elapsed": 233.793253, "delta": 183.549673}}
{"target": -5799.388890467181, "params": {"criterion": 1.3869703972486018, "max_features": 0.9186121629747477, "min_samples_split": 0.5764097945683003, "n_estimators": 2858.3670011563795}, "datetime": {"datetime": "2023-02-11 20:36:33", "elapsed": 358.0902, "delta": 124.296947}}
{"target": -6918.167786530115, "params": {"criterion": 2.0650854950945146, "max_features": 0.3504926377368348, "min_samples_split": 0.6099843291430991, "n_estimators": 3425.646762534946}, "datetime": {"datetime": "2023-02-11 20:38:47", "elapsed": 491.991147, "delta": 133.900947}}
{"target": -5610.321370910737, "params": {"criterion": 2.2466060752724997, "max_features": 0.450905185707117, "min_samples_split": 0.37217833668998823, "n_estimators": 1572.9364197719767}, "datetime": {"datetime": "2023-02-11 20:40:05", "elapsed": 570.48529, "delta": 78.494143}}
{"target": -3997.216592915157, "params": {"criterion": 2.2399651013889086, "max_features": 0.8961370772839865, "min_samples_split": 0.16543163372815997, "n_estimators": 4298.122137724639}, "datetime": {"datetime": "2023-02-11 20:44:15", "elapsed": 820.288053, "delta": 249.802763}}
{"target": -4030.8419758062096, "params": {"criterion": 0.26409482182386435, "max_features": 0.9158660395822146, "min_samples_split": 0.18615461736101926, "n_estimators": 2858.0497449832287}, "datetime": {"datetime": "2023-02-11 20:46:53", "elapsed": 978.831026, "delta": 158.542973}}
{"target": -3707.4212214101453, "params": {"criterion": 0.05116386941310251, "max_features": 0.6874629990822296, "min_samples_split": 0.06786277586134758, "n_estimators": 2857.526622845941}, "datetime": {"datetime": "2023-02-11 20:49:29", "elapsed": 1134.018232, "delta": 155.187206}}
{"target": -5568.512857287399, "params": {"criterion": 1.3700345865335937, "max_features": 0.47214589327121326, "min_samples_split": 0.40823457790888645, "n_estimators": 1051.9259540493345}, "datetime": {"datetime": "2023-02-11 20:50:18", "elapsed": 1182.998189, "delta": 48.979957}}
{"target": -3634.904701718897, "params": {"criterion": 1.3960647020432595, "max_features": 0.6548450189142373, "min_samples_split": 0.03182000992232065, "n_estimators": 2263.22765166204}, "datetime": {"datetime": "2023-02-11 20:52:24", "elapsed": 1309.536546, "delta": 126.538357}}
{"target": -4054.3281142507985, "params": {"criterion": 2.1475656156826264, "max_features": 0.4171282574562513, "min_samples_split": 0.09067812909007772, "n_estimators": 3532.2771395969844}, "datetime": {"datetime": "2023-02-11 20:55:00", "elapsed": 1465.245121, "delta": 155.708575}}
{"target": -6897.507723525084, "params": {"criterion": 0.703770818428246, "max_features": 0.3078268234831854, "min_samples_split": 0.544221596102014, "n_estimators": 4165.844971091525}, "datetime": {"datetime": "2023-02-11 20:57:18", "elapsed": 1603.412638, "delta": 138.167517}}
{"target": -7182.54621565203, "params": {"criterion": 1.2147311178289433, "max_features": 0.2391350242161849, "min_samples_split": 0.5904178196592591, "n_estimators": 3631.7621081049133}, "datetime": {"datetime": "2023-02-11 20:59:29", "elapsed": 1734.065008, "delta": 130.65237}}
{"target": -6005.705046362715, "params": {"criterion": 0.9370807618773609, "max_features": 0.3596368331608616, "min_samples_split": 0.4322557983156276, "n_estimators": 591.3468291533213}, "datetime": {"datetime": "2023-02-11 21:00:12", "elapsed": 1777.686862, "delta": 43.621854}}
{"target": -4155.662265313509, "params": {"criterion": 0.8369205891137059, "max_features": 0.5758273599691164, "min_samples_split": 0.14514388082580212, "n_estimators": 2977.32309451857}, "datetime": {"datetime": "2023-02-11 21:02:35", "elapsed": 1920.128134, "delta": 142.441272}}
{"target": -5838.805587466746, "params": {"criterion": 1.881986415038417, "max_features": 0.8691056268487919, "min_samples_split": 0.5001788686336163, "n_estimators": 3041.138701685694}, "datetime": {"datetime": "2023-02-11 21:04:25", "elapsed": 2030.86393, "delta": 110.735796}}
{"target": -4530.284777749155, "params": {"criterion": 1.92008531346135, "max_features": 0.4141575952951506, "min_samples_split": 0.15604299632490717, "n_estimators": 884.2003311869073}, "datetime": {"datetime": "2023-02-11 21:05:19", "elapsed": 2084.822909, "delta": 53.958979}}
{"target": -4196.172948782323, "params": {"criterion": 0.3078788068018133, "max_features": 0.5628004620738905, "min_samples_split": 0.15908114601700818, "n_estimators": 2858.8066664740295}, "datetime": {"datetime": "2023-02-11 21:07:49", "elapsed": 2234.641355, "delta": 149.818446}}
{"target": -4772.262540340671, "params": {"criterion": 1.408187510450695, "max_features": 0.9739764473993844, "min_samples_split": 0.4471105824598146, "n_estimators": 882.8242880437483}, "datetime": {"datetime": "2023-02-11 21:08:45", "elapsed": 2290.731306, "delta": 56.089951}}
{"target": -4328.51988554094, "params": {"criterion": 0.7728502424232052, "max_features": 0.6305143851707095, "min_samples_split": 0.25007273823744036, "n_estimators": 4609.004048607623}, "datetime": {"datetime": "2023-02-11 21:11:53", "elapsed": 2478.875795, "delta": 188.144489}}
{"target": -3927.0156907670134, "params": {"criterion": 1.8805228065112716, "max_features": 0.2886450551950524, "min_samples_split": 0.0001, "n_estimators": 4298.187486703646}, "datetime": {"datetime": "2023-02-11 21:19:30", "elapsed": 2935.920571, "delta": 457.044776}}
{"target": -8435.312061696268, "params": {"criterion": 0.5283645260891361, "max_features": 0.6094717272441704, "min_samples_split": 0.6457712382582937, "n_estimators": 1596.5407867594333}, "datetime": {"datetime": "2023-02-11 21:20:57", "elapsed": 3022.345303, "delta": 86.424732}}
{"target": -3634.588250119936, "params": {"criterion": 1.0110168687569916, "max_features": 0.6500564473246038, "min_samples_split": 0.008703937031131486, "n_estimators": 1050.9955796952581}, "datetime": {"datetime": "2023-02-11 21:22:28", "elapsed": 3113.251344, "delta": 90.906041}}
{"target": -8438.5742344496, "params": {"criterion": 0.2844378870618555, "max_features": 0.8726634831932718, "min_samples_split": 0.6470186597095023, "n_estimators": 3168.5913079468232}, "datetime": {"datetime": "2023-02-11 21:24:42", "elapsed": 3247.354537, "delta": 134.103193}}
{"target": -8455.822081087474, "params": {"criterion": 1.7761986513739059, "max_features": 0.8234517552459901, "min_samples_split": 0.8366933782126355, "n_estimators": 3210.691620611473}, "datetime": {"datetime": "2023-02-11 21:26:32", "elapsed": 3357.904101, "delta": 110.549564}}
{"target": -3658.2166148333426, "params": {"criterion": 0.8587319608867905, "max_features": 0.5829527640182067, "min_samples_split": 0.006033456142240502, "n_estimators": 160.31950681573596}, "datetime": {"datetime": "2023-02-11 21:26:52", "elapsed": 3377.669179, "delta": 19.765078}}
{"target": -4160.242268963344, "params": {"criterion": 1.192187766114163, "max_features": 0.5895106408383189, "min_samples_split": 0.16437606359883075, "n_estimators": 4293.479081664156}, "datetime": {"datetime": "2023-02-11 21:30:41", "elapsed": 3606.789455, "delta": 229.120276}}
{"target": -3632.4472912977158, "params": {"criterion": 1.1036390433273666, "max_features": 0.6504135657372105, "min_samples_split": 0.02865604442906224, "n_estimators": 2205.1563254061175}, "datetime": {"datetime": "2023-02-11 21:33:34", "elapsed": 3779.139701, "delta": 172.350246}}
{"target": -4046.859218326203, "params": {"criterion": 1.4863595022123508, "max_features": 0.970431138943468, "min_samples_split": 0.22830584936214016, "n_estimators": 1050.7494113903888}, "datetime": {"datetime": "2023-02-11 21:34:51", "elapsed": 3856.099807, "delta": 76.960106}}
{"target": -4704.5980443014605, "params": {"criterion": 0.4754747429856562, "max_features": 0.4835846916198365, "min_samples_split": 0.24579178403894542, "n_estimators": 2857.973108411373}, "datetime": {"datetime": "2023-02-11 21:37:05", "elapsed": 3990.121322, "delta": 134.021515}}
{"target": -8404.667960709634, "params": {"criterion": 0.7478053262163409, "max_features": 0.772620648331397, "min_samples_split": 0.6434075793558188, "n_estimators": 1050.6535936267014}, "datetime": {"datetime": "2023-02-11 21:38:01", "elapsed": 4046.461453, "delta": 56.340131}}
{"target": -4301.5368284149035, "params": {"criterion": 2.5234219419975283, "max_features": 0.34637781490024866, "min_samples_split": 0.09742577286324798, "n_estimators": 2405.8605382960186}, "datetime": {"datetime": "2023-02-11 21:40:14", "elapsed": 4179.231289, "delta": 132.769836}}
{"target": -4339.420268309131, "params": {"criterion": 1.7774219926072101, "max_features": 0.9226766101409445, "min_samples_split": 0.356582891942964, "n_estimators": 590.7940923188038}, "datetime": {"datetime": "2023-02-11 21:41:08", "elapsed": 4232.996997, "delta": 53.765708}}
{"target": -8455.941413482065, "params": {"criterion": 1.9220819749972804, "max_features": 0.2569349205790109, "min_samples_split": 0.813569618451778, "n_estimators": 4501.326394033518}, "datetime": {"datetime": "2023-02-11 21:43:47", "elapsed": 4392.71221, "delta": 159.715213}}
{"target": -3648.9992102566116, "params": {"criterion": 1.5009815986925383, "max_features": 0.8521396853016199, "min_samples_split": 0.01007049592375242, "n_estimators": 1051.3125467334944}, "datetime": {"datetime": "2023-02-11 21:45:23", "elapsed": 4488.547041, "delta": 95.834831}}
{"target": -8456.001983729218, "params": {"criterion": 0.4610261789291999, "max_features": 0.8354019641243657, "min_samples_split": 0.9263308945350015, "n_estimators": 1237.0159415188948}, "datetime": {"datetime": "2023-02-11 21:46:26", "elapsed": 4550.989593, "delta": 62.442552}}
{"target": -4210.112836005347, "params": {"criterion": 0.851923552206785, "max_features": 0.7449272849310068, "min_samples_split": 0.2536737124028846, "n_estimators": 2205.9747235768873}, "datetime": {"datetime": "2023-02-11 21:48:40", "elapsed": 4685.420119, "delta": 134.430526}}
{"target": -4870.338834716504, "params": {"criterion": 2.8957700574139777, "max_features": 0.8827876179842062, "min_samples_split": 0.4349470223440416, "n_estimators": 3708.116466066113}, "datetime": {"datetime": "2023-02-11 21:51:12", "elapsed": 4837.883573, "delta": 152.463454}}
{"target": -3904.2289742644593, "params": {"criterion": 1.23588847091994, "max_features": 0.6502943195808786, "min_samples_split": 0.0001, "n_estimators": 590.5488801566339}, "datetime": {"datetime": "2023-02-11 21:52:50", "elapsed": 4934.969113, "delta": 97.08554}}
{"target": -8455.839450768925, "params": {"criterion": 2.5339324441939355, "max_features": 0.773055794434072, "min_samples_split": 0.7598551079376787, "n_estimators": 1493.3483054417597}, "datetime": {"datetime": "2023-02-11 21:54:02", "elapsed": 5007.678957, "delta": 72.709844}}
{"target": -3847.8157682535775, "params": {"criterion": 0.1690342146483005, "max_features": 0.8537530902126201, "min_samples_split": 0.1089392223823889, "n_estimators": 3569.7815107134643}, "datetime": {"datetime": "2023-02-11 21:57:11", "elapsed": 5196.05774, "delta": 188.378783}}
{"target": -8455.896154536678, "params": {"criterion": 1.5319867719838192, "max_features": 0.6275099232351081, "min_samples_split": 0.769800221967332, "n_estimators": 2205.4426976316468}, "datetime": {"datetime": "2023-02-11 21:59:03", "elapsed": 5307.937815, "delta": 111.880075}}
{"target": -3990.1537794385995, "params": {"criterion": 1.9831893272635392, "max_features": 0.7789017213254615, "min_samples_split": 0.1370718827947671, "n_estimators": 2406.4173145060026}, "datetime": {"datetime": "2023-02-11 22:01:34", "elapsed": 5459.730261, "delta": 151.792446}}
{"target": -3648.0521998628487, "params": {"criterion": 0.4546568297483994, "max_features": 0.9423491099463682, "min_samples_split": 0.05128620422984309, "n_estimators": 3169.4656272171273}, "datetime": {"datetime": "2023-02-11 22:05:01", "elapsed": 5666.881361, "delta": 207.1511}}
{"target": -8455.86536246361, "params": {"criterion": 2.0297432083548306, "max_features": 0.2723566217437406, "min_samples_split": 0.6636111060043282, "n_estimators": 4298.322719659852}, "datetime": {"datetime": "2023-02-11 22:07:57", "elapsed": 5842.353781, "delta": 175.47242}}
{"target": -8455.826459536383, "params": {"criterion": 0.26982383443193736, "max_features": 0.9865381449807294, "min_samples_split": 0.6628178039997941, "n_estimators": 4359.586663147662}, "datetime": {"datetime": "2023-02-11 22:10:27", "elapsed": 5992.340509, "delta": 149.986728}}
{"target": -5800.76666902449, "params": {"criterion": 2.516006907142737, "max_features": 0.42203530252301025, "min_samples_split": 0.43968212812238455, "n_estimators": 3131.86744266704}, "datetime": {"datetime": "2023-02-11 22:12:49", "elapsed": 6134.440815, "delta": 142.100306}}
