{"target": -6080.140137581569, "params": {"criterion": 1.5093721597091851, "max_features": 0.3232717798669047, "min_samples_split": 0.47772537385359953, "n_estimators": 2478.3085085478447}, "datetime": {"datetime": "2023-01-27 23:12:04", "elapsed": 107078.677445, "delta": 92.294953}}
{"target": -2427.4478815940333, "params": {"criterion": 2.498380184368932, "max_features": 0.7195710664983183, "min_samples_split": 0.10294448069270844, "n_estimators": 3425.27445232096}, "datetime": {"datetime": "2023-01-27 23:17:22", "elapsed": 107396.421007, "delta": 317.743562}}
{"target": -5657.192661091378, "params": {"criterion": 1.0813781284070187, "max_features": 0.947671213583447, "min_samples_split": 0.49868182761767427, "n_estimators": 3140.0814618953823}, "datetime": {"datetime": "2023-01-27 23:19:43", "elapsed": 107536.930324, "delta": 140.509317}}
{"target": -8454.853070635427, "params": {"criterion": 1.466186172599922, "max_features": 0.5298785191639073, "min_samples_split": 0.7358348485318564, "n_estimators": 2646.253096283557}, "datetime": {"datetime": "2023-01-27 23:21:01", "elapsed": 107615.464269, "delta": 78.533945}}
{"target": -5575.191068668692, "params": {"criterion": 2.4639909784362315, "max_features": 0.666917255106222, "min_samples_split": 0.5331543705571306, "n_estimators": 1967.6769040188426}, "datetime": {"datetime": "2023-01-27 23:22:36", "elapsed": 107709.891032, "delta": 94.426763}}
{"target": -5957.415088697645, "params": {"criterion": 2.6461264268670344, "max_features": 0.45160906413854707, "min_samples_split": 0.5845055923249795, "n_estimators": 878.5110493317222}, "datetime": {"datetime": "2023-01-27 23:23:20", "elapsed": 107754.290323, "delta": 44.399291}}
{"target": -8454.819348125195, "params": {"criterion": 2.3109152468694334, "max_features": 0.6364685265387187, "min_samples_split": 0.9787133612820269, "n_estimators": 2728.298940920407}, "datetime": {"datetime": "2023-01-27 23:24:43", "elapsed": 107836.952979, "delta": 82.662656}}
{"target": -3298.9188357995326, "params": {"criterion": 1.4688118909162078, "max_features": 0.41550856650008183, "min_samples_split": 0.13592102443116827, "n_estimators": 3203.143302160613}, "datetime": {"datetime": "2023-01-27 23:27:43", "elapsed": 108017.254505, "delta": 180.301526}}
{"target": -4198.446920989225, "params": {"criterion": 0.6490197586030986, "max_features": 0.5813451415273337, "min_samples_split": 0.2940389645252658, "n_estimators": 3914.316177497544}, "datetime": {"datetime": "2023-01-27 23:30:58", "elapsed": 108212.0044, "delta": 194.749895}}
{"target": -8454.7411653057, "params": {"criterion": 2.980992337024034, "max_features": 0.2833223872240511, "min_samples_split": 0.8217869221236879, "n_estimators": 4970.419030156968}, "datetime": {"datetime": "2023-01-27 23:33:05", "elapsed": 108339.661558, "delta": 127.657158}}
{"target": -8454.597086086085, "params": {"criterion": 2.2075654022064244, "max_features": 0.8387627630161925, "min_samples_split": 0.8101510343733166, "n_estimators": 357.72037246292786}, "datetime": {"datetime": "2023-01-27 23:33:21", "elapsed": 108355.194793, "delta": 15.533235}}
{"target": -8454.808385190388, "params": {"criterion": 2.828850564319169, "max_features": 0.5001924714667085, "min_samples_split": 0.7010705097382868, "n_estimators": 4349.804790893411}, "datetime": {"datetime": "2023-01-27 23:35:24", "elapsed": 108478.476997, "delta": 123.282204}}
{"target": -2521.465314445625, "params": {"criterion": 0.8951226608684423, "max_features": 0.6923087819380231, "min_samples_split": 0.11553514189758778, "n_estimators": 4880.448772750146}, "datetime": {"datetime": "2023-01-27 23:41:35", "elapsed": 108849.14048, "delta": 370.663483}}
{"target": -2399.4964314313756, "params": {"criterion": 1.4342937382239889, "max_features": 0.5664057405412833, "min_samples_split": 0.08395066609040922, "n_estimators": 1870.3452755493663}, "datetime": {"datetime": "2023-01-27 23:44:01", "elapsed": 108995.152564, "delta": 146.012084}}
{"target": -5327.90155000276, "params": {"criterion": 0.5444819369288411, "max_features": 0.37691614127766676, "min_samples_split": 0.41364988765317595, "n_estimators": 3732.663683132935}, "datetime": {"datetime": "2023-01-27 23:46:24", "elapsed": 109138.590304, "delta": 143.43774}}
{"target": -8454.738503039192, "params": {"criterion": 2.888650576179531, "max_features": 0.2281571418123818, "min_samples_split": 0.8251056370807459, "n_estimators": 4377.651368597104}, "datetime": {"datetime": "2023-01-27 23:48:23", "elapsed": 109257.522304, "delta": 118.932}}
{"target": -3174.3751181059633, "params": {"criterion": 0.7025658994396151, "max_features": 0.703372514686069, "min_samples_split": 0.18421431263855786, "n_estimators": 4488.4008768035355}, "datetime": {"datetime": "2023-01-27 23:53:12", "elapsed": 109545.88928, "delta": 288.366976}}
{"target": -5064.402731810181, "params": {"criterion": 1.3054845986008292, "max_features": 0.25820596368463516, "min_samples_split": 0.2453891261061089, "n_estimators": 2207.2679315046303}, "datetime": {"datetime": "2023-01-27 23:54:49", "elapsed": 109643.792201, "delta": 97.902921}}
{"target": -8448.954553649726, "params": {"criterion": 0.5165435066643981, "max_features": 0.6820601439895468, "min_samples_split": 0.6508231792001768, "n_estimators": 1557.037137770007}, "datetime": {"datetime": "2023-01-27 23:55:36", "elapsed": 109690.729472, "delta": 46.937271}}
{"target": -8454.766713955474, "params": {"criterion": 0.23449215029647502, "max_features": 0.606139474463764, "min_samples_split": 0.9198328703733195, "n_estimators": 4531.6464972761805}, "datetime": {"datetime": "2023-01-27 23:57:35", "elapsed": 109808.829186, "delta": 118.099714}}
{"target": -4740.241947343841, "params": {"criterion": 2.216069375901222, "max_features": 0.4855219492244103, "min_samples_split": 0.3707253800142567, "n_estimators": 2008.8851775311725}, "datetime": {"datetime": "2023-01-27 23:59:15", "elapsed": 109909.259815, "delta": 100.430629}}
{"target": -5201.118968192691, "params": {"criterion": 0.8467216123411407, "max_features": 0.3554141337817899, "min_samples_split": 0.38011419571146565, "n_estimators": 4906.809070476062}, "datetime": {"datetime": "2023-01-28 00:02:16", "elapsed": 110090.625654, "delta": 181.365839}}
{"target": -2584.474817787492, "params": {"criterion": 0.16547767256956544, "max_features": 0.676473076050646, "min_samples_split": 0.12182633329232806, "n_estimators": 328.22748904811283}, "datetime": {"datetime": "2023-01-28 00:02:49", "elapsed": 110123.103246, "delta": 32.477592}}
{"target": -8454.682930853063, "params": {"criterion": 0.07329583659262896, "max_features": 0.613833912248077, "min_samples_split": 0.9718103545094282, "n_estimators": 3221.264170922303}, "datetime": {"datetime": "2023-01-28 00:04:20", "elapsed": 110213.894014, "delta": 90.790768}}
{"target": -4626.575686687094, "params": {"criterion": 0.5644313133722809, "max_features": 0.9697257288167525, "min_samples_split": 0.43322132832500465, "n_estimators": 2572.2461854370313}, "datetime": {"datetime": "2023-01-28 00:06:50", "elapsed": 110364.022624, "delta": 150.12861}}
{"target": -3285.541995724908, "params": {"criterion": 1.7313181738937968, "max_features": 0.6215956632253113, "min_samples_split": 0.18677295889717893, "n_estimators": 3934.942584940289}, "datetime": {"datetime": "2023-01-28 00:10:43", "elapsed": 110596.924866, "delta": 232.902242}}
{"target": -4217.42870791022, "params": {"criterion": 2.5296226120130494, "max_features": 0.4464807206161764, "min_samples_split": 0.23749683054713963, "n_estimators": 4187.633665006901}, "datetime": {"datetime": "2023-01-28 00:14:13", "elapsed": 110807.67043, "delta": 210.745564}}
{"target": -8454.69399105754, "params": {"criterion": 1.5827971482075747, "max_features": 0.9674130231956045, "min_samples_split": 0.8128999250491772, "n_estimators": 4539.634249154907}, "datetime": {"datetime": "2023-01-28 00:16:12", "elapsed": 110926.449952, "delta": 118.779522}}
{"target": -5446.407659041474, "params": {"criterion": 0.6145786102576326, "max_features": 0.28120133277470527, "min_samples_split": 0.3691306638435895, "n_estimators": 1682.279223600736}, "datetime": {"datetime": "2023-01-28 00:17:24", "elapsed": 110997.867415, "delta": 71.417463}}
{"target": -3626.62095313795, "params": {"criterion": 0.09048085712264549, "max_features": 0.24317462595445832, "min_samples_split": 0.09132971765098874, "n_estimators": 1232.9313936051144}, "datetime": {"datetime": "2023-01-28 00:18:36", "elapsed": 111070.314833, "delta": 72.447418}}
{"target": -8454.670527412754, "params": {"criterion": 2.8877940675980227, "max_features": 0.5677915927975815, "min_samples_split": 0.8141756394005993, "n_estimators": 565.3035675137733}, "datetime": {"datetime": "2023-01-28 00:19:01", "elapsed": 111094.922549, "delta": 24.607716}}
{"target": -8454.768670504694, "params": {"criterion": 0.04794500839266465, "max_features": 0.42217651602829886, "min_samples_split": 0.6733948924612504, "n_estimators": 4124.1537963188985}, "datetime": {"datetime": "2023-01-28 00:20:43", "elapsed": 111197.081143, "delta": 102.158594}}
{"target": -8454.720641604465, "params": {"criterion": 0.7265599232749651, "max_features": 0.5980503618438242, "min_samples_split": 0.8077102298938993, "n_estimators": 4216.377854197602}, "datetime": {"datetime": "2023-01-28 00:22:35", "elapsed": 111308.894304, "delta": 111.813161}}
{"target": -5850.923158264417, "params": {"criterion": 0.9587927757316488, "max_features": 0.9655846726345866, "min_samples_split": 0.6274262373587205, "n_estimators": 3380.7316970480388}, "datetime": {"datetime": "2023-01-28 00:24:59", "elapsed": 111453.649473, "delta": 144.755169}}
{"target": -5931.837120313158, "params": {"criterion": 2.0223779499640058, "max_features": 0.44035439297683887, "min_samples_split": 0.5605111547825594, "n_estimators": 1908.866562539471}, "datetime": {"datetime": "2023-01-28 00:26:20", "elapsed": 111533.816466, "delta": 80.166993}}
{"target": -5226.407876843473, "params": {"criterion": 1.2719120855853692, "max_features": 0.6619433012303411, "min_samples_split": 0.4754921348924947, "n_estimators": 528.1016463750914}, "datetime": {"datetime": "2023-01-28 00:26:49", "elapsed": 111563.11281, "delta": 29.296344}}
{"target": -2840.9959388105162, "params": {"criterion": 2.6685898180541123, "max_features": 0.4005852038776333, "min_samples_split": 0.09101209981883884, "n_estimators": 4879.016767775927}, "datetime": {"datetime": "2023-01-28 00:32:07", "elapsed": 111880.908476, "delta": 317.795666}}
{"target": -3760.85551189212, "params": {"criterion": 1.6830063002829083, "max_features": 0.6270517095821696, "min_samples_split": 0.23035782941699004, "n_estimators": 4551.637282255219}, "datetime": {"datetime": "2023-01-28 00:36:11", "elapsed": 112125.554453, "delta": 244.645977}}
{"target": -3833.568902124156, "params": {"criterion": 0.34550146307368323, "max_features": 0.958607280797189, "min_samples_split": 0.289258886772808, "n_estimators": 2970.950215046783}, "datetime": {"datetime": "2023-01-28 00:39:32", "elapsed": 112326.063283, "delta": 200.50883}}
{"target": -4694.324783064808, "params": {"criterion": 2.9578132568832523, "max_features": 0.8041027635677696, "min_samples_split": 0.4704468849651002, "n_estimators": 4897.494124971035}, "datetime": {"datetime": "2023-01-28 00:43:41", "elapsed": 112575.038171, "delta": 248.974888}}
{"target": -8454.699645342533, "params": {"criterion": 0.5265215318151207, "max_features": 0.8183639027246064, "min_samples_split": 0.8753123974703475, "n_estimators": 3273.0574621476253}, "datetime": {"datetime": "2023-01-28 00:45:13", "elapsed": 112667.67775, "delta": 92.639579}}
{"target": -2606.2443924949985, "params": {"criterion": 1.9879296548345056, "max_features": 0.6940611712253697, "min_samples_split": 0.1250326207302452, "n_estimators": 602.0398960221706}, "datetime": {"datetime": "2023-01-28 00:46:06", "elapsed": 112720.236038, "delta": 52.558288}}
{"target": -5583.702191875731, "params": {"criterion": 2.6093559660529824, "max_features": 0.6883010383170023, "min_samples_split": 0.5563475429957913, "n_estimators": 2138.7428934286086}, "datetime": {"datetime": "2023-01-28 00:47:39", "elapsed": 112812.815837, "delta": 92.579799}}
{"target": -4773.170786667153, "params": {"criterion": 0.5357911160557084, "max_features": 0.6842013572904314, "min_samples_split": 0.4676857546808635, "n_estimators": 4757.506786219399}, "datetime": {"datetime": "2023-01-28 00:51:06", "elapsed": 113020.551892, "delta": 207.736055}}
{"target": -8454.69672905134, "params": {"criterion": 0.868034754444667, "max_features": 0.9501672326424442, "min_samples_split": 0.8399214136133353, "n_estimators": 4874.414820327317}, "datetime": {"datetime": "2023-01-28 00:53:07", "elapsed": 113141.439709, "delta": 120.887817}}
{"target": -8454.667422585891, "params": {"criterion": 0.8012668910220597, "max_features": 0.2080635643339867, "min_samples_split": 0.9758217779993009, "n_estimators": 2992.4546412413442}, "datetime": {"datetime": "2023-01-28 00:54:32", "elapsed": 113226.073791, "delta": 84.634082}}
{"target": -3382.992552423475, "params": {"criterion": 1.3254404707141827, "max_features": 0.31884653088176984, "min_samples_split": 0.10355650245356884, "n_estimators": 4514.946457238709}, "datetime": {"datetime": "2023-01-28 00:58:14", "elapsed": 113448.459605, "delta": 222.385814}}
{"target": -3660.4096661164513, "params": {"criterion": 1.204647330056344, "max_features": 0.7038294745388417, "min_samples_split": 0.23375306918569114, "n_estimators": 900.0642341685436}, "datetime": {"datetime": "2023-01-28 00:59:17", "elapsed": 113511.044787, "delta": 62.585182}}
{"target": -3799.6904797616435, "params": {"criterion": 0.8020544247807013, "max_features": 0.9317697177082525, "min_samples_split": 0.2823909854109141, "n_estimators": 4738.407756727776}, "datetime": {"datetime": "2023-01-28 01:04:19", "elapsed": 113813.774568, "delta": 302.729781}}
{"target": -8454.860201428522, "params": {"criterion": 2.635829166088825, "max_features": 0.6529280585546382, "min_samples_split": 0.719907600407428, "n_estimators": 602.2226854032793}, "datetime": {"datetime": "2023-01-28 01:04:46", "elapsed": 113840.764612, "delta": 26.990044}}
{"target": -3030.5687711563496, "params": {"criterion": 0.2923277790577431, "max_features": 0.7250812595734033, "min_samples_split": 0.16487760054739856, "n_estimators": 290.4257888152962}, "datetime": {"datetime": "2023-01-28 01:05:13", "elapsed": 113867.264956, "delta": 26.500344}}
{"target": -8454.568395163322, "params": {"criterion": 0.5611926255870983, "max_features": 0.7262356261728093, "min_samples_split": 0.8988065474196415, "n_estimators": 1150.1396870390902}, "datetime": {"datetime": "2023-01-28 01:05:54", "elapsed": 113908.467698, "delta": 41.202742}}
{"target": -5763.957757680221, "params": {"criterion": 0.6900748895443631, "max_features": 0.3379302905385527, "min_samples_split": 0.4688953115945085, "n_estimators": 750.1362496257949}, "datetime": {"datetime": "2023-01-28 01:06:29", "elapsed": 113943.165354, "delta": 34.697656}}
{"target": -3862.5461845826126, "params": {"criterion": 1.8981361525649114, "max_features": 0.8578506450002413, "min_samples_split": 0.31425943759016844, "n_estimators": 1783.2955209895097}, "datetime": {"datetime": "2023-01-28 01:08:29", "elapsed": 114063.176227, "delta": 120.010873}}
{"target": -2723.2216526596685, "params": {"criterion": 1.922612931389032, "max_features": 0.447897635697858, "min_samples_split": 0.09406639296343984, "n_estimators": 1782.4928878358699}, "datetime": {"datetime": "2023-01-28 01:10:29", "elapsed": 114183.582143, "delta": 120.405916}}
{"target": -5708.434792434242, "params": {"criterion": 0.76510180072893, "max_features": 0.974390061443675, "min_samples_split": 0.5370045785196931, "n_estimators": 2857.9715906575016}, "datetime": {"datetime": "2023-01-28 01:12:43", "elapsed": 114317.331688, "delta": 133.749545}}
{"target": -4865.411270907024, "params": {"criterion": 1.825212844949368, "max_features": 0.3835435777937406, "min_samples_split": 0.32780026312039257, "n_estimators": 429.83724066410315}, "datetime": {"datetime": "2023-01-28 01:13:14", "elapsed": 114348.552213, "delta": 31.220525}}
{"target": -5592.118041701651, "params": {"criterion": 2.3318873841128243, "max_features": 0.5866741759986513, "min_samples_split": 0.48280136528061024, "n_estimators": 2004.4308416266288}, "datetime": {"datetime": "2023-01-28 01:14:49", "elapsed": 114443.267047, "delta": 94.714834}}
{"target": -3953.1695903878144, "params": {"criterion": 0.6846623415598188, "max_features": 0.860860406311066, "min_samples_split": 0.3840300235058776, "n_estimators": 1206.0289549402137}, "datetime": {"datetime": "2023-01-28 01:16:16", "elapsed": 114530.550813, "delta": 87.283766}}
{"target": -2108.070527674404, "params": {"criterion": 0.05116386941310251, "max_features": 0.6790004233683803, "min_samples_split": 0.06786277586134758, "n_estimators": 2857.526622845941}, "datetime": {"datetime": "2023-01-28 01:20:29", "elapsed": 114783.770314, "delta": 253.219501}}
{"target": -5054.330859844306, "params": {"criterion": 1.3700345865335937, "max_features": 0.4578531684708176, "min_samples_split": 0.40823457790888645, "n_estimators": 1051.9259540493345}, "datetime": {"datetime": "2023-01-28 01:21:21", "elapsed": 114834.90169, "delta": 51.131376}}
{"target": -3776.134085899853, "params": {"criterion": 1.1751989936851304, "max_features": 0.5718695339322373, "min_samples_split": 0.2254983501700347, "n_estimators": 2858.562062717838}, "datetime": {"datetime": "2023-01-28 01:23:58", "elapsed": 114992.746484, "delta": 157.844794}}
{"target": -2843.7553591994447, "params": {"criterion": 2.1475656156826264, "max_features": 0.40134581813465053, "min_samples_split": 0.09067812909007772, "n_estimators": 3532.2771395969844}, "datetime": {"datetime": "2023-01-28 01:27:55", "elapsed": 115229.27592, "delta": 236.529436}}
{"target": -6344.366289823108, "params": {"criterion": 0.703770818428246, "max_features": 0.2890848252680354, "min_samples_split": 0.544221596102014, "n_estimators": 4165.844971091525}, "datetime": {"datetime": "2023-01-28 01:30:06", "elapsed": 115360.106809, "delta": 130.830889}}
{"target": -6748.488743585913, "params": {"criterion": 1.2147311178289433, "max_features": 0.21853305565988967, "min_samples_split": 0.5904178196592591, "n_estimators": 3631.7621081049133}, "datetime": {"datetime": "2023-01-28 01:32:01", "elapsed": 115475.55741, "delta": 115.450601}}
{"target": -2161.1516235689464, "params": {"criterion": 0.4036842227151006, "max_features": 0.7628537081409528, "min_samples_split": 0.07542598593255675, "n_estimators": 2858.8332381790724}, "datetime": {"datetime": "2023-01-28 01:36:29", "elapsed": 115743.461429, "delta": 267.904019}}
{"target": -3003.90336940054, "params": {"criterion": 0.8369205891137059, "max_features": 0.5643420220044472, "min_samples_split": 0.14514388082580212, "n_estimators": 2977.32309451857}, "datetime": {"datetime": "2023-01-28 01:39:39", "elapsed": 115933.54864, "delta": 190.087211}}
{"target": -5542.94181355553, "params": {"criterion": 1.881986415038417, "max_features": 0.8655613951576444, "min_samples_split": 0.5001788686336163, "n_estimators": 3041.138701685694}, "datetime": {"datetime": "2023-01-28 01:41:47", "elapsed": 116060.922829, "delta": 127.374189}}
{"target": -3650.55350616146, "params": {"criterion": 1.92008531346135, "max_features": 0.39829471924642706, "min_samples_split": 0.15604299632490717, "n_estimators": 884.2003311869073}, "datetime": {"datetime": "2023-01-28 01:42:43", "elapsed": 116117.680502, "delta": 56.757673}}
{"target": -3911.427227719899, "params": {"criterion": 0.6517423595645045, "max_features": 0.8276196213709228, "min_samples_split": 0.3471224609046426, "n_estimators": 460.132518960809}, "datetime": {"datetime": "2023-01-28 01:43:27", "elapsed": 116161.206214, "delta": 43.525712}}
{"target": -4656.163912841197, "params": {"criterion": 1.408187510450695, "max_features": 0.9732718067213868, "min_samples_split": 0.4471105824598146, "n_estimators": 882.8242880437483}, "datetime": {"datetime": "2023-01-28 01:44:32", "elapsed": 116225.854752, "delta": 64.648538}}
{"target": -2066.206372614447, "params": {"criterion": 1.9992890868536999, "max_features": 0.6158512467460778, "min_samples_split": 0.06179262864255061, "n_estimators": 1572.941512175853}, "datetime": {"datetime": "2023-01-28 01:46:52", "elapsed": 116366.168121, "delta": 140.313369}}
{"target": -8454.658008891787, "params": {"criterion": 0.9315623071089599, "max_features": 0.4566874629185732, "min_samples_split": 0.9967115616450257, "n_estimators": 2294.314541595646}, "datetime": {"datetime": "2023-01-28 01:48:09", "elapsed": 116443.199158, "delta": 77.031037}}
{"target": -4150.413968604054, "params": {"criterion": 1.6993750098034621, "max_features": 0.4991783656885683, "min_samples_split": 0.24630158039403904, "n_estimators": 3678.17507241843}, "datetime": {"datetime": "2023-01-28 01:51:07", "elapsed": 116621.584298, "delta": 178.38514}}
{"target": -4417.497719422006, "params": {"criterion": 1.2763683063236952, "max_features": 0.5770531349088055, "min_samples_split": 0.3806735871984917, "n_estimators": 2450.6909736350112}, "datetime": {"datetime": "2023-01-28 01:53:14", "elapsed": 116748.110318, "delta": 126.52602}}
{"target": -8337.514341660704, "params": {"criterion": 2.1290635569039384, "max_features": 0.3527357789047679, "min_samples_split": 0.6399745180091534, "n_estimators": 3302.9109149758615}, "datetime": {"datetime": "2023-01-28 01:54:53", "elapsed": 116846.845744, "delta": 98.735426}}
{"target": -8454.78030390823, "params": {"criterion": 1.7761986513739059, "max_features": 0.8186713520169622, "min_samples_split": 0.8366933782126355, "n_estimators": 3210.691620611473}, "datetime": {"datetime": "2023-01-28 01:56:21", "elapsed": 116934.952678, "delta": 88.106934}}
