{"target": -3656.667607490195, "params": {"criterion": 0.4413891387901151, "max_features": 0.9431034697134856, "min_samples_split": 0.011395771606078183, "n_estimators": 160.38665794440857}, "datetime": {"datetime": "2023-02-11 22:13:21", "elapsed": 6166.68155, "delta": 32.240735}}
{"target": -5437.4323963171455, "params": {"criterion": 2.199423445634029, "max_features": 0.922054362790861, "min_samples_split": 0.47625665612578316, "n_estimators": 2406.1553469372625}, "datetime": {"datetime": "2023-02-11 22:15:20", "elapsed": 6285.114243, "delta": 118.432693}}
{"target": -4461.083067317099, "params": {"criterion": 0.5503608116558419, "max_features": 0.8658412956174341, "min_samples_split": 0.35232120779357107, "n_estimators": 3066.521541065041}, "datetime": {"datetime": "2023-02-11 22:17:41", "elapsed": 6426.144012, "delta": 141.029769}}
{"target": -4006.764845813303, "params": {"criterion": 2.716532406730644, "max_features": 0.9417811660301588, "min_samples_split": 0.18933230541485838, "n_estimators": 3426.0629195536294}, "datetime": {"datetime": "2023-02-11 22:21:04", "elapsed": 6629.027956, "delta": 202.883944}}
{"target": -5595.555392298199, "params": {"criterion": 1.4525025763293873, "max_features": 0.4647580248032319, "min_samples_split": 0.4187985273515988, "n_estimators": 1820.5113922558003}, "datetime": {"datetime": "2023-02-11 22:22:34", "elapsed": 6719.280847, "delta": 90.252891}}
{"target": -5560.643949305209, "params": {"criterion": 1.8610056914161577, "max_features": 0.4900495024418595, "min_samples_split": 0.4098504703799176, "n_estimators": 1051.0624958578958}, "datetime": {"datetime": "2023-02-11 22:23:42", "elapsed": 6787.314347, "delta": 68.0335}}
{"target": -5849.044377322925, "params": {"criterion": 1.276893209784864, "max_features": 0.809527205158187, "min_samples_split": 0.48345624593998027, "n_estimators": 4488.239202754993}, "datetime": {"datetime": "2023-02-11 22:26:39", "elapsed": 6964.460178, "delta": 177.145831}}
{"target": -3938.5355462972757, "params": {"criterion": 0.5566251009556072, "max_features": 0.8398093698974594, "min_samples_split": 0.0001, "n_estimators": 2205.0352454354106}, "datetime": {"datetime": "2023-02-11 22:31:26", "elapsed": 7250.952146, "delta": 286.491968}}
{"target": -3656.5659496115413, "params": {"criterion": 0.4479437258834789, "max_features": 0.8928054704471277, "min_samples_split": 0.009271636545467404, "n_estimators": 4763.550403315227}, "datetime": {"datetime": "2023-02-11 22:37:25", "elapsed": 7610.611291, "delta": 359.659145}}
{"target": -3957.988203105804, "params": {"criterion": 0.9883614185033601, "max_features": 0.23491811306109242, "min_samples_split": 0.0001, "n_estimators": 4359.643482920999}, "datetime": {"datetime": "2023-02-11 22:44:55", "elapsed": 8060.630153, "delta": 450.018862}}
{"target": -8455.878484539086, "params": {"criterion": 0.300183072625425, "max_features": 0.3718459208062812, "min_samples_split": 0.9583640982527448, "n_estimators": 2506.891874309118}, "datetime": {"datetime": "2023-02-11 22:46:30", "elapsed": 8155.713273, "delta": 95.08312}}
{"target": -3753.0135053589897, "params": {"criterion": 2.8190752657921068, "max_features": 0.5121167224982363, "min_samples_split": 0.05559739552772379, "n_estimators": 282.89084619702703}, "datetime": {"datetime": "2023-02-11 22:47:17", "elapsed": 8202.677322, "delta": 46.964049}}
{"target": -3827.861089466021, "params": {"criterion": 1.5177801462758955, "max_features": 0.8225942179650815, "min_samples_split": 0.10425620356075231, "n_estimators": 3858.2663073775266}, "datetime": {"datetime": "2023-02-11 22:50:56", "elapsed": 8421.543938, "delta": 218.866616}}
{"target": -8454.344822365996, "params": {"criterion": 2.0377153636198355, "max_features": 0.8890985766901992, "min_samples_split": 0.6546869298466701, "n_estimators": 3857.9993937227323}, "datetime": {"datetime": "2023-02-11 22:53:19", "elapsed": 8564.046803, "delta": 142.502865}}
{"target": -4719.919963981976, "params": {"criterion": 1.1074431045729212, "max_features": 0.7291320637981473, "min_samples_split": 0.3524465868291456, "n_estimators": 3857.8690386419285}, "datetime": {"datetime": "2023-02-11 22:56:10", "elapsed": 8735.179344, "delta": 171.132541}}
{"target": -8455.89616619572, "params": {"criterion": 1.2646955201053662, "max_features": 0.8109441729442529, "min_samples_split": 0.8407761274906339, "n_estimators": 2723.504042519756}, "datetime": {"datetime": "2023-02-11 22:57:54", "elapsed": 8839.559982, "delta": 104.380638}}
{"target": -5205.87507729522, "params": {"criterion": 0.29416837720674915, "max_features": 0.338798830887752, "min_samples_split": 0.25584322839555557, "n_estimators": 160.0401380872871}, "datetime": {"datetime": "2023-02-11 22:58:33", "elapsed": 8878.248593, "delta": 38.688611}}
{"target": -3923.0046210939654, "params": {"criterion": 0.7729587857871891, "max_features": 0.5910023507420242, "min_samples_split": 0.10912398702566731, "n_estimators": 2206.632457320844}, "datetime": {"datetime": "2023-02-11 23:01:01", "elapsed": 9026.30235, "delta": 148.053757}}
{"target": -3998.0484852596214, "params": {"criterion": 0.9257503050931188, "max_features": 0.9649358731554348, "min_samples_split": 0.16250560977761716, "n_estimators": 1207.0019322646058}, "datetime": {"datetime": "2023-02-11 23:03:01", "elapsed": 9146.445073, "delta": 120.142723}}
{"target": -3953.703338402018, "params": {"criterion": 2.5311686444393717, "max_features": 0.9864280159973408, "min_samples_split": 0.14070445806272608, "n_estimators": 283.25052278161786}, "datetime": {"datetime": "2023-02-11 23:04:19", "elapsed": 9223.936624, "delta": 77.491551}}
{"target": -3930.70986259105, "params": {"criterion": 0.9171892189819838, "max_features": 0.8204339076103238, "min_samples_split": 0.0001, "n_estimators": 3169.015068932373}, "datetime": {"datetime": "2023-02-11 23:11:00", "elapsed": 9625.470729, "delta": 401.534105}}
{"target": -4375.300920216376, "params": {"criterion": 1.071091592320909, "max_features": 0.3801455654420273, "min_samples_split": 0.12726400300630292, "n_estimators": 2881.2496922725054}, "datetime": {"datetime": "2023-02-11 23:13:27", "elapsed": 9771.956604, "delta": 146.485875}}
{"target": -4822.602816762173, "params": {"criterion": 0.26929121729341593, "max_features": 0.671707991797704, "min_samples_split": 0.3592113082629119, "n_estimators": 1206.7221706324458}, "datetime": {"datetime": "2023-02-11 23:14:54", "elapsed": 9859.441729, "delta": 87.485125}}
{"target": -3895.051621777248, "params": {"criterion": 1.2777977949195303, "max_features": 0.6095689981345759, "min_samples_split": 0.0001, "n_estimators": 2919.451038299194}, "datetime": {"datetime": "2023-02-11 23:20:31", "elapsed": 10196.694365, "delta": 337.252636}}
{"target": -5971.794736693604, "params": {"criterion": 1.110792978136611, "max_features": 0.6966325762495972, "min_samples_split": 0.47993856093072873, "n_estimators": 727.3714449145509}, "datetime": {"datetime": "2023-02-11 23:21:50", "elapsed": 10275.157453, "delta": 78.463088}}
{"target": -4955.888824176129, "params": {"criterion": 2.1479274615077464, "max_features": 0.8240961626975186, "min_samples_split": 0.43864671086130436, "n_estimators": 1557.9693544407546}, "datetime": {"datetime": "2023-02-11 23:23:24", "elapsed": 10369.157948, "delta": 94.000495}}
{"target": -5793.517105124102, "params": {"criterion": 1.8213726845147309, "max_features": 0.9546339470476406, "min_samples_split": 0.5021048993331556, "n_estimators": 1040.9946736868642}, "datetime": {"datetime": "2023-02-11 23:24:30", "elapsed": 10435.274142, "delta": 66.116194}}
{"target": -5407.592290337258, "params": {"criterion": 0.5012238010862271, "max_features": 0.2189140707349086, "min_samples_split": 0.1899213205542395, "n_estimators": 4763.508004471086}, "datetime": {"datetime": "2023-02-11 23:27:45", "elapsed": 10630.793437, "delta": 195.519295}}
{"target": -5343.255196605496, "params": {"criterion": 2.9141039508349587, "max_features": 0.6067391016237401, "min_samples_split": 0.4254425360981585, "n_estimators": 3612.9793995698883}, "datetime": {"datetime": "2023-02-11 23:30:25", "elapsed": 10790.195114, "delta": 159.401677}}
{"target": -3976.425926431503, "params": {"criterion": 0.7745639998540486, "max_features": 1.0, "min_samples_split": 0.0001, "n_estimators": 159.84272276164714}, "datetime": {"datetime": "2023-02-11 23:31:21", "elapsed": 10846.085699, "delta": 55.890585}}
{"target": -3904.57203295488, "params": {"criterion": 1.4946346954962553, "max_features": 0.3093707901065095, "min_samples_split": 0.0001, "n_estimators": 3857.8641609830797}, "datetime": {"datetime": "2023-02-11 23:38:17", "elapsed": 11261.942668, "delta": 415.856969}}
{"target": -5941.877507135283, "params": {"criterion": 1.6840536250868625, "max_features": 0.7581951490809863, "min_samples_split": 0.5656517146057677, "n_estimators": 3388.951687721436}, "datetime": {"datetime": "2023-02-11 23:40:52", "elapsed": 11416.942358, "delta": 154.99969}}
{"target": -4990.060863467236, "params": {"criterion": 1.9117931155652306, "max_features": 0.8508362595295097, "min_samples_split": 0.46006236828551056, "n_estimators": 2919.3523692485574}, "datetime": {"datetime": "2023-02-11 23:43:24", "elapsed": 11568.939512, "delta": 151.997154}}
{"target": -4342.703233058726, "params": {"criterion": 0.4111468813268738, "max_features": 0.6116316259377851, "min_samples_split": 0.22374550359732384, "n_estimators": 2273.5739063981805}, "datetime": {"datetime": "2023-02-11 23:45:44", "elapsed": 11709.097303, "delta": 140.157791}}
{"target": -4812.528407028856, "params": {"criterion": 0.40934293232597985, "max_features": 0.402608474040881, "min_samples_split": 0.20041416517329874, "n_estimators": 582.5349282732554}, "datetime": {"datetime": "2023-02-11 23:46:35", "elapsed": 11760.554963, "delta": 51.45766}}
{"target": -3674.4765741571987, "params": {"criterion": 0.25106610303271526, "max_features": 0.41745969799104776, "min_samples_split": 0.0059903623992964275, "n_estimators": 2205.9728719835607}, "datetime": {"datetime": "2023-02-11 23:49:07", "elapsed": 11912.834155, "delta": 152.279192}}
{"target": -5504.593534171947, "params": {"criterion": 2.389664130916098, "max_features": 0.3683440363719861, "min_samples_split": 0.32681525128605793, "n_estimators": 174.10023215709305}, "datetime": {"datetime": "2023-02-11 23:50:15", "elapsed": 11980.117407, "delta": 67.283252}}
{"target": -5436.355626060106, "params": {"criterion": 0.1311793420976146, "max_features": 0.3629956323498675, "min_samples_split": 0.30814858895698605, "n_estimators": 2272.711533546493}, "datetime": {"datetime": "2023-02-11 23:52:10", "elapsed": 12095.504127, "delta": 115.38672}}
{"target": -4857.000535525894, "params": {"criterion": 2.176027809735096, "max_features": 0.9778549355739776, "min_samples_split": 0.4608565449648929, "n_estimators": 776.8001050884978}, "datetime": {"datetime": "2023-02-11 23:53:24", "elapsed": 12169.148267, "delta": 73.64414}}
{"target": -8455.838729887435, "params": {"criterion": 1.3222565560797872, "max_features": 0.8692887405978996, "min_samples_split": 0.749927310678853, "n_estimators": 3934.766210131922}, "datetime": {"datetime": "2023-02-11 23:55:59", "elapsed": 12324.646547, "delta": 155.49828}}
{"target": -3688.686071950788, "params": {"criterion": 0.2795213155569189, "max_features": 0.4631993145068325, "min_samples_split": 0.03171369846079312, "n_estimators": 2781.8435465432476}, "datetime": {"datetime": "2023-02-11 23:58:43", "elapsed": 12488.472499, "delta": 163.825952}}
{"target": -4740.772446553295, "params": {"criterion": 1.194784093711583, "max_features": 0.44497557432802193, "min_samples_split": 0.22043433800028964, "n_estimators": 312.51191911383125}, "datetime": {"datetime": "2023-02-11 23:59:21", "elapsed": 12526.283244, "delta": 37.810745}}
{"target": -4024.8732676460045, "params": {"criterion": 2.559078399045023, "max_features": 0.41305409571805407, "min_samples_split": 0.07180528065543523, "n_estimators": 283.851251585972}, "datetime": {"datetime": "2023-02-12 00:00:12", "elapsed": 12577.572966, "delta": 51.289722}}
{"target": -6231.784776540522, "params": {"criterion": 0.48866940866795777, "max_features": 0.4553090944337469, "min_samples_split": 0.4650177496252793, "n_estimators": 2224.7770502617727}, "datetime": {"datetime": "2023-02-12 00:02:10", "elapsed": 12694.977832, "delta": 117.404866}}
{"target": -3769.422312073863, "params": {"criterion": 1.5591950561354722, "max_features": 0.46465700481715366, "min_samples_split": 0.05233115436763228, "n_estimators": 2406.193152973465}, "datetime": {"datetime": "2023-02-12 00:04:42", "elapsed": 12847.747307, "delta": 152.769475}}
{"target": -3758.4267179325516, "params": {"criterion": 1.399053667063254, "max_features": 0.3724823172936793, "min_samples_split": 0.01725878354236178, "n_estimators": 3677.931148508733}, "datetime": {"datetime": "2023-02-12 00:08:14", "elapsed": 13059.786707, "delta": 212.0394}}
{"target": -4778.995311076288, "params": {"criterion": 1.3395449723540238, "max_features": 0.5622005775162062, "min_samples_split": 0.30384092121298467, "n_estimators": 3678.758231065565}, "datetime": {"datetime": "2023-02-12 00:10:59", "elapsed": 13224.516764, "delta": 164.730057}}
{"target": -3985.9309626282293, "params": {"criterion": 1.826816614486419, "max_features": 0.673490320541986, "min_samples_split": 0.12866807099765237, "n_estimators": 309.32588952113446}, "datetime": {"datetime": "2023-02-12 00:11:52", "elapsed": 13277.582414, "delta": 53.06565}}
{"target": -6298.592538259061, "params": {"criterion": 2.627048519425299, "max_features": 0.20412414523193148, "min_samples_split": 0.3331532650875003, "n_estimators": 283.30393644755435}, "datetime": {"datetime": "2023-02-12 00:12:36", "elapsed": 13321.413792, "delta": 43.831378}}
{"target": -4168.969103424228, "params": {"criterion": 1.547221729309419, "max_features": 0.9324087956521598, "min_samples_split": 0.26633322077865795, "n_estimators": 2375.5896578933307}, "datetime": {"datetime": "2023-02-12 00:14:49", "elapsed": 13454.057866, "delta": 132.644074}}
{"target": -8455.869446808842, "params": {"criterion": 0.39625006541374086, "max_features": 0.7082674374103582, "min_samples_split": 0.8746459605933806, "n_estimators": 2782.237919410095}, "datetime": {"datetime": "2023-02-12 00:17:23", "elapsed": 13608.214127, "delta": 154.156261}}
{"target": -4145.00335427074, "params": {"criterion": 1.2606760118462772, "max_features": 0.7408702179290284, "min_samples_split": 0.21163557059742122, "n_estimators": 2876.7827720073606}, "datetime": {"datetime": "2023-02-12 00:20:49", "elapsed": 13814.873708, "delta": 206.659581}}
{"target": -3995.882190600918, "params": {"criterion": 1.199913058614075, "max_features": 0.20412414523193148, "min_samples_split": 0.0001, "n_estimators": 3935.0687880715905}, "datetime": {"datetime": "2023-02-12 00:30:06", "elapsed": 14371.483727, "delta": 556.610019}}
