{"target": -8076.980986609376, "params": {"criterion": 2.313884797735911, "max_features": 0.22064012066644884, "min_samples_split": 0.6336215052792902, "n_estimators": 3769.1390244391982}, "datetime": {"datetime": "2023-02-11 17:14:52", "elapsed": 0.0, "delta": 0.0}}
{"target": -4786.201417960405, "params": {"criterion": 1.4954711862065408, "max_features": 0.3830343676427894, "min_samples_split": 0.19812325218667204, "n_estimators": 3826.6004897748976}, "datetime": {"datetime": "2023-02-11 17:14:52", "elapsed": 0.004329, "delta": 0.004329}}
{"target": -8455.894328401568, "params": {"criterion": 0.50731559860395, "max_features": 0.27443167034772425, "min_samples_split": 0.6853227464041237, "n_estimators": 4771.627396355189}, "datetime": {"datetime": "2023-02-11 17:14:52", "elapsed": 0.008308, "delta": 0.003979}}
{"target": -8455.873313374732, "params": {"criterion": 0.011844404157110562, "max_features": 0.6117656006596781, "min_samples_split": 0.8125584374597831, "n_estimators": 3101.377727464002}, "datetime": {"datetime": "2023-02-11 17:14:52", "elapsed": 0.012148, "delta": 0.00384}}
{"target": -8455.910246292213, "params": {"criterion": 2.165193776763655, "max_features": 0.4364212604735772, "min_samples_split": 0.9176905676884408, "n_estimators": 3601.4213386486836}, "datetime": {"datetime": "2023-02-11 17:14:52", "elapsed": 0.016207, "delta": 0.004059}}
{"target": -5956.889684603064, "params": {"criterion": 1.6275788495969825, "max_features": 0.31727385338921377, "min_samples_split": 0.3733660918994589, "n_estimators": 3403.254713825092}, "datetime": {"datetime": "2023-02-11 17:14:52", "elapsed": 0.020219, "delta": 0.004012}}
{"target": -6425.437036197099, "params": {"criterion": 1.3254553399515459, "max_features": 0.5495454031573694, "min_samples_split": 0.6177434250736233, "n_estimators": 2614.3773885165156}, "datetime": {"datetime": "2023-02-11 17:14:52", "elapsed": 0.02424, "delta": 0.004021}}
{"target": -8455.886186652084, "params": {"criterion": 1.9511265060762084, "max_features": 0.6824765360216786, "min_samples_split": 0.8051621521933799, "n_estimators": 2656.0710467288072}, "datetime": {"datetime": "2023-02-11 17:14:52", "elapsed": 0.028068, "delta": 0.003828}}
{"target": -4050.1572272133308, "params": {"criterion": 2.7258557775379235, "max_features": 0.45819644042850516, "min_samples_split": 0.0905412574010532, "n_estimators": 1573.4302775173965}, "datetime": {"datetime": "2023-02-11 17:14:52", "elapsed": 0.032448, "delta": 0.00438}}
{"target": -3640.392236470442, "params": {"criterion": 0.34194168715446294, "max_features": 0.8636516041373904, "min_samples_split": 0.04698694012537192, "n_estimators": 3168.8070267258236}, "datetime": {"datetime": "2023-02-11 17:14:52", "elapsed": 0.03662, "delta": 0.004172}}
{"target": -4050.4977650975597, "params": {"criterion": 1.6427037091421386, "max_features": 0.8561748832112103, "min_samples_split": 0.19900775017087652, "n_estimators": 4298.566482042893}, "datetime": {"datetime": "2023-02-11 17:14:52", "elapsed": 0.040585, "delta": 0.003965}}
{"target": -4381.426432799464, "params": {"criterion": 1.0549227530323204, "max_features": 0.8047300217770063, "min_samples_split": 0.2960025145383028, "n_estimators": 4431.288749849813}, "datetime": {"datetime": "2023-02-11 17:14:52", "elapsed": 0.044454, "delta": 0.003869}}
{"target": -5892.456416990159, "params": {"criterion": 0.9765023623329631, "max_features": 0.33545631387947894, "min_samples_split": 0.39255073809779795, "n_estimators": 557.9558353373865}, "datetime": {"datetime": "2023-02-11 17:14:52", "elapsed": 0.048645, "delta": 0.004191}}
{"target": -6025.37802694891, "params": {"criterion": 2.4632348629450016, "max_features": 0.3244223880648769, "min_samples_split": 0.38413762580246114, "n_estimators": 4726.877489970126}, "datetime": {"datetime": "2023-02-11 17:14:52", "elapsed": 0.052623, "delta": 0.003978}}
{"target": -8455.906955677765, "params": {"criterion": 2.9627776621581265, "max_features": 0.5672859166855492, "min_samples_split": 0.8260576192739713, "n_estimators": 1331.7332576145907}, "datetime": {"datetime": "2023-02-11 17:14:52", "elapsed": 0.056432, "delta": 0.003809}}
{"target": -5792.397924221249, "params": {"criterion": 1.7920552075278298, "max_features": 0.9226661441976254, "min_samples_split": 0.5345510372120547, "n_estimators": 2991.9866786285725}, "datetime": {"datetime": "2023-02-11 17:14:52", "elapsed": 0.060281, "delta": 0.003849}}
{"target": -3915.7275789452556, "params": {"criterion": 0.11784137349943948, "max_features": 0.48839648269275493, "min_samples_split": 0.07969716753793299, "n_estimators": 1596.7535998798096}, "datetime": {"datetime": "2023-02-11 17:14:52", "elapsed": 0.06415, "delta": 0.003869}}
{"target": -3644.7546309537297, "params": {"criterion": 0.9921248640151977, "max_features": 0.8199969936739671, "min_samples_split": 0.04005121684823927, "n_estimators": 2204.511674315028}, "datetime": {"datetime": "2023-02-11 17:14:52", "elapsed": 0.068267, "delta": 0.004117}}
{"target": -4708.6135384177305, "params": {"criterion": 0.9447491228408805, "max_features": 0.7106920777731185, "min_samples_split": 0.346377880650017, "n_estimators": 311.1770454044728}, "datetime": {"datetime": "2023-02-11 17:14:52", "elapsed": 0.07212, "delta": 0.003853}}
{"target": -8455.806355953951, "params": {"criterion": 2.639657532036296, "max_features": 0.8115688999185912, "min_samples_split": 0.8780210233963134, "n_estimators": 2145.794804812408}, "datetime": {"datetime": "2023-02-11 17:14:52", "elapsed": 0.075899, "delta": 0.003779}}
{"target": -6286.75920952901, "params": {"criterion": 1.8166721354248307, "max_features": 0.6127798362153803, "min_samples_split": 0.597817080633381, "n_estimators": 1384.8567395465564}, "datetime": {"datetime": "2023-02-11 17:14:52", "elapsed": 0.07973, "delta": 0.003831}}
{"target": -5900.0614951472135, "params": {"criterion": 0.9025838396912276, "max_features": 0.2243392184819823, "min_samples_split": 0.30310194813890456, "n_estimators": 1286.1717894772842}, "datetime": {"datetime": "2023-02-11 17:14:52", "elapsed": 0.083969, "delta": 0.004239}}
{"target": -5852.913140879731, "params": {"criterion": 1.6726788081690662, "max_features": 0.65419752806277, "min_samples_split": 0.47513722096556754, "n_estimators": 1534.7100838185945}, "datetime": {"datetime": "2023-02-11 17:14:52", "elapsed": 0.087793, "delta": 0.003824}}
{"target": -4286.570060859449, "params": {"criterion": 0.19274675697840385, "max_features": 0.983142669525146, "min_samples_split": 0.33973990206913607, "n_estimators": 2525.7382913240262}, "datetime": {"datetime": "2023-02-11 17:14:52", "elapsed": 0.091549, "delta": 0.003756}}
{"target": -4850.151371571937, "params": {"criterion": 2.931144469695453, "max_features": 0.5549253898841404, "min_samples_split": 0.3183091509178554, "n_estimators": 2647.005230789363}, "datetime": {"datetime": "2023-02-11 17:14:52", "elapsed": 0.095276, "delta": 0.003727}}
{"target": -3679.4004069533453, "params": {"criterion": 1.734351476004414, "max_features": 0.8837493988268086, "min_samples_split": 0.06818365408324245, "n_estimators": 2376.2009581187294}, "datetime": {"datetime": "2023-02-11 17:14:52", "elapsed": 0.0995, "delta": 0.004224}}
{"target": -6015.120125656936, "params": {"criterion": 2.3457691609455833, "max_features": 0.7760427711836412, "min_samples_split": 0.5860047756571652, "n_estimators": 281.7626248485986}, "datetime": {"datetime": "2023-02-11 17:14:52", "elapsed": 0.103365, "delta": 0.003865}}
{"target": -4597.397848786685, "params": {"criterion": 1.0519341082102704, "max_features": 0.6523540126500085, "min_samples_split": 0.29976992645007794, "n_estimators": 2610.437351040391}, "datetime": {"datetime": "2023-02-11 17:14:52", "elapsed": 0.107126, "delta": 0.003761}}
{"target": -4091.6171995906398, "params": {"criterion": 2.020333429161633, "max_features": 0.33082259385794166, "min_samples_split": 0.050567574619966825, "n_estimators": 1755.2978466169293}, "datetime": {"datetime": "2023-02-11 17:14:52", "elapsed": 0.110855, "delta": 0.003729}}
{"target": -8455.907033164405, "params": {"criterion": 0.3241805119610797, "max_features": 0.34650857092385623, "min_samples_split": 0.8857499307484722, "n_estimators": 1890.2883589491676}, "datetime": {"datetime": "2023-02-11 17:14:52", "elapsed": 0.114853, "delta": 0.003998}}
{"target": -3839.301659840565, "params": {"criterion": 0.6562861706036922, "max_features": 0.80301767791436, "min_samples_split": 0.10695820847669044, "n_estimators": 3748.555879800247}, "datetime": {"datetime": "2023-02-11 17:14:52", "elapsed": 0.118801, "delta": 0.003948}}
{"target": -4040.776332399484, "params": {"criterion": 1.4093089017921392, "max_features": 0.6802613889810372, "min_samples_split": 0.1476906682468406, "n_estimators": 1001.7706282564411}, "datetime": {"datetime": "2023-02-11 17:14:52", "elapsed": 0.122595, "delta": 0.003794}}
{"target": -5689.254833691196, "params": {"criterion": 1.9351518721920786, "max_features": 0.24282600128248638, "min_samples_split": 0.2486627853012089, "n_estimators": 2757.801729517221}, "datetime": {"datetime": "2023-02-11 17:14:52", "elapsed": 0.126573, "delta": 0.003978}}
{"target": -8455.939200036863, "params": {"criterion": 0.6802973524757006, "max_features": 0.5076803765925566, "min_samples_split": 0.9221483403461656, "n_estimators": 4634.248677052106}, "datetime": {"datetime": "2023-02-11 17:14:52", "elapsed": 0.130742, "delta": 0.004169}}
{"target": -3619.3834269190725, "params": {"criterion": 1.7001930987325422, "max_features": 0.628700741816432, "min_samples_split": 0.014957052628301463, "n_estimators": 4891.706390669824}, "datetime": {"datetime": "2023-02-11 17:14:52", "elapsed": 0.134792, "delta": 0.00405}}
{"target": -5851.12982833346, "params": {"criterion": 1.719029409209154, "max_features": 0.834264421412188, "min_samples_split": 0.5615450488043137, "n_estimators": 4398.94268366818}, "datetime": {"datetime": "2023-02-11 17:14:52", "elapsed": 0.138613, "delta": 0.003821}}
{"target": -4000.74200366099, "params": {"criterion": 1.7525290660091735, "max_features": 0.7682806066955207, "min_samples_split": 0.14860374466618728, "n_estimators": 2199.4086209426923}, "datetime": {"datetime": "2023-02-11 17:14:52", "elapsed": 0.142324, "delta": 0.003711}}
{"target": -6327.836212909255, "params": {"criterion": 2.0816008100206007, "max_features": 0.2873884738296742, "min_samples_split": 0.4396173167270356, "n_estimators": 914.390523752215}, "datetime": {"datetime": "2023-02-11 17:14:52", "elapsed": 0.146265, "delta": 0.003941}}
{"target": -3785.6661174022242, "params": {"criterion": 1.5208851899292155, "max_features": 0.8559750136870433, "min_samples_split": 0.09018871337749365, "n_estimators": 4020.3368784013114}, "datetime": {"datetime": "2023-02-11 17:14:52", "elapsed": 0.150242, "delta": 0.003977}}
{"target": -4173.003597856388, "params": {"criterion": 1.6953225492380177, "max_features": 0.6731717590213401, "min_samples_split": 0.19816103708482563, "n_estimators": 2236.979451160288}, "datetime": {"datetime": "2023-02-11 17:14:52", "elapsed": 0.153945, "delta": 0.003703}}
{"target": -4182.167868070677, "params": {"criterion": 0.8876816962862899, "max_features": 0.23401539267511634, "min_samples_split": 0.030778703404871686, "n_estimators": 2320.2145009860437}, "datetime": {"datetime": "2023-02-11 17:14:52", "elapsed": 0.157699, "delta": 0.003754}}
{"target": -5054.3644206514955, "params": {"criterion": 2.234517744442508, "max_features": 0.6476621030286419, "min_samples_split": 0.3851365768455734, "n_estimators": 923.5567079098312}, "datetime": {"datetime": "2023-02-11 17:14:52", "elapsed": 0.16147, "delta": 0.003771}}
{"target": -8455.912889829739, "params": {"criterion": 2.514700135979008, "max_features": 0.6808950065869448, "min_samples_split": 0.7826582752813221, "n_estimators": 4257.694991284102}, "datetime": {"datetime": "2023-02-11 17:14:52", "elapsed": 0.165566, "delta": 0.004096}}
{"target": -5938.448572274934, "params": {"criterion": 1.809428611288518, "max_features": 0.82575143164351, "min_samples_split": 0.6157137286583626, "n_estimators": 203.70943674355942}, "datetime": {"datetime": "2023-02-11 17:14:52", "elapsed": 0.169436, "delta": 0.00387}}
{"target": -6459.619558846435, "params": {"criterion": 2.2513187850014242, "max_features": 0.3442318285342856, "min_samples_split": 0.45852250339602557, "n_estimators": 2614.301267888001}, "datetime": {"datetime": "2023-02-11 17:14:52", "elapsed": 0.190327, "delta": 0.020891}}
{"target": -4019.3917525860425, "params": {"criterion": 1.4520142687714488, "max_features": 0.8761504112149494, "min_samples_split": 0.17487893204315497, "n_estimators": 171.71088800592452}, "datetime": {"datetime": "2023-02-11 17:14:52", "elapsed": 0.194882, "delta": 0.004555}}
{"target": -5040.396173977798, "params": {"criterion": 2.546207339026515, "max_features": 0.7952009092546326, "min_samples_split": 0.4567061958131082, "n_estimators": 2142.802194541951}, "datetime": {"datetime": "2023-02-11 17:14:52", "elapsed": 0.199188, "delta": 0.004306}}
{"target": -3994.651559711132, "params": {"criterion": 0.3501768598897951, "max_features": 0.4736706896919306, "min_samples_split": 0.09474010893550433, "n_estimators": 3607.5712764814393}, "datetime": {"datetime": "2023-02-11 17:14:52", "elapsed": 0.203105, "delta": 0.003917}}
{"target": -6816.793747664345, "params": {"criterion": 0.23124850470767422, "max_features": 0.36803498315104205, "min_samples_split": 0.5737614762049119, "n_estimators": 1539.7746204984633}, "datetime": {"datetime": "2023-02-11 17:14:52", "elapsed": 0.206994, "delta": 0.003889}}
{"target": -4457.554612317965, "params": {"criterion": 1.967114655469523, "max_features": 0.8436647908566309, "min_samples_split": 0.35124326029580943, "n_estimators": 557.8578470244586}, "datetime": {"datetime": "2023-02-11 17:14:52", "elapsed": 0.21081, "delta": 0.003816}}
{"target": -4729.011168862853, "params": {"criterion": 2.439866919404045, "max_features": 0.8287806155196054, "min_samples_split": 0.3934404286140281, "n_estimators": 4335.948049629571}, "datetime": {"datetime": "2023-02-11 17:14:52", "elapsed": 0.215, "delta": 0.00419}}
{"target": -8455.806517721321, "params": {"criterion": 1.1520539012703856, "max_features": 0.40890530052050583, "min_samples_split": 0.8293360394432704, "n_estimators": 3708.275248808961}, "datetime": {"datetime": "2023-02-11 17:14:52", "elapsed": 0.218866, "delta": 0.003866}}
{"target": -4146.440936703619, "params": {"criterion": 1.5227519640740725, "max_features": 0.7169281407278354, "min_samples_split": 0.21324392806557238, "n_estimators": 4488.973848647434}, "datetime": {"datetime": "2023-02-11 17:14:52", "elapsed": 0.222607, "delta": 0.003741}}
{"target": -8455.992560456969, "params": {"criterion": 2.897742159898294, "max_features": 0.45641803459486374, "min_samples_split": 0.8654795077036377, "n_estimators": 1620.390164006583}, "datetime": {"datetime": "2023-02-11 17:14:52", "elapsed": 0.226539, "delta": 0.003932}}
{"target": -5398.503072103289, "params": {"criterion": 0.07578930990090808, "max_features": 0.24327738347554773, "min_samples_split": 0.18468991264666262, "n_estimators": 438.26337392454485}, "datetime": {"datetime": "2023-02-11 17:14:52", "elapsed": 0.230446, "delta": 0.003907}}
{"target": -4869.131834237659, "params": {"criterion": 0.7724005226712888, "max_features": 0.9312217867462342, "min_samples_split": 0.4578579420720156, "n_estimators": 738.0377684500149}, "datetime": {"datetime": "2023-02-11 17:14:52", "elapsed": 0.234359, "delta": 0.003913}}
{"target": -3646.425633351807, "params": {"criterion": 2.429594007033996, "max_features": 0.5252360493976178, "min_samples_split": 0.024527758454167475, "n_estimators": 4298.472108875988}, "datetime": {"datetime": "2023-02-11 17:14:52", "elapsed": 0.238195, "delta": 0.003836}}
{"target": -4623.947488661349, "params": {"criterion": 0.822857027564287, "max_features": 0.7684844605088622, "min_samples_split": 0.3558011883550986, "n_estimators": 3992.1144029500174}, "datetime": {"datetime": "2023-02-11 17:14:52", "elapsed": 0.242181, "delta": 0.003986}}
{"target": -6188.466817450481, "params": {"criterion": 2.533772121545437, "max_features": 0.6324227604270097, "min_samples_split": 0.5590746990999776, "n_estimators": 700.2989090433573}, "datetime": {"datetime": "2023-02-11 17:14:52", "elapsed": 0.246009, "delta": 0.003828}}
{"target": -6268.842874083368, "params": {"criterion": 1.1328879915303833, "max_features": 0.5453537922820347, "min_samples_split": 0.5112064045562082, "n_estimators": 4469.636592684902}, "datetime": {"datetime": "2023-02-11 17:14:52", "elapsed": 0.250087, "delta": 0.004078}}
{"target": -8455.841000617991, "params": {"criterion": 0.9006018137208798, "max_features": 0.5196426644501774, "min_samples_split": 0.7932145783810086, "n_estimators": 2120.152779031663}, "datetime": {"datetime": "2023-02-11 17:14:52", "elapsed": 0.253904, "delta": 0.003817}}
{"target": -5855.183340327292, "params": {"criterion": 0.554584163217738, "max_features": 0.8728566961403548, "min_samples_split": 0.5692575454213482, "n_estimators": 394.2460071990162}, "datetime": {"datetime": "2023-02-11 17:14:52", "elapsed": 0.257885, "delta": 0.003981}}
{"target": -6828.311343164676, "params": {"criterion": 2.9666520308911837, "max_features": 0.3862064802248787, "min_samples_split": 0.6146787726375736, "n_estimators": 1903.330736093751}, "datetime": {"datetime": "2023-02-11 17:14:52", "elapsed": 0.261713, "delta": 0.003828}}
{"target": -8455.925820902246, "params": {"criterion": 2.4082475314511043, "max_features": 0.7035854711738566, "min_samples_split": 0.8211522329030206, "n_estimators": 1512.4403800818602}, "datetime": {"datetime": "2023-02-11 17:14:52", "elapsed": 0.26569, "delta": 0.003977}}
{"target": -8455.896984725952, "params": {"criterion": 0.8243579152651468, "max_features": 0.682486832846982, "min_samples_split": 0.9384264943698957, "n_estimators": 3565.7519157730426}, "datetime": {"datetime": "2023-02-11 17:14:52", "elapsed": 0.269561, "delta": 0.003871}}
{"target": -6607.780203019744, "params": {"criterion": 0.7901831545537769, "max_features": 0.3014883510181751, "min_samples_split": 0.4587324843440257, "n_estimators": 4876.581247043679}, "datetime": {"datetime": "2023-02-11 17:14:52", "elapsed": 0.273529, "delta": 0.003968}}
{"target": -3951.8537132538986, "params": {"criterion": 2.0416550658958896, "max_features": 0.35793012460253815, "min_samples_split": 0.046829879315962726, "n_estimators": 4767.955290176057}, "datetime": {"datetime": "2023-02-11 17:14:52", "elapsed": 0.277365, "delta": 0.003836}}
{"target": -8455.873554051166, "params": {"criterion": 2.5758611815037327, "max_features": 0.863032292896024, "min_samples_split": 0.9638077427337153, "n_estimators": 3034.788600456107}, "datetime": {"datetime": "2023-02-11 17:14:52", "elapsed": 0.281383, "delta": 0.004018}}
{"target": -4571.0346843409225, "params": {"criterion": 2.7926544159596696, "max_features": 0.32093390074930905, "min_samples_split": 0.11403751669294128, "n_estimators": 1922.9416206517888}, "datetime": {"datetime": "2023-02-11 17:14:52", "elapsed": 0.285305, "delta": 0.003922}}
{"target": -8249.33663029188, "params": {"criterion": 2.2996037237000633, "max_features": 0.45971333402606007, "min_samples_split": 0.6380074743283578, "n_estimators": 145.18339818240653}, "datetime": {"datetime": "2023-02-11 17:14:52", "elapsed": 0.289321, "delta": 0.004016}}
{"target": -8455.927599565544, "params": {"criterion": 1.6303407689209004, "max_features": 0.4729349135235641, "min_samples_split": 0.8979447039877454, "n_estimators": 4709.4644885677935}, "datetime": {"datetime": "2023-02-11 17:14:52", "elapsed": 0.293087, "delta": 0.003766}}
{"target": -8455.865590681542, "params": {"criterion": 1.1523271352757927, "max_features": 0.5193847317998443, "min_samples_split": 0.8972004888303842, "n_estimators": 388.22960369905053}, "datetime": {"datetime": "2023-02-11 17:14:52", "elapsed": 0.29696, "delta": 0.003873}}
{"target": -4351.953619206919, "params": {"criterion": 1.216097327359864, "max_features": 0.30772771490145434, "min_samples_split": 0.08705201504283265, "n_estimators": 3941.4250060990403}, "datetime": {"datetime": "2023-02-11 17:14:52", "elapsed": 0.300899, "delta": 0.003939}}
{"target": -8455.832473770348, "params": {"criterion": 0.9136896087043256, "max_features": 0.6689601120341663, "min_samples_split": 0.8783904851909777, "n_estimators": 4415.881097006349}, "datetime": {"datetime": "2023-02-11 17:14:52", "elapsed": 0.304936, "delta": 0.004037}}
{"target": -3670.8657851350813, "params": {"criterion": 1.8028025263163046, "max_features": 0.7176453288482854, "min_samples_split": 0.056716877197538595, "n_estimators": 1557.672075182017}, "datetime": {"datetime": "2023-02-11 17:14:52", "elapsed": 0.308839, "delta": 0.003903}}
{"target": -8455.814366830586, "params": {"criterion": 2.075254645268642, "max_features": 0.35456812259975057, "min_samples_split": 0.8029469352095545, "n_estimators": 2622.3423742978925}, "datetime": {"datetime": "2023-02-11 17:14:52", "elapsed": 0.31256, "delta": 0.003721}}
{"target": -4204.0629369980015, "params": {"criterion": 2.2717823923428124, "max_features": 0.3456219175057096, "min_samples_split": 0.08270376723723366, "n_estimators": 2462.1526516420067}, "datetime": {"datetime": "2023-02-11 17:14:52", "elapsed": 0.316563, "delta": 0.004003}}
{"target": -4102.427952770229, "params": {"criterion": 1.586508752698442, "max_features": 0.7582990862399935, "min_samples_split": 0.20482066170739016, "n_estimators": 3389.724416791081}, "datetime": {"datetime": "2023-02-11 17:14:52", "elapsed": 0.320444, "delta": 0.003881}}
{"target": -8455.82399981835, "params": {"criterion": 2.379728649046729, "max_features": 0.23734226244501727, "min_samples_split": 0.9632648342203466, "n_estimators": 4879.424314149331}, "datetime": {"datetime": "2023-02-11 17:14:52", "elapsed": 0.324438, "delta": 0.003994}}
