{"target": -5845.480958515602, "params": {"criterion": 0.702845047400951, "max_features": 0.842647616185242, "min_samples_split": 0.5460523909390094, "n_estimators": 1905.2166427824477}, "datetime": {"datetime": "2023-02-09 20:33:18", "elapsed": 32944.626653, "delta": 63.209513}}
{"target": -4081.619806182144, "params": {"criterion": 1.0381459218179092, "max_features": 0.26894058157279055, "min_samples_split": 0.03483256452648265, "n_estimators": 1105.7214304180923}, "datetime": {"datetime": "2023-02-09 20:34:09", "elapsed": 32995.603741, "delta": 50.977088}}
{"target": -5859.129864575659, "params": {"criterion": 1.449360120036826, "max_features": 0.8811164971108817, "min_samples_split": 0.619098735941506, "n_estimators": 1705.1120416312183}, "datetime": {"datetime": "2023-02-09 20:35:06", "elapsed": 33052.56102, "delta": 56.957279}}
{"target": -3667.31992181542, "params": {"criterion": 1.4513831149454774, "max_features": 0.4292002258305644, "min_samples_split": 0.007688526719873094, "n_estimators": 591.1168344961936}, "datetime": {"datetime": "2023-02-09 20:35:43", "elapsed": 33089.759721, "delta": 37.198701}}
{"target": -8455.961491857044, "params": {"criterion": 0.0978345993616829, "max_features": 0.22939333104160267, "min_samples_split": 0.7086469571464326, "n_estimators": 3015.886835619931}, "datetime": {"datetime": "2023-02-09 20:36:50", "elapsed": 33157.077114, "delta": 67.317393}}
{"target": -3650.2525679985047, "params": {"criterion": 0.17520151463055628, "max_features": 0.6906022733724462, "min_samples_split": 0.048841529189961506, "n_estimators": 2857.4635653494156}, "datetime": {"datetime": "2023-02-09 20:39:44", "elapsed": 33330.689204, "delta": 173.61209}}
{"target": -4077.778284467315, "params": {"criterion": 0.7985740670463551, "max_features": 0.8897776211898417, "min_samples_split": 0.24046225667474433, "n_estimators": 3968.5699335725158}, "datetime": {"datetime": "2023-02-09 20:42:51", "elapsed": 33517.652574, "delta": 186.96337}}
{"target": -8455.869641047493, "params": {"criterion": 2.747797923942985, "max_features": 0.5701192068850641, "min_samples_split": 0.716053074341432, "n_estimators": 3804.3692445826155}, "datetime": {"datetime": "2023-02-09 20:44:17", "elapsed": 33603.828916, "delta": 86.176342}}
{"target": -8455.928057200488, "params": {"criterion": 1.1110695289620172, "max_features": 0.7554758082258304, "min_samples_split": 0.858746454883917, "n_estimators": 2792.81846645015}, "datetime": {"datetime": "2023-02-09 20:45:19", "elapsed": 33666.399768, "delta": 62.570852}}
{"target": -8455.914554863835, "params": {"criterion": 0.13160152472213613, "max_features": 0.7109579510519602, "min_samples_split": 0.9791761300000655, "n_estimators": 1861.6472503445823}, "datetime": {"datetime": "2023-02-09 20:46:02", "elapsed": 33708.765705, "delta": 42.365937}}
{"target": -8455.928591174106, "params": {"criterion": 0.5434868063930622, "max_features": 0.4251747438357427, "min_samples_split": 0.8297152022001789, "n_estimators": 956.0432463978449}, "datetime": {"datetime": "2023-02-09 20:46:24", "elapsed": 33731.082462, "delta": 22.316757}}
{"target": -5374.706251842514, "params": {"criterion": 0.037558775749276054, "max_features": 0.374077673677388, "min_samples_split": 0.29239262631141827, "n_estimators": 1050.8054703036835}, "datetime": {"datetime": "2023-02-09 20:47:01", "elapsed": 33767.803093, "delta": 36.720631}}
{"target": -4565.466946565738, "params": {"criterion": 0.2580864338909785, "max_features": 0.6959793336603627, "min_samples_split": 0.3238221682389071, "n_estimators": 2021.327364257659}, "datetime": {"datetime": "2023-02-09 20:48:20", "elapsed": 33846.846261, "delta": 79.043168}}
{"target": -6180.343852448762, "params": {"criterion": 1.938353649023679, "max_features": 0.620808225793057, "min_samples_split": 0.54058144466169, "n_estimators": 1460.60263327796}, "datetime": {"datetime": "2023-02-09 20:49:07", "elapsed": 33893.610883, "delta": 46.764622}}
{"target": -6815.5560119189995, "params": {"criterion": 1.6544577174945698, "max_features": 0.45543585599968195, "min_samples_split": 0.6245991627490282, "n_estimators": 4807.081929867542}, "datetime": {"datetime": "2023-02-09 20:51:28", "elapsed": 34034.607263, "delta": 140.99638}}
{"target": -4273.789158356236, "params": {"criterion": 2.3351695368752714, "max_features": 0.6097044993887846, "min_samples_split": 0.1905659346787573, "n_estimators": 411.6323368814424}, "datetime": {"datetime": "2023-02-09 20:51:48", "elapsed": 34054.850759, "delta": 20.243496}}
{"target": -8455.946048763017, "params": {"criterion": 2.9759161815569395, "max_features": 0.7913547196331643, "min_samples_split": 0.7445828584555225, "n_estimators": 3341.617456618979}, "datetime": {"datetime": "2023-02-09 20:53:05", "elapsed": 34131.572928, "delta": 76.722169}}
{"target": -8455.875465674497, "params": {"criterion": 0.2511154995835459, "max_features": 0.8107195777931858, "min_samples_split": 0.9561155880584152, "n_estimators": 1198.9348864117972}, "datetime": {"datetime": "2023-02-09 20:53:33", "elapsed": 34159.807849, "delta": 28.234921}}
{"target": -8455.807479584311, "params": {"criterion": 1.268296866940795, "max_features": 0.3552894508038493, "min_samples_split": 0.8965609106482452, "n_estimators": 2793.880325667049}, "datetime": {"datetime": "2023-02-09 20:54:40", "elapsed": 34226.685806, "delta": 66.877957}}
{"target": -8455.998866549571, "params": {"criterion": 2.9381240416137206, "max_features": 0.38323832872654195, "min_samples_split": 0.7765369830806994, "n_estimators": 1065.664233578827}, "datetime": {"datetime": "2023-02-09 20:55:05", "elapsed": 34252.033723, "delta": 25.347917}}
{"target": -4842.302077259135, "params": {"criterion": 0.9434339461164196, "max_features": 0.3879659490292819, "min_samples_split": 0.2095681353099835, "n_estimators": 3880.470922412081}, "datetime": {"datetime": "2023-02-09 20:57:32", "elapsed": 34399.038681, "delta": 147.004958}}
{"target": -5893.698998915643, "params": {"criterion": 2.105240886582049, "max_features": 0.4046508139920467, "min_samples_split": 0.41724975380547114, "n_estimators": 3077.7730750638066}, "datetime": {"datetime": "2023-02-09 20:59:17", "elapsed": 34503.810885, "delta": 104.772204}}
{"target": -8455.92489727005, "params": {"criterion": 0.20640073346902701, "max_features": 0.42585690652452846, "min_samples_split": 0.8932311779090083, "n_estimators": 4995.055911871368}, "datetime": {"datetime": "2023-02-09 21:01:08", "elapsed": 34614.692868, "delta": 110.881983}}
{"target": -5050.410758512645, "params": {"criterion": 0.2249605968257031, "max_features": 0.36371525593764753, "min_samples_split": 0.22474791190573304, "n_estimators": 2409.9215599489335}, "datetime": {"datetime": "2023-02-09 21:02:36", "elapsed": 34702.995981, "delta": 88.303113}}
{"target": -3955.275774951578, "params": {"criterion": 0.48776500744697954, "max_features": 0.9972384033096809, "min_samples_split": 0.1326015599394, "n_estimators": 2633.880680885738}, "datetime": {"datetime": "2023-02-09 21:05:17", "elapsed": 34863.492571, "delta": 160.49659}}
{"target": -4176.380407200884, "params": {"criterion": 1.0068231906849057, "max_features": 0.6820251319015951, "min_samples_split": 0.1989981104521574, "n_estimators": 1542.3073605188013}, "datetime": {"datetime": "2023-02-09 21:06:28", "elapsed": 34935.012008, "delta": 71.519437}}
{"target": -8455.833342974951, "params": {"criterion": 1.8645646780710936, "max_features": 0.6195681853978764, "min_samples_split": 0.7707734043347145, "n_estimators": 2265.585503089063}, "datetime": {"datetime": "2023-02-09 21:07:19", "elapsed": 34985.694461, "delta": 50.682453}}
{"target": -5575.424064940573, "params": {"criterion": 1.172022794954046, "max_features": 0.3096422049861958, "min_samples_split": 0.3040691046059208, "n_estimators": 4914.295740765094}, "datetime": {"datetime": "2023-02-09 21:10:05", "elapsed": 35151.648519, "delta": 165.954058}}
{"target": -4189.3185849435295, "params": {"criterion": 0.22190545385608806, "max_features": 0.37851842583234274, "min_samples_split": 0.09920292985117979, "n_estimators": 3672.6530126468797}, "datetime": {"datetime": "2023-02-09 21:12:49", "elapsed": 35315.959119, "delta": 164.3106}}
{"target": -4864.382087114136, "params": {"criterion": 1.4262954230802916, "max_features": 0.4651164929836703, "min_samples_split": 0.27633514612998056, "n_estimators": 3561.67968073362}, "datetime": {"datetime": "2023-02-09 21:15:01", "elapsed": 35447.619679, "delta": 131.66056}}
{"target": -5824.864951831078, "params": {"criterion": 1.6406368642040503, "max_features": 0.7722836884106997, "min_samples_split": 0.47987244272712926, "n_estimators": 349.5835440789481}, "datetime": {"datetime": "2023-02-09 21:15:13", "elapsed": 35459.924058, "delta": 12.304379}}
{"target": -6121.198043099668, "params": {"criterion": 0.5143209170610314, "max_features": 0.6558427167562046, "min_samples_split": 0.49545528110284054, "n_estimators": 112.29855693125077}, "datetime": {"datetime": "2023-02-09 21:15:17", "elapsed": 35463.994394, "delta": 4.070336}}
{"target": -4277.144533060661, "params": {"criterion": 1.205880267964569, "max_features": 0.638108526202671, "min_samples_split": 0.2226152350385685, "n_estimators": 1208.7566836078063}, "datetime": {"datetime": "2023-02-09 21:16:10", "elapsed": 35517.245448, "delta": 53.251054}}
{"target": -3628.6232395544257, "params": {"criterion": 2.47315390594753, "max_features": 0.7746540009954296, "min_samples_split": 0.013629991699797584, "n_estimators": 3131.9441050367673}, "datetime": {"datetime": "2023-02-09 21:20:30", "elapsed": 35777.364271, "delta": 260.118823}}
{"target": -8455.980115985314, "params": {"criterion": 2.9476858790936578, "max_features": 0.36600608881143826, "min_samples_split": 0.713871230623125, "n_estimators": 514.5864220992502}, "datetime": {"datetime": "2023-02-09 21:20:43", "elapsed": 35789.939492, "delta": 12.575221}}
{"target": -3631.4274771298687, "params": {"criterion": 0.10825552108398835, "max_features": 0.6104141043175271, "min_samples_split": 0.008916238360875886, "n_estimators": 3066.3150413530193}, "datetime": {"datetime": "2023-02-09 21:24:20", "elapsed": 36007.064854, "delta": 217.125362}}
{"target": -8455.823082193954, "params": {"criterion": 1.3074001562855606, "max_features": 0.46371830439238026, "min_samples_split": 0.794706070586019, "n_estimators": 4094.817755348693}, "datetime": {"datetime": "2023-02-09 21:25:51", "elapsed": 36098.281274, "delta": 91.21642}}
{"target": -6234.624334984602, "params": {"criterion": 1.0865299770576107, "max_features": 0.5936836793726159, "min_samples_split": 0.5728840268570826, "n_estimators": 4182.38073750867}, "datetime": {"datetime": "2023-02-09 21:28:01", "elapsed": 36228.125801, "delta": 129.844527}}
{"target": -8455.978653594973, "params": {"criterion": 0.859501017528206, "max_features": 0.3777504412251983, "min_samples_split": 0.7826179915517961, "n_estimators": 934.8798617368063}, "datetime": {"datetime": "2023-02-09 21:28:23", "elapsed": 36249.837582, "delta": 21.711781}}
{"target": -5778.215273520274, "params": {"criterion": 0.18605699630068964, "max_features": 0.9925451259839323, "min_samples_split": 0.5485473667868731, "n_estimators": 1286.0846189420947}, "datetime": {"datetime": "2023-02-09 21:29:08", "elapsed": 36295.063978, "delta": 45.226396}}
{"target": -8455.830937627403, "params": {"criterion": 2.8169230796650173, "max_features": 0.7247770059987487, "min_samples_split": 0.7995541293608808, "n_estimators": 4902.385867540321}, "datetime": {"datetime": "2023-02-09 21:30:59", "elapsed": 36406.158974, "delta": 111.094996}}
{"target": -5664.946833111235, "params": {"criterion": 2.8178728821847128, "max_features": 0.29930178322111695, "min_samples_split": 0.3195637548209187, "n_estimators": 2928.5156562927054}, "datetime": {"datetime": "2023-02-09 21:32:43", "elapsed": 36509.823162, "delta": 103.664188}}
{"target": -8455.829629927426, "params": {"criterion": 1.4341497359697013, "max_features": 0.6896190523270846, "min_samples_split": 0.701442241300323, "n_estimators": 1716.3988609300784}, "datetime": {"datetime": "2023-02-09 21:33:22", "elapsed": 36548.809388, "delta": 38.986226}}
{"target": -3713.909112005532, "params": {"criterion": 2.932287456939098, "max_features": 0.9547476432157047, "min_samples_split": 0.005605576770511807, "n_estimators": 2446.7129942315455}, "datetime": {"datetime": "2023-02-09 21:37:29", "elapsed": 36795.738369, "delta": 246.928981}}
{"target": -8455.957372022147, "params": {"criterion": 2.0517439605729053, "max_features": 0.6708197132501528, "min_samples_split": 0.9792249389276744, "n_estimators": 3893.801265767819}, "datetime": {"datetime": "2023-02-09 21:38:57", "elapsed": 36884.306149, "delta": 88.56778}}
{"target": -4961.956871954535, "params": {"criterion": 0.8189703634776158, "max_features": 0.5751607164694713, "min_samples_split": 0.3379605962875215, "n_estimators": 2963.2642461460205}, "datetime": {"datetime": "2023-02-09 21:40:46", "elapsed": 36993.075866, "delta": 108.769717}}
{"target": -6873.012296279109, "params": {"criterion": 1.8146620174468922, "max_features": 0.30637651386285336, "min_samples_split": 0.523307304455879, "n_estimators": 1511.7083672040205}, "datetime": {"datetime": "2023-02-09 21:41:31", "elapsed": 37037.947415, "delta": 44.871549}}
{"target": -5449.804417514997, "params": {"criterion": 1.7448015043778367, "max_features": 0.48261567338017175, "min_samples_split": 0.38741871617344015, "n_estimators": 302.57765779160843}, "datetime": {"datetime": "2023-02-09 21:41:42", "elapsed": 37049.124252, "delta": 11.176837}}
{"target": -4279.851156680632, "params": {"criterion": 1.600310350177151, "max_features": 0.25914028755652163, "min_samples_split": 0.05803920064394011, "n_estimators": 1643.0652030807062}, "datetime": {"datetime": "2023-02-09 21:42:53", "elapsed": 37120.238866, "delta": 71.114614}}
{"target": -5948.083113721031, "params": {"criterion": 1.6264389793788656, "max_features": 0.40902036788487917, "min_samples_split": 0.4446515172744282, "n_estimators": 1848.385472553283}, "datetime": {"datetime": "2023-02-09 21:43:58", "elapsed": 37184.904579, "delta": 64.665713}}
{"target": -5065.729118153061, "params": {"criterion": 1.17910286476573, "max_features": 0.5864629902042073, "min_samples_split": 0.3706876063807192, "n_estimators": 4618.780798911551}, "datetime": {"datetime": "2023-02-09 21:46:44", "elapsed": 37351.314268, "delta": 166.409689}}
{"target": -4345.234268322657, "params": {"criterion": 1.9162253586682207, "max_features": 0.43876064093356015, "min_samples_split": 0.1390659816493339, "n_estimators": 2085.7938267829923}, "datetime": {"datetime": "2023-02-09 21:48:13", "elapsed": 37439.763424, "delta": 88.449156}}
{"target": -5069.469904174453, "params": {"criterion": 2.6700064088851354, "max_features": 0.3024499659699608, "min_samples_split": 0.18353628305774275, "n_estimators": 337.0776591069839}, "datetime": {"datetime": "2023-02-09 21:48:27", "elapsed": 37453.996377, "delta": 14.232953}}
{"target": -8455.947886958922, "params": {"criterion": 2.1766393074919232, "max_features": 0.5295326124981866, "min_samples_split": 0.667902455531, "n_estimators": 2917.8544829662433}, "datetime": {"datetime": "2023-02-09 21:49:35", "elapsed": 37521.745385, "delta": 67.749008}}
{"target": -8455.87585590123, "params": {"criterion": 1.2903362401996261, "max_features": 0.5485028882800396, "min_samples_split": 0.8673230234617927, "n_estimators": 3240.665341459111}, "datetime": {"datetime": "2023-02-09 21:50:48", "elapsed": 37594.648958, "delta": 72.903573}}
{"target": -8455.87140004106, "params": {"criterion": 0.19150008375536384, "max_features": 0.23454018925491696, "min_samples_split": 0.7666931882953124, "n_estimators": 4611.093703486355}, "datetime": {"datetime": "2023-02-09 21:52:31", "elapsed": 37697.54435, "delta": 102.895392}}
{"target": -5790.496521675413, "params": {"criterion": 1.3557488429174034, "max_features": 0.9236876339498541, "min_samples_split": 0.5313526589435588, "n_estimators": 986.3947565353184}, "datetime": {"datetime": "2023-02-09 21:53:05", "elapsed": 37731.797963, "delta": 34.253613}}
{"target": -5623.694778319975, "params": {"criterion": 0.23279073482145762, "max_features": 0.4717600909942592, "min_samples_split": 0.429167714791638, "n_estimators": 3959.8020844642188}, "datetime": {"datetime": "2023-02-09 21:55:16", "elapsed": 37863.421881, "delta": 131.623918}}
{"target": -3620.964525892365, "params": {"criterion": 0.593536092653527, "max_features": 0.6479130006954771, "min_samples_split": 0.018990152468457453, "n_estimators": 4359.612056354189}, "datetime": {"datetime": "2023-02-09 22:00:08", "elapsed": 38154.748916, "delta": 291.327035}}
{"target": -5827.048060777064, "params": {"criterion": 0.7838022715812067, "max_features": 0.8925567437646446, "min_samples_split": 0.5789946305627214, "n_estimators": 1933.0694636953053}, "datetime": {"datetime": "2023-02-09 22:01:13", "elapsed": 38219.665226, "delta": 64.91631}}
{"target": -4029.7264501810596, "params": {"criterion": 0.46297024747783294, "max_features": 0.7305433137570253, "min_samples_split": 0.15573843343379298, "n_estimators": 2099.1530246035927}, "datetime": {"datetime": "2023-02-09 22:03:00", "elapsed": 38327.070293, "delta": 107.405067}}
{"target": -8455.954897461092, "params": {"criterion": 0.7992775872480592, "max_features": 0.702928695907066, "min_samples_split": 0.7169995196050437, "n_estimators": 3855.44400575061}, "datetime": {"datetime": "2023-02-09 22:04:26", "elapsed": 38413.36389, "delta": 86.293597}}
{"target": -8455.866488095486, "params": {"criterion": 2.7536408396306906, "max_features": 0.20705306214720218, "min_samples_split": 0.69876658085694, "n_estimators": 2505.4111444856835}, "datetime": {"datetime": "2023-02-09 22:05:24", "elapsed": 38470.491254, "delta": 57.127364}}
{"target": -8438.542600363493, "params": {"criterion": 2.3559728787525422, "max_features": 0.4074362582862725, "min_samples_split": 0.6449986066449684, "n_estimators": 477.9633608014065}, "datetime": {"datetime": "2023-02-09 22:05:35", "elapsed": 38482.310603, "delta": 11.819349}}
{"target": -5806.983234905557, "params": {"criterion": 0.7311141648208016, "max_features": 0.9301096715066549, "min_samples_split": 0.5892963001042043, "n_estimators": 202.39511671122875}, "datetime": {"datetime": "2023-02-09 22:05:43", "elapsed": 38489.77418, "delta": 7.463577}}
{"target": -8455.894347585969, "params": {"criterion": 2.1527302926673686, "max_features": 0.3941293587480687, "min_samples_split": 0.7550608081421392, "n_estimators": 3238.2678546011484}, "datetime": {"datetime": "2023-02-09 22:06:57", "elapsed": 38563.569946, "delta": 73.795766}}
{"target": -4022.62207386048, "params": {"criterion": 2.241392161563882, "max_features": 0.9102508005387763, "min_samples_split": 0.21066974136605093, "n_estimators": 3004.251415570854}, "datetime": {"datetime": "2023-02-09 22:09:48", "elapsed": 38734.847015, "delta": 171.277069}}
{"target": -8455.891768487143, "params": {"criterion": 0.5879359041633647, "max_features": 0.4227231320374963, "min_samples_split": 0.7404621736497592, "n_estimators": 4871.038336054727}, "datetime": {"datetime": "2023-02-09 22:11:39", "elapsed": 38846.306591, "delta": 111.459576}}
{"target": -6365.424643808579, "params": {"criterion": 1.4316899150474185, "max_features": 0.5011667963038318, "min_samples_split": 0.5123311268484363, "n_estimators": 4879.371315729434}, "datetime": {"datetime": "2023-02-09 22:14:11", "elapsed": 38997.647777, "delta": 151.341186}}
{"target": -4081.761033771266, "params": {"criterion": 0.8384113393010011, "max_features": 0.5607969979007428, "min_samples_split": 0.1289986694031794, "n_estimators": 3955.0635673262345}, "datetime": {"datetime": "2023-02-09 22:17:16", "elapsed": 39183.174464, "delta": 185.526687}}
{"target": -8455.849504948848, "params": {"criterion": 1.0025608393794914, "max_features": 0.6253314709683239, "min_samples_split": 0.6942332846628514, "n_estimators": 3960.938063170419}, "datetime": {"datetime": "2023-02-09 22:18:45", "elapsed": 39271.780166, "delta": 88.605702}}
{"target": -3968.7156018207666, "params": {"criterion": 0.582055460094147, "max_features": 0.9681073344085792, "min_samples_split": 0.1509605745790447, "n_estimators": 1138.5565206763351}, "datetime": {"datetime": "2023-02-09 22:19:54", "elapsed": 39341.312836, "delta": 69.53267}}
{"target": -5894.309141336094, "params": {"criterion": 0.03444842379155258, "max_features": 0.8056758669428067, "min_samples_split": 0.5654517523985417, "n_estimators": 4234.317247543523}, "datetime": {"datetime": "2023-02-09 22:22:12", "elapsed": 39479.072995, "delta": 137.760159}}
{"target": -6193.848410969357, "params": {"criterion": 0.48754727747805415, "max_features": 0.6374307271747229, "min_samples_split": 0.59242195872555, "n_estimators": 2988.439780510514}, "datetime": {"datetime": "2023-02-09 22:23:46", "elapsed": 39572.581275, "delta": 93.50828}}
{"target": -6240.608788317191, "params": {"criterion": 2.451838740598541, "max_features": 0.6000500316673838, "min_samples_split": 0.5062619914755923, "n_estimators": 788.7947106057213}, "datetime": {"datetime": "2023-02-09 22:24:12", "elapsed": 39598.774081, "delta": 26.192806}}
{"target": -8455.88783944475, "params": {"criterion": 0.5961169338027497, "max_features": 0.8257948897675635, "min_samples_split": 0.968112118879723, "n_estimators": 2265.6027328113505}, "datetime": {"datetime": "2023-02-09 22:25:03", "elapsed": 39649.696925, "delta": 50.922844}}
{"target": -3671.065259827346, "params": {"criterion": 2.770441891200529, "max_features": 0.7485116415297937, "min_samples_split": 0.05721505145476271, "n_estimators": 2568.7314632876314}, "datetime": {"datetime": "2023-02-09 22:27:52", "elapsed": 39818.677381, "delta": 168.980456}}
