{"target": -8455.869641047493, "params": {"criterion": 2.747797923942985, "max_features": 0.5701192068850641, "min_samples_split": 0.716053074341432, "n_estimators": 3804.3692445826155}, "datetime": {"datetime": "2023-02-11 17:14:54", "elapsed": 2.459898, "delta": 0.004177}}
{"target": -8455.928057200488, "params": {"criterion": 1.1110695289620172, "max_features": 0.7554758082258304, "min_samples_split": 0.858746454883917, "n_estimators": 2792.81846645015}, "datetime": {"datetime": "2023-02-11 17:14:54", "elapsed": 2.463847, "delta": 0.003949}}
{"target": -8455.914554863835, "params": {"criterion": 0.13160152472213613, "max_features": 0.7109579510519602, "min_samples_split": 0.9791761300000655, "n_estimators": 1861.6472503445823}, "datetime": {"datetime": "2023-02-11 17:14:54", "elapsed": 2.467926, "delta": 0.004079}}
{"target": -8455.928591174106, "params": {"criterion": 0.5434868063930622, "max_features": 0.4251747438357427, "min_samples_split": 0.8297152022001789, "n_estimators": 956.0432463978449}, "datetime": {"datetime": "2023-02-11 17:14:54", "elapsed": 2.471861, "delta": 0.003935}}
{"target": -5374.706251842514, "params": {"criterion": 0.037558775749276054, "max_features": 0.374077673677388, "min_samples_split": 0.29239262631141827, "n_estimators": 1050.8054703036835}, "datetime": {"datetime": "2023-02-11 17:14:54", "elapsed": 2.475875, "delta": 0.004014}}
{"target": -4565.466946565738, "params": {"criterion": 0.2580864338909785, "max_features": 0.6959793336603627, "min_samples_split": 0.3238221682389071, "n_estimators": 2021.327364257659}, "datetime": {"datetime": "2023-02-11 17:14:54", "elapsed": 2.479882, "delta": 0.004007}}
{"target": -6180.343852448762, "params": {"criterion": 1.938353649023679, "max_features": 0.620808225793057, "min_samples_split": 0.54058144466169, "n_estimators": 1460.60263327796}, "datetime": {"datetime": "2023-02-11 17:14:54", "elapsed": 2.483785, "delta": 0.003903}}
{"target": -6815.5560119189995, "params": {"criterion": 1.6544577174945698, "max_features": 0.45543585599968195, "min_samples_split": 0.6245991627490282, "n_estimators": 4807.081929867542}, "datetime": {"datetime": "2023-02-11 17:14:54", "elapsed": 2.4878, "delta": 0.004015}}
{"target": -4273.789158356236, "params": {"criterion": 2.3351695368752714, "max_features": 0.6097044993887846, "min_samples_split": 0.1905659346787573, "n_estimators": 411.6323368814424}, "datetime": {"datetime": "2023-02-11 17:14:54", "elapsed": 2.491866, "delta": 0.004066}}
{"target": -8455.946048763017, "params": {"criterion": 2.9759161815569395, "max_features": 0.7913547196331643, "min_samples_split": 0.7445828584555225, "n_estimators": 3341.617456618979}, "datetime": {"datetime": "2023-02-11 17:14:54", "elapsed": 2.495827, "delta": 0.003961}}
{"target": -8455.875465674497, "params": {"criterion": 0.2511154995835459, "max_features": 0.8107195777931858, "min_samples_split": 0.9561155880584152, "n_estimators": 1198.9348864117972}, "datetime": {"datetime": "2023-02-11 17:14:54", "elapsed": 2.499882, "delta": 0.004055}}
{"target": -8455.807479584311, "params": {"criterion": 1.268296866940795, "max_features": 0.3552894508038493, "min_samples_split": 0.8965609106482452, "n_estimators": 2793.880325667049}, "datetime": {"datetime": "2023-02-11 17:14:54", "elapsed": 2.504052, "delta": 0.00417}}
{"target": -8455.998866549571, "params": {"criterion": 2.9381240416137206, "max_features": 0.38323832872654195, "min_samples_split": 0.7765369830806994, "n_estimators": 1065.664233578827}, "datetime": {"datetime": "2023-02-11 17:14:54", "elapsed": 2.508139, "delta": 0.004087}}
{"target": -4842.302077259135, "params": {"criterion": 0.9434339461164196, "max_features": 0.3879659490292819, "min_samples_split": 0.2095681353099835, "n_estimators": 3880.470922412081}, "datetime": {"datetime": "2023-02-11 17:14:54", "elapsed": 2.512054, "delta": 0.003915}}
{"target": -5893.698998915643, "params": {"criterion": 2.105240886582049, "max_features": 0.4046508139920467, "min_samples_split": 0.41724975380547114, "n_estimators": 3077.7730750638066}, "datetime": {"datetime": "2023-02-11 17:14:54", "elapsed": 2.516053, "delta": 0.003999}}
{"target": -8455.92489727005, "params": {"criterion": 0.20640073346902701, "max_features": 0.42585690652452846, "min_samples_split": 0.8932311779090083, "n_estimators": 4995.055911871368}, "datetime": {"datetime": "2023-02-11 17:14:54", "elapsed": 2.520222, "delta": 0.004169}}
{"target": -5050.410758512645, "params": {"criterion": 0.2249605968257031, "max_features": 0.36371525593764753, "min_samples_split": 0.22474791190573304, "n_estimators": 2409.9215599489335}, "datetime": {"datetime": "2023-02-11 17:14:54", "elapsed": 2.524314, "delta": 0.004092}}
{"target": -3955.275774951578, "params": {"criterion": 0.48776500744697954, "max_features": 0.9972384033096809, "min_samples_split": 0.1326015599394, "n_estimators": 2633.880680885738}, "datetime": {"datetime": "2023-02-11 17:14:54", "elapsed": 2.528351, "delta": 0.004037}}
{"target": -4176.380407200884, "params": {"criterion": 1.0068231906849057, "max_features": 0.6820251319015951, "min_samples_split": 0.1989981104521574, "n_estimators": 1542.3073605188013}, "datetime": {"datetime": "2023-02-11 17:14:54", "elapsed": 2.532653, "delta": 0.004302}}
{"target": -8455.833342974951, "params": {"criterion": 1.8645646780710936, "max_features": 0.6195681853978764, "min_samples_split": 0.7707734043347145, "n_estimators": 2265.585503089063}, "datetime": {"datetime": "2023-02-11 17:14:54", "elapsed": 2.537195, "delta": 0.004542}}
{"target": -5575.424064940573, "params": {"criterion": 1.172022794954046, "max_features": 0.3096422049861958, "min_samples_split": 0.3040691046059208, "n_estimators": 4914.295740765094}, "datetime": {"datetime": "2023-02-11 17:14:54", "elapsed": 2.542257, "delta": 0.005062}}
{"target": -4189.3185849435295, "params": {"criterion": 0.22190545385608806, "max_features": 0.37851842583234274, "min_samples_split": 0.09920292985117979, "n_estimators": 3672.6530126468797}, "datetime": {"datetime": "2023-02-11 17:14:54", "elapsed": 2.546704, "delta": 0.004447}}
{"target": -4864.382087114136, "params": {"criterion": 1.4262954230802916, "max_features": 0.4651164929836703, "min_samples_split": 0.27633514612998056, "n_estimators": 3561.67968073362}, "datetime": {"datetime": "2023-02-11 17:14:54", "elapsed": 2.551378, "delta": 0.004674}}
{"target": -5824.864951831078, "params": {"criterion": 1.6406368642040503, "max_features": 0.7722836884106997, "min_samples_split": 0.47987244272712926, "n_estimators": 349.5835440789481}, "datetime": {"datetime": "2023-02-11 17:14:54", "elapsed": 2.556035, "delta": 0.004657}}
{"target": -6121.198043099668, "params": {"criterion": 0.5143209170610314, "max_features": 0.6558427167562046, "min_samples_split": 0.49545528110284054, "n_estimators": 112.29855693125077}, "datetime": {"datetime": "2023-02-11 17:14:54", "elapsed": 2.561586, "delta": 0.005551}}
{"target": -4277.144533060661, "params": {"criterion": 1.205880267964569, "max_features": 0.638108526202671, "min_samples_split": 0.2226152350385685, "n_estimators": 1208.7566836078063}, "datetime": {"datetime": "2023-02-11 17:14:54", "elapsed": 2.566911, "delta": 0.005325}}
{"target": -3628.6232395544257, "params": {"criterion": 2.47315390594753, "max_features": 0.7746540009954296, "min_samples_split": 0.013629991699797584, "n_estimators": 3131.9441050367673}, "datetime": {"datetime": "2023-02-11 17:14:54", "elapsed": 2.571866, "delta": 0.004955}}
{"target": -8455.980115985314, "params": {"criterion": 2.9476858790936578, "max_features": 0.36600608881143826, "min_samples_split": 0.713871230623125, "n_estimators": 514.5864220992502}, "datetime": {"datetime": "2023-02-11 17:14:54", "elapsed": 2.576549, "delta": 0.004683}}
{"target": -3631.4274771298687, "params": {"criterion": 0.10825552108398835, "max_features": 0.6104141043175271, "min_samples_split": 0.008916238360875886, "n_estimators": 3066.3150413530193}, "datetime": {"datetime": "2023-02-11 17:14:54", "elapsed": 2.581269, "delta": 0.00472}}
{"target": -8455.823082193954, "params": {"criterion": 1.3074001562855606, "max_features": 0.46371830439238026, "min_samples_split": 0.794706070586019, "n_estimators": 4094.817755348693}, "datetime": {"datetime": "2023-02-11 17:14:54", "elapsed": 2.586675, "delta": 0.005406}}
{"target": -6234.624334984602, "params": {"criterion": 1.0865299770576107, "max_features": 0.5936836793726159, "min_samples_split": 0.5728840268570826, "n_estimators": 4182.38073750867}, "datetime": {"datetime": "2023-02-11 17:14:54", "elapsed": 2.591082, "delta": 0.004407}}
{"target": -8455.978653594973, "params": {"criterion": 0.859501017528206, "max_features": 0.3777504412251983, "min_samples_split": 0.7826179915517961, "n_estimators": 934.8798617368063}, "datetime": {"datetime": "2023-02-11 17:14:54", "elapsed": 2.595299, "delta": 0.004217}}
{"target": -5778.215273520274, "params": {"criterion": 0.18605699630068964, "max_features": 0.9925451259839323, "min_samples_split": 0.5485473667868731, "n_estimators": 1286.0846189420947}, "datetime": {"datetime": "2023-02-11 17:14:54", "elapsed": 2.600675, "delta": 0.005376}}
{"target": -8455.830937627403, "params": {"criterion": 2.8169230796650173, "max_features": 0.7247770059987487, "min_samples_split": 0.7995541293608808, "n_estimators": 4902.385867540321}, "datetime": {"datetime": "2023-02-11 17:14:54", "elapsed": 2.60565, "delta": 0.004975}}
{"target": -5664.946833111235, "params": {"criterion": 2.8178728821847128, "max_features": 0.29930178322111695, "min_samples_split": 0.3195637548209187, "n_estimators": 2928.5156562927054}, "datetime": {"datetime": "2023-02-11 17:14:54", "elapsed": 2.610346, "delta": 0.004696}}
{"target": -8455.829629927426, "params": {"criterion": 1.4341497359697013, "max_features": 0.6896190523270846, "min_samples_split": 0.701442241300323, "n_estimators": 1716.3988609300784}, "datetime": {"datetime": "2023-02-11 17:14:54", "elapsed": 2.61502, "delta": 0.004674}}
{"target": -3713.909112005532, "params": {"criterion": 2.932287456939098, "max_features": 0.9547476432157047, "min_samples_split": 0.005605576770511807, "n_estimators": 2446.7129942315455}, "datetime": {"datetime": "2023-02-11 17:14:54", "elapsed": 2.619821, "delta": 0.004801}}
{"target": -8455.957372022147, "params": {"criterion": 2.0517439605729053, "max_features": 0.6708197132501528, "min_samples_split": 0.9792249389276744, "n_estimators": 3893.801265767819}, "datetime": {"datetime": "2023-02-11 17:14:54", "elapsed": 2.624412, "delta": 0.004591}}
{"target": -4961.956871954535, "params": {"criterion": 0.8189703634776158, "max_features": 0.5751607164694713, "min_samples_split": 0.3379605962875215, "n_estimators": 2963.2642461460205}, "datetime": {"datetime": "2023-02-11 17:14:54", "elapsed": 2.62899, "delta": 0.004578}}
{"target": -6873.012296279109, "params": {"criterion": 1.8146620174468922, "max_features": 0.30637651386285336, "min_samples_split": 0.523307304455879, "n_estimators": 1511.7083672040205}, "datetime": {"datetime": "2023-02-11 17:14:54", "elapsed": 2.633785, "delta": 0.004795}}
{"target": -5449.804417514997, "params": {"criterion": 1.7448015043778367, "max_features": 0.48261567338017175, "min_samples_split": 0.38741871617344015, "n_estimators": 302.57765779160843}, "datetime": {"datetime": "2023-02-11 17:14:54", "elapsed": 2.638368, "delta": 0.004583}}
{"target": -4279.851156680632, "params": {"criterion": 1.600310350177151, "max_features": 0.25914028755652163, "min_samples_split": 0.05803920064394011, "n_estimators": 1643.0652030807062}, "datetime": {"datetime": "2023-02-11 17:14:54", "elapsed": 2.64246, "delta": 0.004092}}
{"target": -5948.083113721031, "params": {"criterion": 1.6264389793788656, "max_features": 0.40902036788487917, "min_samples_split": 0.4446515172744282, "n_estimators": 1848.385472553283}, "datetime": {"datetime": "2023-02-11 17:14:54", "elapsed": 2.64685, "delta": 0.00439}}
{"target": -5065.729118153061, "params": {"criterion": 1.17910286476573, "max_features": 0.5864629902042073, "min_samples_split": 0.3706876063807192, "n_estimators": 4618.780798911551}, "datetime": {"datetime": "2023-02-11 17:14:54", "elapsed": 2.651336, "delta": 0.004486}}
{"target": -4345.234268322657, "params": {"criterion": 1.9162253586682207, "max_features": 0.43876064093356015, "min_samples_split": 0.1390659816493339, "n_estimators": 2085.7938267829923}, "datetime": {"datetime": "2023-02-11 17:14:54", "elapsed": 2.655575, "delta": 0.004239}}
{"target": -5069.469904174453, "params": {"criterion": 2.6700064088851354, "max_features": 0.3024499659699608, "min_samples_split": 0.18353628305774275, "n_estimators": 337.0776591069839}, "datetime": {"datetime": "2023-02-11 17:14:54", "elapsed": 2.659608, "delta": 0.004033}}
{"target": -8455.947886958922, "params": {"criterion": 2.1766393074919232, "max_features": 0.5295326124981866, "min_samples_split": 0.667902455531, "n_estimators": 2917.8544829662433}, "datetime": {"datetime": "2023-02-11 17:14:54", "elapsed": 2.664268, "delta": 0.00466}}
{"target": -8455.87585590123, "params": {"criterion": 1.2903362401996261, "max_features": 0.5485028882800396, "min_samples_split": 0.8673230234617927, "n_estimators": 3240.665341459111}, "datetime": {"datetime": "2023-02-11 17:14:54", "elapsed": 2.668525, "delta": 0.004257}}
{"target": -8455.87140004106, "params": {"criterion": 0.19150008375536384, "max_features": 0.23454018925491696, "min_samples_split": 0.7666931882953124, "n_estimators": 4611.093703486355}, "datetime": {"datetime": "2023-02-11 17:14:54", "elapsed": 2.672712, "delta": 0.004187}}
{"target": -5790.496521675413, "params": {"criterion": 1.3557488429174034, "max_features": 0.9236876339498541, "min_samples_split": 0.5313526589435588, "n_estimators": 986.3947565353184}, "datetime": {"datetime": "2023-02-11 17:14:54", "elapsed": 2.676842, "delta": 0.00413}}
{"target": -5623.694778319975, "params": {"criterion": 0.23279073482145762, "max_features": 0.4717600909942592, "min_samples_split": 0.429167714791638, "n_estimators": 3959.8020844642188}, "datetime": {"datetime": "2023-02-11 17:14:54", "elapsed": 2.681379, "delta": 0.004537}}
{"target": -3620.964525892365, "params": {"criterion": 0.593536092653527, "max_features": 0.6479130006954771, "min_samples_split": 0.018990152468457453, "n_estimators": 4359.612056354189}, "datetime": {"datetime": "2023-02-11 17:14:54", "elapsed": 2.685541, "delta": 0.004162}}
{"target": -5827.048060777064, "params": {"criterion": 0.7838022715812067, "max_features": 0.8925567437646446, "min_samples_split": 0.5789946305627214, "n_estimators": 1933.0694636953053}, "datetime": {"datetime": "2023-02-11 17:14:54", "elapsed": 2.689662, "delta": 0.004121}}
{"target": -4029.7264501810596, "params": {"criterion": 0.46297024747783294, "max_features": 0.7305433137570253, "min_samples_split": 0.15573843343379298, "n_estimators": 2099.1530246035927}, "datetime": {"datetime": "2023-02-11 17:14:54", "elapsed": 2.694007, "delta": 0.004345}}
{"target": -8455.954897461092, "params": {"criterion": 0.7992775872480592, "max_features": 0.702928695907066, "min_samples_split": 0.7169995196050437, "n_estimators": 3855.44400575061}, "datetime": {"datetime": "2023-02-11 17:14:54", "elapsed": 2.698582, "delta": 0.004575}}
{"target": -8455.866488095486, "params": {"criterion": 2.7536408396306906, "max_features": 0.20705306214720218, "min_samples_split": 0.69876658085694, "n_estimators": 2505.4111444856835}, "datetime": {"datetime": "2023-02-11 17:14:54", "elapsed": 2.70269, "delta": 0.004108}}
{"target": -8438.542600363493, "params": {"criterion": 2.3559728787525422, "max_features": 0.4074362582862725, "min_samples_split": 0.6449986066449684, "n_estimators": 477.9633608014065}, "datetime": {"datetime": "2023-02-11 17:14:54", "elapsed": 2.70667, "delta": 0.00398}}
{"target": -5806.983234905557, "params": {"criterion": 0.7311141648208016, "max_features": 0.9301096715066549, "min_samples_split": 0.5892963001042043, "n_estimators": 202.39511671122875}, "datetime": {"datetime": "2023-02-11 17:14:54", "elapsed": 2.710768, "delta": 0.004098}}
{"target": -8455.894347585969, "params": {"criterion": 2.1527302926673686, "max_features": 0.3941293587480687, "min_samples_split": 0.7550608081421392, "n_estimators": 3238.2678546011484}, "datetime": {"datetime": "2023-02-11 17:14:54", "elapsed": 2.715051, "delta": 0.004283}}
{"target": -4022.62207386048, "params": {"criterion": 2.241392161563882, "max_features": 0.9102508005387763, "min_samples_split": 0.21066974136605093, "n_estimators": 3004.251415570854}, "datetime": {"datetime": "2023-02-11 17:14:54", "elapsed": 2.719143, "delta": 0.004092}}
{"target": -8455.891768487143, "params": {"criterion": 0.5879359041633647, "max_features": 0.4227231320374963, "min_samples_split": 0.7404621736497592, "n_estimators": 4871.038336054727}, "datetime": {"datetime": "2023-02-11 17:14:54", "elapsed": 2.739369, "delta": 0.020226}}
{"target": -6365.424643808579, "params": {"criterion": 1.4316899150474185, "max_features": 0.5011667963038318, "min_samples_split": 0.5123311268484363, "n_estimators": 4879.371315729434}, "datetime": {"datetime": "2023-02-11 17:14:54", "elapsed": 2.744258, "delta": 0.004889}}
{"target": -4081.761033771266, "params": {"criterion": 0.8384113393010011, "max_features": 0.5607969979007428, "min_samples_split": 0.1289986694031794, "n_estimators": 3955.0635673262345}, "datetime": {"datetime": "2023-02-11 17:14:54", "elapsed": 2.748696, "delta": 0.004438}}
{"target": -8455.849504948848, "params": {"criterion": 1.0025608393794914, "max_features": 0.6253314709683239, "min_samples_split": 0.6942332846628514, "n_estimators": 3960.938063170419}, "datetime": {"datetime": "2023-02-11 17:14:54", "elapsed": 2.752872, "delta": 0.004176}}
{"target": -3968.7156018207666, "params": {"criterion": 0.582055460094147, "max_features": 0.9681073344085792, "min_samples_split": 0.1509605745790447, "n_estimators": 1138.5565206763351}, "datetime": {"datetime": "2023-02-11 17:14:54", "elapsed": 2.757242, "delta": 0.00437}}
{"target": -5894.309141336094, "params": {"criterion": 0.03444842379155258, "max_features": 0.8056758669428067, "min_samples_split": 0.5654517523985417, "n_estimators": 4234.317247543523}, "datetime": {"datetime": "2023-02-11 17:14:54", "elapsed": 2.761746, "delta": 0.004504}}
{"target": -6193.848410969357, "params": {"criterion": 0.48754727747805415, "max_features": 0.6374307271747229, "min_samples_split": 0.59242195872555, "n_estimators": 2988.439780510514}, "datetime": {"datetime": "2023-02-11 17:14:54", "elapsed": 2.766481, "delta": 0.004735}}
{"target": -6240.608788317191, "params": {"criterion": 2.451838740598541, "max_features": 0.6000500316673838, "min_samples_split": 0.5062619914755923, "n_estimators": 788.7947106057213}, "datetime": {"datetime": "2023-02-11 17:14:54", "elapsed": 2.770922, "delta": 0.004441}}
{"target": -8455.88783944475, "params": {"criterion": 0.5961169338027497, "max_features": 0.8257948897675635, "min_samples_split": 0.968112118879723, "n_estimators": 2265.6027328113505}, "datetime": {"datetime": "2023-02-11 17:14:54", "elapsed": 2.77506, "delta": 0.004138}}
{"target": -3671.065259827346, "params": {"criterion": 2.770441891200529, "max_features": 0.7485116415297937, "min_samples_split": 0.05721505145476271, "n_estimators": 2568.7314632876314}, "datetime": {"datetime": "2023-02-11 17:14:54", "elapsed": 2.779494, "delta": 0.004434}}
{"target": -8455.917504284798, "params": {"criterion": 1.5376856610297154, "max_features": 0.49181179057081814, "min_samples_split": 0.7798597517227489, "n_estimators": 2173.246399502936}, "datetime": {"datetime": "2023-02-11 17:14:54", "elapsed": 2.783945, "delta": 0.004451}}
{"target": -6157.981660548956, "params": {"criterion": 2.5574545624685303, "max_features": 0.7059926641630422, "min_samples_split": 0.6028106915537442, "n_estimators": 393.90847224706414}, "datetime": {"datetime": "2023-02-11 17:14:54", "elapsed": 2.788026, "delta": 0.004081}}
{"target": -8455.950905705551, "params": {"criterion": 2.554287304341802, "max_features": 0.5464429894444225, "min_samples_split": 0.7333398827663589, "n_estimators": 3257.747341935517}, "datetime": {"datetime": "2023-02-11 17:14:54", "elapsed": 2.792357, "delta": 0.004331}}
{"target": -3979.7040527441227, "params": {"criterion": 1.6082400868682445, "max_features": 0.8450651227114868, "min_samples_split": 0.1459204204503823, "n_estimators": 1910.5650880407325}, "datetime": {"datetime": "2023-02-11 17:14:54", "elapsed": 2.796459, "delta": 0.004102}}
{"target": -8438.389623002406, "params": {"criterion": 1.6951343825340341, "max_features": 0.21796035996571286, "min_samples_split": 0.6433356849384902, "n_estimators": 2471.596015626072}, "datetime": {"datetime": "2023-02-11 17:14:54", "elapsed": 2.800704, "delta": 0.004245}}
{"target": -8455.831863172916, "params": {"criterion": 0.3067231040974356, "max_features": 0.36349891101232445, "min_samples_split": 0.8062202675882636, "n_estimators": 4437.633264977174}, "datetime": {"datetime": "2023-02-11 17:14:54", "elapsed": 2.804826, "delta": 0.004122}}
{"target": -5002.982426504626, "params": {"criterion": 2.245868607759474, "max_features": 0.76662976714458, "min_samples_split": 0.4174265127460019, "n_estimators": 4551.436856612118}, "datetime": {"datetime": "2023-02-11 17:14:54", "elapsed": 2.80929, "delta": 0.004464}}
{"target": -4476.799623250515, "params": {"criterion": 2.674007992903783, "max_features": 0.9308710360681867, "min_samples_split": 0.38683807460715813, "n_estimators": 151.10869890811094}, "datetime": {"datetime": "2023-02-11 17:14:54", "elapsed": 2.813474, "delta": 0.004184}}
{"target": -5668.991267043898, "params": {"criterion": 1.5249727791956484, "max_features": 0.25251012722542976, "min_samples_split": 0.2782427953818711, "n_estimators": 3436.065121405049}, "datetime": {"datetime": "2023-02-11 17:14:54", "elapsed": 2.817637, "delta": 0.004163}}
