{"target": -8455.863184172758, "params": {"criterion": 0.9238115501366007, "max_features": 0.2976174536423801, "min_samples_split": 0.9468420345108414, "n_estimators": 4889.213691254465}, "datetime": {"datetime": "2023-02-11 20:30:36", "elapsed": 1.103186, "delta": 0.006118}}
{"target": -3676.1012471575937, "params": {"criterion": 2.7133473148806995, "max_features": 0.837784702236785, "min_samples_split": 0.06551633698325449, "n_estimators": 3613.4892673849295}, "datetime": {"datetime": "2023-02-11 20:30:36", "elapsed": 1.109441, "delta": 0.006255}}
{"target": -8447.275537355588, "params": {"criterion": 1.3676857117957832, "max_features": 0.32468637475985257, "min_samples_split": 0.6466908510833356, "n_estimators": 243.249402210028}, "datetime": {"datetime": "2023-02-11 20:30:36", "elapsed": 1.1155, "delta": 0.006059}}
{"target": -3654.365882155294, "params": {"criterion": 2.260487265442905, "max_features": 0.9122411142167449, "min_samples_split": 0.010477963269300151, "n_estimators": 1704.3964297525445}, "datetime": {"datetime": "2023-02-11 20:30:36", "elapsed": 1.121799, "delta": 0.006299}}
{"target": -3892.974146134414, "params": {"criterion": 2.4853904253083194, "max_features": 0.293737851570008, "min_samples_split": 0.02479079876612886, "n_estimators": 4090.332291474102}, "datetime": {"datetime": "2023-02-11 20:30:36", "elapsed": 1.12804, "delta": 0.006241}}
{"target": -4546.520176596025, "params": {"criterion": 0.7466909253982977, "max_features": 0.40245369878355997, "min_samples_split": 0.15830515270022183, "n_estimators": 1452.6741479303912}, "datetime": {"datetime": "2023-02-11 20:30:36", "elapsed": 1.135349, "delta": 0.007309}}
{"target": -5681.447648924182, "params": {"criterion": 1.2860881656864465, "max_features": 0.40979582049892227, "min_samples_split": 0.36697365269710086, "n_estimators": 1811.5484071574608}, "datetime": {"datetime": "2023-02-11 20:30:36", "elapsed": 1.142208, "delta": 0.006859}}
{"target": -5147.563066360033, "params": {"criterion": 0.9990740377339341, "max_features": 0.44556677306984643, "min_samples_split": 0.3151642606966794, "n_estimators": 1424.1033692204394}, "datetime": {"datetime": "2023-02-11 20:30:36", "elapsed": 1.14848, "delta": 0.006272}}
{"target": -8455.848700144397, "params": {"criterion": 2.7007938267953344, "max_features": 0.9737155658170431, "min_samples_split": 0.8966192076321975, "n_estimators": 1929.0493610036472}, "datetime": {"datetime": "2023-02-11 20:30:36", "elapsed": 1.155064, "delta": 0.006584}}
{"target": -8455.815806973278, "params": {"criterion": 1.944772820894444, "max_features": 0.4519931663226774, "min_samples_split": 0.8099101075013188, "n_estimators": 4043.387193873199}, "datetime": {"datetime": "2023-02-11 20:30:36", "elapsed": 1.161245, "delta": 0.006181}}
{"target": -8455.897734214373, "params": {"criterion": 2.383173624242143, "max_features": 0.2928127086603178, "min_samples_split": 0.8115358240045729, "n_estimators": 3919.8064591231364}, "datetime": {"datetime": "2023-02-11 20:30:36", "elapsed": 1.167318, "delta": 0.006073}}
{"target": -4077.295545943857, "params": {"criterion": 2.655151957277407, "max_features": 0.46073127544700987, "min_samples_split": 0.10724399865363628, "n_estimators": 890.1238106135914}, "datetime": {"datetime": "2023-02-11 20:30:36", "elapsed": 1.174214, "delta": 0.006896}}
{"target": -4155.039373278689, "params": {"criterion": 2.0182918057524604, "max_features": 0.7724988020380175, "min_samples_split": 0.23728675613995331, "n_estimators": 4048.015105551682}, "datetime": {"datetime": "2023-02-11 20:30:36", "elapsed": 1.180239, "delta": 0.006025}}
{"target": -8455.860428171869, "params": {"criterion": 2.7547970625648723, "max_features": 0.9877608987146352, "min_samples_split": 0.9969477355914288, "n_estimators": 2628.0274072484262}, "datetime": {"datetime": "2023-02-11 20:30:36", "elapsed": 1.186694, "delta": 0.006455}}
{"target": -8455.996487369353, "params": {"criterion": 2.100182917420691, "max_features": 0.26505542589950504, "min_samples_split": 0.9010612684522998, "n_estimators": 4086.554970847417}, "datetime": {"datetime": "2023-02-11 20:30:36", "elapsed": 1.192689, "delta": 0.005995}}
{"target": -4365.18949664114, "params": {"criterion": 1.0771492335804116, "max_features": 0.9806631909912013, "min_samples_split": 0.3860088997767963, "n_estimators": 179.42602075611717}, "datetime": {"datetime": "2023-02-11 20:30:36", "elapsed": 1.198811, "delta": 0.006122}}
{"target": -5227.384694355003, "params": {"criterion": 0.05602149864437943, "max_features": 0.6371916694183931, "min_samples_split": 0.44315768796982846, "n_estimators": 225.93072249068354}, "datetime": {"datetime": "2023-02-11 20:30:36", "elapsed": 1.205243, "delta": 0.006432}}
{"target": -5453.474693262148, "params": {"criterion": 1.1048767132247581, "max_features": 0.5386470887420703, "min_samples_split": 0.40542288045992547, "n_estimators": 4990.580556778592}, "datetime": {"datetime": "2023-02-11 20:30:36", "elapsed": 1.211198, "delta": 0.005955}}
{"target": -4618.792930555979, "params": {"criterion": 0.4700104587881575, "max_features": 0.5518891886749833, "min_samples_split": 0.2702786077789625, "n_estimators": 4847.92083933835}, "datetime": {"datetime": "2023-02-11 20:30:36", "elapsed": 1.21783, "delta": 0.006632}}
{"target": -8449.831529334639, "params": {"criterion": 1.7693681436433246, "max_features": 0.7645691174610871, "min_samples_split": 0.6499066848782311, "n_estimators": 3801.4947084372448}, "datetime": {"datetime": "2023-02-11 20:30:36", "elapsed": 1.22422, "delta": 0.00639}}
{"target": -4940.744181099735, "params": {"criterion": 2.6558542816559143, "max_features": 0.40552270683863767, "min_samples_split": 0.2280482077547858, "n_estimators": 3052.944370560438}, "datetime": {"datetime": "2023-02-11 20:30:36", "elapsed": 1.230641, "delta": 0.006421}}
{"target": -8455.9531218941, "params": {"criterion": 0.7084688648627873, "max_features": 0.7858984918818487, "min_samples_split": 0.663966117809251, "n_estimators": 1272.4471091412502}, "datetime": {"datetime": "2023-02-11 20:30:36", "elapsed": 1.237143, "delta": 0.006502}}
{"target": -5550.605832385794, "params": {"criterion": 0.5577255971859042, "max_features": 0.4530547855887913, "min_samples_split": 0.3663557005739924, "n_estimators": 2990.5432720399526}, "datetime": {"datetime": "2023-02-11 20:30:36", "elapsed": 1.243426, "delta": 0.006283}}
{"target": -6498.0729975775885, "params": {"criterion": 2.2776408958431897, "max_features": 0.460675346427053, "min_samples_split": 0.502021740675866, "n_estimators": 2960.7722199583395}, "datetime": {"datetime": "2023-02-11 20:30:36", "elapsed": 1.249783, "delta": 0.006357}}
{"target": -5142.353411551269, "params": {"criterion": 0.7997759876313184, "max_features": 0.772257453633031, "min_samples_split": 0.45727965282725397, "n_estimators": 3286.1337247225924}, "datetime": {"datetime": "2023-02-11 20:30:36", "elapsed": 1.256215, "delta": 0.006432}}
{"target": -8456.039885348724, "params": {"criterion": 1.5079562486734137, "max_features": 0.5474598678497504, "min_samples_split": 0.7177229077957314, "n_estimators": 160.56812859871062}, "datetime": {"datetime": "2023-02-11 20:30:36", "elapsed": 1.262209, "delta": 0.005994}}
{"target": -8455.949335999514, "params": {"criterion": 0.24087509572847676, "max_features": 0.6628454557766337, "min_samples_split": 0.8135589921299093, "n_estimators": 2851.527544877087}, "datetime": {"datetime": "2023-02-11 20:30:36", "elapsed": 1.268676, "delta": 0.006467}}
{"target": -8455.876888551325, "params": {"criterion": 1.8107147293141925, "max_features": 0.37967909804648936, "min_samples_split": 0.9194571344055903, "n_estimators": 1106.9534320058094}, "datetime": {"datetime": "2023-02-11 20:30:36", "elapsed": 1.275025, "delta": 0.006349}}
{"target": -4496.929788578027, "params": {"criterion": 2.064946859934411, "max_features": 0.5027445828051238, "min_samples_split": 0.21158672097287484, "n_estimators": 4122.857576838995}, "datetime": {"datetime": "2023-02-11 20:30:36", "elapsed": 1.281262, "delta": 0.006237}}
{"target": -5846.097343122409, "params": {"criterion": 0.34371185681301664, "max_features": 0.8193765273217734, "min_samples_split": 0.4830639059546654, "n_estimators": 4753.577805938772}, "datetime": {"datetime": "2023-02-11 20:30:36", "elapsed": 1.287553, "delta": 0.006291}}
{"target": -8455.883136729262, "params": {"criterion": 1.6490561785231144, "max_features": 0.6215023027181455, "min_samples_split": 0.8735100934795442, "n_estimators": 3268.956518774553}, "datetime": {"datetime": "2023-02-11 20:30:36", "elapsed": 1.293845, "delta": 0.006292}}
{"target": -5062.432459570294, "params": {"criterion": 0.9876593860778569, "max_features": 0.21244050650306398, "min_samples_split": 0.13716798915874637, "n_estimators": 3874.5577706863482}, "datetime": {"datetime": "2023-02-11 20:30:36", "elapsed": 1.300131, "delta": 0.006286}}
{"target": -6070.567846696284, "params": {"criterion": 2.499116543454597, "max_features": 0.7331266338605477, "min_samples_split": 0.5755410931863084, "n_estimators": 4551.395716223309}, "datetime": {"datetime": "2023-02-11 20:30:36", "elapsed": 1.306574, "delta": 0.006443}}
{"target": -8455.86795904205, "params": {"criterion": 2.143054017047872, "max_features": 0.58765673466865, "min_samples_split": 0.7073484119319318, "n_estimators": 3232.927317792541}, "datetime": {"datetime": "2023-02-11 20:30:36", "elapsed": 1.312871, "delta": 0.006297}}
{"target": -8455.960764514926, "params": {"criterion": 0.0748158423765089, "max_features": 0.843271408921872, "min_samples_split": 0.7462994476038274, "n_estimators": 1996.6398290568136}, "datetime": {"datetime": "2023-02-11 20:30:36", "elapsed": 1.318916, "delta": 0.006045}}
{"target": -8455.92703276368, "params": {"criterion": 1.7589043139510294, "max_features": 0.3922348437386669, "min_samples_split": 0.9885324858606481, "n_estimators": 2985.033419281496}, "datetime": {"datetime": "2023-02-11 20:30:36", "elapsed": 1.3254, "delta": 0.006484}}
{"target": -8455.926483772007, "params": {"criterion": 0.5972137457554516, "max_features": 0.9921747437336244, "min_samples_split": 0.853030773447055, "n_estimators": 1786.1930652784852}, "datetime": {"datetime": "2023-02-11 20:30:36", "elapsed": 1.331653, "delta": 0.006253}}
{"target": -5795.481472867999, "params": {"criterion": 1.971057411056657, "max_features": 0.9467243768154957, "min_samples_split": 0.5590645350922098, "n_estimators": 3123.814879315447}, "datetime": {"datetime": "2023-02-11 20:30:36", "elapsed": 1.338043, "delta": 0.00639}}
{"target": -8456.012570307666, "params": {"criterion": 1.4069207153227934, "max_features": 0.9958851357719222, "min_samples_split": 0.9333870144734527, "n_estimators": 238.4515207022309}, "datetime": {"datetime": "2023-02-11 20:30:36", "elapsed": 1.344394, "delta": 0.006351}}
{"target": -4326.49733795186, "params": {"criterion": 1.345133980374629, "max_features": 0.47470276465695416, "min_samples_split": 0.15583119276154528, "n_estimators": 1548.6589989575573}, "datetime": {"datetime": "2023-02-11 20:30:36", "elapsed": 1.350519, "delta": 0.006125}}
{"target": -4738.723529179123, "params": {"criterion": 2.151678857174215, "max_features": 0.5917232701581229, "min_samples_split": 0.30833622661018156, "n_estimators": 4607.748621491778}, "datetime": {"datetime": "2023-02-11 20:30:36", "elapsed": 1.382508, "delta": 0.031989}}
{"target": -8455.912164871557, "params": {"criterion": 2.0871924275834766, "max_features": 0.42435847441009106, "min_samples_split": 0.7930952634006101, "n_estimators": 4993.331649122419}, "datetime": {"datetime": "2023-02-11 20:30:36", "elapsed": 1.389508, "delta": 0.007}}
{"target": -8455.915433121594, "params": {"criterion": 2.1128308606337796, "max_features": 0.5820291815915124, "min_samples_split": 0.7954042571696522, "n_estimators": 2709.279950954811}, "datetime": {"datetime": "2023-02-11 20:30:36", "elapsed": 1.39589, "delta": 0.006382}}
{"target": -8455.943706638645, "params": {"criterion": 1.7238412717862677, "max_features": 0.9731232566448708, "min_samples_split": 0.9425989429331316, "n_estimators": 2987.3999184418412}, "datetime": {"datetime": "2023-02-11 20:30:36", "elapsed": 1.402028, "delta": 0.006138}}
{"target": -5291.625361354994, "params": {"criterion": 0.6886523152699487, "max_features": 0.598365125163912, "min_samples_split": 0.43566785186780255, "n_estimators": 1721.7555488632902}, "datetime": {"datetime": "2023-02-11 20:30:36", "elapsed": 1.408363, "delta": 0.006335}}
{"target": -4730.783343979836, "params": {"criterion": 1.8111898260631834, "max_features": 0.2794827500137475, "min_samples_split": 0.11583442567354538, "n_estimators": 4851.472827460651}, "datetime": {"datetime": "2023-02-11 20:30:36", "elapsed": 1.414863, "delta": 0.0065}}
{"target": -8455.932323546589, "params": {"criterion": 2.8585888931851047, "max_features": 0.5065580958336163, "min_samples_split": 0.9874784396542653, "n_estimators": 3619.3301609517234}, "datetime": {"datetime": "2023-02-11 20:30:36", "elapsed": 1.421912, "delta": 0.007049}}
{"target": -8455.912050640458, "params": {"criterion": 2.772602702596807, "max_features": 0.46819932037931744, "min_samples_split": 0.8425370081202961, "n_estimators": 3064.119788416328}, "datetime": {"datetime": "2023-02-11 20:30:36", "elapsed": 1.429107, "delta": 0.007195}}
{"target": -6095.8201008077585, "params": {"criterion": 2.525357765737993, "max_features": 0.27403143622755544, "min_samples_split": 0.35052476250593384, "n_estimators": 2203.0603123607784}, "datetime": {"datetime": "2023-02-11 20:30:36", "elapsed": 1.435729, "delta": 0.006622}}
{"target": -3717.1731598437277, "params": {"criterion": 2.407864585855691, "max_features": 0.39678161829556047, "min_samples_split": 0.0034316108364507206, "n_estimators": 2004.4160910261876}, "datetime": {"datetime": "2023-02-11 20:30:36", "elapsed": 1.44218, "delta": 0.006451}}
{"target": -8455.848513399973, "params": {"criterion": 2.764687236535775, "max_features": 0.3255938028484332, "min_samples_split": 0.7499444607315183, "n_estimators": 4742.669733353176}, "datetime": {"datetime": "2023-02-11 20:30:36", "elapsed": 1.44919, "delta": 0.00701}}
{"target": -5853.268252094507, "params": {"criterion": 0.7523059689954138, "max_features": 0.3294262504443105, "min_samples_split": 0.34308672464932477, "n_estimators": 1532.3706549944077}, "datetime": {"datetime": "2023-02-11 20:30:36", "elapsed": 1.456153, "delta": 0.006963}}
{"target": -6251.087076826555, "params": {"criterion": 0.8112124889567679, "max_features": 0.5817573875724937, "min_samples_split": 0.5585920756634447, "n_estimators": 131.10263240544262}, "datetime": {"datetime": "2023-02-11 20:30:36", "elapsed": 1.462768, "delta": 0.006615}}
{"target": -8456.017638405032, "params": {"criterion": 2.530288745545993, "max_features": 0.3123902638954073, "min_samples_split": 0.7623895490678189, "n_estimators": 503.940833050088}, "datetime": {"datetime": "2023-02-11 20:30:36", "elapsed": 1.469316, "delta": 0.006548}}
{"target": -4706.457415802914, "params": {"criterion": 2.2912070839796153, "max_features": 0.49334001386676163, "min_samples_split": 0.2417975129380649, "n_estimators": 3817.26486689183}, "datetime": {"datetime": "2023-02-11 20:30:36", "elapsed": 1.475532, "delta": 0.006216}}
{"target": -8455.87558082522, "params": {"criterion": 0.16745186669489545, "max_features": 0.5612922297578178, "min_samples_split": 0.9007454732050867, "n_estimators": 4545.697655806812}, "datetime": {"datetime": "2023-02-11 20:30:36", "elapsed": 1.481804, "delta": 0.006272}}
{"target": -8456.003521415138, "params": {"criterion": 1.4065969914215957, "max_features": 0.8655327676200352, "min_samples_split": 0.6678578535681744, "n_estimators": 1382.3988479828606}, "datetime": {"datetime": "2023-02-11 20:30:36", "elapsed": 1.487866, "delta": 0.006062}}
{"target": -8455.850996857433, "params": {"criterion": 1.0726394612506882, "max_features": 0.9423937088875926, "min_samples_split": 0.8820248178296328, "n_estimators": 4792.377164493151}, "datetime": {"datetime": "2023-02-11 20:30:36", "elapsed": 1.494147, "delta": 0.006281}}
{"target": -4608.167260634685, "params": {"criterion": 0.663563739952016, "max_features": 0.32418769841985173, "min_samples_split": 0.12329853717075047, "n_estimators": 2442.042977628904}, "datetime": {"datetime": "2023-02-11 20:30:36", "elapsed": 1.500476, "delta": 0.006329}}
{"target": -5789.386035680652, "params": {"criterion": 0.7722408653395195, "max_features": 0.9573743474573415, "min_samples_split": 0.4909442736194265, "n_estimators": 3632.3669756668855}, "datetime": {"datetime": "2023-02-11 20:30:36", "elapsed": 1.506807, "delta": 0.006331}}
{"target": -3632.2119818133187, "params": {"criterion": 2.9885971749952445, "max_features": 0.5505989596624612, "min_samples_split": 0.02156003541525642, "n_estimators": 173.9977448851263}, "datetime": {"datetime": "2023-02-11 20:30:36", "elapsed": 1.513243, "delta": 0.006436}}
{"target": -3847.367964344839, "params": {"criterion": 1.4150419767859748, "max_features": 0.7119244887474354, "min_samples_split": 0.10562643423366568, "n_estimators": 1176.3220921850984}, "datetime": {"datetime": "2023-02-11 20:30:36", "elapsed": 1.519339, "delta": 0.006096}}
{"target": -8455.937703162232, "params": {"criterion": 2.204738921031497, "max_features": 0.7716853945914829, "min_samples_split": 0.96029536367261, "n_estimators": 3683.5267616378337}, "datetime": {"datetime": "2023-02-11 20:30:36", "elapsed": 1.525731, "delta": 0.006392}}
{"target": -8455.953312414455, "params": {"criterion": 2.5200552555410978, "max_features": 0.677078761513106, "min_samples_split": 0.6819559660745814, "n_estimators": 3582.994391547304}, "datetime": {"datetime": "2023-02-11 20:30:36", "elapsed": 1.532088, "delta": 0.006357}}
{"target": -5428.260624232091, "params": {"criterion": 0.5268084867194913, "max_features": 0.5080605597598326, "min_samples_split": 0.3987961227191424, "n_estimators": 1996.9971615331306}, "datetime": {"datetime": "2023-02-11 20:30:36", "elapsed": 1.538359, "delta": 0.006271}}
{"target": -8455.942403288975, "params": {"criterion": 0.561941470949036, "max_features": 0.5410857765017626, "min_samples_split": 0.7379308065860053, "n_estimators": 4951.588629779606}, "datetime": {"datetime": "2023-02-11 20:30:36", "elapsed": 1.54459, "delta": 0.006231}}
{"target": -8455.82536797298, "params": {"criterion": 0.20650204763951566, "max_features": 0.882565215789192, "min_samples_split": 0.784692617032075, "n_estimators": 2448.748747308324}, "datetime": {"datetime": "2023-02-11 20:30:36", "elapsed": 1.550661, "delta": 0.006071}}
{"target": -5139.572595673876, "params": {"criterion": 0.892589720431299, "max_features": 0.5887657893827535, "min_samples_split": 0.3929124771101455, "n_estimators": 4508.502950815577}, "datetime": {"datetime": "2023-02-11 20:30:36", "elapsed": 1.557025, "delta": 0.006364}}
{"target": -6975.647077908436, "params": {"criterion": 0.8400095574743306, "max_features": 0.2794270842747604, "min_samples_split": 0.504508664262757, "n_estimators": 971.0573311510457}, "datetime": {"datetime": "2023-02-11 20:30:36", "elapsed": 1.563156, "delta": 0.006131}}
{"target": -8455.816852415435, "params": {"criterion": 0.6942493648820084, "max_features": 0.7594468975561288, "min_samples_split": 0.8851137473922236, "n_estimators": 4492.445814045453}, "datetime": {"datetime": "2023-02-11 20:30:36", "elapsed": 1.568986, "delta": 0.00583}}
{"target": -8455.878925251254, "params": {"criterion": 2.4203749917363293, "max_features": 0.8305082296592678, "min_samples_split": 0.8114748403695815, "n_estimators": 1690.354031264665}, "datetime": {"datetime": "2023-02-11 20:30:36", "elapsed": 1.575297, "delta": 0.006311}}
{"target": -8455.867586200922, "params": {"criterion": 1.8624457920925581, "max_features": 0.34864818573499556, "min_samples_split": 0.8525755293169608, "n_estimators": 4793.402387779374}, "datetime": {"datetime": "2023-02-11 20:30:36", "elapsed": 1.581248, "delta": 0.005951}}
{"target": -8455.860896529983, "params": {"criterion": 0.7577547884552648, "max_features": 0.25938471055260004, "min_samples_split": 0.7294061655739287, "n_estimators": 4593.570400954481}, "datetime": {"datetime": "2023-02-11 20:30:36", "elapsed": 1.587231, "delta": 0.005983}}
{"target": -6446.57813946653, "params": {"criterion": 2.53029044846227, "max_features": 0.21452513907091997, "min_samples_split": 0.4308949251655216, "n_estimators": 2037.4776068275448}, "datetime": {"datetime": "2023-02-11 20:30:36", "elapsed": 1.593388, "delta": 0.006157}}
{"target": -8455.882840338045, "params": {"criterion": 1.2641951331899195, "max_features": 0.31573419063078134, "min_samples_split": 0.7611862453213855, "n_estimators": 3493.045662397666}, "datetime": {"datetime": "2023-02-11 20:30:36", "elapsed": 1.599343, "delta": 0.005955}}
{"target": -8455.944239781475, "params": {"criterion": 1.8354212889384742, "max_features": 0.943421277029158, "min_samples_split": 0.7153752988859647, "n_estimators": 1683.0597416010514}, "datetime": {"datetime": "2023-02-11 20:30:36", "elapsed": 1.605436, "delta": 0.006093}}
{"target": -3986.7603335748586, "params": {"criterion": 2.4480525558491553, "max_features": 0.957842744821829, "min_samples_split": 0.16141238896489782, "n_estimators": 2691.994760421769}, "datetime": {"datetime": "2023-02-11 20:30:36", "elapsed": 1.611549, "delta": 0.006113}}
{"target": -5461.868584219772, "params": {"criterion": 2.337943772279713, "max_features": 0.48890950484242746, "min_samples_split": 0.3687204221152139, "n_estimators": 3535.747222589509}, "datetime": {"datetime": "2023-02-11 20:30:36", "elapsed": 1.6174, "delta": 0.005851}}
{"target": -4182.441936146412, "params": {"criterion": 1.6592039428593448, "max_features": 0.6997523272146947, "min_samples_split": 0.2053356880705319, "n_estimators": 3251.6141381811276}, "datetime": {"datetime": "2023-02-11 20:30:36", "elapsed": 1.623572, "delta": 0.006172}}
