{"target": -8454.654169677571, "params": {"criterion": 0.08506964148393324, "max_features": 0.7510608442183812, "min_samples_split": 0.9296433391619308, "n_estimators": 4159.088281992657}, "datetime": {"datetime": "2023-01-27 06:26:47", "elapsed": 46761.468245, "delta": 106.624582}}
{"target": -5688.35976946077, "params": {"criterion": 2.068959172967984, "max_features": 0.5916191254238824, "min_samples_split": 0.5654929969110756, "n_estimators": 2608.823014741181}, "datetime": {"datetime": "2023-01-27 06:28:40", "elapsed": 46873.942424, "delta": 112.474179}}
{"target": -4222.523589265966, "params": {"criterion": 0.8612146973681463, "max_features": 0.5839670019668147, "min_samples_split": 0.30430657238833736, "n_estimators": 4609.174368800339}, "datetime": {"datetime": "2023-01-27 06:32:21", "elapsed": 47095.088573, "delta": 221.146149}}
{"target": -5973.444971937083, "params": {"criterion": 1.1103027491127573, "max_features": 0.4190937801760486, "min_samples_split": 0.5596376220800545, "n_estimators": 2297.8315996568767}, "datetime": {"datetime": "2023-01-27 06:33:57", "elapsed": 47191.736874, "delta": 96.648301}}
{"target": -8323.633407564812, "params": {"criterion": 1.748121170966875, "max_features": 0.5354941024541515, "min_samples_split": 0.6406392311861082, "n_estimators": 282.6789615216088}, "datetime": {"datetime": "2023-01-27 06:34:17", "elapsed": 47210.937882, "delta": 19.201008}}
{"target": -5576.386184106463, "params": {"criterion": 2.5737256651275917, "max_features": 0.6870230941601347, "min_samples_split": 0.5231957202003478, "n_estimators": 1391.2495133259733}, "datetime": {"datetime": "2023-01-27 06:35:28", "elapsed": 47282.692548, "delta": 71.754666}}
{"target": -4582.210211016254, "params": {"criterion": 1.5985837997640246, "max_features": 0.45683121618018263, "min_samples_split": 0.3073856763292739, "n_estimators": 583.091747657926}, "datetime": {"datetime": "2023-01-27 06:36:08", "elapsed": 47322.603922, "delta": 39.911374}}
{"target": -8454.677748327838, "params": {"criterion": 1.1319119474093078, "max_features": 0.6596834614234935, "min_samples_split": 0.967317132956376, "n_estimators": 2247.3515735263386}, "datetime": {"datetime": "2023-01-27 06:37:23", "elapsed": 47397.554614, "delta": 74.950692}}
{"target": -3221.031317069156, "params": {"criterion": 2.052244185212874, "max_features": 0.6068301153554507, "min_samples_split": 0.17402341553624331, "n_estimators": 676.7004492365488}, "datetime": {"datetime": "2023-01-27 06:38:22", "elapsed": 47456.632049, "delta": 59.077435}}
{"target": -4581.472368912289, "params": {"criterion": 0.389935536193111, "max_features": 0.24946502407690924, "min_samples_split": 0.18718621347333814, "n_estimators": 3296.33940451473}, "datetime": {"datetime": "2023-01-27 06:40:41", "elapsed": 47595.751096, "delta": 139.119047}}
{"target": -8454.758159105517, "params": {"criterion": 0.954386683975507, "max_features": 0.23327899155707724, "min_samples_split": 0.7076756718177124, "n_estimators": 3786.6638178123126}, "datetime": {"datetime": "2023-01-27 06:42:30", "elapsed": 47704.2632, "delta": 108.512104}}
{"target": -8454.80312349799, "params": {"criterion": 2.626162787807399, "max_features": 0.8096076777942435, "min_samples_split": 0.8555155307385517, "n_estimators": 4021.559454583512}, "datetime": {"datetime": "2023-01-27 06:44:25", "elapsed": 47819.780937, "delta": 115.517737}}
{"target": -8454.743206882336, "params": {"criterion": 2.0490012801749438, "max_features": 0.6173435438035173, "min_samples_split": 0.7031703427350754, "n_estimators": 3665.282949499963}, "datetime": {"datetime": "2023-01-27 06:46:13", "elapsed": 47927.110819, "delta": 107.329882}}
{"target": -5574.633350226435, "params": {"criterion": 2.3477933141249125, "max_features": 0.7953463613633058, "min_samples_split": 0.5951835598011536, "n_estimators": 1252.1339933851307}, "datetime": {"datetime": "2023-01-27 06:47:22", "elapsed": 47996.809525, "delta": 69.698706}}
{"target": -8454.771519073809, "params": {"criterion": 1.995482468480459, "max_features": 0.5291934175517778, "min_samples_split": 0.8806085202350553, "n_estimators": 4001.4822873355947}, "datetime": {"datetime": "2023-01-27 06:49:11", "elapsed": 48104.864829, "delta": 108.055304}}
{"target": -5523.603172153537, "params": {"criterion": 1.2006363958768713, "max_features": 0.7493808193609806, "min_samples_split": 0.5878420747529272, "n_estimators": 1154.0296250220892}, "datetime": {"datetime": "2023-01-27 06:50:13", "elapsed": 48167.388981, "delta": 62.524152}}
{"target": -8454.715385721807, "params": {"criterion": 2.490897328803391, "max_features": 0.8131604502460601, "min_samples_split": 0.8670741090910419, "n_estimators": 1060.6137669708278}, "datetime": {"datetime": "2023-01-27 06:50:55", "elapsed": 48209.050862, "delta": 41.661881}}
{"target": -8454.725503556087, "params": {"criterion": 0.7008606409290797, "max_features": 0.5084678367603793, "min_samples_split": 0.9382549456938787, "n_estimators": 4947.75189178226}, "datetime": {"datetime": "2023-01-27 06:53:02", "elapsed": 48336.602216, "delta": 127.551354}}
{"target": -3852.258573110171, "params": {"criterion": 1.7094559710133914, "max_features": 0.944185001423003, "min_samples_split": 0.3101183598008327, "n_estimators": 4886.878017270318}, "datetime": {"datetime": "2023-01-27 06:58:29", "elapsed": 48663.112718, "delta": 326.510502}}
{"target": -5855.502604800946, "params": {"criterion": 1.088439776272382, "max_features": 0.4887087028178593, "min_samples_split": 0.6077542074769128, "n_estimators": 921.5724204834569}, "datetime": {"datetime": "2023-01-27 06:59:20", "elapsed": 48714.757348, "delta": 51.64463}}
{"target": -5722.4398707735645, "params": {"criterion": 2.584064076742525, "max_features": 0.9359307816598665, "min_samples_split": 0.6191716170564652, "n_estimators": 705.7837565125745}, "datetime": {"datetime": "2023-01-27 07:00:12", "elapsed": 48766.205139, "delta": 51.447791}}
{"target": -3645.618313738973, "params": {"criterion": 1.3314000532369576, "max_features": 0.34505966526761817, "min_samples_split": 0.1411474113593726, "n_estimators": 3388.3220929497506}, "datetime": {"datetime": "2023-01-27 07:03:02", "elapsed": 48935.850969, "delta": 169.64583}}
{"target": -4619.577499538436, "params": {"criterion": 0.7466128446283139, "max_features": 0.48502040684389247, "min_samples_split": 0.34674351159699357, "n_estimators": 4142.074641948066}, "datetime": {"datetime": "2023-01-27 07:06:01", "elapsed": 49115.268534, "delta": 179.417565}}
{"target": -5304.752376592013, "params": {"criterion": 2.5248619331885664, "max_features": 0.25989795961152296, "min_samples_split": 0.2734492496381479, "n_estimators": 2568.980060496515}, "datetime": {"datetime": "2023-01-27 07:07:46", "elapsed": 49220.429892, "delta": 105.161358}}
{"target": -6818.273628372932, "params": {"criterion": 2.384372899381655, "max_features": 0.19877856655845377, "min_samples_split": 0.5394125425054845, "n_estimators": 322.57934233077066}, "datetime": {"datetime": "2023-01-27 07:08:10", "elapsed": 49244.076847, "delta": 23.646955}}
{"target": -2710.7578142917882, "params": {"criterion": 1.6432407311525845, "max_features": 0.9493877236200224, "min_samples_split": 0.1280907924606533, "n_estimators": 710.8193015277778}, "datetime": {"datetime": "2023-01-27 07:09:27", "elapsed": 49321.288186, "delta": 77.211339}}
{"target": -1587.2798844642416, "params": {"criterion": 1.4805642636728573, "max_features": 0.404782062734515, "min_samples_split": 0.013557950585177083, "n_estimators": 727.1387811544575}, "datetime": {"datetime": "2023-01-27 07:10:40", "elapsed": 49394.574958, "delta": 73.286772}}
{"target": -8454.821608866812, "params": {"criterion": 2.3759168249193703, "max_features": 0.9502340145420964, "min_samples_split": 0.9806016779661593, "n_estimators": 2453.1776401948628}, "datetime": {"datetime": "2023-01-27 07:12:00", "elapsed": 49474.03682, "delta": 79.461862}}
{"target": -8454.763398521814, "params": {"criterion": 0.5007570507487155, "max_features": 0.7385626755761003, "min_samples_split": 0.9489538679332928, "n_estimators": 2300.310748783036}, "datetime": {"datetime": "2023-01-27 07:13:17", "elapsed": 49551.8052, "delta": 77.76838}}
{"target": -2761.8437241367405, "params": {"criterion": 0.6977375642965588, "max_features": 0.7727773196162075, "min_samples_split": 0.14207995520785188, "n_estimators": 590.9368082908629}, "datetime": {"datetime": "2023-01-27 07:14:17", "elapsed": 49610.836539, "delta": 59.031339}}
{"target": -4132.685359736653, "params": {"criterion": 1.8936038373348858, "max_features": 0.2595542089911054, "min_samples_split": 0.1372321217754779, "n_estimators": 4757.819558682475}, "datetime": {"datetime": "2023-01-27 07:17:37", "elapsed": 49810.958145, "delta": 200.121606}}
{"target": -8454.855402121464, "params": {"criterion": 1.916111989497165, "max_features": 0.9997138018145705, "min_samples_split": 0.7780008995471752, "n_estimators": 183.17727364057075}, "datetime": {"datetime": "2023-01-27 07:17:49", "elapsed": 49823.152632, "delta": 12.194487}}
{"target": -6450.52185206831, "params": {"criterion": 0.6239135970444782, "max_features": 0.2865677290098553, "min_samples_split": 0.5722367645683426, "n_estimators": 4555.607960105956}, "datetime": {"datetime": "2023-01-27 07:20:17", "elapsed": 49971.406457, "delta": 148.253825}}
{"target": -8454.730505588679, "params": {"criterion": 2.40926523275558, "max_features": 0.826550022026431, "min_samples_split": 0.685682470512233, "n_estimators": 1229.0108517045678}, "datetime": {"datetime": "2023-01-27 07:21:10", "elapsed": 50024.775802, "delta": 53.369345}}
{"target": -5237.29820912025, "params": {"criterion": 2.8430495683958337, "max_features": 0.2220577177643454, "min_samples_split": 0.23865803624454654, "n_estimators": 2513.0394250301124}, "datetime": {"datetime": "2023-01-27 07:22:59", "elapsed": 50132.995324, "delta": 108.219522}}
{"target": -2722.1228330382364, "params": {"criterion": 2.5299537049170056, "max_features": 0.8726607931752371, "min_samples_split": 0.12827406404901132, "n_estimators": 3817.107654898883}, "datetime": {"datetime": "2023-01-27 07:29:12", "elapsed": 50506.767223, "delta": 373.771899}}
{"target": -8454.690432069283, "params": {"criterion": 0.8726238721752272, "max_features": 0.8073606811778904, "min_samples_split": 0.8367078629578637, "n_estimators": 1946.8827535267617}, "datetime": {"datetime": "2023-01-27 07:30:22", "elapsed": 50575.827223, "delta": 69.06}}
{"target": -4727.837765299405, "params": {"criterion": 2.093126161484147, "max_features": 0.9345783013140547, "min_samples_split": 0.4686839370321181, "n_estimators": 3684.889628361961}, "datetime": {"datetime": "2023-01-27 07:34:01", "elapsed": 50795.282133, "delta": 219.45491}}
{"target": -6595.58210468054, "params": {"criterion": 0.030740096914487636, "max_features": 0.21849034862702807, "min_samples_split": 0.524664062935996, "n_estimators": 1525.3194723012286}, "datetime": {"datetime": "2023-01-27 07:34:58", "elapsed": 50852.006803, "delta": 56.72467}}
{"target": -4857.209142134176, "params": {"criterion": 0.5887910812657916, "max_features": 0.30205148034947676, "min_samples_split": 0.2640900301629967, "n_estimators": 1539.4740524359265}, "datetime": {"datetime": "2023-01-27 07:36:07", "elapsed": 50920.812818, "delta": 68.806015}}
{"target": -6887.580775472319, "params": {"criterion": 2.1857543628213403, "max_features": 0.2886831774244703, "min_samples_split": 0.6287670156893334, "n_estimators": 1045.2060621095234}, "datetime": {"datetime": "2023-01-27 07:36:51", "elapsed": 50965.26481, "delta": 44.451992}}
{"target": -6071.653309425948, "params": {"criterion": 1.8746054635353846, "max_features": 0.22799838572844386, "min_samples_split": 0.41941177652259976, "n_estimators": 3803.963340211103}, "datetime": {"datetime": "2023-01-27 07:39:01", "elapsed": 51095.775571, "delta": 130.510761}}
{"target": -3630.1168341681087, "params": {"criterion": 0.6981594883620079, "max_features": 0.9292134480120552, "min_samples_split": 0.227925092571107, "n_estimators": 4848.0417428250685}, "datetime": {"datetime": "2023-01-27 07:44:27", "elapsed": 51421.608665, "delta": 325.833094}}
{"target": -2837.121511692519, "params": {"criterion": 0.9441397970902345, "max_features": 0.6909903078654708, "min_samples_split": 0.1468160818015726, "n_estimators": 3934.712387068959}, "datetime": {"datetime": "2023-01-27 07:49:05", "elapsed": 51699.753817, "delta": 278.145152}}
{"target": -5759.714265453566, "params": {"criterion": 0.5287763326532297, "max_features": 0.2084867529036995, "min_samples_split": 0.3555530834851685, "n_estimators": 1520.3854271066307}, "datetime": {"datetime": "2023-01-27 07:50:05", "elapsed": 51759.541124, "delta": 59.787307}}
{"target": -7486.466767328818, "params": {"criterion": 2.763860010363554, "max_features": 0.36431837907669634, "min_samples_split": 0.6330261981582013, "n_estimators": 380.7652568617683}, "datetime": {"datetime": "2023-01-27 07:50:27", "elapsed": 51781.051067, "delta": 21.509943}}
{"target": -4636.498032088229, "params": {"criterion": 2.685205214872851, "max_features": 0.7006005223536191, "min_samples_split": 0.4627759313351747, "n_estimators": 544.8617122175955}, "datetime": {"datetime": "2023-01-27 07:51:05", "elapsed": 51819.341206, "delta": 38.290139}}
{"target": -8454.709177011004, "params": {"criterion": 2.946361789114436, "max_features": 0.7969774970749881, "min_samples_split": 0.9263124816284072, "n_estimators": 2928.3749487426508}, "datetime": {"datetime": "2023-01-27 07:52:32", "elapsed": 51906.712984, "delta": 87.371778}}
{"target": -1630.0174352592578, "params": {"criterion": 1.3336421647453403, "max_features": 0.2793823635282987, "min_samples_split": 0.0034914413292599896, "n_estimators": 2206.4966263579504}, "datetime": {"datetime": "2023-01-27 07:55:33", "elapsed": 52087.05274, "delta": 180.339756}}
{"target": -4836.430866602935, "params": {"criterion": 1.3368200083405872, "max_features": 0.3668224814100973, "min_samples_split": 0.3159563026406846, "n_estimators": 1358.1131956575834}, "datetime": {"datetime": "2023-01-27 07:56:40", "elapsed": 52154.453327, "delta": 67.400587}}
{"target": -8454.737085230847, "params": {"criterion": 0.7635813469200768, "max_features": 0.9360170890712403, "min_samples_split": 0.7536109144083354, "n_estimators": 1839.5584664903424}, "datetime": {"datetime": "2023-01-27 07:57:40", "elapsed": 52214.167181, "delta": 59.713854}}
{"target": -8454.791379112597, "params": {"criterion": 1.4372567782527468, "max_features": 0.9204894089922907, "min_samples_split": 0.7635059073149497, "n_estimators": 1019.1824531899017}, "datetime": {"datetime": "2023-01-27 07:58:15", "elapsed": 52249.482117, "delta": 35.314936}}
{"target": -5563.010796989837, "params": {"criterion": 1.0123404710520998, "max_features": 0.23063726957254066, "min_samples_split": 0.3081935234787561, "n_estimators": 4609.343796545672}, "datetime": {"datetime": "2023-01-27 08:00:48", "elapsed": 52402.679164, "delta": 153.197047}}
{"target": -8454.90393844276, "params": {"criterion": 0.039771016683897514, "max_features": 0.9093192253128658, "min_samples_split": 0.717556641433288, "n_estimators": 171.73850317026523}, "datetime": {"datetime": "2023-01-27 08:00:59", "elapsed": 52413.141644, "delta": 10.46248}}
{"target": -5849.667910051404, "params": {"criterion": 1.5223236008420429, "max_features": 0.4759960283216259, "min_samples_split": 0.5924280138659828, "n_estimators": 4169.215222961573}, "datetime": {"datetime": "2023-01-27 08:03:17", "elapsed": 52551.030748, "delta": 137.889104}}
{"target": -8454.764502750637, "params": {"criterion": 2.5998484974713794, "max_features": 0.9017591192188779, "min_samples_split": 0.9326652430141236, "n_estimators": 4588.863127670529}, "datetime": {"datetime": "2023-01-27 08:05:16", "elapsed": 52669.894592, "delta": 118.863844}}
{"target": -8412.892009417203, "params": {"criterion": 2.1619674946443026, "max_features": 0.5189825206541034, "min_samples_split": 0.6439614054840387, "n_estimators": 1985.4748538098563}, "datetime": {"datetime": "2023-01-27 08:06:18", "elapsed": 52732.411, "delta": 62.516408}}
{"target": -8454.91283933424, "params": {"criterion": 0.6526496420217041, "max_features": 0.5242846315199544, "min_samples_split": 0.9232810610088192, "n_estimators": 1012.4363123694503}, "datetime": {"datetime": "2023-01-27 08:06:53", "elapsed": 52766.891415, "delta": 34.480415}}
{"target": -8454.702206912587, "params": {"criterion": 0.04026960098263496, "max_features": 0.4127179067358705, "min_samples_split": 0.8096579464943062, "n_estimators": 3743.912750522553}, "datetime": {"datetime": "2023-01-27 08:08:27", "elapsed": 52861.673619, "delta": 94.782204}}
{"target": -5642.25811428188, "params": {"criterion": 2.636610761515163, "max_features": 0.777037341859086, "min_samples_split": 0.6235080663090801, "n_estimators": 4174.055062222855}, "datetime": {"datetime": "2023-01-27 08:11:17", "elapsed": 53031.790818, "delta": 170.117199}}
{"target": -3851.0078794865744, "params": {"criterion": 1.8663246571681613, "max_features": 0.8414517777057805, "min_samples_split": 0.30272396043429406, "n_estimators": 4305.730339743508}, "datetime": {"datetime": "2023-01-27 08:15:37", "elapsed": 53291.590242, "delta": 259.799424}}
{"target": -4292.888045313824, "params": {"criterion": 0.5019178278550581, "max_features": 0.4575201685803332, "min_samples_split": 0.2515813118837228, "n_estimators": 4117.492995813946}, "datetime": {"datetime": "2023-01-27 08:18:38", "elapsed": 53472.582939, "delta": 180.992697}}
{"target": -5492.0485105477255, "params": {"criterion": 0.5737852723607373, "max_features": 0.29163536859888906, "min_samples_split": 0.3798220680459813, "n_estimators": 2501.0606452430225}, "datetime": {"datetime": "2023-01-27 08:20:16", "elapsed": 53570.22396, "delta": 97.641021}}
{"target": -6331.745177879651, "params": {"criterion": 1.8482907238951505, "max_features": 0.33202554505880844, "min_samples_split": 0.5898806743047028, "n_estimators": 1909.4093089651367}, "datetime": {"datetime": "2023-01-27 08:21:29", "elapsed": 53643.20363, "delta": 72.97967}}
{"target": -3245.097640848064, "params": {"criterion": 2.0724398173653262, "max_features": 0.9700076518726133, "min_samples_split": 0.16399122555910176, "n_estimators": 3957.703514511597}, "datetime": {"datetime": "2023-01-27 08:27:21", "elapsed": 53995.355359, "delta": 352.151729}}
{"target": -4693.456818755581, "params": {"criterion": 0.018829360405419063, "max_features": 0.191595236603191, "min_samples_split": 0.15107443456716904, "n_estimators": 820.0647938859253}, "datetime": {"datetime": "2023-01-27 08:28:04", "elapsed": 54038.740748, "delta": 43.385389}}
{"target": -8454.638757052648, "params": {"criterion": 2.9420748420502356, "max_features": 0.28413637528912444, "min_samples_split": 0.679059363095861, "n_estimators": 4472.742646687959}, "datetime": {"datetime": "2023-01-27 08:29:59", "elapsed": 54153.738951, "delta": 114.998203}}
{"target": -8454.407366872421, "params": {"criterion": 2.2192278480203314, "max_features": 0.19147669641850124, "min_samples_split": 0.6574361841744218, "n_estimators": 3107.069203876289}, "datetime": {"datetime": "2023-01-27 08:31:17", "elapsed": 54231.642407, "delta": 77.903456}}
{"target": -5577.3325814314685, "params": {"criterion": 1.3041882663951665, "max_features": 0.8763240513381437, "min_samples_split": 0.5333572588474736, "n_estimators": 4838.371242182694}, "datetime": {"datetime": "2023-01-27 08:34:38", "elapsed": 54431.903984, "delta": 200.261577}}
{"target": -2144.8479227078965, "params": {"criterion": 1.2214970993140115, "max_features": 0.6096285944363318, "min_samples_split": 0.06744480391257583, "n_estimators": 4570.39950943108}, "datetime": {"datetime": "2023-01-27 08:40:47", "elapsed": 54800.951011, "delta": 369.047027}}
{"target": -5715.254940670517, "params": {"criterion": 2.754512193558334, "max_features": 0.9500430149294857, "min_samples_split": 0.5490766907452324, "n_estimators": 2393.74196462971}, "datetime": {"datetime": "2023-01-27 08:42:48", "elapsed": 54921.94525, "delta": 120.994239}}
{"target": -8454.69194969037, "params": {"criterion": 2.6088204887316775, "max_features": 0.9844645609774342, "min_samples_split": 0.749128435327969, "n_estimators": 2927.3522367030146}, "datetime": {"datetime": "2023-01-27 08:44:16", "elapsed": 55010.748254, "delta": 88.803004}}
{"target": -8454.779624521689, "params": {"criterion": 0.0771895186097021, "max_features": 0.9972307285043708, "min_samples_split": 0.9428800196265115, "n_estimators": 4195.58338644293}, "datetime": {"datetime": "2023-01-27 08:46:01", "elapsed": 55115.279031, "delta": 104.530777}}
{"target": -8454.471272352104, "params": {"criterion": 1.013912709510434, "max_features": 0.8308095920669603, "min_samples_split": 0.6954863834995989, "n_estimators": 553.0316518724735}, "datetime": {"datetime": "2023-01-27 08:46:25", "elapsed": 55139.674793, "delta": 24.395762}}
{"target": -5612.497059692594, "params": {"criterion": 0.39219568931297805, "max_features": 0.6109110704992564, "min_samples_split": 0.5701965728057485, "n_estimators": 1517.0296819968517}, "datetime": {"datetime": "2023-01-27 08:47:25", "elapsed": 55199.048729, "delta": 59.373936}}
{"target": -5316.407335481898, "params": {"criterion": 2.870442289409523, "max_features": 0.29887947070553966, "min_samples_split": 0.3114309150010875, "n_estimators": 3110.980631119252}, "datetime": {"datetime": "2023-01-27 08:49:23", "elapsed": 55316.87248, "delta": 117.823751}}
{"target": -8454.765287901497, "params": {"criterion": 0.2595463685961466, "max_features": 0.19850037944048785, "min_samples_split": 0.9998898080432064, "n_estimators": 2765.1079168105643}, "datetime": {"datetime": "2023-01-27 08:50:45", "elapsed": 55399.765015, "delta": 82.892535}}
