{"target": -8455.846794885785, "params": {"criterion": 0.3617597114267374, "max_features": 0.5543247195421802, "min_samples_split": 0.7820638255366742, "n_estimators": 2231.6020470899116}, "datetime": {"datetime": "2023-02-11 17:14:53", "elapsed": 1.410307, "delta": 0.004267}}
{"target": -6396.282302004476, "params": {"criterion": 2.6130698208364267, "max_features": 0.4226928775985176, "min_samples_split": 0.4737251188790948, "n_estimators": 3919.0762315150755}, "datetime": {"datetime": "2023-02-11 17:14:53", "elapsed": 1.415021, "delta": 0.004714}}
{"target": -8455.493056478108, "params": {"criterion": 2.5492605679385196, "max_features": 0.5690447285068123, "min_samples_split": 0.6566637122151788, "n_estimators": 3879.982962692132}, "datetime": {"datetime": "2023-02-11 17:14:53", "elapsed": 1.419201, "delta": 0.00418}}
{"target": -8455.866372602486, "params": {"criterion": 1.8872099788524987, "max_features": 0.3672044045410502, "min_samples_split": 0.8472044651510595, "n_estimators": 4207.351308640942}, "datetime": {"datetime": "2023-02-11 17:14:53", "elapsed": 1.423143, "delta": 0.003942}}
{"target": -4993.260648206798, "params": {"criterion": 1.231718743453529, "max_features": 0.7316301553554662, "min_samples_split": 0.4272592152101473, "n_estimators": 2937.2129296574412}, "datetime": {"datetime": "2023-02-11 17:14:53", "elapsed": 1.427204, "delta": 0.004061}}
{"target": -8455.796636368661, "params": {"criterion": 1.5581824858881395, "max_features": 0.3109996274729466, "min_samples_split": 0.9409672130388134, "n_estimators": 1204.8425119968076}, "datetime": {"datetime": "2023-02-11 17:14:53", "elapsed": 1.431164, "delta": 0.00396}}
{"target": -4957.504364463985, "params": {"criterion": 2.6493991643740453, "max_features": 0.39741398773515324, "min_samples_split": 0.23831921971706194, "n_estimators": 3485.276367990564}, "datetime": {"datetime": "2023-02-11 17:14:53", "elapsed": 1.435333, "delta": 0.004169}}
{"target": -6264.8607466152125, "params": {"criterion": 2.6132224616564863, "max_features": 0.34699244037876775, "min_samples_split": 0.4511819235395011, "n_estimators": 1013.8281192441885}, "datetime": {"datetime": "2023-02-11 17:14:53", "elapsed": 1.439482, "delta": 0.004149}}
{"target": -8455.913384499776, "params": {"criterion": 2.9503391969017554, "max_features": 0.5938143922200145, "min_samples_split": 0.8286400061574606, "n_estimators": 1981.0871208845558}, "datetime": {"datetime": "2023-02-11 17:14:53", "elapsed": 1.443524, "delta": 0.004042}}
{"target": -8455.939189383245, "params": {"criterion": 0.15937180074816773, "max_features": 0.4358543331128978, "min_samples_split": 0.9416913976780052, "n_estimators": 168.03923718018683}, "datetime": {"datetime": "2023-02-11 17:14:53", "elapsed": 1.447401, "delta": 0.003877}}
{"target": -4468.302308440265, "params": {"criterion": 2.0086544260018937, "max_features": 0.981462480342312, "min_samples_split": 0.3906081059342741, "n_estimators": 1638.693649507286}, "datetime": {"datetime": "2023-02-11 17:14:53", "elapsed": 1.451483, "delta": 0.004082}}
{"target": -4253.801166464471, "params": {"criterion": 0.7423052758065495, "max_features": 0.5181937358570498, "min_samples_split": 0.15641391699612658, "n_estimators": 1670.5948186002354}, "datetime": {"datetime": "2023-02-11 17:14:53", "elapsed": 1.455397, "delta": 0.003914}}
{"target": -6382.663244270326, "params": {"criterion": 1.5203604418178132, "max_features": 0.5819958633043435, "min_samples_split": 0.6019667431023118, "n_estimators": 4120.99568500275}, "datetime": {"datetime": "2023-02-11 17:14:53", "elapsed": 1.45938, "delta": 0.003983}}
{"target": -4001.8739277264867, "params": {"criterion": 0.9260313927642846, "max_features": 0.9686928388662681, "min_samples_split": 0.16663970043191695, "n_estimators": 4578.773187095717}, "datetime": {"datetime": "2023-02-11 17:14:53", "elapsed": 1.463243, "delta": 0.003863}}
{"target": -5308.81373277798, "params": {"criterion": 1.4889302986557464, "max_features": 0.5001776882272638, "min_samples_split": 0.37056101605124747, "n_estimators": 1601.116670349825}, "datetime": {"datetime": "2023-02-11 17:14:53", "elapsed": 1.46734, "delta": 0.004097}}
{"target": -4142.243988030379, "params": {"criterion": 1.266747389188309, "max_features": 0.20640012957335252, "min_samples_split": 0.01583527861133163, "n_estimators": 1363.992338500513}, "datetime": {"datetime": "2023-02-11 17:14:53", "elapsed": 1.471294, "delta": 0.003954}}
{"target": -6744.927283550763, "params": {"criterion": 1.5563084859593974, "max_features": 0.3587722371750892, "min_samples_split": 0.485356002534765, "n_estimators": 2942.312031265571}, "datetime": {"datetime": "2023-02-11 17:14:53", "elapsed": 1.475236, "delta": 0.003942}}
{"target": -5938.186682249843, "params": {"criterion": 1.7805595947355777, "max_features": 0.8263815693573179, "min_samples_split": 0.6132372063970417, "n_estimators": 3282.3771330408936}, "datetime": {"datetime": "2023-02-11 17:14:53", "elapsed": 1.479077, "delta": 0.003841}}
{"target": -4553.257008093123, "params": {"criterion": 1.7444453751983693, "max_features": 0.49452670906373464, "min_samples_split": 0.19946353427593963, "n_estimators": 3251.0584741408543}, "datetime": {"datetime": "2023-02-11 17:14:53", "elapsed": 1.483134, "delta": 0.004057}}
{"target": -8455.956240205815, "params": {"criterion": 0.6695737247199616, "max_features": 0.66526997221212, "min_samples_split": 0.8490983176946956, "n_estimators": 2839.378211250623}, "datetime": {"datetime": "2023-02-11 17:14:53", "elapsed": 1.487096, "delta": 0.003962}}
{"target": -8455.8902840825, "params": {"criterion": 0.49238853189202103, "max_features": 0.6550640633350149, "min_samples_split": 0.8606143772762376, "n_estimators": 1039.5849029282754}, "datetime": {"datetime": "2023-02-11 17:14:53", "elapsed": 1.490971, "delta": 0.003875}}
{"target": -7304.889632873793, "params": {"criterion": 1.8237790789184938, "max_features": 0.20436329178603185, "min_samples_split": 0.5996249257870854, "n_estimators": 4542.694100825208}, "datetime": {"datetime": "2023-02-11 17:14:53", "elapsed": 1.494871, "delta": 0.0039}}
{"target": -8455.766166902844, "params": {"criterion": 0.3784868603994191, "max_features": 0.40580757268181544, "min_samples_split": 0.9163243225552764, "n_estimators": 1096.7001698647618}, "datetime": {"datetime": "2023-02-11 17:14:53", "elapsed": 1.498863, "delta": 0.003992}}
{"target": -4300.29222373085, "params": {"criterion": 2.196147712535931, "max_features": 0.6564956048773608, "min_samples_split": 0.2307815229205026, "n_estimators": 3990.031213998038}, "datetime": {"datetime": "2023-02-11 17:14:53", "elapsed": 1.502881, "delta": 0.004018}}
{"target": -5826.633580374501, "params": {"criterion": 1.4202831495509962, "max_features": 0.8713450884662199, "min_samples_split": 0.48575804157212493, "n_estimators": 3947.9969601662133}, "datetime": {"datetime": "2023-02-11 17:14:53", "elapsed": 1.506925, "delta": 0.004044}}
{"target": -8455.886525133672, "params": {"criterion": 1.2033584190514293, "max_features": 0.8791897049473523, "min_samples_split": 0.7943172821747071, "n_estimators": 2404.92819866705}, "datetime": {"datetime": "2023-02-11 17:14:53", "elapsed": 1.510784, "delta": 0.003859}}
{"target": -7115.395487524479, "params": {"criterion": 0.4149060968601457, "max_features": 0.2164123304917837, "min_samples_split": 0.560873700531576, "n_estimators": 968.0911060421691}, "datetime": {"datetime": "2023-02-11 17:14:53", "elapsed": 1.514713, "delta": 0.003929}}
{"target": -5369.921263625405, "params": {"criterion": 2.1131417639728953, "max_features": 0.2819413703030034, "min_samples_split": 0.21438340694712144, "n_estimators": 480.67235898261805}, "datetime": {"datetime": "2023-02-11 17:14:53", "elapsed": 1.519092, "delta": 0.004379}}
{"target": -8455.948084518997, "params": {"criterion": 1.8896275147288544, "max_features": 0.6075016907486126, "min_samples_split": 0.8803859093631967, "n_estimators": 4859.301440481418}, "datetime": {"datetime": "2023-02-11 17:14:53", "elapsed": 1.523399, "delta": 0.004307}}
{"target": -8455.888844020483, "params": {"criterion": 0.5334847941951143, "max_features": 0.6765912531159263, "min_samples_split": 0.8848259829410984, "n_estimators": 4852.328295641246}, "datetime": {"datetime": "2023-02-11 17:14:53", "elapsed": 1.527589, "delta": 0.00419}}
{"target": -8455.875236730315, "params": {"criterion": 2.6020067748090083, "max_features": 0.43672577205213287, "min_samples_split": 0.894187011473633, "n_estimators": 1718.3778845823922}, "datetime": {"datetime": "2023-02-11 17:14:53", "elapsed": 1.532278, "delta": 0.004689}}
{"target": -3682.1016835582536, "params": {"criterion": 1.9271806328069934, "max_features": 0.7617310690764224, "min_samples_split": 0.0619899236892025, "n_estimators": 776.3743984956737}, "datetime": {"datetime": "2023-02-11 17:14:53", "elapsed": 1.537119, "delta": 0.004841}}
{"target": -3840.5208409428315, "params": {"criterion": 1.0326814646788383, "max_features": 0.36203935799298925, "min_samples_split": 0.030793924570836878, "n_estimators": 4526.560318854}, "datetime": {"datetime": "2023-02-11 17:14:53", "elapsed": 1.541406, "delta": 0.004287}}
{"target": -5027.71352472779, "params": {"criterion": 0.8225978537726546, "max_features": 0.6108334701767156, "min_samples_split": 0.3509095044643109, "n_estimators": 4538.6372223357685}, "datetime": {"datetime": "2023-02-11 17:14:53", "elapsed": 1.545612, "delta": 0.004206}}
{"target": -8455.928353980264, "params": {"criterion": 2.7944867070527155, "max_features": 0.4330863790689877, "min_samples_split": 0.7413940659153572, "n_estimators": 2090.480958032112}, "datetime": {"datetime": "2023-02-11 17:14:53", "elapsed": 1.550931, "delta": 0.005319}}
{"target": -3635.2242516814813, "params": {"criterion": 0.7671014423360458, "max_features": 0.7138509394972952, "min_samples_split": 0.03736646992110642, "n_estimators": 2782.233252026664}, "datetime": {"datetime": "2023-02-11 17:14:53", "elapsed": 1.556064, "delta": 0.005133}}
{"target": -4329.372537944836, "params": {"criterion": 2.894978180006181, "max_features": 0.7512759507112023, "min_samples_split": 0.27645198187619757, "n_estimators": 4954.279230313899}, "datetime": {"datetime": "2023-02-11 17:14:53", "elapsed": 1.561537, "delta": 0.005473}}
{"target": -8455.963075452422, "params": {"criterion": 2.4292445853249456, "max_features": 0.20860094986945166, "min_samples_split": 0.7513706485420718, "n_estimators": 3875.389874700814}, "datetime": {"datetime": "2023-02-11 17:14:53", "elapsed": 1.567375, "delta": 0.005838}}
{"target": -8456.007932861869, "params": {"criterion": 1.2146824029924335, "max_features": 0.8234188894517197, "min_samples_split": 0.8168713916599714, "n_estimators": 759.7339439578903}, "datetime": {"datetime": "2023-02-11 17:14:53", "elapsed": 1.572895, "delta": 0.00552}}
{"target": -3909.5751969756807, "params": {"criterion": 0.1918553794199382, "max_features": 0.8696519626083475, "min_samples_split": 0.1161129998594108, "n_estimators": 3569.838659452806}, "datetime": {"datetime": "2023-02-11 17:14:53", "elapsed": 1.57804, "delta": 0.005145}}
{"target": -5733.192343002428, "params": {"criterion": 1.3657877363790192, "max_features": 0.9499935014705426, "min_samples_split": 0.48204053651192313, "n_estimators": 2460.119662549916}, "datetime": {"datetime": "2023-02-11 17:14:53", "elapsed": 1.583555, "delta": 0.005515}}
{"target": -8066.448655712191, "params": {"criterion": 2.047003205187473, "max_features": 0.5074574862161525, "min_samples_split": 0.6362409897032828, "n_estimators": 4365.99739228543}, "datetime": {"datetime": "2023-02-11 17:14:53", "elapsed": 1.588952, "delta": 0.005397}}
{"target": -5688.1851883549925, "params": {"criterion": 1.1215378222494576, "max_features": 0.23480716727355333, "min_samples_split": 0.2508207428241259, "n_estimators": 4363.007505428108}, "datetime": {"datetime": "2023-02-11 17:14:53", "elapsed": 1.594011, "delta": 0.005059}}
{"target": -4719.334475725974, "params": {"criterion": 1.9235620277235546, "max_features": 0.6984647612976341, "min_samples_split": 0.34028522519568566, "n_estimators": 4008.8092975553936}, "datetime": {"datetime": "2023-02-11 17:14:53", "elapsed": 1.59915, "delta": 0.005139}}
{"target": -8455.828642041268, "params": {"criterion": 0.8914408824179921, "max_features": 0.24067428032162597, "min_samples_split": 0.9746216179733137, "n_estimators": 1031.3158628339565}, "datetime": {"datetime": "2023-02-11 17:14:53", "elapsed": 1.604391, "delta": 0.005241}}
{"target": -4807.950250140657, "params": {"criterion": 0.6260356576008536, "max_features": 0.650222724782355, "min_samples_split": 0.3398360973068823, "n_estimators": 3655.8836367703348}, "datetime": {"datetime": "2023-02-11 17:14:53", "elapsed": 1.609196, "delta": 0.004805}}
{"target": -8455.952588924645, "params": {"criterion": 1.9833591389938605, "max_features": 0.9753434069886578, "min_samples_split": 0.8470496661550212, "n_estimators": 2246.4514317365165}, "datetime": {"datetime": "2023-02-11 17:14:53", "elapsed": 1.613936, "delta": 0.00474}}
{"target": -8455.889272320988, "params": {"criterion": 2.5937773040160987, "max_features": 0.7204828106241643, "min_samples_split": 0.6937052969082305, "n_estimators": 4842.942534260382}, "datetime": {"datetime": "2023-02-11 17:14:53", "elapsed": 1.619017, "delta": 0.005081}}
{"target": -8389.76173887138, "params": {"criterion": 0.7301834590856989, "max_features": 0.8304788752324586, "min_samples_split": 0.64276279962808, "n_estimators": 3363.835116257652}, "datetime": {"datetime": "2023-02-11 17:14:53", "elapsed": 1.623949, "delta": 0.004932}}
{"target": -8455.820747058637, "params": {"criterion": 1.2132227278606702, "max_features": 0.3037936839541041, "min_samples_split": 0.8371485633305257, "n_estimators": 911.590282175314}, "datetime": {"datetime": "2023-02-11 17:14:53", "elapsed": 1.628835, "delta": 0.004886}}
{"target": -5037.810394179719, "params": {"criterion": 1.8607353394882038, "max_features": 0.6213331669658381, "min_samples_split": 0.35804628481626477, "n_estimators": 652.6245990064443}, "datetime": {"datetime": "2023-02-11 17:14:53", "elapsed": 1.634018, "delta": 0.005183}}
{"target": -8455.723511677885, "params": {"criterion": 1.9982985961260153, "max_features": 0.7392976332923598, "min_samples_split": 0.7707301532294811, "n_estimators": 1329.4804862680048}, "datetime": {"datetime": "2023-02-11 17:14:53", "elapsed": 1.638793, "delta": 0.004775}}
{"target": -8455.87307912091, "params": {"criterion": 2.6398200758283674, "max_features": 0.43145642067245876, "min_samples_split": 0.6973477163333806, "n_estimators": 2915.081656758773}, "datetime": {"datetime": "2023-02-11 17:14:53", "elapsed": 1.642908, "delta": 0.004115}}
{"target": -4651.382269527632, "params": {"criterion": 1.1713662510698222, "max_features": 0.4315183603060278, "min_samples_split": 0.1955198575014622, "n_estimators": 3365.7399905604834}, "datetime": {"datetime": "2023-02-11 17:14:53", "elapsed": 1.647435, "delta": 0.004527}}
{"target": -5074.681189625875, "params": {"criterion": 2.462822596135926, "max_features": 0.4532090667143851, "min_samples_split": 0.28195657141527253, "n_estimators": 998.6279669427598}, "datetime": {"datetime": "2023-02-11 17:14:53", "elapsed": 1.670304, "delta": 0.022869}}
{"target": -3998.089525107423, "params": {"criterion": 2.539635033938746, "max_features": 0.9785530554714573, "min_samples_split": 0.21097963998834385, "n_estimators": 2546.1994038612484}, "datetime": {"datetime": "2023-02-11 17:14:53", "elapsed": 1.675408, "delta": 0.005104}}
{"target": -6020.478765106607, "params": {"criterion": 1.34388185030066, "max_features": 0.6818304027649891, "min_samples_split": 0.4878008863320469, "n_estimators": 1604.41196467474}, "datetime": {"datetime": "2023-02-11 17:14:53", "elapsed": 1.680288, "delta": 0.00488}}
{"target": -5202.174510713443, "params": {"criterion": 2.5387375085330572, "max_features": 0.4365921332036671, "min_samples_split": 0.32267499911893166, "n_estimators": 3158.2401422082016}, "datetime": {"datetime": "2023-02-11 17:14:53", "elapsed": 1.684888, "delta": 0.0046}}
{"target": -6543.121572259277, "params": {"criterion": 0.9044287117044101, "max_features": 0.4354090818081016, "min_samples_split": 0.49303891021573876, "n_estimators": 3263.1584047207716}, "datetime": {"datetime": "2023-02-11 17:14:53", "elapsed": 1.688966, "delta": 0.004078}}
{"target": -4071.9116238500983, "params": {"criterion": 1.54035318834088, "max_features": 0.8163534731263399, "min_samples_split": 0.20075397430050348, "n_estimators": 2589.8674865468815}, "datetime": {"datetime": "2023-02-11 17:14:53", "elapsed": 1.693001, "delta": 0.004035}}
{"target": -8455.944208942721, "params": {"criterion": 2.6474122419357777, "max_features": 0.5950366649625823, "min_samples_split": 0.9540319060145134, "n_estimators": 3253.8922827886195}, "datetime": {"datetime": "2023-02-11 17:14:53", "elapsed": 1.69959, "delta": 0.006589}}
{"target": -6800.284031890644, "params": {"criterion": 0.1757905406541491, "max_features": 0.39307070884717055, "min_samples_split": 0.6072733867425725, "n_estimators": 2625.262747973591}, "datetime": {"datetime": "2023-02-11 17:14:53", "elapsed": 1.703604, "delta": 0.004014}}
{"target": -8455.805524858371, "params": {"criterion": 2.276244466683749, "max_features": 0.3911240736474663, "min_samples_split": 0.7770883211900846, "n_estimators": 3876.0225292343475}, "datetime": {"datetime": "2023-02-11 17:14:53", "elapsed": 1.707633, "delta": 0.004029}}
{"target": -8455.893941949591, "params": {"criterion": 1.307500914374764, "max_features": 0.7643847121981785, "min_samples_split": 0.9576329246012827, "n_estimators": 3993.72417672484}, "datetime": {"datetime": "2023-02-11 17:14:53", "elapsed": 1.711705, "delta": 0.004072}}
{"target": -7708.93656386339, "params": {"criterion": 0.32765033221801093, "max_features": 0.8562741150413089, "min_samples_split": 0.6355037876851267, "n_estimators": 437.0204146070093}, "datetime": {"datetime": "2023-02-11 17:14:53", "elapsed": 1.716177, "delta": 0.004472}}
{"target": -8455.900255155433, "params": {"criterion": 1.143491287642115, "max_features": 0.9937849204356852, "min_samples_split": 0.8526516318386395, "n_estimators": 271.35006551339336}, "datetime": {"datetime": "2023-02-11 17:14:53", "elapsed": 1.720156, "delta": 0.003979}}
{"target": -3632.8809050624986, "params": {"criterion": 0.6875614600324179, "max_features": 0.7119002060372299, "min_samples_split": 0.03338475063593977, "n_estimators": 2272.9814217161784}, "datetime": {"datetime": "2023-02-11 17:14:53", "elapsed": 1.724264, "delta": 0.004108}}
{"target": -8455.79760968088, "params": {"criterion": 1.8421026586127511, "max_features": 0.6855727513161223, "min_samples_split": 0.8845213960416064, "n_estimators": 2641.906908756262}, "datetime": {"datetime": "2023-02-11 17:14:53", "elapsed": 1.728248, "delta": 0.003984}}
{"target": -6067.987729331314, "params": {"criterion": 1.378714777702199, "max_features": 0.45668936269100613, "min_samples_split": 0.45368238263119526, "n_estimators": 1051.96996609888}, "datetime": {"datetime": "2023-02-11 17:14:53", "elapsed": 1.732624, "delta": 0.004376}}
{"target": -5886.227587901567, "params": {"criterion": 0.40788823449658274, "max_features": 0.21042894866247344, "min_samples_split": 0.29088988491501283, "n_estimators": 4104.17840470426}, "datetime": {"datetime": "2023-02-11 17:14:53", "elapsed": 1.736635, "delta": 0.004011}}
{"target": -8455.897904856201, "params": {"criterion": 0.08506964148393324, "max_features": 0.7576236767181925, "min_samples_split": 0.9296433391619308, "n_estimators": 4159.088281992657}, "datetime": {"datetime": "2023-02-11 17:14:53", "elapsed": 1.740881, "delta": 0.004246}}
{"target": -6270.477328258787, "params": {"criterion": 2.068959172967984, "max_features": 0.6023853516832849, "min_samples_split": 0.5654929969110756, "n_estimators": 2608.823014741181}, "datetime": {"datetime": "2023-02-11 17:14:53", "elapsed": 1.744979, "delta": 0.004098}}
{"target": -4679.343638769729, "params": {"criterion": 0.8612146973681463, "max_features": 0.5949349626795978, "min_samples_split": 0.30430657238833736, "n_estimators": 4609.174368800339}, "datetime": {"datetime": "2023-02-11 17:14:53", "elapsed": 1.749541, "delta": 0.004562}}
{"target": -6588.236445380127, "params": {"criterion": 1.1103027491127573, "max_features": 0.434408326442718, "min_samples_split": 0.5596376220800545, "n_estimators": 2297.8315996568767}, "datetime": {"datetime": "2023-02-11 17:14:53", "elapsed": 1.754028, "delta": 0.004487}}
{"target": -8348.13739224657, "params": {"criterion": 1.748121170966875, "max_features": 0.5477399638623192, "min_samples_split": 0.6406392311861082, "n_estimators": 282.6789615216088}, "datetime": {"datetime": "2023-02-11 17:14:53", "elapsed": 1.759086, "delta": 0.005058}}
{"target": -6095.886694003013, "params": {"criterion": 2.5737256651275917, "max_features": 0.6952741666074848, "min_samples_split": 0.5231957202003478, "n_estimators": 1391.2495133259733}, "datetime": {"datetime": "2023-02-11 17:14:53", "elapsed": 1.76373, "delta": 0.004644}}
{"target": -5014.772142134585, "params": {"criterion": 1.5985837997640246, "max_features": 0.4711508829121728, "min_samples_split": 0.3073856763292739, "n_estimators": 583.091747657926}, "datetime": {"datetime": "2023-02-11 17:14:53", "elapsed": 1.769208, "delta": 0.005478}}
{"target": -8455.937197852492, "params": {"criterion": 1.1319119474093078, "max_features": 0.6686552940489424, "min_samples_split": 0.967317132956376, "n_estimators": 2247.3515735263386}, "datetime": {"datetime": "2023-02-11 17:14:53", "elapsed": 1.774533, "delta": 0.005325}}
{"target": -4200.947734022301, "params": {"criterion": 2.052244185212874, "max_features": 0.6171953312604807, "min_samples_split": 0.17402341553624331, "n_estimators": 676.7004492365488}, "datetime": {"datetime": "2023-02-11 17:14:53", "elapsed": 1.77946, "delta": 0.004927}}
