{"target": -8454.719687266235, "params": {"criterion": 1.2641951331899195, "max_features": 0.29720630048279534, "min_samples_split": 0.7611862453213855, "n_estimators": 3493.045662397666}, "datetime": {"datetime": "2023-01-27 01:35:52", "elapsed": 29306.50705, "delta": 100.607772}}
{"target": -8454.75615842837, "params": {"criterion": 1.8354212889384742, "max_features": 0.9418892928943912, "min_samples_split": 0.7153752988859647, "n_estimators": 1683.0597416010514}, "datetime": {"datetime": "2023-01-27 01:36:55", "elapsed": 29368.884438, "delta": 62.377388}}
{"target": -3186.193813277821, "params": {"criterion": 2.4480525558491553, "max_features": 0.9567012512937484, "min_samples_split": 0.16141238896489782, "n_estimators": 2691.994760421769}, "datetime": {"datetime": "2023-01-27 01:41:07", "elapsed": 29621.037019, "delta": 252.152581}}
{"target": -4727.078547504638, "params": {"criterion": 2.337943772279713, "max_features": 0.4750706889607914, "min_samples_split": 0.3687204221152139, "n_estimators": 3535.747222589509}, "datetime": {"datetime": "2023-01-27 01:43:58", "elapsed": 29792.697886, "delta": 171.660867}}
{"target": -3429.4409978155372, "params": {"criterion": 1.6592039428593448, "max_features": 0.6916225100845903, "min_samples_split": 0.2053356880705319, "n_estimators": 3251.6141381811276}, "datetime": {"datetime": "2023-01-27 01:47:22", "elapsed": 29995.825406, "delta": 203.12752}}
{"target": -3956.4658006665427, "params": {"criterion": 1.4883057121349401, "max_features": 0.7195721395367733, "min_samples_split": 0.29305019937918797, "n_estimators": 792.1903207083819}, "datetime": {"datetime": "2023-01-27 01:48:16", "elapsed": 30050.685918, "delta": 54.860512}}
{"target": -3690.8994149928576, "params": {"criterion": 2.510154862532775, "max_features": 0.2750806623964962, "min_samples_split": 0.11206096882219192, "n_estimators": 2348.6717684275527}, "datetime": {"datetime": "2023-01-27 01:50:27", "elapsed": 30181.206495, "delta": 130.520577}}
{"target": -4555.813990464741, "params": {"criterion": 1.2448517034518167, "max_features": 0.9553902428862744, "min_samples_split": 0.41215390102953026, "n_estimators": 1696.4656376393443}, "datetime": {"datetime": "2023-01-27 01:52:18", "elapsed": 30291.94954, "delta": 110.743045}}
{"target": -8455.12723950429, "params": {"criterion": 0.9643631700514198, "max_features": 0.38628945779806717, "min_samples_split": 0.7388780934350935, "n_estimators": 242.32084088344325}, "datetime": {"datetime": "2023-01-27 01:52:32", "elapsed": 30306.809465, "delta": 14.859925}}
{"target": -5026.340864289586, "params": {"criterion": 1.9449734482616456, "max_features": 0.23573073554390872, "min_samples_split": 0.24024488639455366, "n_estimators": 543.1884302149064}, "datetime": {"datetime": "2023-01-27 01:53:05", "elapsed": 30339.742008, "delta": 32.932543}}
{"target": -8454.724660052309, "params": {"criterion": 2.2828185381468837, "max_features": 0.3585880136154689, "min_samples_split": 0.6804738175696714, "n_estimators": 2426.850403671586}, "datetime": {"datetime": "2023-01-27 01:54:27", "elapsed": 30421.280852, "delta": 81.538844}}
{"target": -6147.042036865725, "params": {"criterion": 2.792354685887784, "max_features": 0.31170213974004435, "min_samples_split": 0.4812374749749495, "n_estimators": 546.3562148932376}, "datetime": {"datetime": "2023-01-27 01:54:58", "elapsed": 30452.733414, "delta": 31.452562}}
{"target": -5534.979472409956, "params": {"criterion": 0.5293554166556876, "max_features": 0.242759586674173, "min_samples_split": 0.34402449529926493, "n_estimators": 3417.26464671359}, "datetime": {"datetime": "2023-01-27 01:57:07", "elapsed": 30581.070246, "delta": 128.336832}}
{"target": -2250.07398837531, "params": {"criterion": 0.8328890168178259, "max_features": 0.43635806424574786, "min_samples_split": 0.054550108315899584, "n_estimators": 1582.6547867884542}, "datetime": {"datetime": "2023-01-27 01:59:08", "elapsed": 30702.748578, "delta": 121.678332}}
{"target": -8454.718500481062, "params": {"criterion": 2.565639122456297, "max_features": 0.6467465305355735, "min_samples_split": 0.9699811076678375, "n_estimators": 3490.4592606902283}, "datetime": {"datetime": "2023-01-27 02:00:51", "elapsed": 30804.905668, "delta": 102.15709}}
{"target": -5403.323589871835, "params": {"criterion": 0.3980798509657927, "max_features": 0.31366249005317526, "min_samples_split": 0.3909773714893521, "n_estimators": 946.9345630938383}, "datetime": {"datetime": "2023-01-27 02:01:46", "elapsed": 30860.027871, "delta": 55.122203}}
{"target": -5245.021267793016, "params": {"criterion": 0.0810065406881095, "max_features": 0.36983934045661937, "min_samples_split": 0.40197822604613115, "n_estimators": 2626.3847652613954}, "datetime": {"datetime": "2023-01-27 02:03:33", "elapsed": 30967.398658, "delta": 107.370787}}
{"target": -8454.58755051845, "params": {"criterion": 0.6304387415990939, "max_features": 0.31754146934265104, "min_samples_split": 0.6899099956508795, "n_estimators": 566.4274632211539}, "datetime": {"datetime": "2023-01-27 02:04:04", "elapsed": 30998.269951, "delta": 30.871293}}
{"target": -4563.095201100013, "params": {"criterion": 1.0449549265634925, "max_features": 0.8438413103397776, "min_samples_split": 0.45964526038785963, "n_estimators": 3168.0090936139613}, "datetime": {"datetime": "2023-01-27 02:06:52", "elapsed": 31166.388425, "delta": 168.118474}}
{"target": -8454.737549665873, "params": {"criterion": 0.6109201278715272, "max_features": 0.25914687985079543, "min_samples_split": 0.9754308620726855, "n_estimators": 1899.9847588428215}, "datetime": {"datetime": "2023-01-27 02:07:59", "elapsed": 31232.886217, "delta": 66.497792}}
{"target": -8454.81431318901, "params": {"criterion": 1.7287942754326848, "max_features": 0.38360540671212684, "min_samples_split": 0.9923602030057561, "n_estimators": 2874.7285285586454}, "datetime": {"datetime": "2023-01-27 02:09:24", "elapsed": 31318.613228, "delta": 85.727011}}
{"target": -1144.0846273260133, "params": {"criterion": 1.5503076579373136, "max_features": 0.9030810647376316, "min_samples_split": 0.01201101295081899, "n_estimators": 3678.191727537448}, "datetime": {"datetime": "2023-01-27 02:18:41", "elapsed": 31875.37319, "delta": 556.759962}}
{"target": -8454.733340865827, "params": {"criterion": 0.9563071706698553, "max_features": 0.7139030733251486, "min_samples_split": 0.825257044550918, "n_estimators": 2227.7662590751256}, "datetime": {"datetime": "2023-01-27 02:19:59", "elapsed": 31952.902135, "delta": 77.528945}}
{"target": -4285.68706340027, "params": {"criterion": 0.4705003828622346, "max_features": 0.5727804942566523, "min_samples_split": 0.33004187313986166, "n_estimators": 1278.6528971109326}, "datetime": {"datetime": "2023-01-27 02:21:15", "elapsed": 32029.787519, "delta": 76.885384}}
{"target": -6026.468434570621, "params": {"criterion": 1.8238111345548034, "max_features": 0.35748256217108243, "min_samples_split": 0.4836865162777894, "n_estimators": 2275.985028096531}, "datetime": {"datetime": "2023-01-27 02:22:47", "elapsed": 32121.37515, "delta": 91.587631}}
{"target": -3882.502646491087, "params": {"criterion": 1.094357377266576, "max_features": 0.47936847241338265, "min_samples_split": 0.21410669768031979, "n_estimators": 1903.7857251036794}, "datetime": {"datetime": "2023-01-27 02:24:40", "elapsed": 32234.126788, "delta": 112.751638}}
{"target": -8454.753735538443, "params": {"criterion": 0.46261396617085376, "max_features": 0.76228175639868, "min_samples_split": 0.8245043102733448, "n_estimators": 1501.4919921797082}, "datetime": {"datetime": "2023-01-27 02:25:37", "elapsed": 32291.341186, "delta": 57.214398}}
{"target": -2869.8286156156437, "params": {"criterion": 2.1160342369301013, "max_features": 0.953901418202111, "min_samples_split": 0.1357136783470211, "n_estimators": 2508.939020369997}, "datetime": {"datetime": "2023-01-27 02:29:55", "elapsed": 32549.760167, "delta": 258.418981}}
{"target": -2720.377764554287, "params": {"criterion": 1.9725801681123458, "max_features": 0.6096190127725902, "min_samples_split": 0.13047847992412134, "n_estimators": 2075.371697621398}, "datetime": {"datetime": "2023-01-27 02:32:29", "elapsed": 32702.877831, "delta": 153.117664}}
{"target": -2722.0647110297373, "params": {"criterion": 1.2371444473495605, "max_features": 0.5347364763871, "min_samples_split": 0.11916262262568379, "n_estimators": 1364.048629461723}, "datetime": {"datetime": "2023-01-27 02:34:21", "elapsed": 32815.062147, "delta": 112.184316}}
{"target": -8454.735703469934, "params": {"criterion": 1.413041042179155, "max_features": 0.9009253218744447, "min_samples_split": 0.7789003589242953, "n_estimators": 4000.2209690412537}, "datetime": {"datetime": "2023-01-27 02:36:08", "elapsed": 32922.279291, "delta": 107.217144}}
{"target": -3302.9973195583007, "params": {"criterion": 0.01325382439355312, "max_features": 0.881712257933094, "min_samples_split": 0.19679991881771203, "n_estimators": 4614.427779335458}, "datetime": {"datetime": "2023-01-27 02:41:24", "elapsed": 33237.920224, "delta": 315.640933}}
{"target": -5886.586902317387, "params": {"criterion": 0.347205056342921, "max_features": 0.2641919055300067, "min_samples_split": 0.41497017356547283, "n_estimators": 4167.628796413647}, "datetime": {"datetime": "2023-01-27 02:43:42", "elapsed": 33376.082441, "delta": 138.162217}}
{"target": -3837.94894078761, "params": {"criterion": 1.9749319658717126, "max_features": 0.8696712980211104, "min_samples_split": 0.2987694355547583, "n_estimators": 1527.6342831836862}, "datetime": {"datetime": "2023-01-27 02:45:31", "elapsed": 33484.939318, "delta": 108.856877}}
{"target": -8454.682922793734, "params": {"criterion": 0.6588200941931417, "max_features": 0.8962775205034434, "min_samples_split": 0.9924334069339356, "n_estimators": 712.1623047741887}, "datetime": {"datetime": "2023-01-27 02:46:12", "elapsed": 33526.425057, "delta": 41.485739}}
{"target": -8454.726198726998, "params": {"criterion": 1.5501146727481938, "max_features": 0.4736072104206276, "min_samples_split": 0.7946532692158436, "n_estimators": 4448.415363266949}, "datetime": {"datetime": "2023-01-27 02:48:07", "elapsed": 33641.6165, "delta": 115.191443}}
{"target": -4561.717196434822, "params": {"criterion": 2.588656020752889, "max_features": 0.8776876593985493, "min_samples_split": 0.432199481048405, "n_estimators": 3823.0584292787075}, "datetime": {"datetime": "2023-01-27 02:51:45", "elapsed": 33859.006289, "delta": 217.389789}}
{"target": -6116.235424501686, "params": {"criterion": 0.18061549470551677, "max_features": 0.3845288820298667, "min_samples_split": 0.5956003890116222, "n_estimators": 1414.8475392271139}, "datetime": {"datetime": "2023-01-27 02:52:52", "elapsed": 33925.852396, "delta": 66.846107}}
{"target": -8454.7655651435, "params": {"criterion": 2.8191660823695828, "max_features": 0.6839862852194705, "min_samples_split": 0.9361746045876432, "n_estimators": 4736.248018283305}, "datetime": {"datetime": "2023-01-27 02:54:59", "elapsed": 34053.20898, "delta": 127.356584}}
{"target": -4579.445108471287, "params": {"criterion": 1.8023596822183945, "max_features": 0.9479064257477886, "min_samples_split": 0.4453983879313806, "n_estimators": 297.5630466616818}, "datetime": {"datetime": "2023-01-27 02:55:25", "elapsed": 34078.858845, "delta": 25.649865}}
{"target": -3821.361725127828, "params": {"criterion": 0.1629461937238214, "max_features": 0.46504996019224865, "min_samples_split": 0.19954219221949548, "n_estimators": 4478.2988348390345}, "datetime": {"datetime": "2023-01-27 02:59:05", "elapsed": 34299.636528, "delta": 220.777683}}
{"target": -8454.717695778012, "params": {"criterion": 0.3873307200552279, "max_features": 0.6048421135170744, "min_samples_split": 0.9869263543843749, "n_estimators": 4958.903387981426}, "datetime": {"datetime": "2023-01-27 03:01:14", "elapsed": 34428.062383, "delta": 128.425855}}
{"target": -8454.712858790666, "params": {"criterion": 0.47330823245301296, "max_features": 0.5215944760647873, "min_samples_split": 0.6864580238764988, "n_estimators": 1847.439170765377}, "datetime": {"datetime": "2023-01-27 03:02:15", "elapsed": 34489.580835, "delta": 61.518452}}
{"target": -6147.347449779687, "params": {"criterion": 1.9705194526376875, "max_features": 0.32278763970460606, "min_samples_split": 0.4849403031839555, "n_estimators": 1349.7976034917976}, "datetime": {"datetime": "2023-01-27 03:03:16", "elapsed": 34550.235186, "delta": 60.654351}}
{"target": -8454.670875704518, "params": {"criterion": 2.572540465921764, "max_features": 0.22993662810515092, "min_samples_split": 0.6963441775751691, "n_estimators": 3828.6460911749045}, "datetime": {"datetime": "2023-01-27 03:05:03", "elapsed": 34657.786983, "delta": 107.551797}}
{"target": -8454.738841875054, "params": {"criterion": 0.3953138038906021, "max_features": 0.3097466832488144, "min_samples_split": 0.8175523997886405, "n_estimators": 4489.150010732168}, "datetime": {"datetime": "2023-01-27 03:07:02", "elapsed": 34776.230961, "delta": 118.443978}}
{"target": -8454.757455889925, "params": {"criterion": 2.9457586741102104, "max_features": 0.7903615612807887, "min_samples_split": 0.7719903706086404, "n_estimators": 1304.7332938398763}, "datetime": {"datetime": "2023-01-27 03:08:06", "elapsed": 34840.678737, "delta": 64.447776}}
{"target": -4666.946010731395, "params": {"criterion": 2.52653409171925, "max_features": 0.197635826183565, "min_samples_split": 0.14337036971259234, "n_estimators": 1877.0922898891847}, "datetime": {"datetime": "2023-01-27 03:09:38", "elapsed": 34932.118421, "delta": 91.439684}}
{"target": -8454.831737723356, "params": {"criterion": 1.1741761829874036, "max_features": 0.5378986310679792, "min_samples_split": 0.8482115825054843, "n_estimators": 3582.975656924112}, "datetime": {"datetime": "2023-01-27 03:11:20", "elapsed": 35034.533689, "delta": 102.415268}}
{"target": -2465.3361044235653, "params": {"criterion": 1.3511109452615793, "max_features": 0.7842386385157966, "min_samples_split": 0.1117220125318863, "n_estimators": 1434.2119142735692}, "datetime": {"datetime": "2023-01-27 03:13:34", "elapsed": 35168.1499, "delta": 133.616211}}
{"target": -5714.300665472431, "params": {"criterion": 2.1525191771500234, "max_features": 0.9455993385334637, "min_samples_split": 0.5810108622077892, "n_estimators": 1297.6680721555706}, "datetime": {"datetime": "2023-01-27 03:14:55", "elapsed": 35249.013663, "delta": 80.863763}}
{"target": -3966.6596499249936, "params": {"criterion": 2.052986505040045, "max_features": 0.9299632493373617, "min_samples_split": 0.30492413818366326, "n_estimators": 2429.680158435588}, "datetime": {"datetime": "2023-01-27 03:17:53", "elapsed": 35427.644644, "delta": 178.630981}}
{"target": -5584.662600061451, "params": {"criterion": 0.41700269842701493, "max_features": 0.8708797948198107, "min_samples_split": 0.5680633218583321, "n_estimators": 256.24491662726797}, "datetime": {"datetime": "2023-01-27 03:18:14", "elapsed": 35447.834994, "delta": 20.19035}}
{"target": -8446.464110500794, "params": {"criterion": 0.5773749524183079, "max_features": 0.9507977055444844, "min_samples_split": 0.6500840112493893, "n_estimators": 248.46110933337187}, "datetime": {"datetime": "2023-01-27 03:18:29", "elapsed": 35463.515808, "delta": 15.680814}}
{"target": -2660.2958732699108, "params": {"criterion": 2.6792102945292466, "max_features": 0.1936824264114044, "min_samples_split": 0.012308240529715889, "n_estimators": 120.22943830853099}, "datetime": {"datetime": "2023-01-27 03:18:44", "elapsed": 35477.964891, "delta": 14.449083}}
{"target": -4483.705845043619, "params": {"criterion": 0.12712518647438795, "max_features": 0.4983285389807516, "min_samples_split": 0.31341574988590604, "n_estimators": 1730.9897352048563}, "datetime": {"datetime": "2023-01-27 03:20:21", "elapsed": 35575.457537, "delta": 97.492646}}
{"target": -8454.808038926294, "params": {"criterion": 1.343160908639018, "max_features": 0.9858214034656854, "min_samples_split": 0.83450020902626, "n_estimators": 4078.310900003247}, "datetime": {"datetime": "2023-01-27 03:22:04", "elapsed": 35678.190673, "delta": 102.733136}}
{"target": -5680.565051186191, "params": {"criterion": 2.095415171775097, "max_features": 0.580368955852676, "min_samples_split": 0.5626167440341089, "n_estimators": 272.9709473401694}, "datetime": {"datetime": "2023-01-27 03:22:25", "elapsed": 35699.283732, "delta": 21.093059}}
{"target": -8454.76759046006, "params": {"criterion": 0.7134724122881864, "max_features": 0.288357169886209, "min_samples_split": 0.6873518921785251, "n_estimators": 1154.1519994726277}, "datetime": {"datetime": "2023-01-27 03:23:10", "elapsed": 35744.742754, "delta": 45.459022}}
{"target": -8454.767365614818, "params": {"criterion": 2.4765193913876247, "max_features": 0.3761646615079248, "min_samples_split": 0.9184111248157167, "n_estimators": 4920.140498396278}, "datetime": {"datetime": "2023-01-27 03:25:19", "elapsed": 35872.885295, "delta": 128.142541}}
{"target": -3345.377685628777, "params": {"criterion": 1.4773730591913266, "max_features": 0.899135614638728, "min_samples_split": 0.19979877023313825, "n_estimators": 524.2057817758485}, "datetime": {"datetime": "2023-01-27 03:26:06", "elapsed": 35919.816757, "delta": 46.931462}}
{"target": -8454.748022017966, "params": {"criterion": 2.187133691734616, "max_features": 0.27005137963300707, "min_samples_split": 0.8132468176628531, "n_estimators": 3886.5086896131747}, "datetime": {"datetime": "2023-01-27 03:27:52", "elapsed": 36026.142544, "delta": 106.325787}}
{"target": -8170.924993544686, "params": {"criterion": 0.17419261513030046, "max_features": 0.2975360237995305, "min_samples_split": 0.6369666041682205, "n_estimators": 1957.8672481058054}, "datetime": {"datetime": "2023-01-27 03:29:05", "elapsed": 36099.235543, "delta": 73.092999}}
{"target": -4402.926005866029, "params": {"criterion": 0.8520766433318324, "max_features": 0.47888342800200134, "min_samples_split": 0.2843183277559872, "n_estimators": 4437.758652193553}, "datetime": {"datetime": "2023-01-27 03:32:23", "elapsed": 36297.147684, "delta": 197.912141}}
{"target": -5563.112010402782, "params": {"criterion": 2.817704964615727, "max_features": 0.7738136377886832, "min_samples_split": 0.5205242623898992, "n_estimators": 3708.1407108343174}, "datetime": {"datetime": "2023-01-27 03:35:18", "elapsed": 36472.277067, "delta": 175.129383}}
{"target": -4003.0767633457626, "params": {"criterion": 2.5983104003313753, "max_features": 0.24031112219074824, "min_samples_split": 0.12412332506902846, "n_estimators": 639.1505039424327}, "datetime": {"datetime": "2023-01-27 03:36:05", "elapsed": 36519.532731, "delta": 47.255664}}
{"target": -8454.692453760179, "params": {"criterion": 0.692292365691102, "max_features": 0.8959151163932907, "min_samples_split": 0.7838341958344363, "n_estimators": 1412.4733033085226}, "datetime": {"datetime": "2023-01-27 03:37:01", "elapsed": 36574.909741, "delta": 55.37701}}
{"target": -8454.689079012605, "params": {"criterion": 2.265457305096153, "max_features": 0.9692442660874782, "min_samples_split": 0.7309975874301126, "n_estimators": 2972.4563056622073}, "datetime": {"datetime": "2023-01-27 03:38:30", "elapsed": 36663.900572, "delta": 88.990831}}
{"target": -8454.54121134769, "params": {"criterion": 2.0419518579995968, "max_features": 0.2846458622486849, "min_samples_split": 0.9677791929035069, "n_estimators": 514.64512738597}, "datetime": {"datetime": "2023-01-27 03:38:53", "elapsed": 36687.732365, "delta": 23.831793}}
{"target": -5578.317575445266, "params": {"criterion": 0.9150432234774949, "max_features": 0.6649733308085003, "min_samples_split": 0.612980080612858, "n_estimators": 1116.4973216821818}, "datetime": {"datetime": "2023-01-27 03:39:51", "elapsed": 36745.427427, "delta": 57.695062}}
{"target": -3835.959005923789, "params": {"criterion": 0.24369504485649363, "max_features": 0.7155331564593556, "min_samples_split": 0.2669423647167097, "n_estimators": 3711.9270087543996}, "datetime": {"datetime": "2023-01-27 03:43:18", "elapsed": 36951.957102, "delta": 206.529675}}
{"target": -8454.71759756655, "params": {"criterion": 1.5524328443724955, "max_features": 0.34887036127351906, "min_samples_split": 0.894063060008985, "n_estimators": 2819.741181418161}, "datetime": {"datetime": "2023-01-27 03:44:44", "elapsed": 37038.044696, "delta": 86.087594}}
{"target": -8454.635234872138, "params": {"criterion": 2.7022550825369223, "max_features": 0.6794187130597147, "min_samples_split": 0.7183044386047384, "n_estimators": 1350.3211240694066}, "datetime": {"datetime": "2023-01-27 03:45:41", "elapsed": 37095.161683, "delta": 57.116987}}
{"target": -5829.188206004024, "params": {"criterion": 2.115039934209075, "max_features": 0.42098696149686265, "min_samples_split": 0.4794735331334161, "n_estimators": 125.74128494267951}, "datetime": {"datetime": "2023-01-27 03:45:53", "elapsed": 37106.872689, "delta": 11.711006}}
{"target": -5064.879712053606, "params": {"criterion": 1.0749028408909278, "max_features": 0.2189449707215379, "min_samples_split": 0.22085315304366485, "n_estimators": 2251.295569967917}, "datetime": {"datetime": "2023-01-27 03:47:32", "elapsed": 37206.476103, "delta": 99.603414}}
{"target": -3775.3544968868855, "params": {"criterion": 0.4215935345593275, "max_features": 0.9646406182147526, "min_samples_split": 0.2699361425463883, "n_estimators": 1056.2169053758998}, "datetime": {"datetime": "2023-01-27 03:48:56", "elapsed": 37289.992672, "delta": 83.516569}}
{"target": -8454.811876573902, "params": {"criterion": 2.7262576080773644, "max_features": 0.7607623018095917, "min_samples_split": 0.8670004286664303, "n_estimators": 1107.032544770906}, "datetime": {"datetime": "2023-01-27 03:49:38", "elapsed": 37332.401547, "delta": 42.408875}}
