{"target": -6196.516671206891, "params": {"criterion": 1.766153564339028, "max_features": 0.20637393763611422, "min_samples_split": 0.322224954409051, "n_estimators": 1317.1755784109082}, "datetime": {"datetime": "2023-02-10 00:28:47", "elapsed": 47073.510201, "delta": 43.823471}}
{"target": -6999.553449227246, "params": {"criterion": 2.146862238000573, "max_features": 0.26367705526931834, "min_samples_split": 0.511918549461753, "n_estimators": 3687.7284645442282}, "datetime": {"datetime": "2023-02-10 00:30:38", "elapsed": 47185.177838, "delta": 111.667637}}
{"target": -8455.84032451438, "params": {"criterion": 2.832121648920653, "max_features": 0.7570008223615702, "min_samples_split": 0.7409071508554821, "n_estimators": 2474.1115055175355}, "datetime": {"datetime": "2023-02-10 00:31:35", "elapsed": 47242.147489, "delta": 56.969651}}
{"target": -3720.7487859051193, "params": {"criterion": 0.9129968360656798, "max_features": 0.9107777920198451, "min_samples_split": 0.004807720950113826, "n_estimators": 2858.7399390128157}, "datetime": {"datetime": "2023-02-10 00:35:59", "elapsed": 47506.013099, "delta": 263.86561}}
{"target": -8455.950804293645, "params": {"criterion": 1.2970202026158475, "max_features": 0.6405459827360748, "min_samples_split": 0.6844527678497899, "n_estimators": 4284.943196860248}, "datetime": {"datetime": "2023-02-10 00:37:35", "elapsed": 47601.778166, "delta": 95.765067}}
{"target": -4714.83409241613, "params": {"criterion": 0.08104728811060177, "max_features": 0.3745332015137292, "min_samples_split": 0.16540246950634976, "n_estimators": 1811.1788093221055}, "datetime": {"datetime": "2023-02-10 00:38:47", "elapsed": 47673.896547, "delta": 72.118381}}
{"target": -4446.364494426917, "params": {"criterion": 0.3097742446927809, "max_features": 0.5024222090308661, "min_samples_split": 0.19731863182760243, "n_estimators": 3713.378759524055}, "datetime": {"datetime": "2023-02-10 00:41:22", "elapsed": 47828.591853, "delta": 154.695306}}
{"target": -4507.143942497627, "params": {"criterion": 1.4964898210056523, "max_features": 0.617180887891166, "min_samples_split": 0.2673329054242961, "n_estimators": 1096.52913695594}, "datetime": {"datetime": "2023-02-10 00:42:06", "elapsed": 47872.882209, "delta": 44.290356}}
{"target": -8455.881130218851, "params": {"criterion": 2.3776764846566842, "max_features": 0.34468176114746113, "min_samples_split": 0.6699442936994424, "n_estimators": 4478.199565418169}, "datetime": {"datetime": "2023-02-10 00:43:47", "elapsed": 47974.449217, "delta": 101.567008}}
{"target": -8455.86934242738, "params": {"criterion": 0.20384481982442437, "max_features": 0.9875160667650259, "min_samples_split": 0.9102076889859864, "n_estimators": 4566.857338514225}, "datetime": {"datetime": "2023-02-10 00:45:29", "elapsed": 48076.110806, "delta": 101.661589}}
{"target": -8455.890735125791, "params": {"criterion": 1.2173095938557865, "max_features": 0.25826121292188275, "min_samples_split": 0.712478383786027, "n_estimators": 2922.122254450806}, "datetime": {"datetime": "2023-02-10 00:46:34", "elapsed": 48141.317333, "delta": 65.206527}}
{"target": -4037.4762825343664, "params": {"criterion": 2.241898008214959, "max_features": 0.3989114898267485, "min_samples_split": 0.07393969327722558, "n_estimators": 2688.1246794977815}, "datetime": {"datetime": "2023-02-10 00:48:48", "elapsed": 48275.372266, "delta": 134.054933}}
{"target": -8455.966198830614, "params": {"criterion": 1.9953730914327117, "max_features": 0.5568012929730625, "min_samples_split": 0.910196891958586, "n_estimators": 4202.192351953494}, "datetime": {"datetime": "2023-02-10 00:50:26", "elapsed": 48372.620782, "delta": 97.248516}}
{"target": -5222.048002324448, "params": {"criterion": 0.1928553555276647, "max_features": 0.21154525137626812, "min_samples_split": 0.16573955373034013, "n_estimators": 3699.782356391851}, "datetime": {"datetime": "2023-02-10 00:52:40", "elapsed": 48507.292715, "delta": 134.671933}}
{"target": -8455.905441180486, "params": {"criterion": 2.0693812463400993, "max_features": 0.9756187257378567, "min_samples_split": 0.6773717307220082, "n_estimators": 316.3709619223074}, "datetime": {"datetime": "2023-02-10 00:52:48", "elapsed": 48515.272701, "delta": 7.979986}}
{"target": -3922.1682168365796, "params": {"criterion": 2.0158194085221517, "max_features": 0.9895501197522613, "min_samples_split": 0.12013172868866055, "n_estimators": 2330.4497184389597}, "datetime": {"datetime": "2023-02-10 00:55:27", "elapsed": 48673.650359, "delta": 158.377658}}
{"target": -4753.226549470261, "params": {"criterion": 2.015697036463529, "max_features": 0.3644504325492656, "min_samples_split": 0.1685534056794292, "n_estimators": 1862.4440047853827}, "datetime": {"datetime": "2023-02-10 00:56:44", "elapsed": 48750.604961, "delta": 76.954602}}
{"target": -3625.0150883644737, "params": {"criterion": 0.8520867858612517, "max_features": 0.7152178747051559, "min_samples_split": 0.021043479240496953, "n_estimators": 2880.8829005061307}, "datetime": {"datetime": "2023-02-10 01:00:14", "elapsed": 48960.548386, "delta": 209.943425}}
{"target": -5885.911149089296, "params": {"criterion": 2.4285404296569713, "max_features": 0.8840838595854857, "min_samples_split": 0.5900962550421451, "n_estimators": 1684.3893087700826}, "datetime": {"datetime": "2023-02-10 01:01:12", "elapsed": 49018.909735, "delta": 58.361349}}
{"target": -6795.01326727342, "params": {"criterion": 0.45225286588462255, "max_features": 0.31968831130956143, "min_samples_split": 0.47554063320868417, "n_estimators": 3102.503828874059}, "datetime": {"datetime": "2023-02-10 01:02:44", "elapsed": 49111.397057, "delta": 92.487322}}
{"target": -8455.94666046464, "params": {"criterion": 1.1288151378718099, "max_features": 0.9878441115563885, "min_samples_split": 0.9673330445666801, "n_estimators": 1909.6241148407014}, "datetime": {"datetime": "2023-02-10 01:03:28", "elapsed": 49155.02875, "delta": 43.631693}}
