{"target": -3579.373410839432, "params": {"criterion": 2.685683575594198, "max_features": 0.24883612188948456, "min_samples_split": 0.08687716292021568, "n_estimators": 359.0910176865685}, "datetime": {"datetime": "2023-01-27 20:45:17", "elapsed": 98271.635169, "delta": 23.323656}}
{"target": -8454.742681088046, "params": {"criterion": 1.9451587916282678, "max_features": 0.22653817270077134, "min_samples_split": 0.7907446669866172, "n_estimators": 4574.038632387166}, "datetime": {"datetime": "2023-01-27 20:47:08", "elapsed": 98382.7923, "delta": 111.157131}}
{"target": -6386.214685900255, "params": {"criterion": 1.5900228795579248, "max_features": 0.3294380668605982, "min_samples_split": 0.6187865770419639, "n_estimators": 333.9572157218413}, "datetime": {"datetime": "2023-01-27 20:47:29", "elapsed": 98403.647461, "delta": 20.855161}}
{"target": -4643.368396448598, "params": {"criterion": 0.2856198172361458, "max_features": 0.5778196020900457, "min_samples_split": 0.3994429873606984, "n_estimators": 3573.473694121042}, "datetime": {"datetime": "2023-01-27 20:49:55", "elapsed": 98549.772728, "delta": 146.125267}}
{"target": -8454.594691774195, "params": {"criterion": 1.5856168136036488, "max_features": 0.9437958104147263, "min_samples_split": 0.661499438254285, "n_estimators": 1415.8796088969973}, "datetime": {"datetime": "2023-01-27 20:50:44", "elapsed": 98598.331374, "delta": 48.558646}}
{"target": -8454.772131580063, "params": {"criterion": 0.5739714943859072, "max_features": 0.8711583344138494, "min_samples_split": 0.7988756488251585, "n_estimators": 3087.762603285393}, "datetime": {"datetime": "2023-01-27 20:52:01", "elapsed": 98674.858314, "delta": 76.52694}}
{"target": -8454.7766751645, "params": {"criterion": 2.27948788169103, "max_features": 0.5830191349054274, "min_samples_split": 0.9845565657255194, "n_estimators": 4810.8310484105405}, "datetime": {"datetime": "2023-01-27 20:54:06", "elapsed": 98800.152377, "delta": 125.294063}}
{"target": -1635.488962292055, "params": {"criterion": 1.6471484680519222, "max_features": 0.9078113143409479, "min_samples_split": 0.033998660809965546, "n_estimators": 3857.65134473749}, "datetime": {"datetime": "2023-01-27 21:01:44", "elapsed": 99257.963401, "delta": 457.811024}}
{"target": -2802.07583816352, "params": {"criterion": 1.3295012195202103, "max_features": 0.5540600228260172, "min_samples_split": 0.12777109120871252, "n_estimators": 337.1435603399381}, "datetime": {"datetime": "2023-01-27 21:02:14", "elapsed": 99287.884382, "delta": 29.920981}}
{"target": -3244.461992400307, "params": {"criterion": 0.029518970465830845, "max_features": 0.6235288117842437, "min_samples_split": 0.18167849159269134, "n_estimators": 3245.728922566529}, "datetime": {"datetime": "2023-01-27 21:05:28", "elapsed": 99482.511002, "delta": 194.62662}}
{"target": -2096.0514468123993, "params": {"criterion": 1.44431601254021, "max_features": 0.6289252702220577, "min_samples_split": 0.06397228304481334, "n_estimators": 4351.19602744879}, "datetime": {"datetime": "2023-01-27 21:11:12", "elapsed": 99826.388493, "delta": 343.877491}}
{"target": -8454.763642822512, "params": {"criterion": 2.1563525923594153, "max_features": 0.9522172223287069, "min_samples_split": 0.8750090038582191, "n_estimators": 1481.6040809003155}, "datetime": {"datetime": "2023-01-27 21:12:01", "elapsed": 99875.378814, "delta": 48.990321}}
{"target": -8454.738805690478, "params": {"criterion": 0.7551970647521039, "max_features": 0.3985862592070311, "min_samples_split": 0.8297899660216137, "n_estimators": 242.11697961305742}, "datetime": {"datetime": "2023-01-27 21:12:13", "elapsed": 99887.327448, "delta": 11.948634}}
{"target": -6237.294006277407, "params": {"criterion": 2.155874839258388, "max_features": 0.6230434033542549, "min_samples_split": 0.629374026119272, "n_estimators": 3243.689386932863}, "datetime": {"datetime": "2023-01-27 21:14:19", "elapsed": 100013.623726, "delta": 126.296278}}
{"target": -2411.886032824686, "params": {"criterion": 0.0934422147175857, "max_features": 0.8406974175924268, "min_samples_split": 0.10416639592048045, "n_estimators": 4629.261391132714}, "datetime": {"datetime": "2023-01-27 21:21:03", "elapsed": 100416.848354, "delta": 403.224628}}
{"target": -5532.0090381628725, "params": {"criterion": 1.5302297871271375, "max_features": 0.7121190878730428, "min_samples_split": 0.5910238873760247, "n_estimators": 1899.0497332692198}, "datetime": {"datetime": "2023-01-27 21:22:26", "elapsed": 100500.747656, "delta": 83.899302}}
{"target": -8293.518266830739, "params": {"criterion": 1.9634735586221665, "max_features": 0.8011237081336774, "min_samples_split": 0.6408860453027106, "n_estimators": 180.08042834201854}, "datetime": {"datetime": "2023-01-27 21:22:37", "elapsed": 100511.214847, "delta": 10.467191}}
{"target": -8454.70360280167, "params": {"criterion": 1.9223009837260607, "max_features": 0.19780582257988014, "min_samples_split": 0.8355394879090593, "n_estimators": 4776.547251993754}, "datetime": {"datetime": "2023-01-27 21:24:37", "elapsed": 100631.597066, "delta": 120.382219}}
{"target": -3832.7722599722647, "params": {"criterion": 2.041277591437931, "max_features": 0.9180246924735924, "min_samples_split": 0.25494726106786175, "n_estimators": 4038.5682629826592}, "datetime": {"datetime": "2023-01-27 21:29:23", "elapsed": 100916.999101, "delta": 285.402035}}
{"target": -8454.685915107797, "params": {"criterion": 0.3145405620369548, "max_features": 0.8399683348330317, "min_samples_split": 0.6843308654816596, "n_estimators": 3485.7906720043225}, "datetime": {"datetime": "2023-01-27 21:30:57", "elapsed": 101011.751236, "delta": 94.752135}}
{"target": -4929.286724522239, "params": {"criterion": 2.3332692356409113, "max_features": 0.9781555717781234, "min_samples_split": 0.47231139762275526, "n_estimators": 4154.609907659775}, "datetime": {"datetime": "2023-01-27 21:34:50", "elapsed": 101243.928495, "delta": 232.177259}}
{"target": -5304.929949976958, "params": {"criterion": 2.3463347168308064, "max_features": 0.332070190971234, "min_samples_split": 0.3486104816538897, "n_estimators": 956.2809164622117}, "datetime": {"datetime": "2023-01-27 21:35:47", "elapsed": 101300.942741, "delta": 57.014246}}
{"target": -8454.612491915828, "params": {"criterion": 2.7849013473345083, "max_features": 0.8223458953584813, "min_samples_split": 0.9653689961504817, "n_estimators": 1694.1980450451156}, "datetime": {"datetime": "2023-01-27 21:36:39", "elapsed": 101353.732168, "delta": 52.789427}}
{"target": -2608.1704375521026, "params": {"criterion": 0.15478627762779856, "max_features": 0.5575991444735924, "min_samples_split": 0.10843625318427262, "n_estimators": 4317.503374764541}, "datetime": {"datetime": "2023-01-27 21:40:52", "elapsed": 101606.189657, "delta": 252.457489}}
{"target": -5604.669266336586, "params": {"criterion": 0.15927091320358733, "max_features": 0.9048688799978869, "min_samples_split": 0.49087191588386875, "n_estimators": 3795.0384235123815}, "datetime": {"datetime": "2023-01-27 21:43:42", "elapsed": 101776.730533, "delta": 170.540876}}
{"target": -4508.977127235177, "params": {"criterion": 1.188885769971746, "max_features": 0.6872483132758365, "min_samples_split": 0.40413359905487956, "n_estimators": 3179.040583787392}, "datetime": {"datetime": "2023-01-27 21:46:14", "elapsed": 101928.335159, "delta": 151.604626}}
{"target": -8454.740641815766, "params": {"criterion": 2.4647150438372303, "max_features": 0.22419981885458926, "min_samples_split": 0.920499316065596, "n_estimators": 2392.307999930357}, "datetime": {"datetime": "2023-01-27 21:47:22", "elapsed": 101996.497084, "delta": 68.161925}}
{"target": -5592.45523668325, "params": {"criterion": 2.969553129766677, "max_features": 0.6439509809984415, "min_samples_split": 0.5213487830285808, "n_estimators": 4269.717395431199}, "datetime": {"datetime": "2023-01-27 21:50:03", "elapsed": 102157.357037, "delta": 160.859953}}
{"target": -2826.3208495084746, "params": {"criterion": 1.6973796508871526, "max_features": 0.6929313578586396, "min_samples_split": 0.14598241779196183, "n_estimators": 2390.0286300686685}, "datetime": {"datetime": "2023-01-27 21:52:49", "elapsed": 102323.526092, "delta": 166.169055}}
{"target": -5547.062213995223, "params": {"criterion": 0.5027201835132005, "max_features": 0.8517761630952843, "min_samples_split": 0.5528674170933576, "n_estimators": 721.085008846983}, "datetime": {"datetime": "2023-01-27 21:53:39", "elapsed": 102372.893895, "delta": 49.367803}}
{"target": -5627.146630922738, "params": {"criterion": 0.07870301139132452, "max_features": 0.19146032432919846, "min_samples_split": 0.2682413877823679, "n_estimators": 249.29243291760295}, "datetime": {"datetime": "2023-01-27 21:53:56", "elapsed": 102390.276246, "delta": 17.382351}}
{"target": -2159.427667298387, "params": {"criterion": 1.4892695585027353, "max_features": 0.5021690274394209, "min_samples_split": 0.058764984083848906, "n_estimators": 596.2624354569887}, "datetime": {"datetime": "2023-01-27 21:54:52", "elapsed": 102446.149503, "delta": 55.873257}}
{"target": -5646.373601819383, "params": {"criterion": 0.4485839808509253, "max_features": 0.5711036797340342, "min_samples_split": 0.5708588140612493, "n_estimators": 1597.9891873397132}, "datetime": {"datetime": "2023-01-27 21:56:00", "elapsed": 102514.031379, "delta": 67.881876}}
{"target": -8454.660295559479, "params": {"criterion": 2.7730828104084613, "max_features": 0.36065177771985973, "min_samples_split": 0.6684314768163993, "n_estimators": 1119.0000828269403}, "datetime": {"datetime": "2023-01-27 21:56:40", "elapsed": 102554.649644, "delta": 40.618265}}
{"target": -4467.191916947033, "params": {"criterion": 0.9092526314369987, "max_features": 0.7352178775857214, "min_samples_split": 0.4127429899557179, "n_estimators": 1370.507686739407}, "datetime": {"datetime": "2023-01-27 21:57:58", "elapsed": 102631.851946, "delta": 77.202302}}
{"target": -1898.8770556344166, "params": {"criterion": 0.8115139503479298, "max_features": 0.33263557110745756, "min_samples_split": 0.01321530165982834, "n_estimators": 1050.0249700076956}, "datetime": {"datetime": "2023-01-27 21:59:19", "elapsed": 102713.23105, "delta": 81.379104}}
{"target": -7485.598281675682, "params": {"criterion": 0.19493452821942273, "max_features": 0.19717714503013992, "min_samples_split": 0.630531297047745, "n_estimators": 2846.5802288363757}, "datetime": {"datetime": "2023-01-27 22:00:46", "elapsed": 102800.704641, "delta": 87.473591}}
{"target": -1402.8071568884022, "params": {"criterion": 1.4529840128794074, "max_features": 0.8852993182340171, "min_samples_split": 0.02297653916426836, "n_estimators": 1040.776082456418}, "datetime": {"datetime": "2023-01-27 22:03:05", "elapsed": 102939.205964, "delta": 138.501323}}
{"target": -6410.723737007605, "params": {"criterion": 1.636206735159536, "max_features": 0.2103619665671038, "min_samples_split": 0.47068772721471996, "n_estimators": 1005.0626126131739}, "datetime": {"datetime": "2023-01-27 22:03:43", "elapsed": 102977.088767, "delta": 37.882803}}
{"target": -2133.715347776325, "params": {"criterion": 1.4445423076519783, "max_features": 0.536369909831361, "min_samples_split": 0.06098900319092823, "n_estimators": 2263.322834307811}, "datetime": {"datetime": "2023-01-27 22:06:50", "elapsed": 103164.485144, "delta": 187.396377}}
{"target": -8454.691264749004, "params": {"criterion": 1.7916915184328108, "max_features": 0.6380938098302235, "min_samples_split": 0.841321692124319, "n_estimators": 3218.870832268288}, "datetime": {"datetime": "2023-01-27 22:08:18", "elapsed": 103252.492735, "delta": 88.007591}}
{"target": -5576.294214853038, "params": {"criterion": 1.407693284418855, "max_features": 0.8710754101265875, "min_samples_split": 0.5760528214994662, "n_estimators": 2049.5497289034265}, "datetime": {"datetime": "2023-01-27 22:09:48", "elapsed": 103342.513076, "delta": 90.020341}}
{"target": -8454.543632331108, "params": {"criterion": 0.515265715730946, "max_features": 0.9470199168598608, "min_samples_split": 0.6629779027380982, "n_estimators": 567.5407036635792}, "datetime": {"datetime": "2023-01-27 22:10:12", "elapsed": 103366.593426, "delta": 24.08035}}
{"target": -8454.70841638739, "params": {"criterion": 2.3583165684810052, "max_features": 0.3862269029247749, "min_samples_split": 0.9604871350813315, "n_estimators": 4989.761735353915}, "datetime": {"datetime": "2023-01-27 22:12:17", "elapsed": 103491.376534, "delta": 124.783108}}
{"target": -3095.3261797448868, "params": {"criterion": 1.6966084394624086, "max_features": 0.7086178136389117, "min_samples_split": 0.17350857244663911, "n_estimators": 4796.053835002874}, "datetime": {"datetime": "2023-01-27 22:17:31", "elapsed": 103804.911867, "delta": 313.535333}}
{"target": -933.9765025319542, "params": {"criterion": 0.48028316933175375, "max_features": 0.9287862873935654, "min_samples_split": 0.006037034945864382, "n_estimators": 1152.0588302142007}, "datetime": {"datetime": "2023-01-27 22:20:43", "elapsed": 103997.325856, "delta": 192.413989}}
{"target": -8454.734067718335, "params": {"criterion": 2.4151131880604986, "max_features": 0.6927968618455396, "min_samples_split": 0.9540267860423862, "n_estimators": 4378.096714924022}, "datetime": {"datetime": "2023-01-27 22:22:43", "elapsed": 104117.428399, "delta": 120.102543}}
{"target": -8454.750378785, "params": {"criterion": 1.896448306012848, "max_features": 0.32609213550981736, "min_samples_split": 0.9387670829402839, "n_estimators": 3976.328070154049}, "datetime": {"datetime": "2023-01-27 22:24:29", "elapsed": 104223.290405, "delta": 105.862006}}
{"target": -5595.845624993841, "params": {"criterion": 1.29595992139505, "max_features": 0.36958106656538914, "min_samples_split": 0.4621477913638943, "n_estimators": 2777.1519287063393}, "datetime": {"datetime": "2023-01-27 22:26:11", "elapsed": 104325.294271, "delta": 102.003866}}
{"target": -8454.724953438952, "params": {"criterion": 2.4652724456805446, "max_features": 0.9824664235601348, "min_samples_split": 0.7014096973791024, "n_estimators": 2318.947124287172}, "datetime": {"datetime": "2023-01-27 22:27:23", "elapsed": 104397.340966, "delta": 72.046695}}
{"target": -8454.71066534398, "params": {"criterion": 2.896354271484695, "max_features": 0.7042882506730751, "min_samples_split": 0.699643951420818, "n_estimators": 1339.077891635986}, "datetime": {"datetime": "2023-01-27 22:28:11", "elapsed": 104445.408379, "delta": 48.067413}}
{"target": -5831.506932795304, "params": {"criterion": 0.9055098423708386, "max_features": 0.27048659947710046, "min_samples_split": 0.4314357156544157, "n_estimators": 2152.840400182155}, "datetime": {"datetime": "2023-01-27 22:29:29", "elapsed": 104522.9562, "delta": 77.547821}}
{"target": -8454.762675274837, "params": {"criterion": 1.290961164661463, "max_features": 0.5642192908662927, "min_samples_split": 0.7215199089654495, "n_estimators": 3829.588852101539}, "datetime": {"datetime": "2023-01-27 22:31:08", "elapsed": 104621.815561, "delta": 98.859361}}
{"target": -4389.354572801651, "params": {"criterion": 0.6727895871426621, "max_features": 0.9048717567538529, "min_samples_split": 0.39958231201127037, "n_estimators": 3451.381955011729}, "datetime": {"datetime": "2023-01-27 22:34:22", "elapsed": 104815.940035, "delta": 194.124474}}
{"target": -6531.922216290241, "params": {"criterion": 2.804766769915308, "max_features": 0.35477477280224234, "min_samples_split": 0.6273505794125476, "n_estimators": 4585.478708467056}, "datetime": {"datetime": "2023-01-27 22:36:47", "elapsed": 104961.402115, "delta": 145.46208}}
{"target": -4076.485806317783, "params": {"criterion": 1.2916137180837801, "max_features": 0.594156684387358, "min_samples_split": 0.27246457477119357, "n_estimators": 1218.1077004293752}, "datetime": {"datetime": "2023-01-27 22:38:02", "elapsed": 105036.003073, "delta": 74.600958}}
{"target": -8452.438612824411, "params": {"criterion": 0.27166500942001864, "max_features": 0.3082022965048039, "min_samples_split": 0.6516423552290851, "n_estimators": 3253.852311322441}, "datetime": {"datetime": "2023-01-27 22:39:31", "elapsed": 105125.6542, "delta": 89.651127}}
{"target": -3631.3398103624268, "params": {"criterion": 2.634618530749497, "max_features": 0.2725466922655881, "min_samples_split": 0.1062885686120656, "n_estimators": 2609.2927876938074}, "datetime": {"datetime": "2023-01-27 22:41:49", "elapsed": 105263.758314, "delta": 138.104114}}
{"target": -8454.68514193242, "params": {"criterion": 0.011515438527094062, "max_features": 0.6587007835668441, "min_samples_split": 0.6833233387095624, "n_estimators": 4002.090368585178}, "datetime": {"datetime": "2023-01-27 22:43:32", "elapsed": 105366.512305, "delta": 102.753991}}
{"target": -4551.421808847597, "params": {"criterion": 0.9348358490379405, "max_features": 0.9356339095208734, "min_samples_split": 0.42307039541650093, "n_estimators": 3467.215386872808}, "datetime": {"datetime": "2023-01-27 22:46:56", "elapsed": 105569.991986, "delta": 203.479681}}
{"target": -6054.666802423117, "params": {"criterion": 0.5308416994559788, "max_features": 0.3389152787720195, "min_samples_split": 0.49187574135672935, "n_estimators": 389.37439938433}, "datetime": {"datetime": "2023-01-27 22:47:16", "elapsed": 105590.516015, "delta": 20.524029}}
{"target": -4127.382319264774, "params": {"criterion": 0.32474733157489893, "max_features": 0.3164604886212298, "min_samples_split": 0.17695502248197362, "n_estimators": 642.3013172208134}, "datetime": {"datetime": "2023-01-27 22:47:57", "elapsed": 105631.53053, "delta": 41.014515}}
{"target": -8454.708353629481, "params": {"criterion": 0.8287827952440222, "max_features": 0.707661864290164, "min_samples_split": 0.7888516981909642, "n_estimators": 2802.7496812510617}, "datetime": {"datetime": "2023-01-27 22:49:18", "elapsed": 105711.862185, "delta": 80.331655}}
{"target": -4898.400588506669, "params": {"criterion": 1.035137664837244, "max_features": 0.4434951864008084, "min_samples_split": 0.3929119475007364, "n_estimators": 1494.7001930047568}, "datetime": {"datetime": "2023-01-27 22:50:28", "elapsed": 105781.971962, "delta": 70.109777}}
{"target": -8454.70395599085, "params": {"criterion": 2.494818233813708, "max_features": 0.8352058650925129, "min_samples_split": 0.9790375528394775, "n_estimators": 2048.182469491064}, "datetime": {"datetime": "2023-01-27 22:51:24", "elapsed": 105838.800064, "delta": 56.828102}}
{"target": -8454.660063195355, "params": {"criterion": 2.4638882638154023, "max_features": 0.5610770636858042, "min_samples_split": 0.8950578910744879, "n_estimators": 2179.5917410615343}, "datetime": {"datetime": "2023-01-27 22:52:29", "elapsed": 105903.385268, "delta": 64.585204}}
{"target": -6142.619945068269, "params": {"criterion": 1.9142052483946177, "max_features": 0.22266430178115798, "min_samples_split": 0.42917687889750594, "n_estimators": 2598.6140581525638}, "datetime": {"datetime": "2023-01-27 22:54:03", "elapsed": 105996.940406, "delta": 93.555138}}
{"target": -3711.419391440805, "params": {"criterion": 1.148301250656965, "max_features": 0.8684636047232438, "min_samples_split": 0.2573378120873681, "n_estimators": 2660.3179381310283}, "datetime": {"datetime": "2023-01-27 22:56:55", "elapsed": 106169.11673, "delta": 172.176324}}
{"target": -8454.731847569841, "params": {"criterion": 2.782656883530981, "max_features": 0.751877812890782, "min_samples_split": 0.7862062006185033, "n_estimators": 853.4959880102901}, "datetime": {"datetime": "2023-01-27 22:57:28", "elapsed": 106202.146921, "delta": 33.030191}}
{"target": -8454.766715836065, "params": {"criterion": 1.409652229499292, "max_features": 0.41561628856467947, "min_samples_split": 0.8233356070155803, "n_estimators": 788.713525199499}, "datetime": {"datetime": "2023-01-27 22:57:56", "elapsed": 106230.61392, "delta": 28.466999}}
{"target": -4116.449231442162, "params": {"criterion": 1.4447353265337504, "max_features": 0.7181548487708508, "min_samples_split": 0.37697819659496573, "n_estimators": 3315.047389148193}, "datetime": {"datetime": "2023-01-27 23:00:52", "elapsed": 106405.909731, "delta": 175.295811}}
{"target": -8454.728982785604, "params": {"criterion": 1.3779394828469531, "max_features": 0.9324135888597744, "min_samples_split": 0.9036766482166206, "n_estimators": 4812.5513472310995}, "datetime": {"datetime": "2023-01-27 23:02:52", "elapsed": 106526.076208, "delta": 120.166477}}
{"target": -8454.765856629661, "params": {"criterion": 0.695767475456294, "max_features": 0.22588383164822126, "min_samples_split": 0.9132807021967838, "n_estimators": 2097.864619466677}, "datetime": {"datetime": "2023-01-27 23:03:52", "elapsed": 106586.607895, "delta": 60.531687}}
{"target": -5527.635502090915, "params": {"criterion": 0.30573437441031975, "max_features": 0.6706102771969745, "min_samples_split": 0.5178196985243693, "n_estimators": 1873.452148951711}, "datetime": {"datetime": "2023-01-27 23:05:17", "elapsed": 106671.278147, "delta": 84.670252}}
{"target": -4852.29109778326, "params": {"criterion": 0.13815846957722258, "max_features": 0.36506858631288247, "min_samples_split": 0.28769943977831947, "n_estimators": 4113.641633026256}, "datetime": {"datetime": "2023-01-27 23:07:54", "elapsed": 106828.078862, "delta": 156.800715}}
{"target": -8454.724052343994, "params": {"criterion": 2.1802123637500164, "max_features": 0.4921619640807501, "min_samples_split": 0.9682651107931941, "n_estimators": 4678.079298471207}, "datetime": {"datetime": "2023-01-27 23:09:53", "elapsed": 106947.623843, "delta": 119.544981}}
{"target": -6285.396822552478, "params": {"criterion": 1.93177325470262, "max_features": 0.29377314247355285, "min_samples_split": 0.4912070661684086, "n_estimators": 1019.8574647817958}, "datetime": {"datetime": "2023-01-27 23:10:32", "elapsed": 106986.382492, "delta": 38.758649}}
