{"target": -8076.980986609376, "params": {"criterion": 2.313884797735911, "max_features": 0.22064012066644884, "min_samples_split": 0.6336215052792902, "n_estimators": 3769.1390244391982}, "datetime": {"datetime": "2023-02-09 11:24:13", "elapsed": 0.0, "delta": 0.0}}
{"target": -4786.201417960405, "params": {"criterion": 1.4954711862065408, "max_features": 0.3830343676427894, "min_samples_split": 0.19812325218667204, "n_estimators": 3826.6004897748976}, "datetime": {"datetime": "2023-02-09 11:24:13", "elapsed": 0.001751, "delta": 0.001751}}
{"target": -8455.894328401568, "params": {"criterion": 0.50731559860395, "max_features": 0.27443167034772425, "min_samples_split": 0.6853227464041237, "n_estimators": 4771.627396355189}, "datetime": {"datetime": "2023-02-09 11:24:13", "elapsed": 0.003297, "delta": 0.001546}}
{"target": -8455.873313374732, "params": {"criterion": 0.011844404157110562, "max_features": 0.6117656006596781, "min_samples_split": 0.8125584374597831, "n_estimators": 3101.377727464002}, "datetime": {"datetime": "2023-02-09 11:24:13", "elapsed": 0.004839, "delta": 0.001542}}
{"target": -8455.910246292213, "params": {"criterion": 2.165193776763655, "max_features": 0.4364212604735772, "min_samples_split": 0.9176905676884408, "n_estimators": 3601.4213386486836}, "datetime": {"datetime": "2023-02-09 11:24:13", "elapsed": 0.006397, "delta": 0.001558}}
{"target": -5956.889684603064, "params": {"criterion": 1.6275788495969825, "max_features": 0.31727385338921377, "min_samples_split": 0.3733660918994589, "n_estimators": 3403.254713825092}, "datetime": {"datetime": "2023-02-09 11:24:13", "elapsed": 0.008015, "delta": 0.001618}}
{"target": -6425.437036197099, "params": {"criterion": 1.3254553399515459, "max_features": 0.5495454031573694, "min_samples_split": 0.6177434250736233, "n_estimators": 2614.3773885165156}, "datetime": {"datetime": "2023-02-09 11:24:13", "elapsed": 0.009653, "delta": 0.001638}}
{"target": -8455.886186652084, "params": {"criterion": 1.9511265060762084, "max_features": 0.6824765360216786, "min_samples_split": 0.8051621521933799, "n_estimators": 2656.0710467288072}, "datetime": {"datetime": "2023-02-09 11:24:13", "elapsed": 0.011245, "delta": 0.001592}}
{"target": -4050.1572272133308, "params": {"criterion": 2.7258557775379235, "max_features": 0.45819644042850516, "min_samples_split": 0.0905412574010532, "n_estimators": 1573.4302775173965}, "datetime": {"datetime": "2023-02-09 11:24:13", "elapsed": 0.012894, "delta": 0.001649}}
{"target": -3640.392236470442, "params": {"criterion": 0.34194168715446294, "max_features": 0.8636516041373904, "min_samples_split": 0.04698694012537192, "n_estimators": 3168.8070267258236}, "datetime": {"datetime": "2023-02-09 11:24:13", "elapsed": 0.014531, "delta": 0.001637}}
{"target": -4050.4977650975597, "params": {"criterion": 1.6427037091421386, "max_features": 0.8561748832112103, "min_samples_split": 0.19900775017087652, "n_estimators": 4298.566482042893}, "datetime": {"datetime": "2023-02-09 11:24:13", "elapsed": 0.016225, "delta": 0.001694}}
{"target": -4381.426432799464, "params": {"criterion": 1.0549227530323204, "max_features": 0.8047300217770063, "min_samples_split": 0.2960025145383028, "n_estimators": 4431.288749849813}, "datetime": {"datetime": "2023-02-09 11:24:13", "elapsed": 0.017829, "delta": 0.001604}}
{"target": -5892.456416990159, "params": {"criterion": 0.9765023623329631, "max_features": 0.33545631387947894, "min_samples_split": 0.39255073809779795, "n_estimators": 557.9558353373865}, "datetime": {"datetime": "2023-02-09 11:24:13", "elapsed": 0.019388, "delta": 0.001559}}
{"target": -6025.37802694891, "params": {"criterion": 2.4632348629450016, "max_features": 0.3244223880648769, "min_samples_split": 0.38413762580246114, "n_estimators": 4726.877489970126}, "datetime": {"datetime": "2023-02-09 11:24:13", "elapsed": 0.020925, "delta": 0.001537}}
{"target": -8455.906955677765, "params": {"criterion": 2.9627776621581265, "max_features": 0.5672859166855492, "min_samples_split": 0.8260576192739713, "n_estimators": 1331.7332576145907}, "datetime": {"datetime": "2023-02-09 11:24:13", "elapsed": 0.022517, "delta": 0.001592}}
{"target": -5792.397924221249, "params": {"criterion": 1.7920552075278298, "max_features": 0.9226661441976254, "min_samples_split": 0.5345510372120547, "n_estimators": 2991.9866786285725}, "datetime": {"datetime": "2023-02-09 11:24:13", "elapsed": 0.02419, "delta": 0.001673}}
{"target": -3915.7275789452556, "params": {"criterion": 0.11784137349943948, "max_features": 0.48839648269275493, "min_samples_split": 0.07969716753793299, "n_estimators": 1596.7535998798096}, "datetime": {"datetime": "2023-02-09 11:24:13", "elapsed": 0.025833, "delta": 0.001643}}
{"target": -3644.7546309537297, "params": {"criterion": 0.9921248640151977, "max_features": 0.8199969936739671, "min_samples_split": 0.04005121684823927, "n_estimators": 2204.511674315028}, "datetime": {"datetime": "2023-02-09 11:24:13", "elapsed": 0.027503, "delta": 0.00167}}
{"target": -4708.6135384177305, "params": {"criterion": 0.9447491228408805, "max_features": 0.7106920777731185, "min_samples_split": 0.346377880650017, "n_estimators": 311.1770454044728}, "datetime": {"datetime": "2023-02-09 11:24:13", "elapsed": 0.029543, "delta": 0.00204}}
{"target": -8455.806355953951, "params": {"criterion": 2.639657532036296, "max_features": 0.8115688999185912, "min_samples_split": 0.8780210233963134, "n_estimators": 2145.794804812408}, "datetime": {"datetime": "2023-02-09 11:24:13", "elapsed": 0.031247, "delta": 0.001704}}
{"target": -6286.75920952901, "params": {"criterion": 1.8166721354248307, "max_features": 0.6127798362153803, "min_samples_split": 0.597817080633381, "n_estimators": 1384.8567395465564}, "datetime": {"datetime": "2023-02-09 11:24:13", "elapsed": 0.033006, "delta": 0.001759}}
{"target": -5900.0614951472135, "params": {"criterion": 0.9025838396912276, "max_features": 0.2243392184819823, "min_samples_split": 0.30310194813890456, "n_estimators": 1286.1717894772842}, "datetime": {"datetime": "2023-02-09 11:24:13", "elapsed": 0.034705, "delta": 0.001699}}
{"target": -5852.913140879731, "params": {"criterion": 1.6726788081690662, "max_features": 0.65419752806277, "min_samples_split": 0.47513722096556754, "n_estimators": 1534.7100838185945}, "datetime": {"datetime": "2023-02-09 11:24:13", "elapsed": 0.03635, "delta": 0.001645}}
{"target": -4286.570060859449, "params": {"criterion": 0.19274675697840385, "max_features": 0.983142669525146, "min_samples_split": 0.33973990206913607, "n_estimators": 2525.7382913240262}, "datetime": {"datetime": "2023-02-09 11:24:13", "elapsed": 0.037957, "delta": 0.001607}}
{"target": -4850.151371571937, "params": {"criterion": 2.931144469695453, "max_features": 0.5549253898841404, "min_samples_split": 0.3183091509178554, "n_estimators": 2647.005230789363}, "datetime": {"datetime": "2023-02-09 11:24:13", "elapsed": 0.039623, "delta": 0.001666}}
{"target": -3679.4004069533453, "params": {"criterion": 1.734351476004414, "max_features": 0.8837493988268086, "min_samples_split": 0.06818365408324245, "n_estimators": 2376.2009581187294}, "datetime": {"datetime": "2023-02-09 11:24:13", "elapsed": 0.041454, "delta": 0.001831}}
{"target": -6015.120125656936, "params": {"criterion": 2.3457691609455833, "max_features": 0.7760427711836412, "min_samples_split": 0.5860047756571652, "n_estimators": 281.7626248485986}, "datetime": {"datetime": "2023-02-09 11:24:13", "elapsed": 0.043245, "delta": 0.001791}}
{"target": -4597.397848786685, "params": {"criterion": 1.0519341082102704, "max_features": 0.6523540126500085, "min_samples_split": 0.29976992645007794, "n_estimators": 2610.437351040391}, "datetime": {"datetime": "2023-02-09 11:24:13", "elapsed": 0.045056, "delta": 0.001811}}
{"target": -4091.6171995906398, "params": {"criterion": 2.020333429161633, "max_features": 0.33082259385794166, "min_samples_split": 0.050567574619966825, "n_estimators": 1755.2978466169293}, "datetime": {"datetime": "2023-02-09 11:24:13", "elapsed": 0.04681, "delta": 0.001754}}
{"target": -8455.907033164405, "params": {"criterion": 0.3241805119610797, "max_features": 0.34650857092385623, "min_samples_split": 0.8857499307484722, "n_estimators": 1890.2883589491676}, "datetime": {"datetime": "2023-02-09 11:24:13", "elapsed": 0.048538, "delta": 0.001728}}
{"target": -3839.301659840565, "params": {"criterion": 0.6562861706036922, "max_features": 0.80301767791436, "min_samples_split": 0.10695820847669044, "n_estimators": 3748.555879800247}, "datetime": {"datetime": "2023-02-09 11:24:13", "elapsed": 0.05021, "delta": 0.001672}}
{"target": -4040.776332399484, "params": {"criterion": 1.4093089017921392, "max_features": 0.6802613889810372, "min_samples_split": 0.1476906682468406, "n_estimators": 1001.7706282564411}, "datetime": {"datetime": "2023-02-09 11:24:13", "elapsed": 0.051882, "delta": 0.001672}}
{"target": -5689.254833691196, "params": {"criterion": 1.9351518721920786, "max_features": 0.24282600128248638, "min_samples_split": 0.2486627853012089, "n_estimators": 2757.801729517221}, "datetime": {"datetime": "2023-02-09 11:24:13", "elapsed": 0.053576, "delta": 0.001694}}
{"target": -8455.939200036863, "params": {"criterion": 0.6802973524757006, "max_features": 0.5076803765925566, "min_samples_split": 0.9221483403461656, "n_estimators": 4634.248677052106}, "datetime": {"datetime": "2023-02-09 11:24:13", "elapsed": 0.055234, "delta": 0.001658}}
{"target": -3619.3834269190725, "params": {"criterion": 1.7001930987325422, "max_features": 0.628700741816432, "min_samples_split": 0.014957052628301463, "n_estimators": 4891.706390669824}, "datetime": {"datetime": "2023-02-09 11:24:13", "elapsed": 0.056946, "delta": 0.001712}}
{"target": -5851.12982833346, "params": {"criterion": 1.719029409209154, "max_features": 0.834264421412188, "min_samples_split": 0.5615450488043137, "n_estimators": 4398.94268366818}, "datetime": {"datetime": "2023-02-09 11:24:13", "elapsed": 0.058898, "delta": 0.001952}}
{"target": -4000.74200366099, "params": {"criterion": 1.7525290660091735, "max_features": 0.7682806066955207, "min_samples_split": 0.14860374466618728, "n_estimators": 2199.4086209426923}, "datetime": {"datetime": "2023-02-09 11:24:13", "elapsed": 0.060777, "delta": 0.001879}}
{"target": -6327.836212909255, "params": {"criterion": 2.0816008100206007, "max_features": 0.2873884738296742, "min_samples_split": 0.4396173167270356, "n_estimators": 914.390523752215}, "datetime": {"datetime": "2023-02-09 11:24:13", "elapsed": 0.0626, "delta": 0.001823}}
{"target": -3785.6661174022242, "params": {"criterion": 1.5208851899292155, "max_features": 0.8559750136870433, "min_samples_split": 0.09018871337749365, "n_estimators": 4020.3368784013114}, "datetime": {"datetime": "2023-02-09 11:24:13", "elapsed": 0.064716, "delta": 0.002116}}
{"target": -4173.003597856388, "params": {"criterion": 1.6953225492380177, "max_features": 0.6731717590213401, "min_samples_split": 0.19816103708482563, "n_estimators": 2236.979451160288}, "datetime": {"datetime": "2023-02-09 11:24:13", "elapsed": 0.066457, "delta": 0.001741}}
{"target": -4182.167868070677, "params": {"criterion": 0.8876816962862899, "max_features": 0.23401539267511634, "min_samples_split": 0.030778703404871686, "n_estimators": 2320.2145009860437}, "datetime": {"datetime": "2023-02-09 11:24:13", "elapsed": 0.068131, "delta": 0.001674}}
{"target": -5054.3644206514955, "params": {"criterion": 2.234517744442508, "max_features": 0.6476621030286419, "min_samples_split": 0.3851365768455734, "n_estimators": 923.5567079098312}, "datetime": {"datetime": "2023-02-09 11:24:13", "elapsed": 0.069829, "delta": 0.001698}}
{"target": -8455.912889829739, "params": {"criterion": 2.514700135979008, "max_features": 0.6808950065869448, "min_samples_split": 0.7826582752813221, "n_estimators": 4257.694991284102}, "datetime": {"datetime": "2023-02-09 11:24:13", "elapsed": 0.07161, "delta": 0.001781}}
{"target": -5938.448572274934, "params": {"criterion": 1.809428611288518, "max_features": 0.82575143164351, "min_samples_split": 0.6157137286583626, "n_estimators": 203.70943674355942}, "datetime": {"datetime": "2023-02-09 11:24:13", "elapsed": 0.073402, "delta": 0.001792}}
{"target": -6459.619558846435, "params": {"criterion": 2.2513187850014242, "max_features": 0.3442318285342856, "min_samples_split": 0.45852250339602557, "n_estimators": 2614.301267888001}, "datetime": {"datetime": "2023-02-09 11:24:13", "elapsed": 0.075687, "delta": 0.002285}}
{"target": -4019.3917525860425, "params": {"criterion": 1.4520142687714488, "max_features": 0.8761504112149494, "min_samples_split": 0.17487893204315497, "n_estimators": 171.71088800592452}, "datetime": {"datetime": "2023-02-09 11:24:13", "elapsed": 0.077817, "delta": 0.00213}}
{"target": -5040.396173977798, "params": {"criterion": 2.546207339026515, "max_features": 0.7952009092546326, "min_samples_split": 0.4567061958131082, "n_estimators": 2142.802194541951}, "datetime": {"datetime": "2023-02-09 11:24:13", "elapsed": 0.07976, "delta": 0.001943}}
{"target": -3994.651559711132, "params": {"criterion": 0.3501768598897951, "max_features": 0.4736706896919306, "min_samples_split": 0.09474010893550433, "n_estimators": 3607.5712764814393}, "datetime": {"datetime": "2023-02-09 11:24:13", "elapsed": 0.08174, "delta": 0.00198}}
{"target": -6816.793747664345, "params": {"criterion": 0.23124850470767422, "max_features": 0.36803498315104205, "min_samples_split": 0.5737614762049119, "n_estimators": 1539.7746204984633}, "datetime": {"datetime": "2023-02-09 11:24:13", "elapsed": 0.083823, "delta": 0.002083}}
{"target": -4457.554612317965, "params": {"criterion": 1.967114655469523, "max_features": 0.8436647908566309, "min_samples_split": 0.35124326029580943, "n_estimators": 557.8578470244586}, "datetime": {"datetime": "2023-02-09 11:24:13", "elapsed": 0.085836, "delta": 0.002013}}
{"target": -4729.011168862853, "params": {"criterion": 2.439866919404045, "max_features": 0.8287806155196054, "min_samples_split": 0.3934404286140281, "n_estimators": 4335.948049629571}, "datetime": {"datetime": "2023-02-09 11:24:13", "elapsed": 0.087817, "delta": 0.001981}}
{"target": -8455.806517721321, "params": {"criterion": 1.1520539012703856, "max_features": 0.40890530052050583, "min_samples_split": 0.8293360394432704, "n_estimators": 3708.275248808961}, "datetime": {"datetime": "2023-02-09 11:24:13", "elapsed": 0.090186, "delta": 0.002369}}
{"target": -4146.440936703619, "params": {"criterion": 1.5227519640740725, "max_features": 0.7169281407278354, "min_samples_split": 0.21324392806557238, "n_estimators": 4488.973848647434}, "datetime": {"datetime": "2023-02-09 11:24:13", "elapsed": 0.093181, "delta": 0.002995}}
{"target": -8455.992560456969, "params": {"criterion": 2.897742159898294, "max_features": 0.45641803459486374, "min_samples_split": 0.8654795077036377, "n_estimators": 1620.390164006583}, "datetime": {"datetime": "2023-02-09 11:24:13", "elapsed": 0.095783, "delta": 0.002602}}
{"target": -5398.503072103289, "params": {"criterion": 0.07578930990090808, "max_features": 0.24327738347554773, "min_samples_split": 0.18468991264666262, "n_estimators": 438.26337392454485}, "datetime": {"datetime": "2023-02-09 11:24:13", "elapsed": 0.098073, "delta": 0.00229}}
{"target": -4869.131834237659, "params": {"criterion": 0.7724005226712888, "max_features": 0.9312217867462342, "min_samples_split": 0.4578579420720156, "n_estimators": 738.0377684500149}, "datetime": {"datetime": "2023-02-09 11:24:13", "elapsed": 0.100083, "delta": 0.00201}}
{"target": -3646.425633351807, "params": {"criterion": 2.429594007033996, "max_features": 0.5252360493976178, "min_samples_split": 0.024527758454167475, "n_estimators": 4298.472108875988}, "datetime": {"datetime": "2023-02-09 11:24:13", "elapsed": 0.102097, "delta": 0.002014}}
{"target": -4623.947488661349, "params": {"criterion": 0.822857027564287, "max_features": 0.7684844605088622, "min_samples_split": 0.3558011883550986, "n_estimators": 3992.1144029500174}, "datetime": {"datetime": "2023-02-09 11:24:13", "elapsed": 0.104063, "delta": 0.001966}}
{"target": -6188.466817450481, "params": {"criterion": 2.533772121545437, "max_features": 0.6324227604270097, "min_samples_split": 0.5590746990999776, "n_estimators": 700.2989090433573}, "datetime": {"datetime": "2023-02-09 11:24:13", "elapsed": 0.106149, "delta": 0.002086}}
{"target": -6268.842874083368, "params": {"criterion": 1.1328879915303833, "max_features": 0.5453537922820347, "min_samples_split": 0.5112064045562082, "n_estimators": 4469.636592684902}, "datetime": {"datetime": "2023-02-09 11:24:13", "elapsed": 0.109003, "delta": 0.002854}}
{"target": -8455.841000617991, "params": {"criterion": 0.9006018137208798, "max_features": 0.5196426644501774, "min_samples_split": 0.7932145783810086, "n_estimators": 2120.152779031663}, "datetime": {"datetime": "2023-02-09 11:24:13", "elapsed": 0.111728, "delta": 0.002725}}
{"target": -5855.183340327292, "params": {"criterion": 0.554584163217738, "max_features": 0.8728566961403548, "min_samples_split": 0.5692575454213482, "n_estimators": 394.2460071990162}, "datetime": {"datetime": "2023-02-09 11:24:13", "elapsed": 0.114011, "delta": 0.002283}}
{"target": -6828.311343164676, "params": {"criterion": 2.9666520308911837, "max_features": 0.3862064802248787, "min_samples_split": 0.6146787726375736, "n_estimators": 1903.330736093751}, "datetime": {"datetime": "2023-02-09 11:24:13", "elapsed": 0.116082, "delta": 0.002071}}
{"target": -8455.925820902246, "params": {"criterion": 2.4082475314511043, "max_features": 0.7035854711738566, "min_samples_split": 0.8211522329030206, "n_estimators": 1512.4403800818602}, "datetime": {"datetime": "2023-02-09 11:24:13", "elapsed": 0.118033, "delta": 0.001951}}
{"target": -8455.896984725952, "params": {"criterion": 0.8243579152651468, "max_features": 0.682486832846982, "min_samples_split": 0.9384264943698957, "n_estimators": 3565.7519157730426}, "datetime": {"datetime": "2023-02-09 11:24:13", "elapsed": 0.119995, "delta": 0.001962}}
{"target": -6607.780203019744, "params": {"criterion": 0.7901831545537769, "max_features": 0.3014883510181751, "min_samples_split": 0.4587324843440257, "n_estimators": 4876.581247043679}, "datetime": {"datetime": "2023-02-09 11:24:13", "elapsed": 0.12219, "delta": 0.002195}}
{"target": -3951.8537132538986, "params": {"criterion": 2.0416550658958896, "max_features": 0.35793012460253815, "min_samples_split": 0.046829879315962726, "n_estimators": 4767.955290176057}, "datetime": {"datetime": "2023-02-09 11:24:13", "elapsed": 0.124519, "delta": 0.002329}}
{"target": -8455.873554051166, "params": {"criterion": 2.5758611815037327, "max_features": 0.863032292896024, "min_samples_split": 0.9638077427337153, "n_estimators": 3034.788600456107}, "datetime": {"datetime": "2023-02-09 11:24:13", "elapsed": 0.126871, "delta": 0.002352}}
{"target": -4571.0346843409225, "params": {"criterion": 2.7926544159596696, "max_features": 0.32093390074930905, "min_samples_split": 0.11403751669294128, "n_estimators": 1922.9416206517888}, "datetime": {"datetime": "2023-02-09 11:24:13", "elapsed": 0.129331, "delta": 0.00246}}
{"target": -8249.33663029188, "params": {"criterion": 2.2996037237000633, "max_features": 0.45971333402606007, "min_samples_split": 0.6380074743283578, "n_estimators": 145.18339818240653}, "datetime": {"datetime": "2023-02-09 11:24:13", "elapsed": 0.131546, "delta": 0.002215}}
{"target": -8455.927599565544, "params": {"criterion": 1.6303407689209004, "max_features": 0.4729349135235641, "min_samples_split": 0.8979447039877454, "n_estimators": 4709.4644885677935}, "datetime": {"datetime": "2023-02-09 11:24:13", "elapsed": 0.133704, "delta": 0.002158}}
{"target": -8455.865590681542, "params": {"criterion": 1.1523271352757927, "max_features": 0.5193847317998443, "min_samples_split": 0.8972004888303842, "n_estimators": 388.22960369905053}, "datetime": {"datetime": "2023-02-09 11:24:13", "elapsed": 0.135788, "delta": 0.002084}}
{"target": -4351.953619206919, "params": {"criterion": 1.216097327359864, "max_features": 0.30772771490145434, "min_samples_split": 0.08705201504283265, "n_estimators": 3941.4250060990403}, "datetime": {"datetime": "2023-02-09 11:24:13", "elapsed": 0.137895, "delta": 0.002107}}
{"target": -8455.832473770348, "params": {"criterion": 0.9136896087043256, "max_features": 0.6689601120341663, "min_samples_split": 0.8783904851909777, "n_estimators": 4415.881097006349}, "datetime": {"datetime": "2023-02-09 11:24:13", "elapsed": 0.140806, "delta": 0.002911}}
{"target": -3670.8657851350813, "params": {"criterion": 1.8028025263163046, "max_features": 0.7176453288482854, "min_samples_split": 0.056716877197538595, "n_estimators": 1557.672075182017}, "datetime": {"datetime": "2023-02-09 11:24:13", "elapsed": 0.143641, "delta": 0.002835}}
{"target": -8455.814366830586, "params": {"criterion": 2.075254645268642, "max_features": 0.35456812259975057, "min_samples_split": 0.8029469352095545, "n_estimators": 2622.3423742978925}, "datetime": {"datetime": "2023-02-09 11:24:13", "elapsed": 0.146386, "delta": 0.002745}}
{"target": -4204.0629369980015, "params": {"criterion": 2.2717823923428124, "max_features": 0.3456219175057096, "min_samples_split": 0.08270376723723366, "n_estimators": 2462.1526516420067}, "datetime": {"datetime": "2023-02-09 11:24:13", "elapsed": 0.148618, "delta": 0.002232}}
{"target": -4102.427952770229, "params": {"criterion": 1.586508752698442, "max_features": 0.7582990862399935, "min_samples_split": 0.20482066170739016, "n_estimators": 3389.724416791081}, "datetime": {"datetime": "2023-02-09 11:24:13", "elapsed": 0.150805, "delta": 0.002187}}
{"target": -8455.82399981835, "params": {"criterion": 2.379728649046729, "max_features": 0.23734226244501727, "min_samples_split": 0.9632648342203466, "n_estimators": 4879.424314149331}, "datetime": {"datetime": "2023-02-09 11:24:13", "elapsed": 0.153165, "delta": 0.00236}}
